Q 0 11 3
Q 1 5 13
Q 2 1 9
Q 3 6 7
Q 4 6 8
Q 5 6 3
Q 6 1 10
Q 7 0 9
Q 8 12 13
Q 9 5 14
Q 10 0 10
Q 11 1 12
Q 12 6 4
Q 13 5 15
Q 14 2 8
Q 15 6 0
Q 16 6 6
Q 17 7 7
Q 18 0 2
Q 19 11 6
Q 20 1 0
Q 21 1 13
Q 22 11 8
Q 23 6 13
Q 24 0 0
Q 25 6 12
Q 26 6 11
Q 27 2 0
Q 28 6 5
Q 29 7 1
Q 30 7 2
Q 31 11 9
Q 32 12 1
Q 33 1 3
Q 34 1 14
Q 35 6 14
Q 36 12 2
Q 37 0 3
Q 38 7 3
Q 39 7 0
Q 40 1 15
Q 41 2 4
Q 42 11 13
Q 43 2 13
Q 44 12 3
Q 45 6 9
Q 46 12 4
Q 47 12 14
Q 48 8 0
Q 49 6 15
Q 50 0 0
Q 51 1 4
Q 52 0 1
Q 53 0 0
Q 54 12 5
Q 55 2 9
Q 56 2 10
Q 57 12 6
Q 58 12 7
Q 59 0 4
Q 60 1 5
Q 61 10 14
Q 62 12 8
Q 63 13 13
Q 64 7 9
Q 65 8 1
Q 66 2 11
Q 67 0 11
Q 68 12 9
Q 69 7 11
Q 70 2 12
Q 71 7 14
Q 72 0 12
Q 73 12 10
Q 74 7 4
Q 75 12 11
Q 76 0 13
Q 77 1 6
Q 78 12 12
Q 79 8 2
Q 80 7 6
Q 81 8 3
Q 82 0 5
Q 83 13 0
Q 84 13 1
Q 85 3 11
Q 86 7 15
Q 87 9 1
Q 88 13 2
Q 89 2 14
Q 90 8 15
Q 91 13 3
Q 92 7 5
Q 93 3 3
Q 94 7 13
Q 95 8 14
Q 96 3 2
Q 97 13 4
Q 98 7 8
Q 99 3 5
Q 100 2 15
Q 101 13 5
Q 102 0 0
Q 103 7 10
Q 104 0 0
Q 105 13 6
Q 106 13 7
Q 107 3 0
Q 108 3 1
Q 109 8 4
Q 110 3 7
Q 111 2 5
Q 112 7 12
Q 113 8 13
Q 114 3 12
Q 115 3 4
Q 116 13 8
Q 117 13 9
Q 118 3 8
Q 119 3 9
Q 120 0 0
Q 121 8 10
Q 122 4 1
Q 123 8 12
Q 124 2 1
Q 125 9 13
Q 126 13 10
Q 127 13 11
Q 128 8 7
Q 129 2 3
Q 130 9 2
Q 131 2 2
Q 132 9 14
Q 133 13 12
Q 134 3 10
Q 135 4 4
Q 136 14 0
Q 137 8 8
Q 138 4 10
Q 139 3 13
Q 140 9 3
Q 141 8 9
Q 142 1 7
Q 143 4 7
Q 144 14 1
Q 145 4 8
Q 146 14 2
Q 147 1 11
Q 148 4 0
Q 149 3 14
Q 150 9 9
Q 151 8 5
Q 152 14 3
Q 153 14 4
Q 154 0 0
Q 155 8 11
Q 156 1 8
Q 157 9 15
Q 158 9 0
Q 159 9 4
Q 160 11 14
Q 161 3 15
Q 162 14 5
Q 163 0 14
Q 164 14 6
Q 165 4 9
Q 166 4 2
Q 167 4 12
Q 168 14 7
Q 169 13 15
Q 170 5 9
Q 171 9 12
Q 172 8 6
Q 173 4 11
Q 174 10 13
Q 175 9 5
Q 176 13 14
Q 177 10 3
Q 178 14 8
Q 179 0 0
Q 180 14 9
Q 181 4 6
Q 182 0 6
Q 183 9 8
Q 184 10 2
Q 185 14 10
Q 186 4 13
Q 187 4 3
Q 188 10 1
Q 189 5 0
Q 190 14 14
Q 191 9 10
Q 192 9 6
Q 193 0 0
Q 194 4 14
Q 195 4 5
Q 196 1 2
Q 197 10 0
Q 198 9 11
Q 199 14 11
Q 200 14 12
Q 201 0 7
Q 202 10 10
Q 203 11 0
Q 204 1 1
Q 205 14 13
Q 206 9 7
Q 207 14 15
Q 208 5 7
Q 209 0 8
Q 210 4 15
Q 211 5 1
Q 212 5 6
Q 213 15 0
Q 214 10 15
Q 215 10 5
Q 216 5 8
Q 217 15 1
Q 218 10 4
Q 219 0 0
Q 220 5 2
Q 221 11 1
Q 222 15 2
Q 223 15 3
Q 224 10 6
Q 225 0 15
Q 226 11 4
Q 227 0 0
Q 228 10 12
Q 229 11 15
Q 230 15 4
Q 231 5 5
Q 232 10 7
Q 233 5 3
Q 234 15 5
Q 235 5 4
Q 236 10 9
Q 237 5 10
Q 238 10 8
Q 239 6 1
Q 240 2 6
Q 241 2 7
Q 242 5 11
Q 243 6 10
Q 244 11 7
Q 245 6 2
Q 246 11 5
Q 247 10 11
Q 248 11 2
Q 249 11 12
Q 250 12 15
Q 251 11 10
Q 252 12 0
Q 253 5 12
Q 254 11 11
Q 255 3 6
G 0 1 1
G 1 1 0
G 2 1 1
G 3 1 0
G 4 6881 7
G 5 1 1
G 6 1 0
G 7 1 111
G 8 12054 371
G 9 4435 59
G 10 171 267
G 11 439 0
G 12 4219 7
G 13 1 1
G 14 1 1
G 15 1 0
G 16 1 1
G 17 4977 267
G 18 16545 7
G 19 2607 59
G 20 17305 163
G 21 935 111
G 22 11 423
G 23 1 0
G 24 1 1
G 25 1 1
G 26 2 1
G 27 12314 111
G 28 615 319
G 29 1 0
G 30 3 7
G 31 1 0
G 32 14244 215
G 33 1638 7
G 34 1 0
G 35 5825 319
G 36 4296 7
G 37 1 1
G 38 1 1
G 39 1 1
G 40 8115 215
G 41 1 0
G 42 1 1
G 43 1 1
G 44 1 1
G 45 1 1
G 46 3261 1
G 47 1 0
G 48 2 1
G 49 1 1
G 50 9 0
G 51 10867 0
G 52 2 0
G 53 4227 1
G 54 3223 0
G 55 7315 0
G 56 1 1
G 57 4487 163
G 58 1 0
G 59 1 1
G 60 1 1
G 61 1 1
G 62 2 1
G 63 8343 111
G 64 3263 527
G 65 1 1
G 66 1 0
G 67 1 1
G 68 4495 0
G 69 1 1
G 70 1 1
G 71 1 1
G 72 16493 59
G 73 1 0
G 74 8756 215
G 75 1 0
G 76 1 1
G 77 1 0
G 78 1 1
G 79 19883 111
G 80 439 1
G 81 7316 1
G 82 2875 267
G 83 1 1
G 84 1 0
G 85 1 1
G 86 1 0
G 87 1223 371
G 88 12954 59
G 89 1 1
G 90 1 0
G 91 1 1
G 92 1 1
G 93 7311 267
G 94 16553 0
G 95 1 0
G 96 3 0
G 97 1 1
G 98 4 1
G 99 1 1
G 100 2667 0
G 101 1 0
G 102 2 0
G 103 3 1
G 104 6889 0
G 105 12426 0
G 106 1 1
G 107 1 0
G 108 1967 111
G 109 1 0
G 110 5 1
G 111 2 0
G 112 12260 1
G 113 14462 163
G 114 3 1
G 115 1 1
G 116 1 0
G 117 5245 579
G 118 6619 371
G 119 7579 319
G 120 113 0
G 121 4665 579
G 122 3203 59
G 123 3791 1
G 124 1 1
G 125 3215 7
G 126 6 1
G 127 16225 267
G 128 1 1
G 129 14460 1
G 130 1 1
G 131 3791 163
G 132 1 0
G 133 1 1
G 134 4 1
G 135 435 7
G 136 2 0
G 137 5825 1
G 138 8 0
G 139 3 1
G 140 2 1
G 141 7899 1
G 142 1 1
G 143 187 163
G 144 1 1
G 145 7899 0
G 146 1 1
G 147 3793 1
G 148 1595 371
G 149 441 1
G 150 114 1
G 151 1 1
G 152 1 1
G 153 2607 59
G 154 3 1
G 155 2079 0
G 156 1 1
G 157 3 1
G 158 3 1
G 159 5 1
G 160 1 1
G 161 1 1
G 162 1 7
G 163 1967 0
G 164 1 1
G 165 16977 7
G 166 1 1
G 167 1 0
G 168 3 1
G 169 8488 267
G 170 7174 7
G 171 2 1
G 172 1 1
G 173 3 1
G 174 19485 215
G 175 1 0
G 176 16472 1
G 177 1 0
G 178 1 1
G 179 2 0
G 180 1 1
G 181 1 1
G 182 1 1
G 183 1 1
G 184 3 0
G 185 2 0
G 186 8116 371
G 187 4 1
G 188 1 1
G 189 1 1
G 190 5 0
G 191 14460 1
G 192 6 1
G 193 11 0
G 194 3 111
G 195 1 0
G 196 1 1
G 197 115 0
G 198 19315 111
G 199 14462 1
G 200 1 1
G 201 3143 59
G 202 1 1
G 203 7363 423
G 204 1 0
G 205 1 0
G 206 1 0
G 207 6889 1
G 208 19995 1
G 209 3 1
G 210 1 0
G 211 4 1
G 212 3 1
G 213 9 0
G 214 3203 1
G 215 17469 0
G 216 3 1
G 217 3 1
G 218 16115 423
G 219 12258 1
G 220 1 1
G 221 2337 371
G 222 2668 111
G 223 3 0
G 224 10651 1
G 225 3 0
G 226 3 1
G 227 17470 0
G 228 8 1
G 229 14627 111
G 230 3 1
G 231 3 1
G 232 2791 423
G 233 3 7
G 234 1 1
G 235 11 7
G 236 5825 0
G 237 16553 1
G 238 1047 1
G 239 7901 1
G 240 1 1
G 241 3 1
G 242 7 1
G 243 1 1
G 244 1 1
G 245 2 1
G 246 19149 111
G 247 1 1
G 248 6991 0
G 249 7182 1
G 250 1 1
G 251 4761 319
G 252 1 1
G 253 16474 7
G 254 6881 371
G 255 3 0
G 256 3 0
G 257 1 1
G 258 16555 0
G 259 7579 1
G 260 5826 0
G 261 9304 111
G 262 7184 1
G 263 2607 267
G 264 19427 0
G 265 14626 0
G 266 1 1
G 267 3955 7
G 268 7345 7
G 269 1 1
G 270 19261 1
G 271 5 1
G 272 7942 0
G 273 19 1
G 274 1968 0
G 275 2115 1
G 276 4 0
G 277 3 1
G 278 16482 1
G 279 6145 1
G 280 1 0
G 281 3224 1
G 282 4304 1
G 283 7194 319
G 284 4219 267
G 285 6 1
G 286 1 1
G 287 3215 1
G 288 1049 59
G 289 19782 215
G 290 6 0
G 291 19428 1
G 292 2667 0
G 293 19996 1
G 294 1 1
G 295 16977 7
G 296 2607 7
G 297 3 1
G 298 3 1
G 299 5 1
G 300 4229 0
G 301 3 0
G 302 2875 1
G 303 5 0
G 304 443 59
G 305 2668 1
G 306 13432 215
G 307 18537 7
G 308 6881 111
G 309 19021 59
G 310 19941 59
G 311 2079 527
G 312 10123 527
G 313 1 0
G 314 13648 111
G 315 18545 1
G 316 3 1
G 317 1 1
G 318 11046 59
G 319 1 1
G 320 3 0
G 321 19997 1
G 322 3 1
G 323 18961 7
G 324 14080 163
G 325 18839 475
G 326 1 1
G 327 13760 319
G 328 1109 1
G 329 11122 0
G 330 3 1
G 331 7076 59
G 332 3 1
G 333 2 1
G 334 6119 267
G 335 2 1
G 336 21 0
G 337 2 1
G 338 19784 215
G 339 3 0
G 340 6992 1
G 341 1111 111
G 342 1 1
G 343 4 0
G 344 3226 1
G 345 18839 267
G 346 7900 215
G 347 1 0
G 348 116 1
G 349 503 1
G 350 18969 0
G 351 2 1
G 352 4487 1
G 353 19315 111
G 354 3 1
G 355 15483 631
G 356 6891 1
G 357 19995 1
G 358 7 0
G 359 3955 1
G 360 1 1
G 361 19999 1
G 362 19430 1
G 363 6993 0
G 364 18217 475
G 365 1 1
G 366 16493 1
G 367 3 1
G 368 2117 1
G 369 3205 1
G 370 7 1
G 371 1 1
G 372 11882 163
G 373 9520 267
G 374 1 0
G 375 14650 371
G 376 5 0
G 377 8 0
G 378 9416 1
G 379 5 1
G 380 4 1
G 381 6893 1
G 382 9848 423
G 383 2119 215
G 384 12046 267
G 385 19998 1
G 386 16115 1
G 387 6 0
G 388 8756 1
G 389 19999 1
G 390 16484 0
G 391 3215 0
G 392 1 1
G 393 19427 0
G 394 19081 111
G 395 16663 371
G 396 1 1
G 397 11034 371
G 398 8488 1
G 399 3 1
G 400 6387 0
G 401 12426 527
G 402 19701 1
G 403 3957 1
G 404 5357 215
G 405 19999 1
G 406 4881 475
G 407 12426 1
G 408 8972 1
G 409 19428 527
G 410 7787 1
G 411 3 1
G 412 3 1
G 413 1646 0
G 414 2335 1
G 415 1 0
G 416 8974 1
G 417 6993 1
G 418 2 1
G 419 3963 1
G 420 2877 0
G 421 4 1
G 422 9304 215
G 423 2607 1
G 424 19885 111
G 425 503 111
G 426 19998 1
G 427 1 0
G 428 19998 1
G 429 16485 59
G 430 1 1
G 431 8 1
G 432 18537 423
G 433 10868 1
G 434 5 1
G 435 3 1
G 436 7 0
G 437 12427 1
G 438 9418 1
G 439 10270 1
G 440 14184 59
G 441 2670 1
G 442 4489 0
G 443 19368 59
G 444 12954 1
G 445 16985 1
G 446 19669 215
G 447 5 0
G 448 6388 0
G 449 16556 0
G 450 1 1
G 451 10488 163
G 452 8331 1
G 453 3795 423
G 454 7514 1
G 455 9088 215
G 456 1 0
G 457 4651 1
G 458 16985 1
G 459 3 1
G 460 9304 1
G 461 11406 1
G 462 11290 1
G 463 14626 1
G 464 20000 0
G 465 7516 0
G 466 22 1
G 467 4304 0
G 468 4 0
G 469 4 1
G 470 19261 0
G 471 16985 1
G 472 10651 1
G 473 16539 1
G 474 5 1
G 475 11292 1
G 476 435 1
G 477 18217 319
G 478 1 1
G 479 6 1
G 480 19258 111
G 481 2780 0
G 482 5573 1
G 483 116 1
G 484 2995 1
G 485 5 0
G 486 5 0
G 487 6994 215
G 488 18869 371
G 489 16117 215
G 490 18467 371
G 491 19263 0
G 492 17471 1
G 493 1 1
G 494 5 1
G 495 12 0
G 496 5 1
G 497 4487 1
G 498 935 1
G 499 19997 1
G 500 16929 111
G 501 19992 7
G 502 5 0
G 503 15022 0
G 504 7186 7
G 505 14080 1
G 506 6 1
G 507 10653 0
G 508 9420 1
G 509 1 1
G 510 5575 1
G 511 1 1
G 512 2878 1
G 513 6 1
G 514 14244 1
G 515 6 1
G 516 10272 215
G 517 2 1
G 518 7903 1
G 519 3 1
G 520 20000 0
G 521 1 1
G 522 17469 1
G 523 12954 0
G 524 1 1
G 525 19554 1
G 526 1 0
G 527 16553 1
G 528 4296 7
G 529 19193 475
G 530 3 0
G 531 4381 59
G 532 3217 1
G 533 9520 1
G 534 7 1
G 535 18537 1
G 536 5 0
G 537 4230 1
G 538 14278 371
G 539 2709 7
G 540 15023 1
G 541 4 0
G 542 18693 1
G 543 4 1
G 544 5 0
G 545 7210 1
G 546 3 1
G 547 5081 163
G 548 16987 1
G 549 937 1
G 550 687 1
G 551 16493 0
G 552 19999 1
G 553 3959 0
G 554 10488 1
G 555 1595 0
G 556 1 1
G 557 3 1
G 558 12314 0
G 559 5573 0
G 560 10 1
G 561 5 1
G 562 16987 1
G 563 18217 111
G 564 4 0
G 565 3 0
G 566 15111 371
G 567 19241 1
G 568 7 1
G 569 20000 0
G 570 18961 59
G 571 4489 0
G 572 16333 7
G 573 12429 1
G 574 16553 423
G 575 4 1
G 576 18970 1
G 577 12262 163
G 578 7253 1
G 579 17741 475
G 580 1 0
G 581 17473 267
G 582 9422 1
G 583 3 1
G 584 10870 163
G 585 19428 1
G 586 9788 1
G 587 12431 0
G 588 19997 1
G 589 7952 163
G 590 14739 371
G 591 2 1
G 592 9788 59
G 593 11406 475
G 594 3 1
G 595 6 1
G 596 2880 1
G 597 14246 1
G 598 16541 1
G 599 4441 319
G 600 15025 0
G 601 18329 0
G 602 10654 1
G 603 15111 1
G 604 3 0
G 605 5 1
G 606 3 0
G 607 17741 1
G 608 10653 0
G 609 9 7
G 610 1 1
G 611 16495 0
G 612 17041 7
G 613 17049 423
G 614 14628 1
G 615 19556 111
G 616 17035 1
G 617 5 1
G 618 5081 1
G 619 3960 1
G 620 11882 1
G 621 16539 0
G 622 7 0
G 623 10652 1
G 624 19430 0
G 625 20000 0
G 626 4787 215
G 627 8 1
G 628 12428 1
G 629 19669 0
G 630 1596 1
G 631 3 0
G 632 15113 1
G 633 8116 1
G 634 19999 1
G 635 17037 267
G 636 10272 0
G 637 14464 1
G 638 19670 0
G 639 16341 1
G 640 12046 1
G 641 4 0
G 642 2 0
G 643 5 1
G 644 9 1
G 645 9848 1
G 646 10652 1
G 647 939 0
G 648 16977 1
G 649 19703 1
G 650 7899 215
G 651 4219 215
G 652 5237 7
G 653 11882 1
G 654 10654 215
G 655 9522 0
G 656 20000 0
G 657 2781 1
G 658 5 0
G 659 14466 1
G 660 13760 423
G 661 2080 1
G 662 3 1
G 663 12956 475
G 664 11294 111
G 665 2 1
G 666 3976 319
G 667 19991 1
G 668 18969 0
G 669 16343 319
G 670 15115 0
G 671 4304 0
G 672 18330 0
G 673 11 0
G 674 6147 0
G 675 8976 111
G 676 19262 0
G 677 19021 0
G 678 19241 1
G 679 6991 319
G 680 4 0
G 681 6145 735
G 682 19993 7
G 683 7255 0
G 684 5825 319
G 685 8 1
G 686 10654 1
G 687 8488 1
G 688 10 1
G 689 4761 475
G 690 4761 215
G 691 19370 1
G 692 3965 475
