Q 0 11 3
Q 1 5 13
Q 2 1 9
Q 3 6 7
Q 4 6 8
Q 5 6 3
Q 6 1 10
Q 7 0 9
Q 8 12 13
Q 9 5 14
Q 10 0 10
Q 11 1 12
Q 12 6 4
Q 13 5 15
Q 14 2 8
Q 15 6 0
Q 16 6 6
Q 17 7 7
Q 18 0 2
Q 19 11 6
Q 20 1 0
Q 21 1 13
Q 22 11 8
Q 23 6 13
Q 24 0 0
Q 25 6 12
Q 26 6 11
Q 27 2 0
Q 28 6 5
Q 29 7 1
Q 30 7 2
Q 31 11 9
Q 32 12 1
Q 33 1 3
Q 34 1 14
Q 35 6 14
Q 36 12 2
Q 37 0 3
Q 38 7 3
Q 39 7 0
Q 40 1 15
Q 41 2 4
Q 42 11 13
Q 43 2 13
Q 44 12 3
Q 45 6 9
Q 46 12 4
Q 47 12 14
Q 48 8 0
Q 49 6 15
Q 50 0 0
Q 51 1 4
Q 52 0 1
Q 53 0 0
Q 54 12 5
Q 55 2 9
Q 56 2 10
Q 57 12 6
Q 58 12 7
Q 59 0 4
Q 60 1 5
Q 61 10 14
Q 62 12 8
Q 63 13 13
Q 64 7 9
Q 65 8 1
Q 66 2 11
Q 67 0 11
Q 68 12 9
Q 69 7 11
Q 70 2 12
Q 71 7 14
Q 72 0 12
Q 73 12 10
Q 74 7 4
Q 75 12 11
Q 76 0 13
Q 77 1 6
Q 78 12 12
Q 79 8 2
Q 80 7 6
Q 81 8 3
Q 82 0 5
Q 83 13 0
Q 84 13 1
Q 85 3 11
Q 86 7 15
Q 87 9 1
Q 88 13 2
Q 89 2 14
Q 90 8 15
Q 91 13 3
Q 92 7 5
Q 93 3 3
Q 94 7 13
Q 95 8 14
Q 96 3 2
Q 97 13 4
Q 98 7 8
Q 99 3 5
Q 100 2 15
Q 101 13 5
Q 102 0 0
Q 103 7 10
Q 104 0 0
Q 105 13 6
Q 106 13 7
Q 107 3 0
Q 108 3 1
Q 109 8 4
Q 110 3 7
Q 111 2 5
Q 112 7 12
Q 113 8 13
Q 114 3 12
Q 115 3 4
Q 116 13 8
Q 117 13 9
Q 118 3 8
Q 119 3 9
Q 120 0 0
Q 121 8 10
Q 122 4 1
Q 123 8 12
Q 124 2 1
Q 125 9 13
Q 126 13 10
Q 127 13 11
Q 128 8 7
Q 129 2 3
Q 130 9 2
Q 131 2 2
Q 132 9 14
Q 133 13 12
Q 134 3 10
Q 135 4 4
Q 136 14 0
Q 137 8 8
Q 138 4 10
Q 139 3 13
Q 140 9 3
Q 141 8 9
Q 142 1 7
Q 143 4 7
Q 144 14 1
Q 145 4 8
Q 146 14 2
Q 147 1 11
Q 148 4 0
Q 149 3 14
Q 150 9 9
Q 151 8 5
Q 152 14 3
Q 153 14 4
Q 154 0 0
Q 155 8 11
Q 156 1 8
Q 157 9 15
Q 158 9 0
Q 159 9 4
Q 160 11 14
Q 161 3 15
Q 162 14 5
Q 163 0 14
Q 164 14 6
Q 165 4 9
Q 166 4 2
Q 167 4 12
Q 168 14 7
Q 169 13 15
Q 170 5 9
Q 171 9 12
Q 172 8 6
Q 173 4 11
Q 174 10 13
Q 175 9 5
Q 176 13 14
Q 177 10 3
Q 178 14 8
Q 179 0 0
Q 180 14 9
Q 181 4 6
Q 182 0 6
Q 183 9 8
Q 184 10 2
Q 185 14 10
Q 186 4 13
Q 187 4 3
Q 188 10 1
Q 189 5 0
Q 190 14 14
Q 191 9 10
Q 192 9 6
Q 193 0 0
Q 194 4 14
Q 195 4 5
Q 196 1 2
Q 197 10 0
Q 198 9 11
Q 199 14 11
Q 200 14 12
Q 201 0 7
Q 202 10 10
Q 203 11 0
Q 204 1 1
Q 205 14 13
Q 206 9 7
Q 207 14 15
Q 208 5 7
Q 209 0 8
Q 210 4 15
Q 211 5 1
Q 212 5 6
Q 213 15 0
Q 214 10 15
Q 215 10 5
Q 216 5 8
Q 217 15 1
Q 218 10 4
Q 219 0 0
Q 220 5 2
Q 221 11 1
Q 222 15 2
Q 223 15 3
Q 224 10 6
Q 225 0 15
Q 226 11 4
Q 227 0 0
Q 228 10 12
Q 229 11 15
Q 230 15 4
Q 231 5 5
Q 232 10 7
Q 233 5 3
Q 234 15 5
Q 235 5 4
Q 236 10 9
Q 237 5 10
Q 238 10 8
Q 239 6 1
Q 240 2 6
Q 241 2 7
Q 242 5 11
Q 243 6 10
Q 244 11 7
Q 245 6 2
Q 246 11 5
Q 247 10 11
Q 248 11 2
Q 249 11 12
Q 250 12 15
Q 251 11 10
Q 252 12 0
Q 253 5 12
Q 254 11 11
Q 255 3 6
G 0 1 1
G 1 1 0
G 2 1 1
G 3 1 0
G 4 14445 7
G 5 1 1
G 6 1 0
G 7 7615 111
G 8 5583 371
G 9 3765 59
G 10 5255 267
G 11 6418 0
G 12 4293 7
G 13 1 1
G 14 3622 1
G 15 1 0
G 16 1 1
G 17 4695 267
G 18 3213 7
G 19 12389 59
G 20 4459 163
G 21 321 111
G 22 10 423
G 23 1 0
G 24 1 1
G 25 1 1
G 26 2 1
G 27 12593 111
G 28 1 319
G 29 1 0
G 30 3197 7
G 31 1 0
G 32 1714 215
G 33 1938 7
G 34 1 0
G 35 1 319
G 36 13357 7
G 37 1 1
G 38 1 1
G 39 1 1
G 40 1498 215
G 41 1 0
G 42 1 1
G 43 1 1
G 44 1 1
G 45 1 1
G 46 1 1
G 47 1 0
G 48 2 1
G 49 1 1
G 50 1722 0
G 51 18381 0
G 52 2 0
G 53 4725 1
G 54 1117 0
G 55 1946 0
G 56 1 1
G 57 7979 163
G 58 1 0
G 59 1 1
G 60 1 1
G 61 1 1
G 62 2 1
G 63 14938 111
G 64 3765 527
G 65 1 1
G 66 1 0
G 67 1 1
G 68 3825 0
G 69 1 1
G 70 1 1
G 71 1 1
G 72 16661 59
G 73 1 0
G 74 8368 215
G 75 1 0
G 76 1 1
G 77 1 0
G 78 1 1
G 79 16721 111
G 80 5523 1
G 81 1947 1
G 82 8143 267
G 83 1 1
G 84 1 0
G 85 1 1
G 86 1 0
G 87 5583 371
G 88 17793 59
G 89 1 1
G 90 1 0
G 91 1 1
G 92 1 1
G 93 433 267
G 94 3221 0
G 95 1 0
G 96 3 0
G 97 1 1
G 98 4 1
G 99 1 1
G 100 12449 0
G 101 1 0
G 102 2 0
G 103 3 1
G 104 14453 0
G 105 5955 0
G 106 1 1
G 107 1 0
G 108 14453 111
G 109 1 0
G 110 5 1
G 111 2 0
G 112 8586 1
G 113 5075 163
G 114 3 1
G 115 1 1
G 116 1 0
G 117 3765 579
G 118 1126 371
G 119 15137 319
G 120 7727 0
G 121 4383 579
G 122 8411 59
G 123 4293 1
G 124 1 1
G 125 1109 7
G 126 6 1
G 127 19505 267
G 128 1 1
G 129 1930 1
G 130 1 1
G 131 8144 163
G 132 1 0
G 133 1 1
G 134 4 1
G 135 598 7
G 136 2 0
G 137 8529 1
G 138 8 0
G 139 3 1
G 140 2 1
G 141 15457 1
G 142 1 1
G 143 3333 163
G 144 1 1
G 145 15457 0
G 146 1 1
G 147 4295 1
G 148 1125 371
G 149 5525 1
G 150 7728 1
G 151 1 1
G 152 1 1
G 153 1877 59
G 154 3 1
G 155 14565 0
G 156 1 1
G 157 3 1
G 158 3 1
G 159 5 1
G 160 1 1
G 161 1 1
G 162 1714 7
G 163 1497 0
G 164 1 1
G 165 5239 7
G 166 1 1
G 167 1 0
G 168 3 1
G 169 18113 267
G 170 6822 7
G 171 2 1
G 172 1 1
G 173 3 1
G 174 7071 215
G 175 1 0
G 176 4963 1
G 177 1 0
G 178 1 1
G 179 2 0
G 180 1 1
G 181 1 1
G 182 1 1
G 183 1 1
G 184 3 0
G 185 2 0
G 186 10399 371
G 187 4 1
G 188 471 1
G 189 1 1
G 190 5 0
G 191 1930 1
G 192 6 1
G 193 3205 0
G 194 5254 111
G 195 1 0
G 196 1 1
G 197 5366 0
G 198 19833 111
G 199 1932 1
G 200 1 1
G 201 1937 59
G 202 1 1
G 203 6829 423
G 204 1 0
G 205 1 0
G 206 1 0
G 207 14453 1
G 208 16833 1
G 209 3 1
G 210 1 0
G 211 4 1
G 212 3 1
G 213 9 0
G 214 1997 1
G 215 13361 0
G 216 3 1
G 217 3 1
G 218 701 423
G 219 8584 1
G 220 1 1
G 221 3393 371
G 222 13357 111
G 223 3 0
G 224 13345 1
G 225 3 0
G 226 3 1
G 227 13362 0
G 228 8 1
G 229 8032 111
G 230 3 1
G 231 3 1
G 232 5151 423
G 233 5334 7
G 234 1 1
G 235 3205 7
G 236 4345 0
G 237 16721 1
G 238 433 1
G 239 15459 1
G 240 1 1
G 241 3 1
G 242 7 1
G 243 1 1
G 244 1 1
G 245 2 1
G 246 19081 111
G 247 1 1
G 248 2015 0
G 249 6830 1
G 250 1 1
G 251 789 319
G 252 1 1
G 253 5255 7
G 254 3393 371
G 255 3 0
G 256 3 0
G 257 1 1
G 258 16723 0
G 259 701 1
G 260 4346 0
G 261 4583 111
G 262 6832 1
G 263 330 267
G 264 19945 0
G 265 8031 0
G 266 1 1
G 267 9119 7
G 268 7607 7
G 269 1 1
G 270 19998 1
G 271 5 1
G 272 7615 0
G 273 3213 1
G 274 1498 0
G 275 606 1
G 276 4 0
G 277 3 1
G 278 5263 1
G 279 321 1
G 280 1 0
G 281 1118 1
G 282 13365 1
G 283 7287 319
G 284 6587 267
G 285 6 1
G 286 1 1
G 287 5575 1
G 288 1049 59
G 289 6855 215
G 290 6 0
G 291 19946 1
G 292 13356 0
G 293 7287 1
G 294 1 1
G 295 13613 7
G 296 1117 7
G 297 3 1
G 298 3 1
G 299 5 1
G 300 4727 0
G 301 3 0
G 302 598 1
G 303 5 0
G 304 614 59
G 305 12450 1
G 306 1722 215
G 307 5575 7
G 308 9231 111
G 309 4347 59
G 310 19773 59
G 311 2669 527
G 312 12817 527
G 313 1 0
G 314 4583 111
G 315 5583 1
G 316 3 1
G 317 1 1
G 318 12533 59
G 319 1 1
G 320 3 0
G 321 16835 1
G 322 3 1
G 323 606 7
G 324 6863 163
G 325 2529 475
G 326 1 1
G 327 17793 319
G 328 1495 1
G 329 3837 0
G 330 3 1
G 331 1941 59
G 332 3 1
G 333 2 1
G 334 4623 267
G 335 2 1
G 336 3215 0
G 337 2 1
G 338 7763 215
G 339 3 0
G 340 2016 1
G 341 1497 111
G 342 1 1
G 343 4 0
G 344 1120 1
G 345 1609 267
G 346 17093 215
G 347 1 0
G 348 7730 1
G 349 3118 1
G 350 614 0
G 351 2 1
G 352 19770 1
G 353 3221 111
G 354 3 1
G 355 5955 631
G 356 14455 1
G 357 16833 1
G 358 7 0
G 359 8308 1
G 360 1 1
G 361 16837 1
G 362 19948 1
G 363 9343 0
G 364 18381 475
G 365 1 1
G 366 19998 1
G 367 3 1
G 368 608 1
G 369 1999 1
G 370 7 1
G 371 1 1
G 372 15050 163
G 373 3497 267
G 374 1 0
G 375 19289 371
G 376 5 0
G 377 8 0
G 378 4695 1
G 379 5 1
G 380 4 1
G 381 14457 1
G 382 12449 423
G 383 3005 215
G 384 13345 267
G 385 7071 1
G 386 6587 1
G 387 6 0
G 388 18381 1
G 389 1877 1
G 390 5265 0
G 391 5575 0
G 392 1 1
G 393 3333 0
G 394 18001 111
G 395 11687 371
G 396 1 1
G 397 7727 371
G 398 10933 1
G 399 3 1
G 400 4891 0
G 401 2001 527
G 402 7287 1
G 403 8310 1
G 404 19781 215
G 405 18113 1
G 406 7287 475
G 407 12705 1
G 408 8584 1
G 409 10944 527
G 410 7253 1
G 411 3 1
G 412 3 1
G 413 1989 0
G 414 3221 1
G 415 1 0
G 416 8586 1
G 417 9343 1
G 418 2 1
G 419 9127 1
G 420 600 0
G 421 4 1
G 422 1497 215
G 423 3197 1
G 424 8955 111
G 425 12873 111
G 426 7289 1
G 427 1 0
G 428 11472 1
G 429 8308 59
G 430 1 1
G 431 8 1
G 432 17309 423
G 433 18382 1
G 434 5 1
G 435 3 1
G 436 7 0
G 437 5956 1
G 438 4697 1
G 439 14227 1
G 440 7919 59
G 441 12452 1
G 442 19772 0
G 443 17733 59
G 444 2529 1
G 445 13621 1
G 446 4407 215
G 447 5 0
G 448 4892 0
G 449 16724 0
G 450 1 1
G 451 9067 163
G 452 1714 1
G 453 10139 423
G 454 7607 1
G 455 9923 215
G 456 1 0
G 457 8143 1
G 458 13621 1
G 459 3 1
G 460 10139 1
G 461 8099 1
G 462 12593 1
G 463 5239 1
G 464 11474 0
G 465 7609 0
G 466 3216 1
G 467 13365 0
G 468 4 0
G 469 4 1
G 470 19193 0
G 471 5247 1
G 472 13345 1
G 473 19997 1
G 474 5 1
G 475 12595 1
G 476 434 1
G 477 5263 319
G 478 1 1
G 479 6 1
G 480 12705 111
G 481 13469 0
G 482 19997 1
G 483 5367 1
G 484 3221 1
G 485 5 0
G 486 5 0
G 487 9707 215
G 488 12985 371
G 489 6606 215
G 490 4891 371
G 491 20000 0
G 492 13363 1
G 493 1 1
G 494 5 1
G 495 3206 0
G 496 5 1
G 497 6855 1
G 498 321 1
G 499 9067 1
G 500 4963 111
G 501 5247 7
G 502 5 0
G 503 19661 0
G 504 19773 7
G 505 18113 1
G 506 6 1
G 507 13347 0
G 508 4699 1
G 509 1 1
G 510 19999 1
G 511 1 1
G 512 601 1
G 513 6 1
G 514 7027 1
G 515 6 1
G 516 14229 215
G 517 2 1
G 518 15461 1
G 519 3 1
G 520 7291 0
G 521 1 1
G 522 4623 1
G 523 2529 0
G 524 1 1
G 525 12817 1
G 526 1 0
G 527 16721 1
G 528 14437 7
G 529 19029 475
G 530 3 0
G 531 8471 59
G 532 5577 1
G 533 1713 1
G 534 7 1
G 535 5583 1
G 536 5 0
G 537 4728 1
G 538 14065 371
G 539 12059 7
G 540 19662 1
G 541 4 0
G 542 18857 1
G 543 4 1
G 544 5 0
G 545 9923 1
G 546 3 1
G 547 14861 163
G 548 5249 1
G 549 323 1
G 550 9150 1
G 551 19773 0
G 552 9069 1
G 553 8312 0
G 554 14445 1
G 555 5955 0
G 556 1 1
G 557 3 1
G 558 13613 0
G 559 19997 0
G 560 10 1
G 561 5 1
G 562 13623 1
G 563 18917 111
G 564 4 0
G 565 3 0
G 566 11687 371
G 567 19999 1
G 568 7 1
G 569 5255 0
G 570 18857 59
G 571 6857 0
G 572 10391 7
G 573 5958 1
G 574 8531 423
G 575 4 1
G 576 615 1
G 577 18917 163
G 578 3765 1
G 579 16833 475
G 580 1 0
G 581 13365 267
G 582 4701 1
G 583 3 1
G 584 19125 163
G 585 17793 1
G 586 3765 1
G 587 5960 0
G 588 12059 1
G 589 10771 163
G 590 10779 371
G 591 2 1
G 592 12329 59
G 593 14462 475
G 594 3 1
G 595 6 1
G 596 603 1
G 597 7029 1
G 598 19999 1
G 599 12213 319
G 600 19664 0
G 601 19029 0
G 602 13348 1
G 603 11151 1
G 604 3 0
G 605 5 1
G 606 3 0
G 607 13633 1
G 608 13347 0
G 609 14446 7
G 610 1 1
G 611 20000 0
G 612 15025 7
G 613 15033 423
G 614 5241 1
G 615 14565 111
G 616 12059 1
G 617 5 1
G 618 1109 1
G 619 8313 1
G 620 14938 1
G 621 1125 0
G 622 7 0
G 623 9231 1
G 624 17795 0
G 625 7073 0
G 626 13366 215
G 627 8 1
G 628 12707 1
G 629 19505 0
G 630 5956 1
G 631 3 0
G 632 11153 1
G 633 10935 1
G 634 12061 1
G 635 12061 267
G 636 12873 0
G 637 1934 1
G 638 19506 0
G 639 10711 1
G 640 15214 1
G 641 4 0
G 642 2 0
G 643 5 1
G 644 9 1
G 645 12389 1
G 646 13569 1
G 647 325 0
G 648 8955 1
G 649 7289 1
G 650 10563 215
G 651 11471 215
G 652 14454 7
G 653 14938 1
G 654 13633 215
G 655 1715 0
G 656 7979 0
G 657 13470 1
G 658 5 0
G 659 1936 1
G 660 11047 423
G 661 14566 1
G 662 3 1
G 663 12889 475
G 664 19661 111
G 665 2 1
G 666 11151 319
G 667 10145 1
G 668 614 0
G 669 16513 319
G 670 11155 0
G 671 14445 0
G 672 19030 0
G 673 11 0
G 674 323 0
G 675 10935 111
G 676 19194 0
G 677 18917 0
G 678 13357 1
G 679 14541 319
G 680 4 0
G 681 15777 735
G 682 13625 7
G 683 3767 0
G 684 15457 319
G 685 8 1
G 686 9233 1
G 687 10771 1
G 688 10 1
G 689 14065 475
G 690 13849 215
G 691 12817 1
G 692 9231 475
R 4 1 13
R 7 7 9
R 8 3 12
R 9 3 15
R 10 0 13
R 12 2 12
R 17 4 9
R 18 11 14
R 19 4 10
R 20 3 1
R 21 0 2
R 22 9 1
R 27 7 7
R 28 2 3
R 30 13 15
R 32 5 12
R 33 0 5
R 35 0 13
R 36 3 4
R 40 5 12
R 57 7 11
R 63 5 7
R 64 5 4
R 72 7 14
R 74 0 9
R 79 10 6
R 82 9 6
R 87 10 3
R 88 4 7
R 93 6 13
R 108 2 3
R 113 0 12
R 117 0 14
R 118 10 12
R 119 1 10
R 121 13 12
R 122 3 6
R 125 2 8
R 127 8 15
R 131 2 4
R 135 0 0
R 143 4 8
R 148 6 4
R 153 0 3
R 162 0 11
R 165 11 13
R 169 5 9
R 170 1 11
R 174 11 5
R 186 9 9
R 194 4 0
R 198 9 0
R 201 4 6
R 203 4 5
R 218 9 13
R 221 0 0
R 222 3 10
R 229 3 12
R 232 9 8
R 233 5 2
R 235 13 14
R 246 4 3
R 251 9 14
R 253 13 13
R 254 8 7
R 261 9 9
R 263 6 7
R 267 2 3
R 268 1 4
R 283 0 11
R 284 3 11
R 288 0 2
R 289 6 11
R 295 12 13
R 296 2 5
R 304 2 1
R 306 0 15
R 307 7 4
R 308 1 1
R 309 2 6
R 310 7 2
R 311 3 10
R 312 0 4
R 314 2 14
R 318 2 5
R 323 9 5
R 324 8 15
R 325 12 0
R 327 2 15
R 331 5 5
R 334 6 2
R 338 1 4
R 341 3 3
R 345 9 3
R 346 5 10
R 353 2 1
R 355 3 3
R 364 11 7
R 372 3 4
R 373 8 10
R 375 10 8
R 382 1 10
R 383 0 0
R 384 0 7
R 394 2 6
R 395 3 0
R 397 8 8
R 401 1 6
R 404 5 15
R 406 11 15
R 409 11 1
R 422 6 10
R 424 7 6
R 425 2 2
R 429 13 15
R 432 10 5
R 440 4 11
R 443 6 1
R 446 2 6
R 451 1 11
R 453 0 11
R 455 8 10
R 477 10 5
R 480 2 5
R 487 1 1
R 488 10 1
R 489 1 3
R 490 5 3
R 500 0 2
R 501 10 14
R 504 2 11
R 516 1 10
R 528 5 8
R 529 0 6
R 531 3 6
R 538 7 7
R 539 0 0
R 547 6 14
R 563 4 3
R 566 5 11
R 570 1 7
R 572 1 2
R 574 4 14
R 577 3 9
R 579 4 7
R 581 8 1
R 584 1 7
R 589 10 10
R 590 11 12
R 592 2 10
R 593 9 8
R 599 0 6
R 609 6 15
R 612 1 2
R 613 9 2
R 615 4 4
R 626 4 4
R 635 3 1
R 650 6 12
R 651 3 15
R 652 5 8
R 654 0 8
R 660 0 13
R 663 1 13
R 664 3 5
R 666 5 9
R 669 1 0
R 675 2 9
R 679 8 13
R 681 3 0
R 682 12 14
R 684 3 11
R 689 0 0
R 690 0 6
R 692 10 3
