Q 0 0 3
Q 1 7 2
Q 2 2 6
Q 3 1 0
Q 4 1 2
Q 5 1 7
Q 6 4 1
Q 7 2 7
Q 8 5 2
Q 9 3 4
Q 10 3 5
Q 11 3 1
Q 12 6 2
Q 13 4 2
Q 14 4 4
Q 15 2 0
Q 16 0 5
Q 17 1 1
Q 18 3 6
Q 19 5 6
Q 20 7 1
Q 21 4 5
Q 22 5 7
Q 23 6 0
Q 24 0 6
Q 25 1 4
Q 26 2 1
Q 27 3 7
Q 28 0 0
Q 29 3 2
Q 30 0 7
Q 31 4 3
Q 32 6 4
Q 33 6 5
Q 34 6 6
Q 35 5 1
Q 36 0 4
Q 37 1 5
Q 38 6 7
Q 39 4 6
Q 40 7 0
Q 41 0 1
Q 42 7 5
Q 43 5 3
Q 44 5 4
Q 45 7 3
Q 46 7 6
Q 47 3 3
Q 48 2 3
Q 49 1 3
Q 50 7 7
Q 51 2 4
Q 52 6 3
Q 53 5 0
Q 54 7 4
Q 55 5 5
Q 56 3 0
Q 57 1 6
Q 58 4 7
Q 59 6 1
Q 60 4 0
Q 61 2 2
Q 62 0 2
Q 63 2 5
G 0 539 59
G 1 1 1
G 2 1 1
G 3 1 1
G 4 3 0
G 5 3 0
G 6 271 111
G 7 1 1
G 8 1 7
G 9 1 1
G 10 1 1
G 11 1 1
G 12 1 0
G 13 383 59
G 14 3 1
G 15 1 163
G 16 1911 7
G 17 1 1
G 18 9 7
G 19 1 1
G 20 1 1
G 21 165 1
G 22 1 1
G 23 599 0
G 24 1 1
G 25 600 0
G 26 1 0
G 27 3 1
G 28 1919 0
G 29 1 7
G 30 2 1
G 31 1 1
G 32 1 1
G 33 1 1
G 34 9 1
G 35 1 111
G 36 1 1
G 37 1 0
G 38 1 0
G 39 1262 111
G 40 9 1
G 41 1 1
G 42 3 1
G 43 979 7
G 44 1 0
G 45 823 163
G 46 1 1
G 47 21 1
G 48 435 7
G 49 1 0
G 50 4 1
G 51 3 1
G 52 4 7
G 53 1 0
G 54 165 1
G 55 1 1
G 56 2 0
G 57 12 0
G 58 443 267
G 59 11 7
G 60 19 1
G 61 3 1
G 62 767 1
G 63 21 163
G 64 3 1
G 65 599 0
G 66 19 1
G 67 185 7
G 68 1802 215
G 69 1 1
G 70 711 111
G 71 375 59
G 72 1021 0
G 73 1367 267
G 74 601 1
G 75 271 267
G 76 1374 0
G 77 11 0
G 78 5 1
G 79 2 1
G 80 17 0
G 81 5 0
G 82 3 1
G 83 3 1
G 84 3 1
G 85 3 267
G 86 769 1
G 87 1 0
G 88 711 59
G 89 1920 1
G 90 1922 1
G 91 3 1
G 92 699 7
G 93 771 0
G 94 5 0
G 95 1 1
G 96 1 1
G 97 987 1
G 98 113 1
G 99 707 1
G 100 1 0
G 101 274 1
G 102 1366 7
G 103 2030 1
G 104 550 1
G 105 6 1
G 106 271 7
G 107 3 1
G 108 167 1
G 109 539 7
G 110 603 0
G 111 1374 423
G 112 987 215
G 113 271 0
G 114 1635 1
G 115 919 7
G 116 1 1
G 117 771 7
G 118 1262 111
G 119 927 1
G 120 3 0
G 121 7 1
G 122 17 1
G 123 1 0
G 124 1375 1
G 125 2018 1
G 126 443 1
G 127 547 0
G 128 1 1
G 129 711 267
G 130 5 1
G 131 779 1
G 132 1858 111
G 133 3 0
G 134 548 1
G 135 772 1
G 136 4 1
G 137 2022 7
G 138 2026 1
G 139 1235 7
G 140 3 1
G 141 7 1
G 142 3 1
G 143 185 1
G 144 4 1
G 145 1 1
G 146 2020 1
G 147 9 1
G 148 2022 1
G 149 2018 1
G 150 987 1
G 151 11 1
G 152 823 1
G 153 271 111
G 154 2022 7
G 155 13 7
G 156 383 1
G 157 927 319
G 158 1030 215
G 159 3 1
G 160 711 215
G 161 263 7
G 162 1374 1
G 163 6 0
G 164 1246 59
G 165 1246 0
G 166 1798 0
G 167 1377 1
G 168 1635 7
G 169 2030 1
G 170 6 1
G 171 1635 163
G 172 709 1
G 173 113 0
G 174 1243 0
G 175 2028 1
G 176 1919 1
G 177 1804 1
G 178 2 0
G 179 659 163
G 180 2 1
G 181 1 1
G 182 1806 215
G 183 1924 1
G 184 1379 0
G 185 169 1
G 186 1643 1
G 187 1022 7
G 188 3 0
G 189 774 0
G 190 1970 1
G 191 1255 111
G 192 5 1
G 193 1306 59
G 194 1247 59
G 195 1799 111
G 196 2031 0
G 197 1366 1
G 198 5 0
G 199 1798 59
G 200 1858 1
G 201 2030 1
G 202 2030 1
G 203 272 1
G 204 4 0
G 205 8 1
G 206 1972 59
G 207 1645 0
G 208 1307 59
G 209 18 7
G 210 26 0
G 211 2030 1
G 212 2024 7
G 213 1306 1
G 214 6 1
G 215 1646 1
G 216 1860 1
G 217 26 0
G 218 187 1
G 219 1926 1
G 220 823 1
G 221 825 0
G 222 2031 0
G 223 1635 163
