7
Reading programs/Scale/256/BP_256_2048/BP_256_2048.in
Reading programs/Scale/256/BP_256_2048/BP_256_2048.rr
Reading programs/Scale/256/BP_256_2048/BP_256_2048.des
Reading programs/Scale/256/BP_256_2048/BP_256_2048.pg
Reading programs/Scale/256/BP_256_2048/BP_256_2048.gmap
Experiment configuration
-----
Program:programs/Scale/256/BP_256_2048/BP_256_2048
Machine:16,16
Data aware:0
Routing policy:1
SR T:20000
Global T:20000
-----
nrows: 16 nCols: 16
Creating SR instance...
Gate time lower bound:908
Single qubit gate duration:660
Dependency:903
CNOT duration (data unaware):248
Routing (rectangle reservation):30107
Created SR instance
Checking instance with T=20000
Dummy gate constraints:909
SAT
Dummy gate time:20000
Total Solve Time:8
Constraints:
Mapping:0
Dependency:903
Routing:30107
Stats:
arith_conflicts 0
arith_add_rows 0
conflicts 0
decisions 0
mk_clause 0
added_eqs 0
binary_propagations 0
restarts 0
All done!
