Q 0 9 6
Q 1 3 15
Q 2 1 12
Q 3 12 11
Q 4 6 1
Q 5 4 10
Q 6 12 12
Q 7 1 4
Q 8 9 4
Q 9 5 5
Q 10 1 0
Q 11 7 9
Q 12 13 8
Q 13 8 10
Q 14 8 11
Q 15 8 13
Q 16 6 9
Q 17 5 3
Q 18 0 15
Q 19 9 1
Q 20 10 7
Q 21 4 12
Q 22 4 13
Q 23 0 6
Q 24 1 10
Q 25 4 14
Q 26 13 9
Q 27 1 11
Q 28 9 5
Q 29 13 10
Q 30 8 15
Q 31 5 9
Q 32 5 12
Q 33 5 4
Q 34 3 1
Q 35 13 11
Q 36 8 14
Q 37 4 15
Q 38 0 2
Q 39 13 12
Q 40 0 7
Q 41 2 8
Q 42 6 3
Q 43 0 0
Q 44 5 11
Q 45 0 3
Q 46 10 6
Q 47 9 2
Q 48 9 14
Q 49 13 13
Q 50 2 6
Q 51 9 15
Q 52 13 14
Q 53 9 9
Q 54 4 0
Q 55 13 15
Q 56 2 2
Q 57 3 5
Q 58 1 13
Q 59 9 3
Q 60 10 2
Q 61 6 10
Q 62 14 2
Q 63 14 3
Q 64 10 3
Q 65 1 14
Q 66 14 4
Q 67 10 1
Q 68 9 10
Q 69 5 13
Q 70 5 7
Q 71 14 5
Q 72 1 5
Q 73 5 10
Q 74 14 6
Q 75 1 1
Q 76 3 4
Q 77 10 5
Q 78 5 8
Q 79 6 5
Q 80 6 8
Q 81 9 12
Q 82 1 2
Q 83 0 0
Q 84 6 4
Q 85 8 8
Q 86 11 6
Q 87 3 3
Q 88 6 0
Q 89 2 13
Q 90 2 7
Q 91 6 7
Q 92 3 6
Q 93 11 2
Q 94 14 7
Q 95 10 15
Q 96 1 15
Q 97 9 13
Q 98 0 1
Q 99 7 4
Q 100 2 10
Q 101 5 14
Q 102 14 8
Q 103 10 8
Q 104 2 11
Q 105 14 9
Q 106 14 10
Q 107 3 7
Q 108 10 9
Q 109 10 0
Q 110 2 0
Q 111 14 11
Q 112 2 14
Q 113 6 11
Q 114 0 4
Q 115 14 12
Q 116 4 2
Q 117 9 11
Q 118 2 12
Q 119 5 15
Q 120 6 12
Q 121 6 6
Q 122 10 13
Q 123 11 8
Q 124 6 2
Q 125 14 13
Q 126 7 5
Q 127 10 4
Q 128 11 1
Q 129 10 11
Q 130 2 3
Q 131 11 3
Q 132 10 10
Q 133 11 9
Q 134 2 15
Q 135 14 14
Q 136 7 7
Q 137 0 8
Q 138 7 3
Q 139 3 8
Q 140 0 9
Q 141 11 10
Q 142 7 0
Q 143 0 10
Q 144 0 0
Q 145 2 1
Q 146 7 2
Q 147 11 4
Q 148 10 12
Q 149 14 15
Q 150 15 0
Q 151 11 0
Q 152 7 8
Q 153 11 5
Q 154 12 4
Q 155 1 8
Q 156 4 7
Q 157 10 14
Q 158 3 10
Q 159 15 1
Q 160 4 4
Q 161 6 13
Q 162 6 15
Q 163 4 6
Q 164 7 1
Q 165 1 3
Q 166 1 7
Q 167 12 1
Q 168 11 15
Q 169 11 7
Q 170 4 1
Q 171 12 0
Q 172 8 1
Q 173 12 5
Q 174 15 2
Q 175 2 4
Q 176 11 13
Q 177 11 12
Q 178 3 11
Q 179 15 3
Q 180 7 6
Q 181 3 0
Q 182 8 0
Q 183 7 10
Q 184 12 2
Q 185 1 6
Q 186 15 4
Q 187 13 0
Q 188 11 14
Q 189 0 11
Q 190 9 0
Q 191 8 7
Q 192 3 9
Q 193 8 9
Q 194 15 5
Q 195 12 6
Q 196 13 1
Q 197 12 3
Q 198 1 9
Q 199 6 14
Q 200 12 8
Q 201 4 3
Q 202 7 11
Q 203 13 2
Q 204 14 1
Q 205 0 12
Q 206 12 13
Q 207 8 6
Q 208 0 0
Q 209 13 5
Q 210 7 12
Q 211 12 7
Q 212 7 13
Q 213 11 11
Q 214 0 5
Q 215 15 6
Q 216 4 9
Q 217 8 12
Q 218 9 8
Q 219 8 4
Q 220 14 0
Q 221 9 7
Q 222 3 2
Q 223 3 12
Q 224 2 9
Q 225 12 10
Q 226 0 13
Q 227 13 3
Q 228 5 1
Q 229 7 14
Q 230 3 13
Q 231 4 5
Q 232 12 14
Q 233 0 14
Q 234 13 4
Q 235 8 2
Q 236 4 11
Q 237 3 14
Q 238 15 7
Q 239 12 9
Q 240 4 8
Q 241 13 6
Q 242 15 8
Q 243 7 15
Q 244 15 9
Q 245 8 5
Q 246 2 5
Q 247 12 15
Q 248 8 3
Q 249 5 2
Q 250 5 6
Q 251 15 10
Q 252 13 7
Q 253 15 11
Q 254 15 12
Q 255 5 0
G 0 1 1
G 1 1 0
G 2 1 1
G 3 3 0
G 4 1 1
G 5 1 1
G 6 425 683
G 7 1 1
G 8 1 1
G 9 1 0
G 10 4598 527
G 11 1 1
G 12 1 1
G 13 4478 319
G 14 1 0
G 15 1 0
G 16 1 0
G 17 1 1
G 18 1 1
G 19 1 0
G 20 2 0
G 21 9018 1
G 22 1 0
G 23 1 59
G 24 1 1
G 25 1 1
G 26 1 1
G 27 1 1
G 28 1 1
G 29 1 0
G 30 5143 215
G 31 9823 163
G 32 1109 423
G 33 1 1
G 34 1 1
G 35 1 1
G 36 1 0
G 37 1 0
G 38 1 1
G 39 1 1
G 40 3098 215
G 41 1 0
G 42 2821 215
G 43 3 1
G 44 712 215
G 45 4278 111
G 46 1 1
G 47 1 1
G 48 6675 111
G 49 1 0
G 50 4390 59
G 51 1 0
G 52 7662 371
G 53 1 7
G 54 1 1
G 55 1 1
G 56 1 1
G 57 3 0
G 58 3 0
G 59 1 1
G 60 1 1
G 61 1 1
G 62 2 1
G 63 1 0
G 64 1 267
G 65 14533 111
G 66 1 0
G 67 1 1
G 68 3 1
G 69 1 0
G 70 14213 319
G 71 1 1
G 72 1 1
G 73 17337 111
G 74 4496 371
G 75 1 1
G 76 3 0
G 77 1 1
G 78 19301 267
G 79 1 1
G 80 1 0
G 81 3 1
G 82 1 1
G 83 2 0
G 84 1 1
G 85 1 423
G 86 1 1
G 87 1 1
G 88 1 0
G 89 1 0
G 90 1 0
G 91 1 1
G 92 3037 111
G 93 4450 1
G 94 1 1
G 95 1 0
G 96 1 0
G 97 1 1
G 98 3518 7
G 99 13581 631
G 100 19569 1
G 101 1 1
G 102 425 0
G 103 14645 0
G 104 8906 111
G 105 1 0
G 106 1 1
G 107 1 0
G 108 1 0
G 109 1 1
G 110 1 1
G 111 1 1
G 112 3 0
G 113 5307 7
G 114 9 0
G 115 2 0
G 116 1 1
G 117 1377 319
G 118 3 1
G 119 16637 267
G 120 2449 267
G 121 1 1
G 122 11745 59
G 123 3 1
G 124 1 1
G 125 1 1
G 126 77 215
G 127 3037 0
G 128 3 1
G 129 2 1
G 130 2 0
G 131 1 1
G 132 1 0
G 133 7662 267
G 134 61 7
G 135 9 0
G 136 1109 267
G 137 6199 475
G 138 1 1
G 139 5126 0
G 140 3526 215
G 141 3314 0
G 142 1 0
G 143 1 1
G 144 1 0
G 145 10767 423
G 146 11191 1
G 147 2449 371
G 148 1 1
G 149 3 7
G 150 928 1
G 151 3038 59
G 152 3149 111
G 153 3 1
G 154 5 1
G 155 1 1
G 156 9020 1
G 157 3314 371
G 158 11399 319
G 159 1 0
G 160 3 1
G 161 1 1
G 162 1 0
G 163 1 1
G 164 69 1
G 165 4868 1
G 166 1 0
G 167 1 7
G 168 1 0
G 169 2 1
G 170 2 1
G 171 4870 0
G 172 71 1
G 173 8034 0
G 174 3686 1
G 175 1 0
G 176 3 1
G 177 3686 1
G 178 2 0
G 179 1533 59
G 180 3 1
G 181 7186 215
G 182 1 1
G 183 3 1
G 184 17678 319
G 185 3314 1
G 186 7930 423
G 187 2 1
G 188 2 0
G 189 3 1
G 190 1 0
G 191 3742 1
G 192 1 1
G 193 1 0
G 194 1 1
G 195 3098 1
G 196 17449 0
G 197 3 1
G 198 1 1
G 199 1 1
G 200 1 0
G 201 1 0
G 202 4496 163
G 203 14533 0
G 204 1 0
G 205 7886 163
G 206 11193 423
G 207 1 0
G 208 1 0
G 209 1 1
G 210 3 1
G 211 4158 319
G 212 7402 215
G 213 1 0
G 214 17450 1
G 215 1 0
G 216 2929 111
G 217 5 1
G 218 1 1
G 219 9018 1
G 220 1 1
G 221 17337 215
G 222 4 1
G 223 16005 215
G 224 7722 163
G 225 1869 1
G 226 12 267
G 227 4 1
G 228 7826 7
G 229 8050 0
G 230 8778 0
G 231 5 0
G 232 1593 215
G 233 3 1
G 234 1 0
G 235 5143 631
G 236 3 1
G 237 3 1
G 238 12179 527
G 239 1 1
G 240 9020 0
G 241 3 0
G 242 16317 59
G 243 4 1
G 244 69 7
G 245 3 1
G 246 3 0
G 247 18045 111
G 248 2 1
G 249 4 1
G 250 3794 423
G 251 3 1
G 252 1 1
G 253 5126 0
G 254 3688 7
G 255 8354 423
G 256 3 1
G 257 1973 475
G 258 13849 215
G 259 3696 1
G 260 3098 1
G 261 1 0
G 262 17673 371
G 263 5870 111
G 264 5775 0
G 265 7618 1
G 266 3794 59
G 267 2 1
G 268 8354 0
G 269 3802 423
G 270 11399 59
G 271 3 1
G 272 8355 1
G 273 11617 1
G 274 2 0
G 275 1 1
G 276 3261 1
G 277 16325 371
G 278 5982 0
G 279 1 0
G 280 5 1
G 281 13849 7
G 282 1109 527
G 283 4226 7
G 284 5 1
G 285 2 1
G 286 14213 111
G 287 1 1
G 288 3261 1
G 289 7930 0
G 290 1 1
G 291 8034 319
G 292 3 1
G 293 2 1
G 294 3100 0
G 295 9 1
G 296 13857 1
G 297 1 1
G 298 1 1
G 299 15425 579
G 300 3 1
G 301 2449 1
G 302 3786 371
G 303 1593 59
G 304 3518 215
G 305 5 1
G 306 2 1
G 307 14646 1
G 308 3 1
G 309 5 0
G 310 3 1
G 311 6675 1
G 312 16905 1
G 313 16905 371
G 314 6762 423
G 315 1 1
G 316 2717 1
G 317 10767 111
G 318 17449 1
G 319 11459 1
G 320 11805 1
G 321 1 0
G 322 16697 215
G 323 2 1
G 324 13607 163
G 325 10 1
G 326 1 1
G 327 5 319
G 328 5 1
G 329 4660 0
G 330 3 0
G 331 18045 1
G 332 8846 59
G 333 13857 1
G 334 3 1
G 335 1 1
G 336 17701 423
G 337 5983 0
G 338 18125 1
G 339 4 0
G 340 2 1
G 341 17277 59
G 342 2821 0
G 343 4496 371
G 344 2 371
G 345 1 1
G 346 8354 1
G 347 3 0
G 348 2 1
G 349 2 215
G 350 3 1
G 351 4234 1
G 352 2451 1
G 353 17451 0
G 354 8906 1
G 355 17665 527
G 356 14534 0
G 357 16913 1
G 358 4 7
G 359 19777 59
G 360 4 0
G 361 3742 7
G 362 3518 267
G 363 3 1
G 364 16005 0
G 365 7402 1
G 366 19837 1
G 367 17514 163
G 368 16907 1
G 369 1 0
G 370 16005 1
G 371 5 1
G 372 1 0
G 373 16913 0
G 374 4 1
G 375 1968 423
G 376 4 1
G 377 4868 423
G 378 3 1
G 379 7 0
G 380 5758 111
G 381 16913 423
G 382 2 1
G 383 8778 1
G 384 293 1
G 385 8354 1
G 386 5 1
G 387 19569 0
G 388 3 0
G 389 6338 423
G 390 16377 1
G 391 4868 1
G 392 3698 59
G 393 17337 1
G 394 8370 475
G 395 7587 527
G 396 2 0
G 397 374 1
G 398 1 0
G 399 3 1
G 400 5758 579
G 401 9022 1
G 402 11719 0
G 403 16914 0
G 404 4226 371
G 405 1 0
G 406 1809 59
G 407 7186 475
G 408 1 1
G 409 17998 267
G 410 4 0
G 411 14325 1
G 412 7 0
G 413 8356 0
G 414 3 1
G 415 2 1
G 416 2453 475
G 417 18157 1
G 418 1 1
G 419 1 0
G 420 10879 163
G 421 3750 1
G 422 14213 1
G 423 9451 59
G 424 13771 1
G 425 3758 0
G 426 3145 59
G 427 10767 631
G 428 1637 0
G 429 1 1
G 430 7 1
G 431 2 1
G 432 7886 163
G 433 17665 7
G 434 18270 1
G 435 19839 1
G 436 19572 1
G 437 19572 1
G 438 6199 1
G 439 17071 1
G 440 5360 1
G 441 4870 1
G 442 17061 0
G 443 19681 319
G 444 5 1
G 445 14533 1
G 446 4 1
G 447 4 0
G 448 4280 1
G 449 10933 475
G 450 6 0
G 451 5 0
G 452 12499 0
G 453 8487 319
G 454 18127 0
G 455 12499 7
G 456 5 1
G 457 14327 7
G 458 2821 0
G 459 17061 319
G 460 6762 1
G 461 7 0
G 462 3 1
G 463 3 1
G 464 3 0
G 465 9 1
G 466 17998 1
G 467 1638 1
G 468 9987 1
G 469 1 1
G 470 16377 1
G 471 11399 1
G 472 2 1
G 473 1593 1
G 474 8051 1
G 475 3744 1
G 476 1 1
G 477 4 0
G 478 4218 59
G 479 3734 1
G 480 5 0
G 481 3 1
G 482 1 1
G 483 1 1
G 484 2929 215
G 485 14645 163
G 486 13771 7
G 487 1 1
G 488 2392 0
G 489 4660 0
G 490 18125 1
G 491 10767 7
G 492 12707 0
G 493 1377 0
G 494 11191 1
G 495 14215 0
G 496 5775 111
G 497 18157 1
G 498 1 1
G 499 17381 0
G 500 1640 7
G 501 2 0
G 502 8050 0
G 503 12 1
G 504 18047 267
G 505 3 1
G 506 1 1
G 507 18000 0
G 508 18315 423
G 509 4236 0
G 510 4 1
G 511 19681 111
G 512 5887 1
G 513 3794 7
G 514 19301 475
G 515 5887 1
G 516 3 1
G 517 17381 319
G 518 1809 163
G 519 5127 0
G 520 8050 319
G 521 6338 1
G 522 3145 1
G 523 5 0
G 524 4 1
G 525 19569 111
G 526 9024 1
G 527 3 1
G 528 7618 1
G 529 3 1
G 530 1973 1
G 531 17553 111
G 532 12707 0
G 533 3752 0
G 534 426 1
G 535 17665 1
G 536 5982 0
G 537 8115 1
G 538 5776 1
G 539 17069 475
G 540 4763 59
G 541 11193 1
G 542 16905 163
G 543 1 0
G 544 1648 319
G 545 221 163
G 546 5870 1
G 547 7186 1
G 548 3 1
G 549 11399 1
G 550 14216 1
G 551 18127 1
G 552 6340 1
G 553 8370 371
G 554 17701 0
G 555 19570 1
G 556 1973 0
G 557 16221 1
G 558 2 1
G 559 385 1
G 560 16317 267
G 561 18045 1
G 562 5315 0
G 563 3 0
G 564 928 111
G 565 19301 267
G 566 12785 475
G 567 5359 0
G 568 1975 1
G 569 12507 163
G 570 3 0
G 571 3145 0
G 572 17452 1
G 573 4478 1
G 574 1871 1
G 575 8050 1
G 576 16223 1
G 577 3734 1
G 578 1040 1
G 579 10767 163
G 580 18266 1
G 581 6764 0
G 582 1 1
G 583 19569 1
G 584 13779 215
G 585 17701 7
G 586 2719 0
G 587 3147 1
G 588 1 1
G 589 9135 683
G 590 18565 735
G 591 8742 1
G 592 6 1
G 593 8 1
G 594 5 1
G 595 3802 0
G 596 7620 0
G 597 218 371
G 598 8846 1
G 599 3 0
G 600 5778 1
G 601 8906 111
G 602 16225 0
G 603 6 1
G 604 16585 475
G 605 5 1
G 606 13995 1
G 607 4823 319
G 608 17454 59
G 609 8011 475
G 610 9018 0
G 611 18001 215
G 612 1 1
G 613 3042 475
G 614 5 1
G 615 280 215
G 616 18129 1
G 617 4661 1
G 618 14809 1
G 619 2 0
G 620 2393 59
G 621 13859 7
G 622 16481 423
G 623 6623 319
G 624 8906 0
G 625 18159 0
G 626 1 1
G 627 6943 1
G 628 5 1
G 629 11043 0
G 630 293 0
G 631 17709 0
G 632 4218 0
G 633 2929 0
G 634 9823 943
G 635 1 0
G 636 14811 1
G 637 3 0
G 638 7620 0
G 639 11459 0
G 640 18217 1
G 641 11617 0
G 642 6945 163
G 643 13867 1
G 644 5758 111
G 645 10931 1
G 646 6 1
G 647 19571 0
G 648 12707 579
G 649 19793 1
G 650 17667 0
G 651 4278 1
G 652 8779 1
G 653 7662 59
G 654 3 1
G 655 11195 1
G 656 294 7
G 657 16915 267
G 658 1595 1
G 659 10767 0
G 660 4 1
G 661 3149 0
G 662 5316 7
G 663 16317 163
G 664 4280 215
G 665 12708 215
G 666 374 1
G 667 4226 1
G 668 18141 423
G 669 3 1
G 670 2453 1
G 671 18739 0
G 672 17061 1
G 673 12671 1
G 674 14137 267
G 675 6199 423
G 676 2929 0
G 677 218 1
G 678 17709 423
G 679 16317 319
G 680 3 1
G 681 1040 1
G 682 3 0
G 683 3 0
G 684 17710 1
G 685 11417 111
G 686 12924 7
G 687 6623 1
G 688 496 215
G 689 12932 0
G 690 4496 0
G 691 4228 1
G 692 5143 163
G 693 5983 0
G 694 8 1
G 695 7 0
G 696 7722 1
G 697 16481 1
G 698 13261 319
G 699 7188 0
G 700 16317 7
G 701 8487 163
G 702 18133 7
G 703 11529 215
G 704 16483 1
G 705 13997 7
G 706 18131 1
G 707 15425 891
G 708 1977 0
G 709 10767 0
G 710 5324 1
G 711 14673 111
G 712 6 1
G 713 5326 7
G 714 12932 59
G 715 5984 0
G 716 17678 1
G 717 8 1
G 718 8919 215
G 719 18740 0
G 720 4 1
G 721 3518 7
G 722 3 1
G 723 8908 1
G 724 18268 1
G 725 10 1
G 726 5984 7
G 727 4278 1
G 728 19681 1
G 729 14809 59
G 730 3526 0
G 731 17545 1
G 732 17337 1
G 733 3 1
G 734 17545 1
G 735 18741 1
G 736 2455 0
G 737 16221 1
G 738 9451 371
G 739 1 1
G 740 8744 1
G 741 14405 267
G 742 13581 267
G 743 5780 1
G 744 6 0
G 745 7 1
G 746 16637 1
G 747 14869 0
G 748 302 1
G 749 19837 1
G 750 18133 7
G 751 14870 7
G 752 17514 1
G 753 14005 163
G 754 5985 1
G 755 10768 7
G 756 10931 1
G 757 2822 1
G 758 13869 267
G 759 5 1
G 760 5870 1
G 761 19569 0
G 762 1648 0
G 763 4234 1
G 764 5324 1
G 765 14869 1
G 766 6 1
G 767 8 1
G 768 11417 59
G 769 17547 0
G 770 12 0
G 771 14897 527
G 772 8370 0
G 773 5 0
G 774 18160 1
G 775 5307 1
G 776 5 1
G 777 14169 1
G 778 18219 0
G 779 14785 111
G 780 12992 0
G 781 5782 1
G 782 1 1
G 783 9019 111
G 784 7886 0
G 785 4 1
G 786 8846 59
G 787 12673 111
G 788 14218 0
G 789 14897 0
G 790 6943 1
G 791 7186 163
G 792 13287 319
G 793 5775 423
G 794 16637 1
G 795 17712 1
G 796 8781 1
G 797 7887 1
G 798 12785 0
G 799 8117 1
G 800 11197 1
G 801 12992 1
G 802 9819 1
G 803 11477 1
G 804 7109 1
G 805 4236 0
G 806 4598 59
G 807 11479 1
G 808 18565 1
G 809 2930 111
G 810 4478 1
G 811 17069 1
G 812 11044 319
G 813 12179 319
G 814 3736 0
G 815 8357 1
G 816 13607 1
G 817 4226 163
G 818 5 0
G 819 1 1
G 820 16485 1
G 821 3 1
G 822 1378 1
G 823 325 1
G 824 19793 1
G 825 2453 1
G 826 5 1
G 827 18565 1
G 828 376 1
G 829 3 1
G 830 16639 1
G 831 7621 0
G 832 3042 0
G 833 9131 319
G 834 4390 0
G 835 9451 0
G 836 19681 1
G 837 16585 0
G 838 11745 1
G 839 18047 1
G 840 6625 0
G 841 4480 1
G 842 8119 1
G 843 14219 1
G 844 11481 1
G 845 3 1
G 846 3 1
G 847 14813 1
G 848 7402 423
G 849 5992 1
G 850 8807 111
G 851 8848 1
G 852 4 0
G 853 11409 7
G 854 11364 1
G 855 17714 1
G 856 2 0
G 857 11859 319
G 858 5870 0
G 859 11618 1
G 860 1 1
G 861 11859 319
G 862 5 215
G 863 19795 0
G 864 5334 423
G 865 17277 0
G 866 3746 1
G 867 17668 1
G 868 7724 1
G 869 1637 1
G 870 16641 0
G 871 7834 163
G 872 8052 0
G 873 378 0
G 874 16317 1
G 875 304 1
G 876 19683 0
G 877 12924 111
G 878 3 1
G 879 12179 1
G 880 9821 1
G 881 8371 0
G 882 14785 0
G 883 9026 1
G 884 19841 1
G 885 19301 0
G 886 4219 0
G 887 8742 0
G 888 17069 1
G 889 16223 1
G 890 11747 111
G 891 7587 423
G 892 6765 1
G 893 7726 1
G 894 7111 475
G 895 1 1
G 896 4391 371
G 897 11199 1
G 898 7998 59
G 899 4872 0
G 900 19843 0
G 901 18193 1
G 902 11366 1
G 903 17716 1
G 904 14169 1
G 905 3526 267
G 906 7 1
G 907 5870 1
