Q 0 0 644
Q 1 0 0
Q 2 0 0
Q 3 0 0
Q 4 0 0
Q 5 0 0
Q 6 0 0
Q 7 0 0
Q 8 0 0
Q 9 0 0
Q 10 0 0
Q 11 0 0
Q 12 0 0
Q 13 0 0
Q 14 0 0
Q 15 0 0
Q 16 0 0
Q 17 0 0
Q 18 0 0
Q 19 0 0
Q 20 0 0
Q 21 0 0
Q 22 0 0
Q 23 0 0
Q 24 0 0
Q 25 0 0
Q 26 0 0
Q 27 0 0
Q 28 0 0
Q 29 0 0
Q 30 0 0
Q 31 0 0
Q 32 0 0
Q 33 0 0
Q 34 0 0
Q 35 0 0
Q 36 0 0
Q 37 0 0
Q 38 0 0
Q 39 0 0
Q 40 0 0
Q 41 0 0
Q 42 0 0
Q 43 0 0
Q 44 0 0
Q 45 0 0
Q 46 0 0
Q 47 0 0
Q 48 0 0
Q 49 0 0
Q 50 0 0
Q 51 0 0
Q 52 0 0
Q 53 0 0
Q 54 0 0
Q 55 0 0
Q 56 0 0
Q 57 0 0
Q 58 0 0
Q 59 0 0
Q 60 0 0
Q 61 0 0
Q 62 0 0
Q 63 0 0
Q 64 0 0
Q 65 0 0
Q 66 0 0
Q 67 0 0
Q 68 0 0
Q 69 0 0
Q 70 0 0
Q 71 0 0
Q 72 0 0
Q 73 0 0
Q 74 0 0
Q 75 0 0
Q 76 0 0
Q 77 0 0
Q 78 0 0
Q 79 0 0
Q 80 0 0
Q 81 0 0
Q 82 0 0
Q 83 0 0
Q 84 0 0
Q 85 0 0
Q 86 0 0
Q 87 0 0
Q 88 0 0
Q 89 0 0
Q 90 0 0
Q 91 0 0
Q 92 0 0
Q 93 0 0
Q 94 0 0
Q 95 0 0
Q 96 0 0
Q 97 0 0
Q 98 0 0
Q 99 0 0
Q 100 0 0
Q 101 0 0
Q 102 0 0
Q 103 0 0
Q 104 0 0
Q 105 0 0
Q 106 0 0
Q 107 0 0
Q 108 0 0
Q 109 0 0
Q 110 0 0
Q 111 0 0
Q 112 0 0
Q 113 0 0
Q 114 0 0
Q 115 0 0
Q 116 0 0
Q 117 0 0
Q 118 0 0
Q 119 0 0
Q 120 0 0
Q 121 0 0
Q 122 0 0
Q 123 0 0
Q 124 0 0
Q 125 0 0
Q 126 0 0
Q 127 0 0
Q 128 0 0
Q 129 0 0
Q 130 0 0
Q 131 0 0
Q 132 0 0
Q 133 0 0
Q 134 0 0
Q 135 0 0
Q 136 0 0
Q 137 0 0
Q 138 0 0
Q 139 0 0
Q 140 0 0
Q 141 0 0
Q 142 0 0
Q 143 0 0
Q 144 0 0
Q 145 0 0
Q 146 0 0
Q 147 0 0
Q 148 0 0
Q 149 0 0
Q 150 0 0
Q 151 0 0
Q 152 0 0
Q 153 0 0
Q 154 0 0
Q 155 0 0
Q 156 0 0
Q 157 0 0
Q 158 0 0
Q 159 0 0
Q 160 0 0
Q 161 0 0
Q 162 0 0
Q 163 0 0
Q 164 0 0
Q 165 0 0
Q 166 0 0
Q 167 0 0
Q 168 0 0
Q 169 0 0
Q 170 0 0
Q 171 0 0
Q 172 0 0
Q 173 0 0
Q 174 0 0
Q 175 0 0
Q 176 0 0
Q 177 0 0
Q 178 0 0
Q 179 0 0
Q 180 0 0
Q 181 0 0
Q 182 0 0
Q 183 0 0
Q 184 0 0
Q 185 0 0
Q 186 0 0
Q 187 0 0
Q 188 0 0
Q 189 0 0
Q 190 0 0
Q 191 0 0
Q 192 0 0
Q 193 0 0
Q 194 0 0
Q 195 0 0
Q 196 0 0
Q 197 0 0
Q 198 0 0
Q 199 0 0
Q 200 0 0
Q 201 0 0
Q 202 0 0
Q 203 0 0
Q 204 0 0
Q 205 0 0
Q 206 0 0
Q 207 0 0
Q 208 0 0
Q 209 0 0
Q 210 0 0
Q 211 0 0
Q 212 0 0
Q 213 0 0
Q 214 0 0
Q 215 0 0
Q 216 0 0
Q 217 0 0
Q 218 0 0
Q 219 0 0
Q 220 0 0
Q 221 0 0
Q 222 0 0
Q 223 0 0
Q 224 0 0
Q 225 0 0
Q 226 0 0
Q 227 0 0
Q 228 0 0
Q 229 0 0
Q 230 0 0
Q 231 0 0
Q 232 0 0
Q 233 0 0
Q 234 0 0
Q 235 0 0
Q 236 0 0
Q 237 0 0
Q 238 0 0
Q 239 0 0
Q 240 0 0
Q 241 0 0
Q 242 0 0
Q 243 0 0
Q 244 0 0
Q 245 0 0
Q 246 0 0
Q 247 0 0
Q 248 0 0
Q 249 0 0
Q 250 0 0
Q 251 0 0
Q 252 0 0
Q 253 0 0
Q 254 0 0
Q 255 0 0
G 0 1 1
G 1 1 0
G 2 1 1
G 3 3 0
G 4 1 1
G 5 1 1
G 6 33446 -45
G 7 1 1
G 8 1 1
G 9 1 0
G 10 33446 -45
G 11 1 1
G 12 1 1
G 13 33446 -45
G 14 1 0
G 15 1 0
G 16 1 0
G 17 1 1
G 18 1 1
G 19 1 0
G 20 2 0
G 21 33402 1
G 22 1 0
G 23 33446 -45
G 24 1 1
G 25 1 1
G 26 1 1
G 27 1 1
G 28 1 1
G 29 1 0
G 30 33446 -45
G 31 33446 -45
G 32 33446 -45
G 33 1 1
G 34 1 1
G 35 1 1
G 36 1 0
G 37 1 0
G 38 1 1
G 39 1 1
G 40 33446 -45
G 41 1 0
G 42 33446 -45
G 43 3 1
G 44 33446 -45
G 45 33446 -45
G 46 1 1
G 47 1 1
G 48 33446 -45
G 49 1 0
G 50 33446 -45
G 51 1 0
G 52 33446 -45
G 53 33446 -45
G 54 1 1
G 55 1 1
G 56 1 1
G 57 3 0
G 58 3 0
G 59 1 1
G 60 1 1
G 61 1 1
G 62 2 1
G 63 1 0
G 64 33446 -45
G 65 33446 -45
G 66 1 0
G 67 1 1
G 68 3 1
G 69 1 0
G 70 33446 -45
G 71 1 1
G 72 1 1
G 73 33446 -45
G 74 33446 -45
G 75 1 1
G 76 3 0
G 77 1 1
G 78 33446 -45
G 79 1 1
G 80 1 0
G 81 3 1
G 82 1 1
G 83 2 0
G 84 1 1
G 85 33446 -45
G 86 1 1
G 87 1 1
G 88 1 0
G 89 1 0
G 90 1 0
G 91 1 1
G 92 33446 -45
G 93 33402 1
G 94 1 1
G 95 1 0
G 96 1 0
G 97 1 1
G 98 33446 -45
G 99 33446 -45
G 100 33402 1
G 101 1 1
G 102 33402 0
G 103 33402 0
G 104 33446 -45
G 105 1 0
G 106 1 1
G 107 1 0
G 108 1 0
G 109 1 1
G 110 1 1
G 111 1 1
G 112 3 0
G 113 33446 -45
G 114 33402 0
G 115 2 0
G 116 1 1
G 117 33446 -45
G 118 3 1
G 119 33446 -45
G 120 2 33443
G 121 1 1
G 122 33446 -45
G 123 3 1
G 124 1 1
G 125 1 1
G 126 33446 -45
G 127 33402 0
G 128 3 1
G 129 2 1
G 130 2 0
G 131 1 1
G 132 1 0
G 133 33446 -45
G 134 33446 -45
G 135 33402 0
G 136 33446 -45
G 137 33446 -45
G 138 1 1
G 139 33402 0
G 140 33446 -45
G 141 33402 0
G 142 1 0
G 143 1 1
G 144 1 0
G 145 33446 -45
G 146 33402 1
G 147 33446 -45
G 148 1 1
G 149 33446 -45
G 150 33402 1
G 151 33446 -45
G 152 33446 -45
G 153 3 1
G 154 5 1
G 155 1 1
G 156 33404 1
G 157 33446 -45
G 158 33446 -45
G 159 1 0
G 160 3 1
G 161 1 1
G 162 1 0
G 163 1 1
G 164 33402 1
G 165 33402 1
G 166 1 0
G 167 33446 -45
G 168 1 0
G 169 2 1
G 170 2 1
G 171 33404 0
G 172 33404 1
G 173 33402 0
G 174 33402 1
G 175 1 0
G 176 3 1
G 177 33402 1
G 178 2 0
G 179 33446 -45
G 180 3 1
G 181 33446 -45
G 182 1 1
G 183 3 1
G 184 33446 -45
G 185 33402 1
G 186 33446 -45
G 187 2 1
G 188 2 0
G 189 3 1
G 190 1 0
G 191 33402 1
G 192 1 1
G 193 1 0
G 194 1 1
G 195 33402 1
G 196 33402 0
G 197 3 1
G 198 1 1
G 199 1 1
G 200 1 0
G 201 1 0
G 202 33446 -45
G 203 33402 0
G 204 1 0
G 205 33446 -45
G 206 33446 -45
G 207 1 0
G 208 1 0
G 209 1 1
G 210 3 1
G 211 33446 -45
G 212 33446 -45
G 213 1 0
G 214 33403 1
G 215 1 0
G 216 33446 -45
G 217 5 1
G 218 1 1
G 219 33402 1
G 220 1 1
G 221 33446 -45
G 222 4 1
G 223 33446 -45
G 224 33446 -45
G 225 33402 1
G 226 33446 -45
G 227 4 1
G 228 33446 -45
G 229 33402 0
G 230 33402 0
G 231 5 0
G 232 33446 -45
G 233 3 1
G 234 1 0
G 235 33446 -45
G 236 3 1
G 237 3 1
G 238 33446 -45
G 239 1 1
G 240 33404 0
G 241 3 0
G 242 33446 -45
G 243 4 1
G 244 33446 -45
G 245 3 1
G 246 3 0
G 247 33446 -45
G 248 2 1
G 249 4 1
G 250 33446 -45
G 251 3 1
G 252 1 1
G 253 33402 0
G 254 33446 -45
G 255 33446 -45
G 256 3 1
G 257 33446 -45
G 258 33446 -45
G 259 33402 1
G 260 33402 1
G 261 1 0
G 262 33446 -45
G 263 33446 -45
G 264 33402 0
G 265 33402 1
G 266 33446 -45
G 267 2 1
G 268 33402 0
G 269 33446 -45
G 270 33446 -45
G 271 3 1
G 272 33403 1
G 273 33402 1
G 274 2 0
G 275 1 1
G 276 33402 1
G 277 33446 -45
G 278 33402 0
G 279 1 0
G 280 5 1
G 281 33446 -45
G 282 33446 -45
G 283 33446 -45
G 284 5 1
G 285 2 1
G 286 33446 -45
G 287 1 1
G 288 33402 1
G 289 33402 0
G 290 1 1
G 291 33446 -45
G 292 3 1
G 293 2 1
G 294 33404 0
G 295 33402 1
G 296 33402 1
G 297 1 1
G 298 1 1
G 299 33446 -45
G 300 3 1
G 301 33402 1
G 302 33446 -45
G 303 33446 -45
G 304 33446 -45
G 305 5 1
G 306 2 1
G 307 33403 1
G 308 3 1
G 309 5 0
G 310 3 1
G 311 33402 1
G 312 33402 1
G 313 33446 -45
G 314 33446 -45
G 315 1 1
G 316 33446 1
G 317 33446 -45
G 318 33402 1
G 319 33402 1
G 320 33402 1
G 321 1 0
G 322 33446 -45
G 323 2 1
G 324 33446 -45
G 325 33403 1
G 326 1 1
G 327 33446 -45
G 328 5 1
G 329 33402 0
G 330 3 0
G 331 33402 1
G 332 33446 -45
G 333 33402 1
G 334 3 1
G 335 1 1
G 336 33446 -45
G 337 33403 0
G 338 33402 1
G 339 4 0
G 340 2 1
G 341 33446 -45
G 342 33402 0
G 343 33446 -45
G 344 33446 -45
G 345 1 1
G 346 33402 1
G 347 3 0
G 348 2 1
G 349 33446 -45
G 350 3 1
G 351 33402 1
G 352 33404 1
G 353 33404 0
G 354 33402 1
G 355 33446 -45
G 356 33403 0
G 357 33402 1
G 358 33446 -45
G 359 33446 -45
G 360 4 0
G 361 33446 -45
G 362 33446 -45
G 363 3 1
G 364 33402 0
G 365 33402 1
G 366 33402 1
G 367 33446 -45
G 368 33404 1
G 369 1 0
G 370 33402 1
G 371 5 1
G 372 1 0
G 373 33402 0
G 374 4 1
G 375 33446 -45
G 376 4 1
G 377 33446 -45
G 378 3 1
G 379 7 0
G 380 33446 -45
G 381 33446 -45
G 382 2 1
G 383 33402 1
G 384 33402 1
G 385 33402 1
G 386 5 1
G 387 33402 0
G 388 3 0
G 389 33446 -45
G 390 33402 1
G 391 33402 1
G 392 33446 -45
G 393 33402 1
G 394 33446 -45
G 395 33446 -45
G 396 2 0
G 397 33402 1
G 398 1 0
G 399 3 1
G 400 33446 -45
G 401 33406 1
G 402 33402 0
G 403 33403 0
G 404 33446 -45
G 405 1 0
G 406 33446 -45
G 407 33446 -45
G 408 1 1
G 409 33446 -45
G 410 4 0
G 411 33402 1
G 412 7 0
G 413 33404 0
G 414 3 1
G 415 2 1
G 416 33446 -45
G 417 33402 1
G 418 1 1
G 419 1 0
G 420 33446 -45
G 421 33402 1
G 422 33402 1
G 423 33446 -45
G 424 33402 1
G 425 33402 0
G 426 33446 -45
G 427 33446 -45
G 428 33402 0
G 429 1 1
G 430 7 1
G 431 2 1
G 432 33446 -45
G 433 33446 -45
G 434 33406 1
G 435 33404 1
G 436 33405 1
G 437 33405 1
G 438 33402 1
G 439 33404 1
G 440 33403 1
G 441 33404 1
G 442 33402 0
G 443 33446 -45
G 444 5 1
G 445 33402 1
G 446 4 1
G 447 4 0
G 448 33404 1
G 449 33446 -45
G 450 6 0
G 451 5 0
G 452 33402 0
G 453 33446 -45
G 454 33404 0
G 455 33446 -45
G 456 5 1
G 457 33446 -45
G 458 33402 0
G 459 33446 -45
G 460 33402 1
G 461 7 0
G 462 3 1
G 463 3 1
G 464 3 0
G 465 9 1
G 466 33402 1
G 467 33403 1
G 468 33402 1
G 469 1 1
G 470 33402 1
G 471 33402 1
G 472 2 1
G 473 33402 1
G 474 33403 1
G 475 33404 1
G 476 1 1
G 477 4 0
G 478 33446 -45
G 479 33402 1
G 480 5 0
G 481 3 1
G 482 1 1
G 483 1 1
G 484 33446 -45
G 485 33446 -45
G 486 33446 -45
G 487 1 1
G 488 33402 0
G 489 33402 0
G 490 33402 1
G 491 33446 -45
G 492 33402 0
G 493 33402 0
G 494 33402 1
G 495 33404 0
G 496 33446 -45
G 497 33402 1
G 498 1 1
G 499 33402 0
G 500 33446 -45
G 501 2 0
G 502 33402 0
G 503 33402 1
G 504 33446 -45
G 505 3 1
G 506 1 1
G 507 33404 0
G 508 33446 -45
G 509 33404 0
G 510 4 1
G 511 33446 -45
G 512 33402 1
G 513 33446 -45
G 514 33446 -45
G 515 33402 1
G 516 3 1
G 517 33446 -45
G 518 33446 -45
G 519 33403 0
G 520 33446 -45
G 521 33402 1
G 522 33402 1
G 523 5 0
G 524 4 1
G 525 33446 -45
G 526 33408 1
G 527 3 1
G 528 33402 1
G 529 3 1
G 530 33402 1
G 531 33446 -45
G 532 33402 0
G 533 33404 0
G 534 33403 1
G 535 33402 1
G 536 33402 0
G 537 33402 1
G 538 33403 1
G 539 33446 -45
G 540 33446 -45
G 541 33404 1
G 542 33446 -45
G 543 1 0
G 544 33446 -45
G 545 33446 -45
G 546 33402 1
G 547 33402 1
G 548 3 1
G 549 33402 1
G 550 33405 1
G 551 33404 1
G 552 33404 1
G 553 33446 -45
G 554 33402 0
G 555 33403 1
G 556 33402 0
G 557 33402 1
G 558 2 1
G 559 33402 1
G 560 33446 -45
G 561 33402 1
G 562 33402 0
G 563 3 0
G 564 33446 -45
G 565 33446 -45
G 566 33446 -45
G 567 33402 0
G 568 33404 1
G 569 33446 -45
G 570 3 0
G 571 33402 0
G 572 33405 1
G 573 33402 1
G 574 33404 1
G 575 33402 1
G 576 33404 1
G 577 33402 1
G 578 33402 1
G 579 33446 -45
G 580 33402 1
G 581 33404 0
G 582 1 1
G 583 33402 1
G 584 33446 -45
G 585 33446 -45
G 586 33448 0
G 587 33404 1
G 588 1 1
G 589 33446 -45
G 590 33446 -45
G 591 33402 1
G 592 6 1
G 593 8 1
G 594 5 1
G 595 33402 0
G 596 33404 0
G 597 33446 -45
G 598 33402 1
G 599 3 0
G 600 33405 1
G 601 33446 -45
G 602 33406 0
G 603 6 1
G 604 33446 -45
G 605 5 1
G 606 33402 1
G 607 33446 -45
G 608 33446 -45
G 609 33446 -45
G 610 33402 0
G 611 33446 -45
G 612 1 1
G 613 33446 -45
G 614 5 1
G 615 33446 -45
G 616 33406 1
G 617 33403 1
G 618 33402 1
G 619 2 0
G 620 33446 -45
G 621 33446 -45
G 622 33446 -45
G 623 33446 -45
G 624 33402 0
G 625 33404 0
G 626 1 1
G 627 33402 1
G 628 5 1
G 629 33402 0
G 630 33402 0
G 631 33402 0
G 632 33402 0
G 633 33402 0
G 634 33446 -45
G 635 1 0
G 636 33404 1
G 637 3 0
G 638 33404 0
G 639 33402 0
G 640 33402 1
G 641 33402 0
G 642 33446 -45
G 643 33402 1
G 644 33446 -45
G 645 33402 1
G 646 6 1
G 647 33404 0
G 648 33446 -45
G 649 33402 1
G 650 33404 0
G 651 33402 1
G 652 33403 1
G 653 33446 -45
G 654 3 1
G 655 33406 1
G 656 33446 -45
G 657 33446 -45
G 658 33404 1
G 659 33402 0
G 660 4 1
G 661 33406 0
G 662 33446 -45
G 663 33446 -45
G 664 33446 -45
G 665 33446 -45
G 666 33402 1
G 667 33402 1
G 668 33446 -45
G 669 3 1
G 670 33402 1
G 671 33402 0
G 672 33402 1
G 673 33402 1
G 674 33446 -45
G 675 33404 -45
G 676 33402 0
G 677 33402 1
G 678 33446 -45
G 679 33446 -45
G 680 3 1
G 681 33402 1
G 682 3 0
G 683 3 0
G 684 33403 1
G 685 33446 -45
G 686 33446 -45
G 687 33360 1
G 688 33446 -45
G 689 33402 0
G 690 33402 0
G 691 33404 1
G 692 33446 -45
G 693 33403 0
G 694 8 1
G 695 7 0
G 696 33402 1
G 697 33402 1
G 698 33446 -45
G 699 33404 0
G 700 33446 -45
G 701 33446 -45
G 702 33404 -45
G 703 33446 -45
G 704 33404 1
G 705 33446 -45
G 706 33408 1
G 707 33446 -45
G 708 33406 0
G 709 33402 0
G 710 33402 1
G 711 33446 -45
G 712 6 1
G 713 33446 -45
G 714 33446 -45
G 715 33404 0
G 716 33402 1
G 717 8 1
G 718 33446 -45
G 719 33403 0
G 720 4 1
G 721 33446 -45
G 722 3 1
G 723 33404 1
G 724 33404 1
G 725 10 1
G 726 33446 -45
G 727 33402 1
G 728 33402 1
G 729 33446 -45
G 730 33402 0
G 731 33402 1
G 732 33402 1
G 733 3 1
G 734 33402 1
G 735 33404 1
G 736 33404 0
G 737 33402 1
G 738 33446 -45
G 739 1 1
G 740 33404 1
G 741 33446 -45
G 742 33446 -45
G 743 33407 1
G 744 6 0
G 745 7 1
G 746 33402 1
G 747 33402 0
G 748 33402 1
G 749 33402 1
G 750 33446 -45
G 751 33446 -45
G 752 33402 1
G 753 33446 -45
G 754 33405 1
G 755 33446 -45
G 756 33402 1
G 757 33403 1
G 758 33446 -45
G 759 5 1
G 760 33402 1
G 761 33402 0
G 762 33402 0
G 763 33402 1
G 764 33402 1
G 765 33402 1
G 766 6 1
G 767 8 1
G 768 33446 -45
G 769 33404 0
G 770 12 0
G 771 33446 -45
G 772 33402 0
G 773 5 0
G 774 33405 1
G 775 33402 1
G 776 5 1
G 777 33402 1
G 778 33404 0
G 779 33446 -45
G 780 33402 0
G 781 33409 1
G 782 1 1
G 783 33446 -45
G 784 33402 0
G 785 4 1
G 786 33446 -45
G 787 33446 -45
G 788 33407 0
G 789 33402 0
G 790 33402 1
G 791 33446 -45
G 792 33446 -45
G 793 33446 -45
G 794 33402 1
G 795 33405 1
G 796 33405 1
G 797 33403 1
G 798 33402 0
G 799 33404 1
G 800 33408 1
G 801 33402 1
G 802 33402 1
G 803 33402 1
G 804 33402 1
G 805 33404 0
G 806 33446 -45
G 807 33404 1
G 808 33402 1
G 809 33446 -45
G 810 33402 1
G 811 33402 1
G 812 33446 -45
G 813 33446 -45
G 814 33404 0
G 815 33405 1
G 816 33402 1
G 817 33446 -45
G 818 5 0
G 819 1 1
G 820 33406 1
G 821 3 1
G 822 33403 1
G 823 33402 1
G 824 33402 1
G 825 33402 1
G 826 5 1
G 827 33402 1
G 828 33404 1
G 829 3 1
G 830 33404 1
G 831 33405 0
G 832 33402 0
G 833 33402 -45
G 834 33402 0
G 835 33358 0
G 836 33402 1
G 837 33402 0
G 838 33402 1
G 839 33404 1
G 840 33362 0
G 841 33404 1
G 842 33406 1
G 843 33408 1
G 844 33406 1
G 845 3 1
G 846 3 1
G 847 33406 1
G 848 33446 -45
G 849 33402 1
G 850 33446 -45
G 851 33404 1
G 852 4 0
G 853 33446 -45
G 854 33402 1
G 855 33407 1
G 856 2 0
G 857 33446 -45
G 858 33402 0
G 859 33403 1
G 860 1 1
G 861 33446 -45
G 862 33446 -45
G 863 33404 0
G 864 33446 -45
G 865 33402 0
G 866 33406 1
G 867 33405 1
G 868 33404 1
G 869 33402 1
G 870 33406 0
G 871 33446 -45
G 872 33404 0
G 873 33406 0
G 874 33402 1
G 875 33404 1
G 876 33404 0
G 877 33446 -45
G 878 3 1
G 879 33402 1
G 880 33404 1
G 881 33403 0
G 882 33402 0
G 883 33410 1
G 884 33406 1
G 885 33402 0
G 886 33403 0
G 887 33402 0
G 888 33402 1
G 889 33404 1
G 890 33404 -45
G 891 33446 -45
G 892 33405 1
G 893 33406 1
G 894 33446 -45
G 895 1 1
G 896 33446 -45
G 897 33410 1
G 898 33446 -45
G 899 33406 0
G 900 33408 0
G 901 33402 1
G 902 33404 1
G 903 33409 1
G 904 33402 1
G 905 33446 -45
G 906 7 1
G 907 33402 1
