Q 0 0 0
Q 1 4 12
Q 2 0 0
Q 3 0 13
Q 4 4 13
Q 5 0 0
Q 6 0 0
Q 7 4 14
Q 8 0 3
Q 9 0 14
Q 10 1 8
Q 11 1 11
Q 12 4 15
Q 13 5 8
Q 14 5 9
Q 15 1 5
Q 16 0 0
Q 17 0 0
Q 18 5 13
Q 19 0 0
Q 20 0 15
Q 21 5 14
Q 22 1 1
Q 23 5 15
Q 24 0 0
Q 25 0 0
Q 26 6 3
Q 27 1 2
Q 28 0 0
Q 29 0 0
Q 30 1 3
Q 31 6 4
Q 32 0 0
Q 33 6 5
Q 34 2 2
Q 35 1 7
Q 36 6 6
Q 37 0 4
Q 38 1 15
Q 39 6 7
Q 40 6 8
Q 41 6 9
Q 42 1 10
Q 43 0 0
Q 44 6 10
Q 45 0 0
Q 46 1 12
Q 47 6 12
Q 48 0 0
Q 49 6 13
Q 50 1 13
Q 51 2 7
Q 52 0 0
Q 53 2 6
Q 54 0 0
Q 55 0 0
Q 56 6 14
Q 57 6 15
Q 58 1 14
Q 59 2 10
Q 60 7 0
Q 61 2 4
Q 62 0 5
Q 63 2 0
Q 64 7 1
Q 65 2 1
Q 66 0 6
Q 67 0 0
Q 68 0 0
Q 69 2 3
Q 70 0 0
Q 71 0 0
Q 72 7 2
Q 73 0 0
Q 74 7 3
Q 75 7 4
Q 76 4 11
Q 77 2 13
Q 78 7 5
Q 79 0 0
Q 80 2 5
Q 81 0 0
Q 82 3 3
Q 83 7 6
Q 84 2 9
Q 85 2 12
Q 86 0 0
Q 87 7 7
Q 88 2 11
Q 89 0 7
Q 90 7 8
Q 91 2 8
Q 92 3 0
Q 93 2 14
Q 94 7 9
Q 95 0 0
Q 96 2 15
Q 97 7 10
Q 98 7 11
Q 99 0 0
Q 100 3 5
Q 101 3 1
Q 102 0 8
Q 103 3 14
Q 104 0 9
Q 105 7 12
Q 106 7 13
Q 107 0 0
Q 108 3 8
Q 109 0 0
Q 110 3 11
Q 111 3 2
Q 112 0 0
Q 113 3 4
Q 114 0 10
Q 115 7 14
Q 116 7 15
Q 117 0 11
Q 118 4 0
Q 119 0 0
Q 120 4 3
Q 121 0 0
Q 122 0 0
Q 123 8 0
Q 124 4 4
Q 125 8 1
Q 126 8 2
Q 127 8 3
Q 128 8 4
Q 129 0 0
Q 130 1 9
Q 131 0 0
Q 132 3 6
Q 133 3 7
Q 134 8 5
Q 135 8 6
Q 136 5 11
Q 137 0 0
Q 138 4 1
Q 139 4 2
Q 140 3 10
Q 141 8 7
Q 142 0 0
Q 143 8 8
Q 144 0 0
Q 145 5 1
Q 146 8 9
Q 147 8 10
Q 148 0 0
Q 149 8 11
Q 150 0 0
Q 151 8 12
Q 152 4 7
Q 153 0 0
Q 154 5 2
Q 155 8 13
Q 156 0 0
Q 157 3 9
Q 158 8 14
Q 159 5 0
Q 160 0 0
Q 161 6 0
Q 162 0 0
Q 163 8 15
Q 164 3 15
Q 165 0 0
Q 166 9 0
Q 167 0 0
Q 168 6 1
Q 169 9 1
Q 170 9 2
Q 171 9 3
Q 172 1 4
Q 173 9 4
Q 174 9 5
Q 175 9 6
Q 176 9 7
Q 177 9 8
Q 178 3 12
Q 179 9 9
Q 180 4 10
Q 181 9 10
Q 182 9 11
Q 183 1 0
Q 184 0 0
Q 185 5 10
Q 186 9 12
Q 187 9 13
Q 188 9 14
Q 189 1 6
Q 190 9 15
Q 191 3 13
Q 192 0 1
Q 193 5 3
Q 194 0 0
Q 195 5 12
Q 196 10 0
Q 197 0 0
Q 198 6 2
Q 199 4 9
Q 200 10 1
Q 201 0 0
Q 202 0 0
Q 203 4 5
Q 204 0 0
Q 205 10 2
Q 206 0 0
Q 207 10 3
Q 208 4 6
Q 209 4 8
Q 210 10 4
Q 211 6 11
Q 212 10 5
Q 213 10 6
Q 214 0 0
Q 215 10 7
Q 216 10 8
Q 217 5 6
Q 218 10 9
Q 219 5 4
Q 220 10 10
Q 221 0 12
Q 222 10 11
Q 223 0 2
Q 224 0 0
Q 225 5 5
Q 226 0 0
Q 227 10 12
Q 228 5 7
Q 229 10 13
Q 230 0 0
G 0 1 0
G 1 1 1
G 2 1 1
G 3 1 0
G 4 1 1
G 5 1 1
G 6 1 0
G 7 1 0
G 8 1 1
G 9 1 1
G 10 1 1
G 11 1 0
G 12 122 111
G 13 1 1
G 14 1843 111
G 15 1 0
G 16 1 7
G 17 1 1
G 18 1 7
G 19 2 1
G 20 1 1
G 21 1 1
G 22 234 1
G 23 1 1
G 24 1 1
G 25 1 1
G 26 1 1
G 27 1 1
G 28 1 1
G 29 564 59
G 30 1 0
G 31 1 1
G 32 1 1
G 33 1 1
G 34 1 0
G 35 1135 7
G 36 9 1
G 37 1 0
G 38 1 1
G 39 1 1
G 40 1 0
G 41 1 0
G 42 1 1
G 43 1 1
G 44 1 1
G 45 1 1
G 46 796 163
G 47 1 1
G 48 1 7
G 49 1 1
G 50 1 0
G 51 1 0
G 52 1 0
G 53 3 0
G 54 2 1
G 55 1 1
G 56 1 1
G 57 2 1
G 58 1 111
G 59 1 1
G 60 1679 163
G 61 9 7
G 62 1 0
G 63 3 7
G 64 3 0
G 65 1 0
G 66 1 0
G 67 1 1
G 68 2 0
G 69 1 1
G 70 1567 59
G 71 1 0
G 72 545 319
G 73 1 1
G 74 2 1
G 75 1 1
G 76 63 59
G 77 1 1
G 78 1 7
G 79 1 1
G 80 1 0
G 81 1 0
G 82 9 1
G 83 1 1
G 84 1 0
G 85 17 7
G 86 2 1
G 87 2 1
G 88 1 0
G 89 1 1
G 90 287 111
G 91 1 0
G 92 3 1
G 93 1 1
G 94 1525 111
G 95 1 0
G 96 736 59
G 97 25 7
G 98 1 0
G 99 1 1
G 100 33 1
G 101 1 0
G 102 9 1
G 103 11 1
G 104 1143 1
G 105 1 0
G 106 960 1
G 107 33 1
G 108 1 1
G 109 3 0
G 110 3 1
G 111 1257 0
G 112 3 0
G 113 3 0
G 114 1679 59
G 115 1 1
G 116 13 0
G 117 659 59
G 118 1637 1
G 119 1 1
G 120 3 0
G 121 1567 111
G 122 2 111
G 123 1 1
G 124 1 0
G 125 1 1
G 126 1 0
G 127 960 1
G 128 173 111
G 129 624 111
G 130 1 1
G 131 346 7
G 132 9 1
G 133 1145 111
G 134 2 1
G 135 4 1
G 136 234 111
G 137 3 7
G 138 1 1
G 139 3 1
G 140 1 1
G 141 1 1
G 142 1 0
G 143 25 0
G 144 3 0
G 145 113 0
G 146 3 1
G 147 1 1
G 148 26 1
G 149 1 0
G 150 1 1
G 151 3 0
G 152 399 1
G 153 1 7
G 154 1 1
G 155 1567 111
G 156 3 0
G 157 1299 267
G 158 962 1
G 159 1 1
G 160 1 1
G 161 1 1
G 162 1 1
G 163 1 1
G 164 1 1
G 165 123 163
G 166 865 1
G 167 63 7
G 168 4 0
G 169 11 111
G 170 1 0
G 171 5 1
G 172 719 0
G 173 1257 267
G 174 1567 0
G 175 1 0
G 176 1 1
G 177 1 1
G 178 1 1
G 179 1 1
G 180 123 0
G 181 2 1
G 182 867 267
G 183 1 1
G 184 624 7
G 185 1 1
G 186 3 7
G 187 1 0
G 188 1 1
G 189 113 59
G 190 3 0
G 191 1 0
G 192 399 0
G 193 1627 0
G 194 3 1
G 195 1 7
G 196 1 267
G 197 1 0
G 198 1 0
G 199 1 1
G 200 1135 163
G 201 1 1
G 202 3 1
G 203 1843 0
G 204 3 111
G 205 1 1
G 206 3 111
G 207 1 0
G 208 4 1
G 209 962 0
G 210 3 111
G 211 6 0
G 212 3 1
G 213 963 7
G 214 1844 0
G 215 1 1
G 216 3 1
G 217 269 59
G 218 1739 0
G 219 4 0
G 220 1 0
G 221 4 1
G 222 3 1
G 223 1 1
G 224 564 59
G 225 11 111
G 226 114 7
G 227 329 215
G 228 4 1
G 229 1525 1
G 230 3 59
G 231 1 1
G 232 1 0
G 233 400 163
G 234 3 1
G 235 719 7
