Q 0 0 2
Q 1 1 1
Q 2 1 2
Q 3 0 6
Q 4 1 7
Q 5 1 6
Q 6 1 5
Q 7 1 0
Q 8 0 3
Q 9 0 5
Q 10 0 4
Q 11 1 3
Q 12 0 1
Q 13 1 4
Q 14 0 7
Q 15 0 0
G 0 1 1
G 1 1 0
G 2 1 1
G 3 1 0
G 4 3 1
G 5 1 1
G 6 90 7
G 7 1 1
G 8 1 0
G 9 5 59
G 10 1 1
G 11 3 1
G 12 3 1
G 13 1 1
G 14 1 1
G 15 73 7
G 16 65 7
G 17 2 1
G 18 3 1
G 19 1 1
G 20 2 111
G 21 5 0
G 22 6 1
G 23 73 0
G 24 98 1
G 25 100 0
G 26 65 1
G 27 146 59
G 28 106 7
G 29 5 59
G 30 126 59
G 31 74 7
G 32 1 0
G 33 67 1
G 34 81 0
G 35 3 1
G 36 82 7
G 37 90 1
G 38 98 1
G 39 92 0
G 40 100 1
G 41 69 1
G 42 114 7
G 43 145 0
G 44 121 1
G 45 93 1
G 46 101 0
G 47 90 0
G 48 86 59
G 49 234 0
G 50 102 1
G 51 207 7
G 52 98 7
G 53 102 0
G 54 223 7
G 55 123 0
G 56 3 0
G 57 232 0
G 58 114 1
G 59 116 1
G 60 122 1
G 61 114 1
G 62 116 0
G 63 215 7
G 64 117 1
G 65 124 1
G 66 118 7
G 67 186 7
G 68 124 1
G 69 106 1
G 70 119 0
G 71 128 1
G 72 230 1
G 73 232 1
G 74 126 59
G 75 202 1
G 76 232 1
G 77 233 1
G 78 228 0
G 79 204 1
G 80 130 1
G 81 234 0
G 82 4 1
G 83 234 0
G 84 229 0
G 85 229 1
G 86 231 1
G 87 108 0
G 88 194 0
G 89 230 1
G 90 132 59
G 91 232 0
G 92 195 1
G 93 212 1
G 94 194 1
G 95 197 0
G 96 198 0
G 97 197 7
G 98 233 1
G 99 234 0
G 100 206 7
G 101 214 0
G 102 215 7
G 103 233 1
G 104 231 1
G 105 199 7
G 106 233 1
G 107 234 0
G 108 233 1
