Q 0 0 5
Q 1 1 4
Q 2 1 3
Q 3 0 3
Q 4 1 6
Q 5 1 0
Q 6 1 1
Q 7 0 7
Q 8 0 2
Q 9 0 6
Q 10 1 7
Q 11 0 4
Q 12 0 1
Q 13 0 0
Q 14 1 5
Q 15 1 2
G 0 170 1
G 1 1 59
G 2 1 1
G 3 1 0
G 4 1 1
G 5 1 0
G 6 1 7
G 7 78 1
G 8 9 1
G 9 11 59
G 10 2 0
G 11 80 1
G 12 61 0
G 13 62 1
G 14 1 1
G 15 1 0
G 16 61 7
G 17 3 1
G 18 71 7
G 19 3 1
G 20 9 7
G 21 79 0
G 22 69 0
G 23 71 1
G 24 64 0
G 25 82 59
G 26 81 1
G 27 166 1
G 28 172 1
G 29 158 1
G 30 173 1
G 31 83 7
G 32 75 7
G 33 83 7
G 34 142 1
G 35 65 1
G 36 5 0
G 37 6 1
G 38 91 7
G 39 70 1
G 40 106 1
G 41 169 1
G 42 160 7
G 43 174 1
G 44 99 7
G 45 175 0
G 46 107 7
G 47 115 59
G 48 108 59
G 49 175 0
G 50 171 1
G 51 174 1
G 52 175 0
G 53 174 1
G 54 168 7
G 55 175 0
G 56 174 1
G 57 168 7
G 58 174 1
