Q 0 0 1
Q 1 0 3
Q 2 0 0
Q 3 1 2
Q 4 1 1
Q 5 0 2
Q 6 1 0
Q 7 1 3
G 0 1 0
G 1 2 1
G 2 4 59
G 3 1 0
G 4 2 1
G 5 5 1
G 6 64 1
G 7 1 1
G 8 3 1
G 9 64 1
G 10 66 7
G 11 1 1
G 12 1 1
G 13 3 1
G 14 64 7
G 15 81 7
G 16 66 1
G 17 3 1
G 18 89 1
G 19 74 0
G 20 72 0
G 21 73 7
G 22 4 1
G 23 345 1
G 24 68 0
G 25 69 1
G 26 81 1
G 27 5 0
G 28 290 59
G 29 240 7
G 30 84 7
G 31 92 59
G 32 152 1
G 33 92 1
G 34 152 1
G 35 6 1
G 36 347 0
G 37 94 1
G 38 160 7
G 39 89 1
G 40 154 7
G 41 92 0
G 42 93 1
G 43 91 0
G 44 92 0
G 45 8 0
G 46 162 7
G 47 152 7
G 48 162 1
G 49 170 59
G 50 230 7
G 51 348 1
G 52 285 1
G 53 230 59
G 54 238 1
G 55 287 0
G 56 350 1
G 57 290 59
G 58 350 1
G 59 350 1
R 2 1 2
R 10 1 1
R 14 0 2
R 15 1 1
R 21 0 3
R 28 1 3
R 29 1 2
R 30 0 2
R 31 1 1
R 38 0 0
R 40 0 2
R 46 0 1
R 47 1 2
R 49 1 0
R 50 1 1
R 53 0 0
R 57 0 2
