Q 0 0 1
Q 1 0 0
Q 2 1 0
Q 3 0 2
Q 4 0 3
Q 5 1 1
Q 6 1 2
Q 7 1 3
G 0 1 0
G 1 2 1
G 2 4 7
G 3 1 0
G 4 2 1
G 5 5 1
G 6 12 1
G 7 1 1
G 8 3 1
G 9 12 1
G 10 15 59
G 11 1 1
G 12 1 1
G 13 3 1
G 14 7 7
G 15 76 59
G 16 14 1
G 17 3 1
G 18 136 1
G 19 75 0
G 20 15 0
G 21 16 59
G 22 4 1
G 23 540 1
G 24 16 0
G 25 17 1
G 26 76 1
G 27 5 0
G 28 537 7
G 29 469 59
G 30 138 59
G 31 261 59
G 32 321 1
G 33 319 1
G 34 321 1
G 35 6 1
G 36 542 0
G 37 321 1
G 38 331 59
G 39 327 1
G 40 323 7
G 41 198 0
G 42 199 1
G 43 329 0
G 44 330 0
G 45 8 0
G 46 331 59
G 47 201 59
G 48 467 1
G 49 391 7
G 50 459 7
G 51 543 1
G 52 534 1
G 53 399 59
G 54 467 1
G 55 536 0
G 56 545 1
G 57 529 7
G 58 545 1
G 59 545 1
