Q 0 0 0
Q 1 0 2
Q 2 0 3
Q 3 1 4
Q 4 0 7
Q 5 1 6
Q 6 1 1
Q 7 1 7
Q 8 0 5
Q 9 0 1
Q 10 0 4
Q 11 1 2
Q 12 1 0
Q 13 1 3
Q 14 0 6
Q 15 1 5
G 0 1 0
G 1 1 1
G 2 1 0
G 3 1 1
G 4 1 0
G 5 1 1
G 6 1 1
G 7 1 1
G 8 1 1
G 9 11 7
G 10 1 1
G 11 19 163
G 12 1 1
G 13 1 1
G 14 183 1
G 15 210 59
G 16 286 7
G 17 19 1
G 18 21 1
G 19 294 7
G 20 185 0
G 21 302 1
G 22 302 7
G 23 202 7
G 24 304 1
G 25 394 7
G 26 386 7
G 27 326 59
G 28 310 1
G 29 2 1
G 30 210 1
G 31 402 1
G 32 1 0
G 33 3 7
G 34 310 7
G 35 11 1
G 36 306 1
G 37 318 1
G 38 183 0
G 39 212 0
G 40 184 1
G 41 318 7
G 42 402 1
G 43 278 7
G 44 213 1
G 45 320 1
G 46 3 1
G 47 270 7
G 48 5 0
G 49 326 0
G 50 308 0
G 51 326 1
G 52 278 1
G 53 11 1
G 54 186 7
G 55 327 1
G 56 23 1
G 57 394 0
G 58 13 1
G 59 286 1
G 60 194 7
G 61 202 1
R 9 0 5
R 11 0 2
R 15 0 0
R 16 0 0
R 19 0 0
R 22 0 0
R 23 0 4
R 25 0 7
R 26 0 2
R 27 0 1
R 33 1 6
R 34 0 2
R 41 1 2
R 43 1 3
R 47 1 4
R 54 0 5
R 60 0 5
