Q 0 0 0
Q 1 0 2
Q 2 0 3
Q 3 1 4
Q 4 0 7
Q 5 1 6
Q 6 1 1
Q 7 1 7
Q 8 0 5
Q 9 0 1
Q 10 0 4
Q 11 1 2
Q 12 1 0
Q 13 1 3
Q 14 0 6
Q 15 1 5
G 0 1 0
G 1 85 1
G 2 1 0
G 3 1 1
G 4 1 0
G 5 1 1
G 6 1 1
G 7 1 1
G 8 1 1
G 9 87 7
G 10 1 1
G 11 95 163
G 12 1 1
G 13 1 1
G 14 259 1
G 15 3 59
G 16 63 7
G 17 95 1
G 18 97 1
G 19 71 7
G 20 261 0
G 21 79 1
G 22 79 7
G 23 3 7
G 24 81 1
G 25 3 7
G 26 273 7
G 27 95 59
G 28 87 1
G 29 2 1
G 30 11 1
G 31 11 1
G 32 1 0
G 33 3 7
G 34 87 7
G 35 11 1
G 36 83 1
G 37 95 1
G 38 259 0
G 39 13 0
G 40 260 1
G 41 262 7
G 42 11 1
G 43 11 7
G 44 14 1
G 45 97 1
G 46 3 1
G 47 16 7
G 48 5 0
G 49 270 0
G 50 85 0
G 51 270 1
G 52 24 1
G 53 11 1
G 54 262 7
G 55 271 1
G 56 99 1
G 57 281 0
G 58 13 1
G 59 19 1
G 60 270 7
G 61 278 1
