7
Reading programs/Scale/16/BP_16_128/BP_16_128.in
Reading programs/Scale/16/BP_16_128/BP_16_128.rr
Reading programs/Scale/16/BP_16_128/BP_16_128.des
Reading programs/Scale/16/BP_16_128/BP_16_128.pg
Reading programs/Scale/16/BP_16_128/BP_16_128.gmap
Experiment configuration
-----
Program:programs/Scale/16/BP_16_128/BP_16_128
Machine:2,8
Data aware:0
Routing policy:1
SR T:1250
Global T:1250
-----
nrows: 2 nCols: 8
Creating SR instance...
Gate time lower bound:62
Single qubit gate duration:45
Dependency:62
CNOT duration (data unaware):17
Routing (rectangle reservation):131
Created SR instance
Checking instance with T=1250
Dummy gate constraints:63
SAT
Dummy gate time:281
Total Solve Time:0
Constraints:
Mapping:0
Dependency:62
Routing:131
Stats:
arith_conflicts 0
arith_add_rows 0
conflicts 0
decisions 0
mk_clause 0
added_eqs 0
binary_propagations 0
restarts 0
All done!
