Q 0 7 4
Q 1 6 4
Q 2 3 6
Q 3 5 6
Q 4 7 5
Q 5 2 5
Q 6 0 6
Q 7 2 3
Q 8 0 2
Q 9 2 1
Q 10 7 3
Q 11 3 2
Q 12 1 1
Q 13 0 0
Q 14 7 7
Q 15 4 4
Q 16 4 5
Q 17 3 1
Q 18 3 4
Q 19 6 0
Q 20 5 2
Q 21 6 5
Q 22 6 7
Q 23 0 3
Q 24 0 5
Q 25 1 0
Q 26 2 2
Q 27 2 4
Q 28 6 3
Q 29 2 0
Q 30 4 0
Q 31 1 7
Q 32 1 6
Q 33 0 4
Q 34 5 5
Q 35 3 0
Q 36 3 5
Q 37 4 2
Q 38 6 2
Q 39 3 7
Q 40 5 3
Q 41 7 6
Q 42 4 1
Q 43 0 1
Q 44 4 3
Q 45 4 6
Q 46 3 3
Q 47 1 3
Q 48 0 7
Q 49 6 6
Q 50 5 4
Q 51 5 0
Q 52 7 0
Q 53 7 2
Q 54 5 1
Q 55 6 1
Q 56 1 2
Q 57 5 7
Q 58 2 6
Q 59 1 5
Q 60 1 4
Q 61 2 7
Q 62 4 7
Q 63 7 1
G 0 1 0
G 1 1 0
G 2 1 0
G 3 1 1
G 4 1 1
G 5 1 1
G 6 1 0
G 7 1 1
G 8 3 0
G 9 1 1
G 10 1 0
G 11 1 1
G 12 3 0
G 13 3 1
G 14 1 1
G 15 1 1
G 16 12 7
G 17 1 1
G 18 5 7
G 19 39 0
G 20 20 7
G 21 1 7
G 22 20 7
G 23 31 7
G 24 9 1
G 25 2 7
G 26 1 1
G 27 2 1
G 28 3 1
G 29 1 1
G 30 1 1
G 31 38 0
G 32 32 1
G 33 3 1
G 34 38 1
G 35 3 7
G 36 1 0
G 37 1 0
G 38 1 1
G 39 1 1
G 40 1 1
G 41 1 1
G 42 6 7
G 43 12 1
G 44 10 1
G 45 16 1
G 46 11 7
G 47 11 1
G 48 18 1
G 49 38 1
G 50 39 0
G 51 38 1
G 52 3 7
G 53 34 1
G 54 1 0
G 55 3 7
G 56 36 1
G 57 1 1
G 58 1 1
G 59 1 1
G 60 1 0
G 61 21 7
G 62 39 0
G 63 13 7
G 64 21 0
G 65 28 7
G 66 4 1
G 67 4 7
G 68 1 1
G 69 14 7
G 70 24 7
G 71 5 0
G 72 38 1
G 73 20 7
G 74 38 1
G 75 38 1
G 76 3 1
G 77 4 1
G 78 35 1
G 79 2 0
G 80 22 7
G 81 29 0
G 82 1 1
G 83 37 0
G 84 3 0
G 85 3 0
G 86 20 1
G 87 38 1
G 88 32 7
G 89 6 1
G 90 1 0
G 91 38 1
G 92 31 7
G 93 36 1
G 94 1 1
G 95 3 1
G 96 1 1
G 97 3 1
G 98 30 7
G 99 1 0
G 100 5 0
G 101 3 1
G 102 8 1
G 103 4 1
G 104 1 1
G 105 32 7
G 106 2 1
G 107 38 1
G 108 6 1
G 109 23 7
