Q 0 4 7
Q 1 0 2
Q 2 12 1
Q 3 1 1
Q 4 13 1
Q 5 5 2
Q 6 5 3
Q 7 1 0
Q 8 6 3
Q 9 10 7
Q 10 11 0
Q 11 1 2
Q 12 0 3
Q 13 12 2
Q 14 11 3
Q 15 6 1
Q 16 7 0
Q 17 1 4
Q 18 1 5
Q 19 1 6
Q 20 0 0
Q 21 11 4
Q 22 0 4
Q 23 0 0
Q 24 5 6
Q 25 5 7
Q 26 11 5
Q 27 6 5
Q 28 2 5
Q 29 6 2
Q 30 1 7
Q 31 2 6
Q 32 0 0
Q 33 2 7
Q 34 2 0
Q 35 11 6
Q 36 6 7
Q 37 2 1
Q 38 0 5
Q 39 11 7
Q 40 6 6
Q 41 12 3
Q 42 12 4
Q 43 6 4
Q 44 2 2
Q 45 12 5
Q 46 7 1
Q 47 7 5
Q 48 0 6
Q 49 12 6
Q 50 7 4
Q 51 12 7
Q 52 13 3
Q 53 8 0
Q 54 13 4
Q 55 0 7
Q 56 7 7
Q 57 7 2
Q 58 7 3
Q 59 2 4
Q 60 2 3
Q 61 8 1
Q 62 13 5
Q 63 13 6
Q 64 13 7
Q 65 1 3
Q 66 7 6
Q 67 8 2
Q 68 3 0
Q 69 8 7
Q 70 3 7
Q 71 12 0
Q 72 8 3
Q 73 14 0
Q 74 14 1
Q 75 0 0
Q 76 3 1
Q 77 11 1
Q 78 0 1
Q 79 14 2
Q 80 9 1
Q 81 3 4
Q 82 14 3
Q 83 9 2
Q 84 4 0
Q 85 9 0
Q 86 14 4
Q 87 3 2
Q 88 14 5
Q 89 3 6
Q 90 0 0
Q 91 13 0
Q 92 3 3
Q 93 14 6
Q 94 14 7
Q 95 8 4
Q 96 4 2
Q 97 8 5
Q 98 9 4
Q 99 9 3
Q 100 4 1
Q 101 3 5
Q 102 4 3
Q 103 4 4
Q 104 4 5
Q 105 10 2
Q 106 4 6
Q 107 13 2
Q 108 5 0
Q 109 15 0
Q 110 15 1
Q 111 5 1
Q 112 10 1
Q 113 8 6
Q 114 9 7
Q 115 5 5
Q 116 9 5
Q 117 5 4
Q 118 0 0
Q 119 10 4
Q 120 9 6
Q 121 10 3
Q 122 10 6
Q 123 6 0
Q 124 10 5
Q 125 10 0
Q 126 11 2
Q 127 15 2
G 0 1 1
G 1 1 1
G 2 1 1
G 3 1 1
G 4 1 1
G 5 2371 371
G 6 1 1
G 7 6116 163
G 8 1 1
G 9 1 1
G 10 1 0
G 11 1 1
G 12 1 1
G 13 1 1
G 14 1 1
G 15 1 1
G 16 1 0
G 17 1 1
G 18 1 1
G 19 1 1
G 20 9727 267
G 21 1 1
G 22 1 0
G 23 1 1
G 24 3 1
G 25 1 0
G 26 1 1
G 27 1 1
G 28 3 1
G 29 1 0
G 30 1 1
G 31 1 0
G 32 3 1
G 33 1 1
G 34 3 1
G 35 1 1
G 36 1 0
G 37 5952 163
G 38 3 111
G 39 3 1
G 40 5364 111
G 41 1 1
G 42 5476 7
G 43 1 0
G 44 5702 111
G 45 1 1
G 46 1 1
G 47 1 0
G 48 4 0
G 49 9 1
G 50 3 0
G 51 1 1
G 52 3 0
G 53 6774 111
G 54 1 0
G 55 2 1
G 56 4155 163
G 57 6280 59
G 58 5814 1
G 59 3 1
G 60 7162 423
G 61 2 1
G 62 2 1
G 63 5632 111
G 64 1 1
G 65 4319 1
G 66 1 1
G 67 1 1
G 68 6280 1
G 69 6886 1
G 70 4 1
G 71 5 1
G 72 1 0
G 73 9885 111
G 74 3 1
G 75 1 0
G 76 5484 1
G 77 1 7
G 78 1 1
G 79 2 0
G 80 1 1
G 81 1 7
G 82 6662 215
G 83 4 1
G 84 1 1
G 85 7042 371
G 86 115 1
G 87 1 1
G 88 3 0
G 89 117 1
G 90 1 1
G 91 4319 0
G 92 3 0
G 93 1 1
G 94 1 1
G 95 4648 7
G 96 6774 267
G 97 1 1
G 98 1 1
G 99 5744 1
G 100 9885 1
G 101 7050 111
G 102 1 0
G 103 5 1
G 104 3 0
G 105 1 0
G 106 3 1
G 107 6886 1
G 108 3 1
G 109 9995 1
G 110 9 475
G 111 9407 319
G 112 2 0
G 113 9997 1
G 114 3 1
G 115 3 0
G 116 6888 0
G 117 2 0
G 118 5486 1
G 119 2147 111
G 120 9997 1
G 121 1 0
G 122 1 1
G 123 3 1
G 124 1 1
G 125 1 1
G 126 1 0
G 127 5 0
G 128 9995 0
G 129 9367 59
G 130 909 163
G 131 9996 0
G 132 1 0
G 133 9727 0
G 134 1 1
G 135 1 0
G 136 4031 59
G 137 1 0
G 138 3 1
G 139 6662 111
G 140 1 1
G 141 1 1
G 142 3 1
G 143 5484 1
G 144 6282 1
G 145 3 1
G 146 9349 7
G 147 5840 111
G 148 5 0
G 149 2147 59
G 150 2259 111
G 151 1 0
G 152 4320 163
G 153 6 0
G 154 5488 1
G 155 4091 1
G 156 3 1
G 157 1 1
G 158 7414 1
G 159 6280 1
G 160 9 7
G 161 9357 527
G 162 1 7
G 163 6340 1
G 164 2 1
G 165 3279 267
G 166 7416 1
G 167 3 1
G 168 4888 475
G 169 1 1
G 170 9885 1
G 171 5744 7
G 172 9997 0
G 173 7418 1
G 174 1 1
G 175 3 0
G 176 6774 0
G 177 5 1
G 178 1 1
G 179 7042 7
G 180 9728 0
G 181 5486 215
G 182 3 215
G 183 6238 423
G 184 1 1
G 185 4484 1
G 186 485 1
G 187 7 0
G 188 9729 0
G 189 1 0
G 190 9357 1
G 191 1 1
G 192 9 0
G 193 7 1
G 194 10 1
G 195 2259 1
G 196 4399 111
G 197 7586 1
G 198 5744 1
G 199 3547 111
G 200 7042 0
G 201 2 0
G 202 4716 59
G 203 2 0
G 204 4247 7
G 205 6774 0
G 206 6878 163
G 207 12 0
G 208 4247 111
G 209 2207 1
G 210 5 1
G 211 2371 0
G 212 4255 1
G 213 5702 1
G 214 4511 0
G 215 4512 319
G 216 7 1
G 217 1 0
G 218 6662 1
G 219 4093 1
G 220 5816 1
G 221 5746 59
G 222 1 0
G 223 2751 527
G 224 4095 59
G 225 3 0
G 226 4 1
G 227 2 1
G 228 3537 0
G 229 2743 7
G 230 6775 1
G 231 5 1
G 232 6 1
G 233 5490 1
G 234 9 0
G 235 7162 1
G 236 9999 1
G 237 2751 1
G 238 6022 215
G 239 2 1
G 240 6777 0
G 241 487 1
G 242 4486 0
G 243 1 0
G 244 9359 7
G 245 2209 1
G 246 4031 215
G 247 6 163
G 248 1559 163
G 249 9997 1
G 250 9941 59
G 251 7420 0
G 252 3538 0
G 253 6342 319
G 254 6664 0
G 255 5806 1
G 256 4 1
G 257 2 1
G 258 7 0
G 259 6 1
G 260 5704 1
G 261 5806 215
G 262 3 1
G 263 2 0
G 264 3659 371
G 265 1723 423
G 266 6889 1
G 267 4155 1
G 268 4157 1
G 269 6662 1
G 270 5364 267
G 271 4 1
G 272 4776 111
G 273 170 1
G 274 1073 1
G 275 3279 1
G 276 4031 1
G 277 3 1
G 278 9999 1
G 279 2211 1
G 280 485 423
G 281 4832 1
G 282 4 0
G 283 1073 1
G 284 9887 1
G 285 1291 267
G 286 1075 1
G 287 6022 1
G 288 4 0
G 289 6662 1
G 290 9427 1
G 291 909 0
G 292 4888 1
G 293 219 1
G 294 1723 1
G 295 4484 163
G 296 3 0
G 297 4159 0
G 298 3 7
G 299 7164 1
G 300 5632 111
G 301 5632 1
G 302 3539 7
G 303 4656 59
G 304 3281 7
G 305 170 215
G 306 4033 0
G 307 5746 0
G 308 2261 1
G 309 3289 1
G 310 4208 111
G 311 910 0
G 312 3 1
G 313 4 1
G 314 4487 1
G 315 3289 7
G 316 1 1
G 317 2 0
G 318 8 1
G 319 3 0
G 320 10 0
G 321 1075 215
G 322 1077 0
G 323 9427 1
G 324 8 0
G 325 3291 1
G 326 4890 1
G 327 6664 1
G 328 9998 0
