Q 0 0 172
Q 1 0 0
Q 2 0 0
Q 3 0 0
Q 4 0 0
Q 5 0 0
Q 6 0 0
Q 7 0 0
Q 8 0 0
Q 9 0 0
Q 10 0 0
Q 11 0 0
Q 12 0 0
Q 13 0 0
Q 14 0 0
Q 15 0 0
Q 16 0 0
Q 17 0 0
Q 18 0 0
Q 19 0 0
Q 20 0 0
Q 21 0 0
Q 22 0 0
Q 23 0 0
Q 24 0 0
Q 25 0 0
Q 26 0 0
Q 27 0 0
Q 28 0 0
Q 29 0 0
Q 30 0 0
Q 31 0 0
Q 32 0 0
Q 33 0 0
Q 34 0 0
Q 35 0 0
Q 36 0 0
Q 37 0 0
Q 38 0 0
Q 39 0 0
Q 40 0 0
Q 41 0 0
Q 42 0 0
Q 43 0 0
Q 44 0 0
Q 45 0 0
Q 46 0 0
Q 47 0 0
Q 48 0 0
Q 49 0 0
Q 50 0 0
Q 51 0 0
Q 52 0 0
Q 53 0 0
Q 54 0 0
Q 55 0 0
Q 56 0 0
Q 57 0 0
Q 58 0 0
Q 59 0 0
Q 60 0 0
Q 61 0 0
Q 62 0 0
Q 63 0 0
Q 64 0 0
Q 65 0 0
Q 66 0 0
Q 67 0 0
Q 68 0 0
Q 69 0 0
Q 70 0 0
Q 71 0 0
Q 72 0 0
Q 73 0 0
Q 74 0 0
Q 75 0 0
Q 76 0 0
Q 77 0 0
Q 78 0 0
Q 79 0 0
Q 80 0 0
Q 81 0 0
Q 82 0 0
Q 83 0 0
Q 84 0 0
Q 85 0 0
Q 86 0 0
Q 87 0 0
Q 88 0 0
Q 89 0 0
Q 90 0 0
Q 91 0 0
Q 92 0 0
Q 93 0 0
Q 94 0 0
Q 95 0 0
Q 96 0 0
Q 97 0 0
Q 98 0 0
Q 99 0 0
Q 100 0 0
Q 101 0 0
Q 102 0 0
Q 103 0 0
Q 104 0 0
Q 105 0 0
Q 106 0 0
Q 107 0 0
Q 108 0 0
Q 109 0 0
Q 110 0 0
Q 111 0 0
Q 112 0 0
Q 113 0 0
Q 114 0 0
Q 115 0 0
Q 116 0 0
Q 117 0 0
Q 118 0 0
Q 119 0 0
Q 120 0 0
Q 121 0 0
Q 122 0 0
Q 123 0 0
Q 124 0 0
Q 125 0 0
Q 126 0 0
Q 127 0 0
G 0 1 1
G 1 1 1
G 2 1 1
G 3 1 1
G 4 1 1
G 5 8903 -45
G 6 1 1
G 7 8903 -45
G 8 1 1
G 9 1 1
G 10 1 0
G 11 1 1
G 12 1 1
G 13 1 1
G 14 1 1
G 15 1 1
G 16 1 0
G 17 1 1
G 18 1 1
G 19 1 1
G 20 8903 -45
G 21 1 1
G 22 1 0
G 23 1 1
G 24 3 1
G 25 1 0
G 26 1 1
G 27 1 1
G 28 3 1
G 29 1 0
G 30 1 1
G 31 1 0
G 32 3 1
G 33 1 1
G 34 3 1
G 35 1 1
G 36 1 0
G 37 8903 -45
G 38 8903 -45
G 39 3 1
G 40 8903 -45
G 41 1 1
G 42 8903 -45
G 43 1 0
G 44 8903 -45
G 45 1 1
G 46 1 1
G 47 1 0
G 48 4 0
G 49 8859 1
G 50 3 0
G 51 1 1
G 52 3 0
G 53 8903 -45
G 54 1 0
G 55 2 1
G 56 8903 -45
G 57 8903 -45
G 58 8859 1
G 59 3 1
G 60 8903 -45
G 61 2 1
G 62 2 1
G 63 8903 -45
G 64 1 1
G 65 8859 1
G 66 1 1
G 67 1 1
G 68 8859 1
G 69 8859 1
G 70 4 1
G 71 5 1
G 72 1 0
G 73 8903 -45
G 74 3 1
G 75 1 0
G 76 8859 1
G 77 8903 -45
G 78 1 1
G 79 2 0
G 80 1 1
G 81 8903 -45
G 82 8903 -45
G 83 4 1
G 84 1 1
G 85 8903 -45
G 86 8859 1
G 87 1 1
G 88 3 0
G 89 8861 1
G 90 1 1
G 91 8859 0
G 92 3 0
G 93 1 1
G 94 1 1
G 95 8903 -45
G 96 8903 -45
G 97 1 1
G 98 1 1
G 99 8859 1
G 100 8859 1
G 101 8903 -45
G 102 1 0
G 103 5 1
G 104 3 0
G 105 1 0
G 106 3 1
G 107 8859 1
G 108 3 1
G 109 8859 1
G 110 8903 -45
G 111 8903 -45
G 112 2 0
G 113 8861 1
G 114 3 1
G 115 3 0
G 116 8861 0
G 117 2 0
G 118 8861 1
G 119 8903 -45
G 120 8859 1
G 121 1 0
G 122 1 1
G 123 3 1
G 124 1 1
G 125 1 1
G 126 1 0
G 127 5 0
G 128 8859 0
G 129 8903 -45
G 130 8903 -45
G 131 8860 0
G 132 1 0
G 133 8859 0
G 134 1 1
G 135 1 0
G 136 8903 -45
G 137 1 0
G 138 3 1
G 139 8903 -45
G 140 1 1
G 141 1 1
G 142 3 1
G 143 8859 1
G 144 8861 1
G 145 3 1
G 146 8903 -45
G 147 3 8899
G 148 5 0
G 149 8903 -45
G 150 8903 -45
G 151 1 0
G 152 8903 -45
G 153 6 0
G 154 8863 1
G 155 8859 1
G 156 3 1
G 157 1 1
G 158 8859 1
G 159 8859 1
G 160 8903 -45
G 161 8903 -45
G 162 8903 -45
G 163 8859 1
G 164 2 1
G 165 8903 -45
G 166 8861 1
G 167 3 1
G 168 8903 -45
G 169 1 1
G 170 8859 1
G 171 8903 -45
G 172 8861 0
G 173 8863 1
G 174 1 1
G 175 3 0
G 176 8859 0
G 177 5 1
G 178 1 1
G 179 8903 -45
G 180 8860 0
G 181 8903 -45
G 182 8903 -45
G 183 8903 -45
G 184 1 1
G 185 8859 1
G 186 8859 1
G 187 7 0
G 188 8861 0
G 189 1 0
G 190 8859 1
G 191 1 1
G 192 8859 0
G 193 7 1
G 194 8860 1
G 195 8859 1
G 196 8903 -45
G 197 8859 1
G 198 8859 1
G 199 8903 -45
G 200 8859 0
G 201 2 0
G 202 8903 -45
G 203 2 0
G 204 8903 -45
G 205 8859 0
G 206 8903 -45
G 207 8862 0
G 208 8903 -45
G 209 8859 1
G 210 5 1
G 211 8859 0
G 212 8859 1
G 213 8859 1
G 214 8859 0
G 215 8903 -45
G 216 7 1
G 217 1 0
G 218 8859 1
G 219 8861 1
G 220 8861 1
G 221 8903 -45
G 222 1 0
G 223 8903 -45
G 224 8903 -45
G 225 3 0
G 226 4 1
G 227 2 1
G 228 8859 0
G 229 8903 -45
G 230 8860 1
G 231 5 1
G 232 6 1
G 233 8865 1
G 234 9 0
G 235 8859 1
G 236 8861 1
G 237 8859 1
G 238 8903 -45
G 239 2 1
G 240 8862 0
G 241 8861 1
G 242 8861 0
G 243 1 0
G 244 8903 -45
G 245 8861 1
G 246 8903 -45
G 247 8903 -45
G 248 8903 -45
G 249 8859 1
G 250 8903 -45
G 251 8865 0
G 252 8860 0
G 253 8903 -45
G 254 8861 0
G 255 8859 1
G 256 4 1
G 257 2 1
G 258 7 0
G 259 6 1
G 260 8861 1
G 261 8903 -45
G 262 3 1
G 263 2 0
G 264 8903 -45
G 265 8903 -45
G 266 8862 1
G 267 8859 1
G 268 8861 1
G 269 8859 1
G 270 8903 -45
G 271 4 1
G 272 8903 -45
G 273 8859 1
G 274 8859 1
G 275 8859 1
G 276 8859 1
G 277 3 1
G 278 8863 1
G 279 8863 1
G 280 8903 -45
G 281 8859 1
G 282 4 0
G 283 8859 1
G 284 8861 1
G 285 8903 -45
G 286 8861 1
G 287 8859 1
G 288 4 0
G 289 8859 1
G 290 8859 1
G 291 8859 0
G 292 8859 1
G 293 8859 1
G 294 8859 1
G 295 8903 -45
G 296 3 0
G 297 8863 0
G 298 8903 -45
G 299 8861 1
G 300 8903 -45
G 301 8859 1
G 302 8903 -45
G 303 8903 -45
G 304 8903 -45
G 305 8903 -45
G 306 8861 0
G 307 8861 0
G 308 8861 1
G 309 8859 1
G 310 8903 -45
G 311 8860 0
G 312 3 1
G 313 4 1
G 314 8862 1
G 315 8903 -45
G 316 1 1
G 317 2 0
G 318 8 1
G 319 3 0
G 320 10 0
G 321 8903 -45
G 322 8863 0
G 323 8859 1
G 324 8 0
G 325 8861 1
G 326 8861 1
G 327 8861 1
G 328 8862 0
