Q 0 4 7
Q 1 0 2
Q 2 12 1
Q 3 1 1
Q 4 13 1
Q 5 5 2
Q 6 5 3
Q 7 1 0
Q 8 6 3
Q 9 10 7
Q 10 11 0
Q 11 1 2
Q 12 0 3
Q 13 12 2
Q 14 11 3
Q 15 6 1
Q 16 7 0
Q 17 1 4
Q 18 1 5
Q 19 1 6
Q 20 0 0
Q 21 11 4
Q 22 0 4
Q 23 0 0
Q 24 5 6
Q 25 5 7
Q 26 11 5
Q 27 6 5
Q 28 2 5
Q 29 6 2
Q 30 1 7
Q 31 2 6
Q 32 0 0
Q 33 2 7
Q 34 2 0
Q 35 11 6
Q 36 6 7
Q 37 2 1
Q 38 0 5
Q 39 11 7
Q 40 6 6
Q 41 12 3
Q 42 12 4
Q 43 6 4
Q 44 2 2
Q 45 12 5
Q 46 7 1
Q 47 7 5
Q 48 0 6
Q 49 12 6
Q 50 7 4
Q 51 12 7
Q 52 13 3
Q 53 8 0
Q 54 13 4
Q 55 0 7
Q 56 7 7
Q 57 7 2
Q 58 7 3
Q 59 2 4
Q 60 2 3
Q 61 8 1
Q 62 13 5
Q 63 13 6
Q 64 13 7
Q 65 1 3
Q 66 7 6
Q 67 8 2
Q 68 3 0
Q 69 8 7
Q 70 3 7
Q 71 12 0
Q 72 8 3
Q 73 14 0
Q 74 14 1
Q 75 0 0
Q 76 3 1
Q 77 11 1
Q 78 0 1
Q 79 14 2
Q 80 9 1
Q 81 3 4
Q 82 14 3
Q 83 9 2
Q 84 4 0
Q 85 9 0
Q 86 14 4
Q 87 3 2
Q 88 14 5
Q 89 3 6
Q 90 0 0
Q 91 13 0
Q 92 3 3
Q 93 14 6
Q 94 14 7
Q 95 8 4
Q 96 4 2
Q 97 8 5
Q 98 9 4
Q 99 9 3
Q 100 4 1
Q 101 3 5
Q 102 4 3
Q 103 4 4
Q 104 4 5
Q 105 10 2
Q 106 4 6
Q 107 13 2
Q 108 5 0
Q 109 15 0
Q 110 15 1
Q 111 5 1
Q 112 10 1
Q 113 8 6
Q 114 9 7
Q 115 5 5
Q 116 9 5
Q 117 5 4
Q 118 0 0
Q 119 10 4
Q 120 9 6
Q 121 10 3
Q 122 10 6
Q 123 6 0
Q 124 10 5
Q 125 10 0
Q 126 11 2
Q 127 15 2
G 0 1 1
G 1 1 1
G 2 1 1
G 3 1 1
G 4 1 1
G 5 3449 371
G 6 1 1
G 7 8634 163
G 8 1 1
G 9 1 1
G 10 1 0
G 11 1 1
G 12 1 1
G 13 1 1
G 14 1 1
G 15 1 1
G 16 1 0
G 17 1 1
G 18 1 1
G 19 1 1
G 20 6076 267
G 21 1 1
G 22 1 0
G 23 1 1
G 24 3 1
G 25 1 0
G 26 1 1
G 27 1 1
G 28 3 1
G 29 1 0
G 30 1 1
G 31 1 0
G 32 3 1
G 33 1 1
G 34 3 1
G 35 1 1
G 36 1 0
G 37 8150 163
G 38 2068 111
G 39 3 1
G 40 2180 111
G 41 1 1
G 42 3821 7
G 43 1 0
G 44 7045 111
G 45 1 1
G 46 1 1
G 47 1 0
G 48 4 0
G 49 977 1
G 50 3 0
G 51 1 1
G 52 3 0
G 53 3277 111
G 54 1 0
G 55 2 1
G 56 7157 163
G 57 909 59
G 58 7157 1
G 59 3 1
G 60 9 423
G 61 2 1
G 62 2 1
G 63 5902 111
G 64 1 1
G 65 7705 1
G 66 1 1
G 67 1 1
G 68 8798 1
G 69 3389 1
G 70 4 1
G 71 5 1
G 72 1 0
G 73 2741 111
G 74 3 1
G 75 1 0
G 76 3829 1
G 77 969 7
G 78 1 1
G 79 2 0
G 80 1 1
G 81 1 7
G 82 4047 215
G 83 4 1
G 84 1 1
G 85 9078 371
G 86 2180 1
G 87 1 1
G 88 3 0
G 89 2182 1
G 90 1 1
G 91 7321 0
G 92 3 0
G 93 1 1
G 94 1 1
G 95 2405 7
G 96 1912 267
G 97 1 1
G 98 1 1
G 99 6014 1
G 100 9997 1
G 101 4583 111
G 102 1 0
G 103 5 1
G 104 3 0
G 105 1 0
G 106 3 1
G 107 3389 1
G 108 3 1
G 109 6344 1
G 110 9 475
G 111 4263 319
G 112 2 0
G 113 6346 1
G 114 3 1
G 115 3 0
G 116 3391 0
G 117 2 0
G 118 3831 1
G 119 2181 111
G 120 9997 1
G 121 1 0
G 122 1 1
G 123 3 1
G 124 1 1
G 125 1 1
G 126 1 0
G 127 5 0
G 128 6344 0
G 129 3389 59
G 130 4695 163
G 131 6345 0
G 132 1 0
G 133 4583 0
G 134 1 1
G 135 1 0
G 136 485 59
G 137 1 0
G 138 3 1
G 139 2292 111
G 140 1 1
G 141 1 1
G 142 3 1
G 143 3829 1
G 144 8800 1
G 145 3 1
G 146 9450 7
G 147 6621 111
G 148 5 0
G 149 1341 59
G 150 2293 111
G 151 1 0
G 152 7322 163
G 153 6 0
G 154 3833 1
G 155 545 1
G 156 3 1
G 157 1 1
G 158 9450 1
G 159 8798 1
G 160 4575 7
G 161 9469 527
G 162 1904 7
G 163 969 1
G 164 2 1
G 165 1141 267
G 166 9452 1
G 167 3 1
G 168 1420 475
G 169 1 1
G 170 9997 1
G 171 1896 7
G 172 6346 0
G 173 9454 1
G 174 1 1
G 175 3 0
G 176 2404 0
G 177 5 1
G 178 1175 1
G 179 2396 7
G 180 4584 0
G 181 3831 215
G 182 2180 215
G 183 6621 423
G 184 1 1
G 185 7486 1
G 186 485 1
G 187 7 0
G 188 4585 0
G 189 1 0
G 190 9458 1
G 191 1 1
G 192 1912 0
G 193 7 1
G 194 1913 1
G 195 2293 1
G 196 6076 111
G 197 433 1
G 198 6014 1
G 199 1409 111
G 200 2180 0
G 201 2 0
G 202 2413 59
G 203 2 0
G 204 9461 7
G 205 2404 0
G 206 4411 163
G 207 1915 0
G 208 6509 111
G 209 7704 1
G 210 5 1
G 211 10000 0
G 212 9469 1
G 213 4047 1
G 214 6188 0
G 215 6189 319
G 216 7 1
G 217 1 0
G 218 7768 1
G 219 547 1
G 220 7159 1
G 221 6016 59
G 222 1 0
G 223 5077 527
G 224 5839 59
G 225 3 0
G 226 4 1
G 227 2 1
G 228 7125 0
G 229 9453 7
G 230 2405 1
G 231 5 1
G 232 6 1
G 233 3835 1
G 234 9 0
G 235 4695 1
G 236 9999 1
G 237 9461 1
G 238 3614 215
G 239 2 1
G 240 2407 0
G 241 487 1
G 242 7488 0
G 243 1 0
G 244 9460 7
G 245 7706 1
G 246 8862 215
G 247 977 163
G 248 1177 163
G 249 2853 1
G 250 8802 59
G 251 9456 0
G 252 7126 0
G 253 8314 319
G 254 7770 0
G 255 6076 1
G 256 4 1
G 257 2 1
G 258 7 0
G 259 6 1
G 260 4049 1
G 261 8098 215
G 262 3 1
G 263 2 0
G 264 1521 371
G 265 2853 423
G 266 3392 1
G 267 5899 1
G 268 5901 1
G 269 7767 1
G 270 2585 267
G 271 4 1
G 272 2473 111
G 273 1141 1
G 274 4859 1
G 275 5605 1
G 276 1893 1
G 277 3 1
G 278 6348 1
G 279 7708 1
G 280 545 423
G 281 6509 1
G 282 4 0
G 283 4859 1
G 284 9999 1
G 285 7830 267
G 286 4861 1
G 287 8314 1
G 288 4 0
G 289 8634 1
G 290 3449 1
G 291 969 0
G 292 2585 1
G 293 2396 1
G 294 1341 1
G 295 7486 163
G 296 3 0
G 297 5903 0
G 298 4859 7
G 299 4697 1
G 300 7718 111
G 301 2853 1
G 302 7710 7
G 303 7650 59
G 304 5607 7
G 305 5623 215
G 306 1895 0
G 307 6016 0
G 308 2295 1
G 309 5615 1
G 310 5904 111
G 311 970 0
G 312 3 1
G 313 4 1
G 314 7489 1
G 315 5615 7
G 316 1 1
G 317 2 0
G 318 8 1
G 319 3 0
G 320 10 0
G 321 4861 215
G 322 4863 0
G 323 3449 1
G 324 8 0
G 325 5617 1
G 326 2587 1
G 327 7769 1
G 328 6347 0
R 5 0 0
R 7 2 7
R 20 8 7
R 37 9 7
R 38 2 4
R 40 1 0
R 42 0 0
R 44 4 0
R 53 10 6
R 56 3 2
R 57 3 7
R 60 1 5
R 63 5 4
R 73 7 2
R 77 12 2
R 81 1 1
R 82 1 7
R 85 8 3
R 95 3 6
R 96 10 4
R 101 4 4
R 110 10 1
R 111 0 6
R 119 8 0
R 129 1 3
R 130 5 2
R 136 4 1
R 139 8 6
R 146 0 3
R 147 7 7
R 149 2 1
R 150 3 0
R 152 4 3
R 160 13 1
R 161 11 2
R 162 13 0
R 165 10 2
R 168 0 0
R 171 2 5
R 179 4 5
R 181 0 0
R 182 5 6
R 183 1 5
R 196 4 0
R 199 4 2
R 202 1 6
R 204 6 3
R 206 1 0
R 208 7 3
R 215 9 0
R 221 5 5
R 223 13 2
R 224 4 4
R 229 3 1
R 238 2 5
R 244 1 3
R 246 6 3
R 247 9 4
R 248 2 1
R 250 0 7
R 253 1 7
R 261 8 5
R 264 1 2
R 265 2 0
R 270 6 5
R 272 1 4
R 280 0 1
R 285 7 1
R 295 4 6
R 298 11 1
R 300 2 5
R 302 2 2
R 303 2 6
R 304 12 1
R 305 5 4
R 310 0 4
R 315 13 0
R 321 0 1
