Q 0 0 0
Q 1 0 0
Q 2 1 1
Q 3 1 3
Q 4 0 0
Q 5 2 7
Q 6 0 5
Q 7 3 3
Q 8 0 6
Q 9 0 0
Q 10 3 2
Q 11 3 4
Q 12 3 5
Q 13 3 6
Q 14 3 7
Q 15 4 0
Q 16 0 7
Q 17 0 0
Q 18 0 1
Q 19 4 1
Q 20 4 2
Q 21 4 3
Q 22 0 2
Q 23 2 1
Q 24 1 4
Q 25 4 4
Q 26 4 5
Q 27 4 6
Q 28 1 5
Q 29 3 1
Q 30 0 0
Q 31 1 0
Q 32 2 0
Q 33 4 7
Q 34 5 0
Q 35 5 1
Q 36 1 2
Q 37 5 2
Q 38 2 4
Q 39 5 3
Q 40 3 0
Q 41 0 3
Q 42 5 4
Q 43 0 0
Q 44 0 0
Q 45 5 5
Q 46 2 2
Q 47 5 6
Q 48 1 6
Q 49 1 7
Q 50 0 0
Q 51 2 3
Q 52 2 5
Q 53 2 6
Q 54 0 0
Q 55 5 7
Q 56 0 4
Q 57 6 0
G 0 1 0
G 1 300 1
G 2 1 0
G 3 1 0
G 4 1 7
G 5 1 0
G 6 1 0
G 7 1 1
G 8 1 7
G 9 2 0
G 10 3 7
G 11 1 0
G 12 1 1
G 13 1 1
G 14 1 1
G 15 1 0
G 16 1 0
G 17 1 0
G 18 9 1
G 19 1 1
G 20 1 0
G 21 1 1
G 22 1 1
G 23 11 7
G 24 1 0
G 25 1 1
G 26 19 1
G 27 1 0
G 28 1 1
G 29 1 0
G 30 1 1
G 31 1 1
G 32 302 0
G 33 1 1
G 34 1 1
G 35 251 1
G 36 9 1
G 37 1 1
G 38 3 111
G 39 1 1
G 40 1 0
G 41 1 1
G 42 3 1
G 43 243 59
G 44 243 7
G 45 3 1
G 46 9 1
G 47 115 1
G 48 9 7
G 49 3 7
G 50 19 7
G 51 11 111
G 52 21 7
G 53 1 1
G 54 115 7
G 55 251 1
G 56 11 0
G 57 117 1
G 58 2 1
G 59 183 59
G 60 17 7
G 61 183 59
G 62 1 0
G 63 1 1
G 64 1 0
G 65 123 59
G 66 1 1
G 67 243 0
G 68 123 7
G 69 3 0
