Q 0 5 1
Q 1 6 1
Q 2 5 2
Q 3 3 3
Q 4 0 1
Q 5 1 3
Q 6 3 1
Q 7 0 3
Q 8 2 0
Q 9 7 3
Q 10 1 0
Q 11 6 2
Q 12 4 0
Q 13 7 2
Q 14 4 1
Q 15 0 2
Q 16 3 0
Q 17 7 0
Q 18 5 0
Q 19 6 3
Q 20 1 1
Q 21 3 2
Q 22 4 2
Q 23 0 0
Q 24 7 1
Q 25 2 3
Q 26 4 3
Q 27 6 0
Q 28 2 2
Q 29 2 1
Q 30 5 3
G 0 1 0
G 1 1 0
G 2 1 7
G 3 9 59
G 4 1 1
G 5 1 0
G 6 1 0
G 7 1 1
G 8 1 0
G 9 9 1
G 10 2 0
G 11 1 1
G 12 1 0
G 13 1 1
G 14 83 7
G 15 1 59
G 16 1 59
G 17 68 0
G 18 9 7
G 19 3 7
G 20 87 1
G 21 3 1
G 22 1 1
G 23 61 7
G 24 1 0
G 25 89 1
G 26 69 7
G 27 11 0
G 28 12 1
G 29 91 1
G 30 61 0
G 31 1 1
G 32 2 1
G 33 92 0
G 34 62 1
G 35 91 0
G 36 1 1
G 37 69 7
G 38 1 0
G 39 74 7
G 40 14 59
G 41 61 7
G 42 73 1
G 43 1 1
G 44 64 1
G 45 69 7
G 46 92 0
G 47 74 0
G 48 82 7
G 49 3 0
G 50 75 7
G 51 9 59
G 52 69 7
G 53 77 7
G 54 76 7
G 55 85 7
G 56 84 7
G 57 92 0
G 58 92 0
