Q 0 3 1
Q 1 3 2
Q 2 3 0
Q 3 1 2
Q 4 6 0
Q 5 7 3
Q 6 1 1
Q 7 5 1
Q 8 7 0
Q 9 6 3
Q 10 4 0
Q 11 0 0
Q 12 2 3
Q 13 4 2
Q 14 2 1
Q 15 6 1
Q 16 1 3
Q 17 0 2
Q 18 4 1
Q 19 0 3
Q 20 5 0
Q 21 1 0
Q 22 2 0
Q 23 7 2
Q 24 5 2
Q 25 7 1
Q 26 2 2
Q 27 3 3
Q 28 6 2
Q 29 0 1
Q 30 5 3
G 0 1 0
G 1 1 0
G 2 1 7
G 3 9 7
G 4 1 1
G 5 1 0
G 6 1 0
G 7 89 1
G 8 1 0
G 9 9 1
G 10 2 0
G 11 1 1
G 12 1 0
G 13 1 1
G 14 81 7
G 15 1 7
G 16 1 7
G 17 9 0
G 18 9 7
G 19 10 59
G 20 1 1
G 21 91 1
G 22 1 1
G 23 9 59
G 24 1 0
G 25 3 1
G 26 69 7
G 27 70 0
G 28 71 1
G 29 5 1
G 30 9 0
G 31 1 1
G 32 2 1
G 33 92 0
G 34 10 1
G 35 92 0
G 36 1 1
G 37 85 7
G 38 1 0
G 39 17 7
G 40 73 7
G 41 17 7
G 42 74 1
G 43 1 1
G 44 12 1
G 45 14 7
G 46 92 0
G 47 84 0
G 48 25 59
G 49 3 0
G 50 76 7
G 51 4 59
G 52 17 7
G 53 25 59
G 54 85 7
G 55 85 7
G 56 84 7
G 57 92 0
G 58 92 0
R 2 1 1
R 3 1 2
R 14 3 1
R 15 2 3
R 16 2 1
R 18 3 1
R 19 6 1
R 23 2 2
R 26 3 1
R 37 1 2
R 39 5 2
R 40 6 1
R 41 3 2
R 45 1 3
R 48 5 2
R 50 3 0
R 51 5 0
R 52 0 1
R 53 1 1
R 54 6 1
R 55 2 1
R 56 1 0
