Q 0 0 2
Q 1 0 0
Q 2 0 3
Q 3 0 7
Q 4 1 5
Q 5 1 4
Q 6 1 1
Q 7 0 1
Q 8 0 5
Q 9 1 6
Q 10 0 6
Q 11 1 2
Q 12 1 7
Q 13 1 0
Q 14 0 4
Q 15 1 3
G 0 4 1
G 1 3 59
G 2 63 1
G 3 1 1
G 4 63 1
G 5 1 7
G 6 18 1
G 7 415 0
G 8 415 59
G 9 1 1
G 10 1 1
G 11 1 1
G 12 1 0
G 13 407 7
G 14 2 1
G 15 9 0
G 16 10 7
G 17 1 0
G 18 65 1
G 19 475 1
G 20 475 1
G 21 1 1
G 22 2 0
G 23 3 1
G 24 1 1
G 25 18 7
G 26 671 1
G 27 5 1
G 28 477 1
G 29 67 7
G 30 661 7
G 31 65 0
G 32 479 59
G 33 3 0
G 34 75 1
G 35 3 1
G 36 659 7
G 37 539 7
G 38 26 1
G 39 539 1
G 40 669 1
G 41 77 0
G 42 547 111
G 43 4 1
G 44 667 1
G 45 1 1
G 46 541 1
G 47 543 1
G 48 667 7
G 49 6 1
G 50 659 0
G 51 675 1
G 52 669 0
G 53 675 1
G 54 677 0
G 55 669 111
G 56 547 1
G 57 673 1
G 58 781 1
G 59 678 59
G 60 78 1
G 61 3 1
G 62 675 0
G 63 28 1
G 64 5 1
G 65 738 0
G 66 660 0
G 67 549 111
G 68 661 0
G 69 661 1
G 70 20 0
G 71 661 0
G 72 26 0
G 73 80 1
G 74 791 111
G 75 783 7
G 76 27 111
G 77 139 267
G 78 407 0
