Q 0 0 2
Q 1 0 0
Q 2 0 3
Q 3 0 7
Q 4 1 5
Q 5 1 4
Q 6 1 1
Q 7 0 1
Q 8 0 5
Q 9 1 6
Q 10 0 6
Q 11 1 2
Q 12 1 7
Q 13 1 0
Q 14 0 4
Q 15 1 3
G 0 4 1
G 1 139 59
G 2 199 1
G 3 1 1
G 4 199 1
G 5 1 7
G 6 18 1
G 7 502 0
G 8 502 59
G 9 1 1
G 10 1 1
G 11 1 1
G 12 1 0
G 13 494 7
G 14 2 1
G 15 9 0
G 16 10 7
G 17 1 0
G 18 201 1
G 19 562 1
G 20 562 1
G 21 1 1
G 22 2 0
G 23 3 1
G 24 1 1
G 25 18 7
G 26 880 1
G 27 5 1
G 28 564 1
G 29 203 7
G 30 870 7
G 31 201 0
G 32 566 59
G 33 3 0
G 34 211 1
G 35 3 1
G 36 486 7
G 37 626 7
G 38 26 1
G 39 626 1
G 40 878 1
G 41 213 0
G 42 991 111
G 43 4 1
G 44 494 1
G 45 1 1
G 46 628 1
G 47 630 1
G 48 1103 7
G 49 6 1
G 50 1103 0
G 51 1111 1
G 52 878 0
G 53 1111 1
G 54 1113 0
G 55 748 111
G 56 634 1
G 57 882 1
G 58 860 1
G 59 1114 59
G 60 214 1
G 61 3 1
G 62 884 0
G 63 28 1
G 64 5 1
G 65 1174 0
G 66 1104 0
G 67 636 111
G 68 1105 0
G 69 748 1
G 70 20 0
G 71 748 0
G 72 26 0
G 73 216 1
G 74 879 111
G 75 862 7
G 76 27 111
G 77 218 267
G 78 486 0
R 1 0 6
R 5 0 0
R 8 1 4
R 13 0 4
R 16 1 0
R 25 0 0
R 29 0 5
R 30 0 2
R 32 1 4
R 36 1 4
R 37 0 5
R 42 1 5
R 48 0 5
R 55 1 4
R 59 0 7
R 67 0 4
R 74 1 2
R 75 1 1
R 76 0 2
R 77 0 6
