Q 0 0 2
Q 1 0 0
Q 2 0 3
Q 3 0 7
Q 4 1 5
Q 5 1 4
Q 6 1 1
Q 7 0 1
Q 8 0 5
Q 9 1 6
Q 10 0 6
Q 11 1 2
Q 12 1 7
Q 13 1 0
Q 14 0 4
Q 15 1 3
G 0 4 1
G 1 11 59
G 2 71 1
G 3 1 1
G 4 71 1
G 5 1 7
G 6 18 1
G 7 9 0
G 8 11 59
G 9 1 1
G 10 1 1
G 11 1 1
G 12 1 0
G 13 1 7
G 14 2 1
G 15 9 0
G 16 10 7
G 17 1 0
G 18 73 1
G 19 71 1
G 20 71 1
G 21 1 1
G 22 2 0
G 23 3 1
G 24 1 1
G 25 18 7
G 26 539 1
G 27 5 1
G 28 73 1
G 29 75 7
G 30 529 7
G 31 73 0
G 32 79 59
G 33 3 0
G 34 83 1
G 35 3 1
G 36 3 7
G 37 407 7
G 38 26 1
G 39 139 1
G 40 537 1
G 41 85 0
G 42 415 111
G 43 4 1
G 44 11 1
G 45 1 1
G 46 141 1
G 47 143 1
G 48 527 7
G 49 6 1
G 50 527 0
G 51 535 1
G 52 537 0
G 53 535 1
G 54 537 0
G 55 139 111
G 56 415 1
G 57 541 1
G 58 251 1
G 59 538 59
G 60 86 1
G 61 3 1
G 62 543 0
G 63 28 1
G 64 5 1
G 65 598 0
G 66 528 0
G 67 417 111
G 68 529 0
G 69 529 1
G 70 20 0
G 71 529 0
G 72 26 0
G 73 88 1
G 74 538 111
G 75 530 7
G 76 27 111
G 77 139 267
G 78 407 0
