Q 0 0 5
Q 1 2 0
Q 2 0 3
Q 3 0 0
Q 4 7 1
Q 5 1 2
Q 6 8 2
Q 7 1 0
Q 8 0 1
Q 9 6 5
Q 10 0 6
Q 11 0 0
Q 12 7 0
Q 13 7 4
Q 14 0 0
Q 15 0 0
Q 16 7 5
Q 17 7 6
Q 18 7 7
Q 19 0 7
Q 20 0 0
Q 21 8 4
Q 22 8 5
Q 23 2 2
Q 24 0 2
Q 25 1 4
Q 26 0 4
Q 27 0 0
Q 28 8 6
Q 29 1 5
Q 30 1 6
Q 31 2 1
Q 32 0 0
Q 33 1 7
Q 34 8 7
Q 35 9 0
Q 36 2 3
Q 37 2 4
Q 38 1 3
Q 39 2 5
Q 40 9 1
Q 41 9 2
Q 42 2 6
Q 43 9 3
Q 44 9 4
Q 45 2 7
Q 46 3 0
Q 47 3 1
Q 48 3 5
Q 49 9 5
Q 50 3 2
Q 51 0 0
Q 52 3 4
Q 53 3 3
Q 54 0 0
Q 55 0 0
Q 56 3 6
Q 57 3 7
Q 58 9 6
Q 59 9 7
Q 60 4 6
Q 61 10 0
Q 62 10 1
Q 63 6 1
Q 64 0 0
Q 65 10 2
Q 66 4 7
Q 67 10 3
Q 68 10 4
Q 69 10 5
Q 70 10 6
Q 71 4 0
Q 72 4 3
Q 73 10 7
Q 74 4 4
Q 75 0 0
Q 76 8 3
Q 77 0 0
Q 78 4 2
Q 79 4 1
Q 80 6 2
Q 81 5 2
Q 82 0 0
Q 83 11 0
Q 84 11 1
Q 85 11 2
Q 86 11 3
Q 87 4 5
Q 88 11 4
Q 89 11 5
Q 90 11 6
Q 91 11 7
Q 92 12 0
Q 93 5 0
Q 94 7 2
Q 95 0 0
Q 96 12 1
Q 97 5 1
Q 98 12 2
Q 99 5 3
Q 100 5 7
Q 101 12 3
Q 102 12 4
Q 103 0 0
Q 104 5 6
Q 105 1 1
Q 106 5 5
Q 107 8 0
Q 108 6 0
Q 109 12 5
Q 110 5 4
Q 111 12 6
Q 112 0 0
Q 113 6 7
Q 114 12 7
Q 115 8 1
Q 116 6 4
Q 117 6 6
Q 118 7 3
Q 119 13 0
Q 120 0 0
Q 121 6 3
Q 122 13 1
Q 123 13 2
Q 124 13 3
Q 125 0 0
Q 126 0 0
G 0 1 1
G 1 3966 59
G 2 1 1
G 3 846 215
G 4 1 1
G 5 3 0
G 6 2302 111
G 7 4026 1
G 8 238 111
G 9 350 7
G 10 1 1
G 11 366 7
G 12 1 1
G 13 1 1
G 14 1 0
G 15 1 1
G 16 1 1
G 17 1 1
G 18 3614 111
G 19 4 1
G 20 1 0
G 21 1 1
G 22 1 0
G 23 1786 1
G 24 3854 111
G 25 1062 163
G 26 1 1
G 27 1 1
G 28 1 1
G 29 1 0
G 30 350 0
G 31 1 0
G 32 1 1
G 33 1 0
G 34 1 1
G 35 1 1
G 36 3 0
G 37 1570 215
G 38 1 0
G 39 1 0
G 40 3742 111
G 41 1 1
G 42 3 1
G 43 2414 0
G 44 1 0
G 45 1 0
G 46 1 0
G 47 1 1
G 48 4 1
G 49 1 1
G 50 3 1
G 51 351 1
G 52 222 7
G 53 350 1
G 54 4026 1
G 55 1 1
G 56 358 1
G 57 1 0
G 58 3734 7
G 59 1 1
G 60 1 1
G 61 3 0
G 62 5 0
G 63 1 0
G 64 1 0
G 65 1 1
G 66 1 1
G 67 2 1
G 68 1562 7
G 69 2 1
G 70 1 1
G 71 3854 1
G 72 1 0
G 73 3 0
G 74 1 1
G 75 3 1
G 76 2415 1
G 77 1554 7
G 78 3726 1
G 79 1 0
G 80 1 1
G 81 230 7
G 82 3 1
G 83 6 1
G 84 1 1
G 85 5 1
G 86 1 1
G 87 650 59
G 88 1390 163
G 89 3 1
G 90 3726 7
G 91 1 0
G 92 1064 1
G 93 382 267
G 94 3338 0
G 95 3 1
G 96 3742 1
G 97 238 1
G 98 384 1
G 99 1 1
G 100 2422 59
G 101 3346 267
G 102 353 0
G 103 1 1
G 104 230 1
G 105 1802 111
G 106 1062 1
G 107 1 0
G 108 374 7
G 109 3 1
G 110 1 1
G 111 1 1
G 112 4 1
G 113 382 1
G 114 5 1
G 115 3 0
G 116 1226 163
G 117 2242 59
G 118 1 1
G 119 3 1
G 120 4 1
G 121 1 1
G 122 1 1
G 123 7 1
G 124 2414 7
G 125 1 1
G 126 3 1
G 127 3 0
G 128 1 1
G 129 4 0
G 130 2302 1
G 131 1 1
G 132 4028 1
G 133 358 7
G 134 5 0
G 135 2422 0
G 136 1 0
G 137 2 1
G 138 6 215
G 139 2 1
G 140 2 0
G 141 838 7
G 142 3338 7
G 143 3122 215
G 144 710 7
G 145 726 111
G 146 3734 1
G 147 838 0
G 148 3614 1
G 149 2417 0
G 150 3614 1
G 151 3346 1
G 152 718 0
G 153 1788 1
G 154 3348 0
G 155 5 1
G 156 2906 215
G 157 2482 423
G 158 2906 1
G 159 5 0
G 160 1 1
G 161 1 1
G 162 838 1
G 163 846 1
G 164 1974 267
G 165 1 1
G 166 2 0
G 167 2906 1
G 168 718 7
G 169 2242 1
G 170 3349 1
G 171 1562 1
G 172 3736 1
G 173 1 1
G 174 3856 1
G 175 3858 0
G 176 3966 0
G 177 1 1
G 178 710 1
G 179 3 1
G 180 3 1
G 181 3 1
G 182 2908 0
G 183 352 1
G 184 1914 59
G 185 1794 7
G 186 1 1
G 187 846 0
G 188 232 1
G 189 1786 7
G 190 726 0
G 191 6 1
R 1 2 4
R 3 1 5
R 6 3 1
R 8 3 4
R 9 8 2
R 11 7 1
R 18 5 6
R 24 4 3
R 25 5 7
R 37 0 2
R 40 3 5
R 52 7 2
R 58 4 6
R 68 0 1
R 77 3 7
R 81 7 2
R 87 3 1
R 88 4 3
R 90 6 0
R 93 6 7
R 100 0 2
R 101 6 4
R 105 0 1
R 108 7 1
R 116 5 3
R 117 0 0
R 124 1 0
R 133 7 2
R 138 2 6
R 141 1 5
R 142 0 1
R 143 0 1
R 144 8 2
R 145 3 4
R 156 4 6
R 157 1 2
R 164 6 4
R 168 3 0
R 184 2 2
R 185 8 1
R 189 0 3
