Q 0 0 5
Q 1 2 0
Q 2 0 3
Q 3 0 0
Q 4 7 1
Q 5 1 2
Q 6 8 2
Q 7 1 0
Q 8 0 1
Q 9 6 5
Q 10 0 6
Q 11 0 0
Q 12 7 0
Q 13 7 4
Q 14 0 0
Q 15 0 0
Q 16 7 5
Q 17 7 6
Q 18 7 7
Q 19 0 7
Q 20 0 0
Q 21 8 4
Q 22 8 5
Q 23 2 2
Q 24 0 2
Q 25 1 4
Q 26 0 4
Q 27 0 0
Q 28 8 6
Q 29 1 5
Q 30 1 6
Q 31 2 1
Q 32 0 0
Q 33 1 7
Q 34 8 7
Q 35 9 0
Q 36 2 3
Q 37 2 4
Q 38 1 3
Q 39 2 5
Q 40 9 1
Q 41 9 2
Q 42 2 6
Q 43 9 3
Q 44 9 4
Q 45 2 7
Q 46 3 0
Q 47 3 1
Q 48 3 5
Q 49 9 5
Q 50 3 2
Q 51 0 0
Q 52 3 4
Q 53 3 3
Q 54 0 0
Q 55 0 0
Q 56 3 6
Q 57 3 7
Q 58 9 6
Q 59 9 7
Q 60 4 6
Q 61 10 0
Q 62 10 1
Q 63 6 1
Q 64 0 0
Q 65 10 2
Q 66 4 7
Q 67 10 3
Q 68 10 4
Q 69 10 5
Q 70 10 6
Q 71 4 0
Q 72 4 3
Q 73 10 7
Q 74 4 4
Q 75 0 0
Q 76 8 3
Q 77 0 0
Q 78 4 2
Q 79 4 1
Q 80 6 2
Q 81 5 2
Q 82 0 0
Q 83 11 0
Q 84 11 1
Q 85 11 2
Q 86 11 3
Q 87 4 5
Q 88 11 4
Q 89 11 5
Q 90 11 6
Q 91 11 7
Q 92 12 0
Q 93 5 0
Q 94 7 2
Q 95 0 0
Q 96 12 1
Q 97 5 1
Q 98 12 2
Q 99 5 3
Q 100 5 7
Q 101 12 3
Q 102 12 4
Q 103 0 0
Q 104 5 6
Q 105 1 1
Q 106 5 5
Q 107 8 0
Q 108 6 0
Q 109 12 5
Q 110 5 4
Q 111 12 6
Q 112 0 0
Q 113 6 7
Q 114 12 7
Q 115 8 1
Q 116 6 4
Q 117 6 6
Q 118 7 3
Q 119 13 0
Q 120 0 0
Q 121 6 3
Q 122 13 1
Q 123 13 2
Q 124 13 3
Q 125 0 0
Q 126 0 0
G 0 1 1
G 1 1101 59
G 2 1 1
G 3 555 215
G 4 1 1
G 5 3 0
G 6 1213 111
G 7 1161 1
G 8 1 111
G 9 1 7
G 10 1 1
G 11 1 7
G 12 1 1
G 13 1 1
G 14 1 0
G 15 1 1
G 16 1 1
G 17 1 1
G 18 443 111
G 19 4 1
G 20 1 0
G 21 1 1
G 22 1 0
G 23 217 1
G 24 1101 111
G 25 711 163
G 26 1 1
G 27 1 1
G 28 1 1
G 29 1 0
G 30 113 0
G 31 1 0
G 32 1 1
G 33 1 0
G 34 1 1
G 35 1 1
G 36 3 0
G 37 1 215
G 38 1 0
G 39 1 0
G 40 227 111
G 41 1 1
G 42 3 1
G 43 1325 0
G 44 1 0
G 45 1 0
G 46 1 0
G 47 1 1
G 48 4 1
G 49 1 1
G 50 3 1
G 51 114 1
G 52 1 7
G 53 113 1
G 54 1161 1
G 55 1 1
G 56 9 1
G 57 1 0
G 58 435 7
G 59 1 1
G 60 1 1
G 61 3 0
G 62 5 0
G 63 1 0
G 64 1 0
G 65 1 1
G 66 1 1
G 67 2 1
G 68 329 7
G 69 2 1
G 70 1 1
G 71 339 1
G 72 1 0
G 73 3 0
G 74 1 1
G 75 3 1
G 76 1326 1
G 77 703 7
G 78 555 1
G 79 1 0
G 80 1 1
G 81 9 7
G 82 3 1
G 83 6 1
G 84 1 1
G 85 5 1
G 86 1 1
G 87 1045 59
G 88 661 163
G 89 3 1
G 90 829 7
G 91 1 0
G 92 773 1
G 93 435 267
G 94 1045 0
G 95 3 1
G 96 443 1
G 97 17 1
G 98 839 1
G 99 1 1
G 100 1045 59
G 101 833 267
G 102 116 0
G 103 1 1
G 104 9 1
G 105 217 111
G 106 771 1
G 107 1 0
G 108 829 7
G 109 3 1
G 110 1 1
G 111 1 1
G 112 4 1
G 113 837 1
G 114 5 1
G 115 3 0
G 116 497 163
G 117 337 59
G 118 1 1
G 119 3 1
G 120 4 1
G 121 1 1
G 122 1 1
G 123 7 1
G 124 397 7
G 125 1 1
G 126 3 1
G 127 3 0
G 128 1 1
G 129 4 0
G 130 397 1
G 131 1 1
G 132 1163 1
G 133 17 7
G 134 5 0
G 135 405 0
G 136 1 0
G 137 2 1
G 138 219 215
G 139 2 1
G 140 2 0
G 141 219 7
G 142 1325 7
G 143 829 215
G 144 25 7
G 145 385 111
G 146 837 1
G 147 497 0
G 148 1101 1
G 149 1328 0
G 150 1101 1
G 151 1333 1
G 152 33 0
G 153 219 1
G 154 1335 0
G 155 5 1
G 156 3 215
G 157 405 423
G 158 829 1
G 159 5 0
G 160 1 1
G 161 1 1
G 162 497 1
G 163 227 1
G 164 117 267
G 165 1 1
G 166 2 0
G 167 829 1
G 168 2 7
G 169 385 1
G 170 1336 1
G 171 711 1
G 172 839 1
G 173 1 1
G 174 341 1
G 175 343 0
G 176 1213 0
G 177 1 1
G 178 1105 1
G 179 3 1
G 180 3 1
G 181 3 1
G 182 831 0
G 183 115 1
G 184 329 59
G 185 34 7
G 186 1 1
G 187 227 0
G 188 11 1
G 189 825 7
G 190 10 0
G 191 6 1
