Q 0 5 3
Q 1 3 1
Q 2 4 3
Q 3 0 1
Q 4 6 2
Q 5 3 2
Q 6 5 2
Q 7 7 0
Q 8 2 2
Q 9 1 1
Q 10 4 0
Q 11 5 1
Q 12 6 0
Q 13 6 3
Q 14 1 2
Q 15 0 2
Q 16 3 3
Q 17 7 3
Q 18 7 2
Q 19 3 0
Q 20 4 1
Q 21 4 2
Q 22 0 0
Q 23 7 1
Q 24 0 3
Q 25 1 3
Q 26 6 1
Q 27 2 3
Q 28 2 1
Q 29 5 0
Q 30 1 0
Q 31 2 0
G 0 1 1
G 1 192 7
G 2 208 267
G 3 1 1
G 4 1 1
G 5 1078 7
G 6 1 0
G 7 1 1
G 8 1 1
G 9 476 1
G 10 477 59
G 11 1 0
G 12 1 0
G 13 1 1
G 14 3 1
G 15 1086 59
G 16 3 0
G 17 1 1
G 18 1 0
G 19 200 7
G 20 2 0
G 21 12 7
G 22 1018 59
G 23 476 1
G 24 546 7
G 25 1 1
G 26 20 1
G 27 682 111
G 28 1 1
G 29 1146 111
G 30 20 0
G 31 3 1
G 32 537 0
G 33 3 1
G 34 478 1
G 35 5 1
G 36 3 0
G 37 3 1
G 38 1078 0
G 39 208 1
G 40 480 1
G 41 3 0
G 42 1078 0
G 43 3 1
G 44 478 1
G 45 210 1
G 46 538 7
G 47 208 0
G 48 1258 7
G 49 674 7
G 50 16 1
G 51 1020 1
G 52 1270 7
G 53 958 1
G 54 794 1
G 55 184 7
G 56 22 1
G 57 192 1
G 58 1266 1
G 59 1079 1
G 60 1146 1
G 61 4 7
G 62 21 1
G 63 794 163
G 64 5 1
G 65 192 1
G 66 24 1
G 67 5 0
G 68 209 267
G 69 666 7
G 70 6 1
G 71 1 1
G 72 2330 7
G 73 1 1
G 74 212 0
G 75 12 1
G 76 1086 0
G 77 12 1
G 78 8 0
G 79 794 1
G 80 2338 1
G 81 4 1
G 82 546 1
G 83 1266 1
G 84 1268 1
G 85 674 1
G 86 26 1
G 87 554 111
G 88 477 1
G 89 1268 1
G 90 477 0
G 91 1392 59
G 92 9 1
G 93 28 1
G 94 20 163
G 95 1258 0
G 96 958 59
G 97 14 1
G 98 666 1
G 99 2338 1
G 100 3 1
G 101 11 1
G 102 796 1
G 103 676 1
G 104 666 1
G 105 7 1
G 106 1081 1
G 107 478 0
G 108 1018 1
G 109 1018 1
G 110 2270 59
G 111 13 1
G 112 1452 111
G 113 2330 0
G 114 1278 1
G 115 2210 59
G 116 1866 7
G 117 1280 111
G 118 1148 1
G 119 2330 1
G 120 2331 0
G 121 678 0
G 122 2150 59
G 123 798 0
G 124 1087 1
G 125 1150 1
G 126 1625 7
G 127 2270 1
G 128 3 0
G 129 184 1
G 130 2090 59
G 131 1745 59
G 132 1278 1
G 133 1564 1
G 134 1874 215
G 135 2332 1
G 136 1805 0
G 137 1564 0
G 138 1806 59
G 139 1392 0
G 140 1452 1
G 141 2340 1
G 142 2272 1
G 143 1633 111
G 144 1565 59
G 145 2210 1
R 1 5 2
R 2 5 2
R 5 7 0
R 10 5 0
R 15 5 0
R 19 6 1
R 21 7 3
R 22 3 1
R 24 5 3
R 27 2 0
R 29 2 1
R 46 4 2
R 48 5 1
R 49 6 3
R 52 6 1
R 55 0 0
R 61 0 1
R 63 1 0
R 68 1 1
R 69 4 3
R 72 5 3
R 87 5 0
R 91 2 2
R 94 2 1
R 96 2 0
R 110 0 3
R 112 4 1
R 115 6 2
R 116 1 2
R 117 6 1
R 122 0 2
R 126 4 1
R 130 5 1
R 131 5 2
R 134 6 2
R 138 3 2
R 143 4 1
R 144 4 1
