Q 0 5 3
Q 1 3 1
Q 2 4 3
Q 3 0 1
Q 4 6 2
Q 5 3 2
Q 6 5 2
Q 7 7 0
Q 8 2 2
Q 9 1 1
Q 10 4 0
Q 11 5 1
Q 12 6 0
Q 13 6 3
Q 14 1 2
Q 15 0 2
Q 16 3 3
Q 17 7 3
Q 18 7 2
Q 19 3 0
Q 20 4 1
Q 21 4 2
Q 22 0 0
Q 23 7 1
Q 24 0 3
Q 25 1 3
Q 26 6 1
Q 27 2 3
Q 28 2 1
Q 29 5 0
Q 30 1 0
Q 31 2 0
G 0 1 1
G 1 1 7
G 2 140 267
G 3 1 1
G 4 1 1
G 5 914 7
G 6 1 0
G 7 1 1
G 8 1 1
G 9 408 1
G 10 9 59
G 11 1 0
G 12 1 0
G 13 1 1
G 14 3 1
G 15 922 59
G 16 3 0
G 17 1 1
G 18 1 0
G 19 637 7
G 20 2 0
G 21 2 7
G 22 1094 59
G 23 408 1
G 24 722 7
G 25 1 1
G 26 10 1
G 27 472 111
G 28 1 1
G 29 982 111
G 30 10 0
G 31 3 1
G 32 69 0
G 33 3 1
G 34 410 1
G 35 5 1
G 36 3 0
G 37 3 1
G 38 1154 0
G 39 645 1
G 40 412 1
G 41 3 0
G 42 1154 0
G 43 3 1
G 44 410 1
G 45 647 1
G 46 70 7
G 47 645 0
G 48 1155 7
G 49 650 7
G 50 926 1
G 51 648 1
G 52 1167 7
G 53 586 1
G 54 584 1
G 55 5 7
G 56 12 1
G 57 13 1
G 58 1163 1
G 59 1155 1
G 60 982 1
G 61 914 7
G 62 11 1
G 63 422 163
G 64 5 1
G 65 13 1
G 66 14 1
G 67 5 0
G 68 646 267
G 69 5 7
G 70 6 1
G 71 1 1
G 72 730 7
G 73 1 1
G 74 649 0
G 75 922 1
G 76 922 0
G 77 922 1
G 78 8 0
G 79 584 1
G 80 738 1
G 81 4 1
G 82 78 1
G 83 1163 1
G 84 1165 1
G 85 13 1
G 86 16 1
G 87 1462 111
G 88 914 1
G 89 1165 1
G 90 914 0
G 91 80 59
G 92 9 1
G 93 18 1
G 94 1913 163
G 95 1094 0
G 96 586 59
G 97 924 1
G 98 1574 1
G 99 738 1
G 100 3 1
G 101 11 1
G 102 586 1
G 103 15 1
G 104 1574 1
G 105 7 1
G 106 1157 1
G 107 915 0
G 108 646 1
G 109 646 1
G 110 2077 59
G 111 13 1
G 112 1289 111
G 113 2137 0
G 114 1175 1
G 115 1913 59
G 116 414 7
G 117 1177 111
G 118 984 1
G 119 2137 1
G 120 2138 0
G 121 17 0
G 122 650 59
G 123 588 0
G 124 923 1
G 125 986 1
G 126 1576 7
G 127 1973 1
G 128 3 0
G 129 2077 1
G 130 1402 59
G 131 1576 59
G 132 1175 1
G 133 1401 1
G 134 1697 215
G 135 2139 1
G 136 1636 0
G 137 1401 0
G 138 1637 59
G 139 1289 0
G 140 140 1
G 141 740 1
G 142 1975 1
G 143 1584 111
G 144 1402 59
G 145 710 1
