7
Reading programs/Scale/64/BP_64_384/BP_64_384.in
Reading programs/Scale/64/BP_64_384/BP_64_384.rr
Reading programs/Scale/64/BP_64_384/BP_64_384.des
Reading programs/Scale/64/BP_64_384/BP_64_384.pg
Reading programs/Scale/64/BP_64_384/BP_64_384.gmap
Experiment configuration
-----
Program:programs/Scale/64/BP_64_384/BP_64_384
Machine:8,8
Data aware:0
Routing policy:2
SR T:5000
Global T:5000
-----
nrows: 8 nCols: 8
Creating SR instance...
Gate time lower bound:161
Single qubit gate duration:121
Dependency:141
CNOT duration (data unaware):40
Routing (one bend):902
Created SR instance
Checking instance with T=5000
Dummy gate constraints:162
SAT
Dummy gate time:2425
Total Solve Time:0
Constraints:
Mapping:0
Dependency:141
Routing:902
Stats:
arith_conflicts 0
arith_add_rows 0
conflicts 0
decisions 0
mk_clause 0
added_eqs 0
binary_propagations 0
restarts 0
All done!
