Q 0 1 7
Q 1 1 5
Q 2 2 0
Q 3 3 2
Q 4 1 6
Q 5 4 2
Q 6 5 4
Q 7 0 2
Q 8 0 0
Q 9 6 4
Q 10 3 1
Q 11 4 3
Q 12 1 1
Q 13 2 5
Q 14 0 0
Q 15 4 7
Q 16 2 7
Q 17 7 3
Q 18 5 0
Q 19 2 4
Q 20 2 6
Q 21 5 1
Q 22 3 6
Q 23 3 5
Q 24 0 5
Q 25 0 0
Q 26 5 2
Q 27 1 4
Q 28 6 3
Q 29 3 7
Q 30 5 6
Q 31 0 3
Q 32 5 7
Q 33 3 0
Q 34 4 6
Q 35 3 3
Q 36 3 4
Q 37 0 6
Q 38 6 0
Q 39 2 1
Q 40 4 5
Q 41 4 1
Q 42 6 1
Q 43 4 0
Q 44 4 4
Q 45 2 2
Q 46 6 2
Q 47 0 4
Q 48 6 5
Q 49 0 0
Q 50 5 5
Q 51 1 2
Q 52 5 3
Q 53 0 1
Q 54 1 0
Q 55 1 3
Q 56 6 6
Q 57 0 0
Q 58 6 7
Q 59 7 0
Q 60 7 4
Q 61 7 1
Q 62 0 7
Q 63 2 3
G 0 1 1
G 1 1022 7
G 2 1 1
G 3 1030 7
G 4 2111 59
G 5 1 1
G 6 1 0
G 7 1 1
G 8 1 1
G 9 1 1
G 10 2 1
G 11 1 1
G 12 1 1
G 13 2411 7
G 14 1038 1
G 15 1 111
G 16 1 1
G 17 233 215
G 18 1 0
G 19 3 1
G 20 1 1
G 21 1 1
G 22 2351 59
G 23 1 1
G 24 1 1
G 25 2291 59
G 26 1 1
G 27 762 7
G 28 2095 7
G 29 5 0
G 30 1 1
G 31 3 1
G 32 1 1
G 33 1038 1
G 34 2171 0
G 35 1 1
G 36 113 59
G 37 3 0
G 38 461 59
G 39 1819 163
G 40 3 0
G 41 1 1
G 42 2179 111
G 43 3 0
G 44 1 0
G 45 1421 1
G 46 7 0
G 47 2291 0
G 48 1 1
G 49 1 1
G 50 3 0
G 51 449 0
G 52 2 1
G 53 1050 7
G 54 1040 1
G 55 2411 1
G 56 1691 7
G 57 1058 1
G 58 1058 0
G 59 2351 1
G 60 3 1
G 61 521 59
G 62 2103 1
G 63 650 111
G 64 2353 1
G 65 1351 7
G 66 1359 1
G 67 2419 0
G 68 2419 1
G 69 4 0
G 70 1 0
G 71 1 1
G 72 521 1
G 73 1 1
G 74 1 0
G 75 2172 0
G 76 2292 1
G 77 1983 111
G 78 770 1
G 79 2 1
G 80 1 1
G 81 892 59
G 82 1359 59
G 83 1707 111
G 84 173 59
G 85 450 1
G 86 1 1
G 87 233 1
G 88 5 1
G 89 3 1
G 90 2351 1
G 91 3 1
G 92 1 1
G 93 2291 0
G 94 2353 1
G 95 523 1
G 96 1 1
G 97 1419 1
G 98 2420 0
G 99 233 1
G 100 952 1
G 101 3 0
G 102 762 0
G 103 581 59
G 104 2103 7
G 105 1059 163
G 106 641 1
G 107 1 1
G 108 952 0
G 109 113 1
G 110 2171 7
G 111 1423 267
G 112 2421 1
G 113 1699 1
G 114 4 1
G 115 5 1
G 116 3 0
G 117 1699 7
G 118 1701 0
G 119 3 1
G 120 7 0
G 121 1283 59
G 122 2179 0
G 123 3 1
G 124 8 0
G 125 2111 1
G 126 3 1
G 127 1 0
G 128 2 0
G 129 1223 1
G 130 1343 7
G 131 2423 1
G 132 115 1
G 133 1343 1
G 134 1223 59
G 135 953 0
G 136 2421 1
G 137 452 0
G 138 2095 1
G 139 1042 7
G 140 772 7
G 141 1283 0
G 142 962 59
G 143 2 0
G 144 954 7
G 145 5 0
G 146 2413 0
G 147 2113 0
G 148 641 0
G 149 780 111
G 150 1 0
G 151 525 1
G 152 235 1
G 153 2414 1
G 154 453 7
G 155 1022 0
G 156 1702 1
G 157 1 1
G 158 642 7
G 159 9 1
G 160 2425 0
R 1 7 3
R 3 6 4
R 4 0 7
R 13 0 7
R 15 2 2
R 17 1 0
R 22 2 4
R 25 3 6
R 27 0 0
R 28 6 4
R 36 0 2
R 38 3 2
R 39 0 7
R 42 1 6
R 53 1 1
R 56 2 3
R 61 1 3
R 63 1 0
R 65 6 3
R 77 3 6
R 81 2 0
R 82 5 3
R 83 1 5
R 84 0 2
R 103 0 3
R 104 6 4
R 105 4 1
R 110 3 4
R 111 1 3
R 117 2 3
R 121 1 1
R 130 1 2
R 134 0 1
R 139 5 5
R 140 1 0
R 142 2 5
R 144 2 0
R 149 0 0
R 154 1 4
R 158 0 4
