Q 0 1 7
Q 1 1 5
Q 2 2 0
Q 3 3 2
Q 4 1 6
Q 5 4 2
Q 6 5 4
Q 7 0 2
Q 8 0 0
Q 9 6 4
Q 10 3 1
Q 11 4 3
Q 12 1 1
Q 13 2 5
Q 14 0 0
Q 15 4 7
Q 16 2 7
Q 17 7 3
Q 18 5 0
Q 19 2 4
Q 20 2 6
Q 21 5 1
Q 22 3 6
Q 23 3 5
Q 24 0 5
Q 25 0 0
Q 26 5 2
Q 27 1 4
Q 28 6 3
Q 29 3 7
Q 30 5 6
Q 31 0 3
Q 32 5 7
Q 33 3 0
Q 34 4 6
Q 35 3 3
Q 36 3 4
Q 37 0 6
Q 38 6 0
Q 39 2 1
Q 40 4 5
Q 41 4 1
Q 42 6 1
Q 43 4 0
Q 44 4 4
Q 45 2 2
Q 46 6 2
Q 47 0 4
Q 48 6 5
Q 49 0 0
Q 50 5 5
Q 51 1 2
Q 52 5 3
Q 53 0 1
Q 54 1 0
Q 55 1 3
Q 56 6 6
Q 57 0 0
Q 58 6 7
Q 59 7 0
Q 60 7 4
Q 61 7 1
Q 62 0 7
Q 63 2 3
G 0 1 1
G 1 1 7
G 2 1 1
G 3 1 7
G 4 167 59
G 5 1 1
G 6 1 0
G 7 1 1
G 8 1 1
G 9 1 1
G 10 2 1
G 11 1 1
G 12 1 1
G 13 227 7
G 14 9 1
G 15 61 111
G 16 1 1
G 17 353 215
G 18 1 0
G 19 3 1
G 20 1 1
G 21 61 1
G 22 1267 59
G 23 1 1
G 24 1 1
G 25 815 59
G 26 1 1
G 27 569 7
G 28 11 7
G 29 5 0
G 30 1 1
G 31 3 1
G 32 1 1
G 33 9 1
G 34 227 0
G 35 1 1
G 36 173 59
G 37 3 0
G 38 1 59
G 39 3 163
G 40 3 0
G 41 1 1
G 42 279 111
G 43 3 0
G 44 1 0
G 45 989 1
G 46 7 0
G 47 391 0
G 48 1 1
G 49 1 1
G 50 3 0
G 51 569 0
G 52 2 1
G 53 577 7
G 54 11 1
G 55 1327 1
G 56 1259 7
G 57 585 1
G 58 585 0
G 59 875 1
G 60 63 1
G 61 293 59
G 62 19 1
G 63 878 111
G 64 877 1
G 65 6 7
G 66 14 1
G 67 235 0
G 68 235 1
G 69 4 0
G 70 1 0
G 71 1 1
G 72 61 1
G 73 1 1
G 74 1 0
G 75 228 0
G 76 392 1
G 77 167 111
G 78 577 1
G 79 2 1
G 80 1 1
G 81 1110 59
G 82 927 59
G 83 703 111
G 84 233 59
G 85 570 1
G 86 1 1
G 87 293 1
G 88 5 1
G 89 3 1
G 90 875 1
G 91 3 1
G 92 167 1
G 93 391 0
G 94 877 1
G 95 63 1
G 96 1 1
G 97 987 1
G 98 236 0
G 99 293 1
G 100 1170 1
G 101 3 0
G 102 990 0
G 103 581 59
G 104 1259 7
G 105 586 163
G 106 641 1
G 107 1 1
G 108 1170 0
G 109 173 1
G 110 1259 7
G 111 991 267
G 112 237 1
G 113 1267 1
G 114 4 1
G 115 5 1
G 116 3 0
G 117 1267 7
G 118 1269 0
G 119 3 1
G 120 7 0
G 121 810 59
G 122 1267 0
G 123 3 1
G 124 8 0
G 125 1267 1
G 126 3 1
G 127 1 0
G 128 2 0
G 129 750 1
G 130 870 7
G 131 239 1
G 132 175 1
G 133 870 1
G 134 750 59
G 135 1171 0
G 136 237 1
G 137 572 0
G 138 279 1
G 139 13 7
G 140 990 7
G 141 810 0
G 142 643 59
G 143 2 0
G 144 1172 7
G 145 5 0
G 146 1329 0
G 147 1269 0
G 148 641 0
G 149 998 111
G 150 1 0
G 151 65 1
G 152 295 1
G 153 1330 1
G 154 573 7
G 155 703 0
G 156 1270 1
G 157 1 1
G 158 814 7
G 159 9 1
G 160 241 0
