Q 0 0 1
Q 1 2 5
Q 2 5 4
Q 3 5 6
Q 4 3 0
Q 5 6 7
Q 6 0 4
Q 7 3 2
Q 8 5 1
Q 9 4 5
Q 10 2 6
Q 11 5 7
Q 12 5 0
Q 13 6 5
Q 14 7 1
Q 15 3 5
Q 16 0 2
Q 17 7 5
Q 18 3 1
Q 19 1 5
Q 20 3 7
Q 21 7 3
Q 22 0 5
Q 23 4 6
Q 24 2 3
Q 25 7 6
Q 26 3 4
Q 27 1 4
Q 28 4 0
Q 29 1 7
Q 30 4 4
Q 31 2 0
Q 32 3 3
Q 33 4 2
Q 34 2 4
Q 35 5 5
Q 36 0 0
Q 37 7 2
Q 38 6 6
Q 39 6 0
Q 40 1 3
Q 41 4 7
Q 42 7 0
Q 43 1 1
Q 44 1 0
Q 45 6 1
Q 46 6 4
Q 47 2 1
Q 48 7 4
Q 49 0 3
Q 50 2 2
Q 51 4 1
Q 52 4 3
Q 53 1 2
Q 54 0 6
G 0 1 0
G 1 28 1
G 2 1 1
G 3 1 1
G 4 3 0
G 5 1 1
G 6 1 7
G 7 1 1
G 8 1 1
G 9 1 0
G 10 20 7
G 11 29 0
G 12 1 1
G 13 1 1
G 14 1 1
G 15 1 1
G 16 11 7
G 17 3 0
G 18 1 1
G 19 1 1
G 20 26 1
G 21 3 7
G 22 28 1
G 23 1 0
G 24 28 1
G 25 1 1
G 26 22 7
G 27 1 1
G 28 1 0
G 29 13 7
G 30 28 1
G 31 3 7
G 32 1 0
G 33 3 1
G 34 1 0
G 35 4 7
G 36 1 1
G 37 1 1
G 38 1 0
G 39 1 1
G 40 12 7
G 41 2 0
G 42 1 0
G 43 1 1
G 44 26 1
G 45 1 1
G 46 3 0
G 47 1 0
G 48 1 0
G 49 26 1
G 50 28 1
G 51 1 1
G 52 22 7
G 53 28 1
G 54 5 1
G 55 3 1
G 56 21 7
G 57 4 1
G 58 29 0
R 6 6 0
R 10 2 5
R 16 7 1
R 21 5 1
R 26 0 3
R 29 3 1
R 31 0 2
R 35 1 0
R 40 5 0
R 52 6 1
R 56 3 0
