Q 0 2 6
Q 1 0 6
Q 2 3 6
Q 3 7 1
Q 4 1 1
Q 5 6 4
Q 6 6 6
Q 7 3 2
Q 8 0 3
Q 9 7 3
Q 10 2 2
Q 11 2 3
Q 12 2 0
Q 13 3 5
Q 14 4 7
Q 15 5 4
Q 16 0 1
Q 17 3 7
Q 18 1 2
Q 19 1 6
Q 20 4 5
Q 21 7 2
Q 22 4 6
Q 23 5 0
Q 24 1 4
Q 25 2 7
Q 26 7 0
Q 27 7 4
Q 28 1 0
Q 29 5 2
Q 30 0 7
Q 31 5 1
Q 32 1 7
Q 33 2 4
Q 34 0 2
Q 35 3 0
Q 36 4 1
Q 37 6 0
Q 38 2 1
Q 39 5 6
Q 40 2 5
Q 41 0 5
Q 42 5 7
Q 43 6 7
Q 44 6 1
Q 45 0 4
Q 46 3 1
Q 47 4 0
Q 48 1 5
Q 49 6 5
Q 50 7 7
Q 51 1 3
Q 52 6 3
Q 53 0 0
Q 54 3 4
G 0 1 0
G 1 28 1
G 2 1 1
G 3 1 1
G 4 3 0
G 5 1 1
G 6 12 7
G 7 1 1
G 8 1 1
G 9 1 0
G 10 4 7
G 11 29 0
G 12 1 1
G 13 1 1
G 14 1 1
G 15 1 1
G 16 20 7
G 17 3 0
G 18 1 1
G 19 1 1
G 20 26 1
G 21 5 7
G 22 28 1
G 23 1 0
G 24 28 1
G 25 1 1
G 26 22 7
G 27 1 1
G 28 1 0
G 29 13 7
G 30 28 1
G 31 14 7
G 32 1 0
G 33 3 1
G 34 1 0
G 35 4 7
G 36 1 1
G 37 1 1
G 38 1 0
G 39 1 1
G 40 13 7
G 41 2 0
G 42 1 0
G 43 1 1
G 44 26 1
G 45 1 1
G 46 3 0
G 47 1 0
G 48 1 0
G 49 26 1
G 50 28 1
G 51 1 1
G 52 22 7
G 53 28 1
G 54 5 1
G 55 3 1
G 56 21 7
G 57 4 1
G 58 29 0
