Q 0 7 0
Q 1 3 10
Q 2 7 11
Q 3 0 0
Q 4 2 15
Q 5 8 0
Q 6 3 6
Q 7 0 10
Q 8 0 0
Q 9 3 12
Q 10 1 3
Q 11 3 14
Q 12 10 5
Q 13 4 1
Q 14 0 4
Q 15 0 11
Q 16 4 2
Q 17 4 0
Q 18 8 1
Q 19 8 2
Q 20 1 2
Q 21 8 8
Q 22 3 5
Q 23 8 9
Q 24 3 9
Q 25 4 3
Q 26 2 1
Q 27 8 10
Q 28 0 0
Q 29 2 0
Q 30 5 0
Q 31 8 11
Q 32 8 12
Q 33 0 0
Q 34 1 1
Q 35 8 13
Q 36 1 4
Q 37 3 13
Q 38 3 11
Q 39 3 15
Q 40 4 14
Q 41 0 0
Q 42 8 14
Q 43 9 0
Q 44 0 5
Q 45 0 6
Q 46 9 1
Q 47 9 2
Q 48 9 3
Q 49 1 6
Q 50 9 9
Q 51 2 4
Q 52 9 10
Q 53 9 11
Q 54 4 5
Q 55 0 12
Q 56 0 0
Q 57 3 0
Q 58 2 5
Q 59 4 12
Q 60 2 2
Q 61 9 12
Q 62 9 13
Q 63 1 10
Q 64 0 0
Q 65 9 14
Q 66 0 13
Q 67 4 9
Q 68 0 0
Q 69 0 0
Q 70 4 4
Q 71 9 15
Q 72 0 0
Q 73 10 0
Q 74 0 0
Q 75 0 14
Q 76 10 1
Q 77 0 0
Q 78 4 6
Q 79 10 2
Q 80 10 3
Q 81 10 9
Q 82 10 10
Q 83 4 13
Q 84 10 11
Q 85 5 1
Q 86 0 15
Q 87 10 12
Q 88 10 4
Q 89 10 13
Q 90 10 14
Q 91 10 15
Q 92 5 2
Q 93 11 0
Q 94 4 8
Q 95 5 4
Q 96 3 1
Q 97 11 1
Q 98 4 7
Q 99 11 2
Q 100 0 0
Q 101 5 3
Q 102 4 10
Q 103 11 3
Q 104 11 4
Q 105 1 7
Q 106 4 11
Q 107 0 0
Q 108 11 5
Q 109 5 7
Q 110 11 7
Q 111 11 8
Q 112 8 5
Q 113 4 15
Q 114 11 9
Q 115 5 11
Q 116 11 10
Q 117 1 15
Q 118 5 5
Q 119 11 11
Q 120 2 6
Q 121 0 0
Q 122 1 13
Q 123 0 0
Q 124 6 3
Q 125 11 12
Q 126 11 13
Q 127 1 8
Q 128 2 3
Q 129 8 6
Q 130 5 6
Q 131 5 10
Q 132 5 12
Q 133 11 14
Q 134 5 8
Q 135 3 4
Q 136 6 6
Q 137 5 14
Q 138 11 15
Q 139 5 9
Q 140 12 0
Q 141 9 5
Q 142 12 1
Q 143 6 9
Q 144 12 2
Q 145 12 3
Q 146 12 4
Q 147 6 10
Q 148 8 7
Q 149 1 9
Q 150 1 11
Q 151 12 5
Q 152 5 13
Q 153 12 6
Q 154 12 7
Q 155 0 0
Q 156 6 5
Q 157 12 8
Q 158 0 0
Q 159 6 1
Q 160 9 6
Q 161 0 1
Q 162 12 9
Q 163 2 7
Q 164 2 9
Q 165 0 0
Q 166 1 12
Q 167 1 5
Q 168 12 10
Q 169 5 15
Q 170 1 0
Q 171 2 8
Q 172 3 7
Q 173 12 11
Q 174 6 8
Q 175 6 12
Q 176 12 12
Q 177 12 13
Q 178 12 14
Q 179 6 11
Q 180 12 15
Q 181 6 0
Q 182 13 0
Q 183 6 13
Q 184 9 7
Q 185 6 14
Q 186 6 2
Q 187 13 1
Q 188 0 2
Q 189 13 2
Q 190 13 3
Q 191 13 4
Q 192 0 7
Q 193 13 5
Q 194 6 4
Q 195 1 14
Q 196 7 2
Q 197 0 0
Q 198 13 6
Q 199 6 7
Q 200 6 15
Q 201 2 10
Q 202 11 6
Q 203 7 5
Q 204 13 7
Q 205 7 13
Q 206 13 8
Q 207 7 6
Q 208 13 9
Q 209 13 10
Q 210 7 15
Q 211 13 11
Q 212 3 2
Q 213 7 4
Q 214 7 9
Q 215 9 4
Q 216 0 3
Q 217 9 8
Q 218 7 12
Q 219 13 12
Q 220 13 13
Q 221 13 14
Q 222 2 11
Q 223 7 8
Q 224 7 7
Q 225 13 15
Q 226 0 0
Q 227 14 0
Q 228 7 14
Q 229 7 3
Q 230 7 10
Q 231 8 15
Q 232 14 1
Q 233 10 6
Q 234 14 2
Q 235 0 8
Q 236 7 1
Q 237 2 12
Q 238 14 3
Q 239 2 13
Q 240 14 4
Q 241 14 5
Q 242 14 6
Q 243 10 7
Q 244 10 8
Q 245 3 3
Q 246 2 14
Q 247 8 4
Q 248 3 8
Q 249 14 7
Q 250 8 3
Q 251 0 9
Q 252 0 0
G 0 1 1
G 1 1 1
G 2 762 59
G 3 119 163
G 4 1 0
G 5 1 1
G 6 1 0
G 7 1 1
G 8 1 0
G 9 2572 1
G 10 1 0
G 11 1 1
G 12 1 1
G 13 546 7
G 14 1 1
G 15 1 0
G 16 1 0
G 17 1 1
G 18 1 1
G 19 1 1
G 20 1 1
G 21 1 1
G 22 1 1
G 23 229 59
G 24 2 1
G 25 1 1
G 26 1 1
G 27 1 0
G 28 1 1
G 29 516 111
G 30 1 0
G 31 1 1
G 32 1 0
G 33 1 1
G 34 1419 59
G 35 1 1
G 36 1 1
G 37 4957 111
G 38 3 1
G 39 1 0
G 40 1 0
G 41 1 0
G 42 554 7
G 43 1773 7
G 44 1 1
G 45 1 1
G 46 1 1
G 47 1 1
G 48 2 0
G 49 1609 267
G 50 553 0
G 51 822 7
G 52 70 475
G 53 1 0
G 54 3068 7
G 55 2800 267
G 56 1 1
G 57 1652 0
G 58 1609 163
G 59 1 1
G 60 5069 1
G 61 1 1
G 62 1 1
G 63 3 1
G 64 2 1
G 65 3 1
G 66 1 1
G 67 1 0
G 68 554 59
G 69 1 0
G 70 1 0
G 71 1 1
G 72 1 0
G 73 546 7
G 74 1 0
G 75 3 1
G 76 1 1
G 77 1642 7
G 78 1 1
G 79 1 1
G 80 1 1
G 81 1 1
G 82 3 1
G 83 1 1
G 84 2 1
G 85 2 1
G 86 1 1
G 87 461 59
G 88 1091 59
G 89 1 1
G 90 1 1
G 91 1 1
G 92 953 111
G 93 1 1
G 94 1 1
G 95 1598 59
G 96 3 1
G 97 3 0
G 98 1270 7
G 99 1 1
G 100 1 1
G 101 1650 1
G 102 1 0
G 103 1 0
G 104 283 0
G 105 1 0
G 106 1 1
G 107 1 0
G 108 953 111
G 109 1151 267
G 110 1 0
G 111 1877 59
G 112 1 1
G 113 61 0
G 114 3 0
G 115 2946 267
G 116 1653 0
G 117 562 1
G 118 3 1
G 119 1 1
G 120 5 1
G 121 1 7
G 122 3 1
G 123 1 1
G 124 3 1
G 125 1 1
G 126 1770 59
G 127 1 1
G 128 1 1
G 129 1 0
G 130 1 0
G 131 5 1
G 132 1 1
G 133 1289 319
G 134 4078 7
G 135 1 1
G 136 4906 163
G 137 3750 215
G 138 1 0
G 139 1 1
G 140 282 59
G 141 3966 1
G 142 2574 371
G 143 1278 7
G 144 1 0
G 145 3 1
G 146 553 1
G 147 3914 267
G 148 3 0
G 149 1 0
G 150 1 1
G 151 5070 0
G 152 3 7
G 153 1 59
G 154 555 59
G 155 2 1
G 156 1151 1
G 157 1877 7
G 158 2 215
G 159 2 0
G 160 1 0
G 161 1479 1
G 162 1 0
G 163 830 1
G 164 5070 0
G 165 2 1
G 166 1 1
G 167 1 1
G 168 4086 59
G 169 1937 1
G 170 497 7
G 171 1 1
G 172 4690 163
G 173 1 1
G 174 2626 59
G 175 4206 7
G 176 3378 371
G 177 554 59
G 178 1937 7
G 179 1 1
G 180 1 0
G 181 1 1
G 182 3 0
G 183 9 0
G 184 1286 1
G 185 1 1
G 186 4182 319
G 187 1000 1
G 188 505 0
G 189 1 1
G 190 1 1
G 191 3 1
G 192 1 0
G 193 3 0
G 194 562 1
G 195 4578 111
G 196 1 0
G 197 5 0
G 198 1 1
G 199 628 1
G 200 5071 0
G 201 521 1
G 202 1 1
G 203 614 267
G 204 830 59
G 205 1 1
G 206 70 1
G 207 5069 1
G 208 11 1
G 209 3068 7
G 210 4 0
G 211 3966 0
G 212 3 0
G 213 4793 163
G 214 4578 59
G 215 3970 7
G 216 5 0
G 217 2 1
G 218 3 0
G 219 12 0
G 220 1 1
G 221 1288 7
G 222 1 1
G 223 1642 7
G 224 554 0
G 225 2514 7
G 226 1 1
G 227 1 1
G 228 3 1
G 229 2514 59
G 230 1 1
G 231 1598 163
G 232 11 0
G 233 1 1
G 234 3214 163
G 235 2686 1
G 236 3 1
G 237 564 1
G 238 1 1
G 239 342 1
G 240 1 1
G 241 1 0
G 242 1 1
G 243 1 1
G 244 3 0
G 245 5071 1
G 246 5071 1
G 247 1 1
G 248 1658 111
G 249 1 1
G 250 1 0
G 251 615 0
G 252 546 215
G 253 3 1
G 254 1 1
G 255 4638 267
G 256 1885 1
G 257 1073 215
G 258 1887 1
G 259 344 111
G 260 1 1
G 261 685 267
G 262 1 0
G 263 882 111
G 264 3214 1
G 265 614 7
G 266 1 0
G 267 4214 0
G 268 1 0
G 269 1945 1
G 270 3 1
G 271 3 0
G 272 622 7
G 273 1 1
G 274 1 1
G 275 1658 163
G 276 1 0
G 277 1 1
G 278 555 1
G 279 3 1
G 280 523 215
G 281 4 1
G 282 554 1
G 283 4906 1
G 284 2686 1
G 285 4718 7
G 286 1419 0
G 287 3 0
G 288 4578 7
G 289 1 1
G 290 2350 163
G 291 3 0
G 292 1 0
G 293 1 0
G 294 1002 267
G 295 4146 59
G 296 1781 1
G 297 3 1
G 298 5 1
G 299 1 1
G 300 2514 1
G 301 2 1
G 302 1 1
G 303 6 1
G 304 1770 1
G 305 4 1
G 306 3 0
G 307 2574 1
G 308 8 1
G 309 3 1
G 310 1773 0
G 311 1 59
G 312 2 0
G 313 3 1
G 314 4726 7
G 315 10 1
G 316 1 1
G 317 1 1
G 318 1 0
G 319 630 7
G 320 3 0
G 321 1 1
G 322 1939 1
G 323 1270 163
G 324 3 1
G 325 2 1
G 326 1 1
G 327 2 0
G 328 7 0
G 329 3 1
G 330 4578 59
G 331 1 1
G 332 1650 59
G 333 3750 0
G 334 3 1
G 335 4 7
G 336 1889 0
G 337 1289 1
G 338 1065 0
G 339 1710 267
G 340 1065 1
G 341 1 0
G 342 4 1
G 343 1 1
G 344 283 0
G 345 4206 371
G 346 218 1
G 347 762 1
G 348 3914 163
G 349 3 1
G 350 2688 111
G 351 4502 215
G 352 1 1
G 353 2 1
G 354 2 1
G 355 1 1
G 356 739 0
G 357 3378 0
G 358 2800 1
G 359 62 7
G 360 3 1
G 361 3 0
G 362 3 1
G 363 557 7
G 364 1762 1
G 365 220 1
G 366 3 0
G 367 4734 1
G 368 1978 371
G 369 1822 7
G 370 4726 0
G 371 1291 0
G 372 3216 0
G 373 3750 163
G 374 2 1
G 375 5 1
G 376 564 111
G 377 3 7
G 378 4078 1
G 379 284 7
G 380 3751 1
G 381 1 1
G 382 2522 1
G 383 4727 0
G 384 3 1
G 385 4906 1
G 386 3076 1
G 387 7 111
G 388 3 1
G 389 1434 163
G 390 3 0
G 391 1479 1
G 392 1065 7
G 393 638 7
G 394 8 1
G 395 12 1
G 396 4182 0
G 397 5 1
G 398 3968 1
G 399 1654 7
G 400 2516 1
G 401 5 0
G 402 218 0
G 403 11 0
G 404 994 7
G 405 521 163
G 406 5 0
G 407 2518 1
G 408 72 1
G 409 5 1
G 410 1153 1
G 411 890 111
G 412 229 267
G 413 4 0
G 414 1650 0
G 415 1270 371
G 416 1 1
G 417 453 7
G 418 4 0
G 419 3 1
G 420 222 59
G 421 2576 1
G 422 1002 0
G 423 497 1
G 424 3 0
G 425 1662 1
G 426 289 163
G 427 1941 1
G 428 13 215
G 429 1002 0
G 430 685 1
G 431 229 0
G 432 1664 7
G 433 646 1
G 434 4 1
G 435 3914 1
G 436 497 1
G 437 5072 0
G 438 9 0
G 439 342 1
G 440 1773 1
G 441 762 1
