Q 0 7 0
Q 1 3 10
Q 2 7 11
Q 3 0 0
Q 4 2 15
Q 5 8 0
Q 6 3 6
Q 7 0 10
Q 8 0 0
Q 9 3 12
Q 10 1 3
Q 11 3 14
Q 12 10 5
Q 13 4 1
Q 14 0 4
Q 15 0 11
Q 16 4 2
Q 17 4 0
Q 18 8 1
Q 19 8 2
Q 20 1 2
Q 21 8 8
Q 22 3 5
Q 23 8 9
Q 24 3 9
Q 25 4 3
Q 26 2 1
Q 27 8 10
Q 28 0 0
Q 29 2 0
Q 30 5 0
Q 31 8 11
Q 32 8 12
Q 33 0 0
Q 34 1 1
Q 35 8 13
Q 36 1 4
Q 37 3 13
Q 38 3 11
Q 39 3 15
Q 40 4 14
Q 41 0 0
Q 42 8 14
Q 43 9 0
Q 44 0 5
Q 45 0 6
Q 46 9 1
Q 47 9 2
Q 48 9 3
Q 49 1 6
Q 50 9 9
Q 51 2 4
Q 52 9 10
Q 53 9 11
Q 54 4 5
Q 55 0 12
Q 56 0 0
Q 57 3 0
Q 58 2 5
Q 59 4 12
Q 60 2 2
Q 61 9 12
Q 62 9 13
Q 63 1 10
Q 64 0 0
Q 65 9 14
Q 66 0 13
Q 67 4 9
Q 68 0 0
Q 69 0 0
Q 70 4 4
Q 71 9 15
Q 72 0 0
Q 73 10 0
Q 74 0 0
Q 75 0 14
Q 76 10 1
Q 77 0 0
Q 78 4 6
Q 79 10 2
Q 80 10 3
Q 81 10 9
Q 82 10 10
Q 83 4 13
Q 84 10 11
Q 85 5 1
Q 86 0 15
Q 87 10 12
Q 88 10 4
Q 89 10 13
Q 90 10 14
Q 91 10 15
Q 92 5 2
Q 93 11 0
Q 94 4 8
Q 95 5 4
Q 96 3 1
Q 97 11 1
Q 98 4 7
Q 99 11 2
Q 100 0 0
Q 101 5 3
Q 102 4 10
Q 103 11 3
Q 104 11 4
Q 105 1 7
Q 106 4 11
Q 107 0 0
Q 108 11 5
Q 109 5 7
Q 110 11 7
Q 111 11 8
Q 112 8 5
Q 113 4 15
Q 114 11 9
Q 115 5 11
Q 116 11 10
Q 117 1 15
Q 118 5 5
Q 119 11 11
Q 120 2 6
Q 121 0 0
Q 122 1 13
Q 123 0 0
Q 124 6 3
Q 125 11 12
Q 126 11 13
Q 127 1 8
Q 128 2 3
Q 129 8 6
Q 130 5 6
Q 131 5 10
Q 132 5 12
Q 133 11 14
Q 134 5 8
Q 135 3 4
Q 136 6 6
Q 137 5 14
Q 138 11 15
Q 139 5 9
Q 140 12 0
Q 141 9 5
Q 142 12 1
Q 143 6 9
Q 144 12 2
Q 145 12 3
Q 146 12 4
Q 147 6 10
Q 148 8 7
Q 149 1 9
Q 150 1 11
Q 151 12 5
Q 152 5 13
Q 153 12 6
Q 154 12 7
Q 155 0 0
Q 156 6 5
Q 157 12 8
Q 158 0 0
Q 159 6 1
Q 160 9 6
Q 161 0 1
Q 162 12 9
Q 163 2 7
Q 164 2 9
Q 165 0 0
Q 166 1 12
Q 167 1 5
Q 168 12 10
Q 169 5 15
Q 170 1 0
Q 171 2 8
Q 172 3 7
Q 173 12 11
Q 174 6 8
Q 175 6 12
Q 176 12 12
Q 177 12 13
Q 178 12 14
Q 179 6 11
Q 180 12 15
Q 181 6 0
Q 182 13 0
Q 183 6 13
Q 184 9 7
Q 185 6 14
Q 186 6 2
Q 187 13 1
Q 188 0 2
Q 189 13 2
Q 190 13 3
Q 191 13 4
Q 192 0 7
Q 193 13 5
Q 194 6 4
Q 195 1 14
Q 196 7 2
Q 197 0 0
Q 198 13 6
Q 199 6 7
Q 200 6 15
Q 201 2 10
Q 202 11 6
Q 203 7 5
Q 204 13 7
Q 205 7 13
Q 206 13 8
Q 207 7 6
Q 208 13 9
Q 209 13 10
Q 210 7 15
Q 211 13 11
Q 212 3 2
Q 213 7 4
Q 214 7 9
Q 215 9 4
Q 216 0 3
Q 217 9 8
Q 218 7 12
Q 219 13 12
Q 220 13 13
Q 221 13 14
Q 222 2 11
Q 223 7 8
Q 224 7 7
Q 225 13 15
Q 226 0 0
Q 227 14 0
Q 228 7 14
Q 229 7 3
Q 230 7 10
Q 231 8 15
Q 232 14 1
Q 233 10 6
Q 234 14 2
Q 235 0 8
Q 236 7 1
Q 237 2 12
Q 238 14 3
Q 239 2 13
Q 240 14 4
Q 241 14 5
Q 242 14 6
Q 243 10 7
Q 244 10 8
Q 245 3 3
Q 246 2 14
Q 247 8 4
Q 248 3 8
Q 249 14 7
Q 250 8 3
Q 251 0 9
Q 252 0 0
G 0 1 1
G 1 1 1
G 2 1547 59
G 3 8576 163
G 4 1 0
G 5 1 1
G 6 1 0
G 7 1 1
G 8 1 0
G 9 1 1
G 10 1 0
G 11 1 1
G 12 1 1
G 13 2915 7
G 14 1 1
G 15 1 0
G 16 693 0
G 17 1 1
G 18 1 1
G 19 1 1
G 20 1 1
G 21 1 1
G 22 1 1
G 23 3 59
G 24 2 1
G 25 1 1
G 26 1 1
G 27 1 0
G 28 1 1
G 29 7896 111
G 30 1 0
G 31 1 1
G 32 1 0
G 33 1 1
G 34 5494 59
G 35 1 1
G 36 1 1
G 37 13018 111
G 38 3 1
G 39 1 0
G 40 1 0
G 41 1 0
G 42 5554 7
G 43 12492 7
G 44 1 1
G 45 1 1
G 46 1 1
G 47 1 1
G 48 694 0
G 49 5562 267
G 50 1 0
G 51 1607 7
G 52 1003 475
G 53 1 0
G 54 6640 7
G 55 10284 267
G 56 1 1
G 57 6344 0
G 58 5330 163
G 59 1 1
G 60 13130 1
G 61 1 1
G 62 1 1
G 63 3 1
G 64 2 1
G 65 3 1
G 66 1 1
G 67 2620 0
G 68 2855 59
G 69 1 0
G 70 1 0
G 71 1 1
G 72 1 0
G 73 1539 7
G 74 1 0
G 75 3 1
G 76 1 1
G 77 5322 7
G 78 1 1
G 79 1 1
G 80 1 1
G 81 717 1
G 82 3 1
G 83 1 1
G 84 2621 1
G 85 2 1
G 86 1 1
G 87 8396 59
G 88 1479 59
G 89 1 1
G 90 1 1
G 91 1 1
G 92 4986 111
G 93 1 1
G 94 1 1
G 95 4926 59
G 96 3 1
G 97 3 0
G 98 987 7
G 99 1 1
G 100 1 1
G 101 6342 1
G 102 1 0
G 103 1 0
G 104 8740 0
G 105 1 0
G 106 1 1
G 107 1 0
G 108 8464 111
G 109 4494 267
G 110 1 0
G 111 10224 59
G 112 1 1
G 113 7311 0
G 114 3 0
G 115 7036 267
G 116 6345 0
G 117 5562 1
G 118 3 1
G 119 1 1
G 120 5 1
G 121 2683 7
G 122 3 1
G 123 1 1
G 124 3 1
G 125 1 1
G 126 2623 59
G 127 1 1
G 128 1 1
G 129 1 0
G 130 1 0
G 131 5 1
G 132 1 1
G 133 10768 319
G 134 7304 7
G 135 1 1
G 136 5830 163
G 137 8740 215
G 138 1 0
G 139 1 1
G 140 2563 59
G 141 9336 1
G 142 2191 371
G 143 995 7
G 144 1 0
G 145 3 1
G 146 1 1
G 147 719 267
G 148 3 0
G 149 1 0
G 150 1 1
G 151 5994 0
G 152 3734 7
G 153 659 59
G 154 7380 59
G 155 2 1
G 156 1539 1
G 157 13010 7
G 158 4114 215
G 159 2 0
G 160 1 0
G 161 5554 1
G 162 1 0
G 163 1615 1
G 164 5994 0
G 165 2 1
G 166 1 1
G 167 1 1
G 168 7320 59
G 169 10284 1
G 170 8008 7
G 171 1 1
G 172 12846 163
G 173 1 1
G 174 10164 59
G 175 12726 7
G 176 8024 371
G 177 331 59
G 178 12552 7
G 179 1 1
G 180 1 0
G 181 1 1
G 182 3 0
G 183 7027 0
G 184 1725 1
G 185 1 1
G 186 3354 319
G 187 1 1
G 188 8016 0
G 189 1 1
G 190 1 1
G 191 3 1
G 192 1 0
G 193 3 0
G 194 5562 1
G 195 12734 111
G 196 1 0
G 197 5 0
G 198 1 1
G 199 8008 1
G 200 5995 0
G 201 9871 1
G 202 1 1
G 203 391 267
G 204 1735 59
G 205 1 1
G 206 7320 1
G 207 13130 1
G 208 9782 1
G 209 12500 7
G 210 4 0
G 211 8956 0
G 212 3 0
G 213 12562 163
G 214 12492 59
G 215 11088 7
G 216 5 0
G 217 2 1
G 218 3 0
G 219 9551 0
G 220 1 1
G 221 1727 7
G 222 1 1
G 223 2183 7
G 224 2172 0
G 225 6632 7
G 226 1 1
G 227 1 1
G 228 3 1
G 229 12432 59
G 230 1 1
G 231 4762 163
G 232 3742 0
G 233 1 1
G 234 7440 163
G 235 12198 1
G 236 3 1
G 237 5564 1
G 238 1 1
G 239 11466 1
G 240 1 1
G 241 1 0
G 242 1 1
G 243 1 1
G 244 3 0
G 245 5995 1
G 246 13132 1
G 247 1 1
G 248 12312 111
G 249 1 1
G 250 1 0
G 251 9887 0
G 252 5098 215
G 253 3 1
G 254 1 1
G 255 1907 267
G 256 13018 1
G 257 11976 215
G 258 13020 1
G 259 11468 111
G 260 1 1
G 261 9284 267
G 262 1 0
G 263 1615 111
G 264 7304 1
G 265 5314 7
G 266 1 0
G 267 12734 0
G 268 1 0
G 269 12560 1
G 270 3 1
G 271 3 0
G 272 7020 7
G 273 1 1
G 274 1 1
G 275 6174 163
G 276 1 0
G 277 1 1
G 278 2173 1
G 279 3 1
G 280 10552 215
G 281 4 1
G 282 2923 1
G 283 2175 1
G 284 12198 1
G 285 6106 7
G 286 9119 0
G 287 3 0
G 288 12424 7
G 289 1 1
G 290 11588 163
G 291 3 0
G 292 1 0
G 293 1 0
G 294 63 267
G 295 7604 59
G 296 19999 1
G 297 3 1
G 298 5 1
G 299 1 1
G 300 11752 1
G 301 2 1
G 302 1 1
G 303 6 1
G 304 19999 1
G 305 4 1
G 306 3 0
G 307 12492 1
G 308 8 1
G 309 3 1
G 310 5494 0
G 311 3294 59
G 312 2 0
G 313 3 1
G 314 11580 7
G 315 10 1
G 316 1 1
G 317 1 1
G 318 1 0
G 319 7028 7
G 320 3 0
G 321 1 1
G 322 10286 1
G 323 2691 163
G 324 3 1
G 325 2 1
G 326 1 1
G 327 2 0
G 328 7 0
G 329 3 1
G 330 7664 59
G 331 1 1
G 332 3674 59
G 333 8396 0
G 334 3 1
G 335 11968 7
G 336 13022 0
G 337 12192 1
G 338 8576 0
G 339 6364 267
G 340 5098 1
G 341 1 0
G 342 4 1
G 343 1 1
G 344 8740 0
G 345 11096 371
G 346 4330 1
G 347 5314 1
G 348 7724 163
G 349 3 1
G 350 12200 111
G 351 11752 215
G 352 1 1
G 353 2 1
G 354 2 1
G 355 1 1
G 356 20000 0
G 357 7604 0
G 358 19999 1
G 359 7312 7
G 360 3 1
G 361 3 0
G 362 3 1
G 363 2175 7
G 364 4926 1
G 365 4332 1
G 366 3 0
G 367 11588 1
G 368 6648 371
G 369 8456 7
G 370 6114 0
G 371 12194 0
G 372 7306 0
G 373 9120 163
G 374 2 1
G 375 5 1
G 376 5994 111
G 377 6338 7
G 378 8492 1
G 379 12192 7
G 380 8397 1
G 381 1 1
G 382 6640 1
G 383 6115 0
G 384 3 1
G 385 2175 1
G 386 6648 1
G 387 1795 111
G 388 3 1
G 389 3130 163
G 390 3 0
G 391 5554 1
G 392 9768 7
G 393 7888 7
G 394 8 1
G 395 12 1
G 396 987 0
G 397 5 1
G 398 9338 1
G 399 6346 7
G 400 11754 1
G 401 5 0
G 402 4330 0
G 403 9550 0
G 404 9776 7
G 405 8956 163
G 406 5 0
G 407 11756 1
G 408 7322 1
G 409 5 1
G 410 1541 1
G 411 10052 111
G 412 9784 267
G 413 4 0
G 414 5330 0
G 415 3742 371
G 416 1 1
G 417 8016 7
G 418 4 0
G 419 3 1
G 420 6114 59
G 421 12494 1
G 422 20000 0
G 423 10052 1
G 424 3 0
G 425 6354 1
G 426 4330 163
G 427 10288 1
G 428 9552 215
G 429 9784 0
G 430 9120 1
G 431 20000 0
G 432 6356 7
G 433 7896 1
G 434 4 1
G 435 19999 1
G 436 10052 1
G 437 20000 0
G 438 2691 0
G 439 2623 1
G 440 5494 1
G 441 5314 1
R 2 0 6
R 3 6 10
R 13 2 8
R 23 2 12
R 29 3 14
R 34 5 9
R 37 5 11
R 42 1 9
R 43 4 15
R 49 0 11
R 51 0 6
R 52 10 8
R 54 7 2
R 55 2 1
R 58 3 15
R 68 10 6
R 73 9 7
R 77 9 4
R 87 1 13
R 88 1 9
R 92 3 13
R 95 1 0
R 98 1 2
R 108 7 13
R 109 6 9
R 111 2 10
R 115 0 3
R 121 9 6
R 126 3 0
R 133 7 15
R 134 0 5
R 136 7 6
R 137 1 0
R 140 2 14
R 142 8 3
R 143 1 2
R 147 6 8
R 152 10 5
R 153 3 7
R 154 1 3
R 157 0 15
R 158 6 14
R 168 1 5
R 170 5 11
R 172 3 5
R 174 5 2
R 175 1 4
R 176 2 0
R 177 0 1
R 178 1 10
R 186 0 8
R 195 4 5
R 203 6 1
R 204 2 6
R 209 2 1
R 213 0 9
R 214 9 8
R 215 1 0
R 221 1 2
R 223 3 4
R 225 4 4
R 229 7 4
R 231 4 2
R 234 0 3
R 248 5 0
R 252 6 7
R 255 0 6
R 257 0 13
R 259 5 14
R 261 7 13
R 263 3 1
R 265 10 5
R 272 10 7
R 275 1 1
R 280 1 12
R 285 2 8
R 288 5 5
R 290 7 4
R 294 0 3
R 295 0 5
R 311 6 15
R 314 4 8
R 319 10 6
R 323 4 0
R 330 5 6
R 332 2 4
R 335 5 7
R 339 0 3
R 345 9 5
R 348 0 3
R 350 0 2
R 351 0 8
R 359 3 7
R 363 9 7
R 368 8 4
R 369 1 1
R 373 0 7
R 376 1 9
R 377 1 11
R 379 2 10
R 387 7 10
R 389 0 3
R 392 1 13
R 393 10 6
R 399 9 5
R 404 3 1
R 405 2 13
R 411 2 3
R 412 0 11
R 415 3 4
R 417 3 12
R 420 1 15
R 426 0 12
R 428 5 11
R 432 9 5
