Q 0 7 6
Q 1 8 5
Q 2 8 4
Q 3 1 3
Q 4 8 2
Q 5 3 5
Q 6 0 1
Q 7 13 0
Q 8 2 0
Q 9 0 2
Q 10 13 1
Q 11 4 0
Q 12 2 3
Q 13 8 6
Q 14 8 7
Q 15 9 4
Q 16 9 0
Q 17 4 4
Q 18 3 6
Q 19 1 6
Q 20 13 2
Q 21 4 2
Q 22 1 7
Q 23 3 7
Q 24 4 3
Q 25 4 5
Q 26 0 3
Q 27 9 1
Q 28 13 4
Q 29 0 4
Q 30 0 0
Q 31 9 7
Q 32 0 0
Q 33 4 6
Q 34 9 2
Q 35 13 6
Q 36 4 7
Q 37 13 7
Q 38 14 0
Q 39 9 3
Q 40 5 4
Q 41 5 0
Q 42 5 7
Q 43 14 1
Q 44 0 5
Q 45 9 5
Q 46 2 1
Q 47 10 0
Q 48 2 2
Q 49 10 2
Q 50 5 1
Q 51 14 2
Q 52 5 6
Q 53 2 5
Q 54 14 3
Q 55 3 2
Q 56 3 1
Q 57 14 4
Q 58 10 3
Q 59 14 5
Q 60 0 6
Q 61 1 0
Q 62 9 6
Q 63 10 4
Q 64 11 3
Q 65 10 5
Q 66 3 0
Q 67 2 6
Q 68 11 4
Q 69 5 5
Q 70 10 6
Q 71 5 2
Q 72 5 3
Q 73 10 1
Q 74 10 7
Q 75 11 5
Q 76 1 4
Q 77 11 2
Q 78 0 7
Q 79 6 2
Q 80 2 4
Q 81 2 7
Q 82 11 1
Q 83 12 2
Q 84 1 5
Q 85 6 3
Q 86 14 6
Q 87 1 1
Q 88 11 6
Q 89 6 1
Q 90 0 0
Q 91 4 1
Q 92 6 7
Q 93 11 7
Q 94 14 7
Q 95 11 0
Q 96 12 0
Q 97 15 0
Q 98 6 0
Q 99 12 3
Q 100 15 1
Q 101 12 5
Q 102 1 2
Q 103 12 4
Q 104 6 4
Q 105 13 3
Q 106 7 2
Q 107 6 5
Q 108 3 3
Q 109 12 1
Q 110 12 6
Q 111 6 6
Q 112 7 4
Q 113 7 0
Q 114 3 4
Q 115 7 7
Q 116 15 2
Q 117 15 3
Q 118 7 3
Q 119 7 1
Q 120 13 5
Q 121 8 3
Q 122 8 1
Q 123 8 0
Q 124 15 4
Q 125 15 5
Q 126 12 7
Q 127 7 5
G 0 1 215
G 1 1 1
G 2 1 0
G 3 4187 59
G 4 1 0
G 5 1 1
G 6 1 1
G 7 1 0
G 8 1 0
G 9 1 0
G 10 1 1
G 11 1047 371
G 12 3 0
G 13 337 267
G 14 1 0
G 15 1419 215
G 16 1 1
G 17 1 0
G 18 605 163
G 19 1 0
G 20 173 319
G 21 2059 371
G 22 873 59
G 23 1 1
G 24 6241 423
G 25 1 0
G 26 2 1
G 27 3 1
G 28 1 1
G 29 1 0
G 30 1 1
G 31 2 0
G 32 3 1
G 33 5 1
G 34 1 1
G 35 2431 1
G 36 8543 475
G 37 605 1
G 38 1 0
G 39 1 0
G 40 217 1
G 41 1 1
G 42 6442 215
G 43 1 1
G 44 2 1
G 45 1 1
G 46 1 1
G 47 1 0
G 48 4247 1
G 49 2 1
G 50 1 1
G 51 1 319
G 52 1 1
G 53 1 0
G 54 2759 319
G 55 6233 7
G 56 1419 59
G 57 1 1
G 58 2824 1
G 59 129 475
G 60 2 1
G 61 1 1
G 62 6017 215
G 63 1 163
G 64 4201 163
G 65 5 1
G 66 9019 371
G 67 1 1
G 68 1635 423
G 69 1 1
G 70 1 1
G 71 1 1
G 72 1419 1
G 73 3 1
G 74 6665 1
G 75 6658 0
G 76 3 0
G 77 4324 0
G 78 1 0
G 79 2491 267
G 80 6659 1
G 81 6658 1
G 82 1 0
G 83 4 0
G 84 1 1
G 85 6241 0
G 86 2755 1
G 87 3 1
G 88 1 1
G 89 5 1
G 90 271 0
G 91 6660 59
G 92 1 0
G 93 1 0
G 94 769 1
G 95 1 0
G 96 1 0
G 97 3079 1
G 98 4187 1
G 99 1479 111
G 100 9245 163
G 101 4037 267
G 102 7386 111
G 103 4189 111
G 104 1 1
G 105 1 1
G 106 1 0
G 107 3459 0
G 108 2059 1
G 109 7 1
G 110 2 1
G 111 272 1
G 112 4365 1
G 113 1 1
G 114 2 1
G 115 3 1
G 116 3 0
G 117 1 0
G 118 4247 1
G 119 9019 1
G 120 9 1
G 121 5 0
G 122 4301 215
G 123 3081 0
G 124 3 1
G 125 1 1
G 126 771 1
G 127 1 1
G 128 9935 59
G 129 1 1
G 130 2759 0
G 131 1 1
G 132 217 0
G 133 1479 0
G 134 1 1
G 135 1480 1
G 136 3 1
G 137 4 1
G 138 1 0
G 139 1 0
G 140 3 1
G 141 6241 1
G 142 7044 1
G 143 1 1
G 144 165 1
G 145 6174 267
G 146 1403 7
G 147 2 1
G 148 6663 1
G 149 1039 7
G 150 2759 0
G 151 8690 59
G 152 2 0
G 153 3 1
G 154 1 1
G 155 1419 7
G 156 9731 267
G 157 5 0
G 158 6233 1
G 159 1427 215
G 160 3079 527
G 161 10000 0
G 162 6720 1
G 163 2760 111
G 164 1 1
G 165 1 0
G 166 9995 1
G 167 3607 579
G 168 9391 1
G 169 1643 1
G 170 493 163
G 171 9027 215
G 172 3 1
G 173 1 1
G 174 1 1
G 175 6 0
G 176 6243 1
G 177 1 1
G 178 274 0
G 179 1482 1
G 180 3 7
G 181 493 111
G 182 2 1
G 183 9243 111
G 184 4517 59
G 185 1 0
G 186 1035 1
G 187 6235 1
G 188 2 1
G 189 1 1
G 190 3 1
G 191 3607 1
G 192 2431 59
G 193 275 111
G 194 218 1
G 195 4 1
G 196 2932 423
G 197 3 1
G 198 3356 319
G 199 3 1
G 200 1 1
G 201 4249 1
G 202 4 0
G 203 657 215
G 204 2273 7
G 205 1 1
G 206 7046 7
G 207 9243 1
G 208 3 1
G 209 2061 1
G 210 8139 1
G 211 7 0
G 212 9365 1
G 213 8370 0
G 214 5 0
G 215 1648 1
G 216 6442 0
G 217 770 0
G 218 8 1
G 219 2 1
G 220 9941 59
G 221 8750 0
G 222 1 1
G 223 8750 111
G 224 8967 59
G 225 4187 1
G 226 4 1
G 227 7 1
G 228 4 1
G 229 4577 0
G 230 9393 527
G 231 2059 0
G 232 605 0
G 233 2 1
G 234 8138 163
G 235 4577 1
G 236 6245 0
G 237 1 0
G 238 9409 1
G 239 7662 59
G 240 1 1
G 241 9 163
G 242 1037 1
G 243 9411 1
G 244 9999 1
G 245 9355 1
G 246 4579 1
G 247 2 1
G 248 7498 0
G 249 4581 1
G 250 5794 59
G 251 2872 59
G 252 9021 0
G 253 7998 527
G 254 7054 1
G 255 9413 1
G 256 3 0
G 257 9463 267
G 258 4305 0
G 259 3197 1
G 260 1 1
G 261 6665 59
G 262 9027 0
G 263 6237 0
G 264 769 0
G 265 2281 0
G 266 7056 319
G 267 8690 59
G 268 4365 319
G 269 3 1
G 270 1037 1
G 271 1645 0
G 272 6722 0
G 273 1 0
G 274 4251 1
G 275 4301 0
G 276 1421 1
G 277 6723 0
G 278 4302 7
G 279 6735 1
G 280 4189 1
G 281 4306 0
G 282 9825 111
G 283 7782 215
G 284 7376 0
G 285 4305 59
G 286 3 0
G 287 9994 1
G 288 9937 59
G 289 873 1
G 290 2757 1
G 291 4310 1
G 292 4253 1
G 293 173 0
G 294 8862 1
G 295 4365 0
G 296 2759 111
G 297 220 1
G 298 3821 215
G 299 9415 1
G 300 3 0
G 301 3 0
G 302 4685 0
G 303 9667 267
G 304 9997 0
G 305 8526 0
G 306 1 1
G 307 4583 1
G 308 9503 163
G 309 4686 0
G 310 2932 1
G 311 4307 1
G 312 6725 0
G 313 7499 1
G 314 5 1
G 315 4249 1
G 316 3 1
G 317 3 0
G 318 9235 267
G 319 3 1
G 320 7377 7
G 321 9027 1
G 322 6 0
G 323 3 0
G 324 8750 1
G 325 8527 7
G 326 5794 267
G 327 4685 579
G 328 174 1
G 329 8535 59
G 330 7722 59
G 331 1 1
G 332 8302 1
G 333 3079 1
G 334 8526 1
G 335 2 1
G 336 5265 0
G 337 9997 1
G 338 6724 1
G 339 7376 0
G 340 7385 1
G 341 176 1
G 342 5 1
G 343 7501 1
G 344 8863 371
G 345 8751 215
G 346 4366 0
G 347 5854 1
G 348 2 1
G 349 1 1
G 350 8595 267
G 351 8863 1
G 352 9357 7
G 353 2 1
G 354 4585 7
G 355 4529 527
G 356 4 1
G 357 3707 1
G 358 1 1
G 359 4 0
G 360 8370 319
G 361 8535 7
G 362 7385 0
G 363 4367 0
G 364 5 1
G 365 1646 1
G 366 8302 0
G 367 1591 1
G 368 8154 215
G 369 7 0
G 370 7662 475
G 371 9667 0
G 372 4310 1
G 373 4 1
G 374 5265 0
G 375 7054 475
G 376 9998 1
G 377 4 1
G 378 8138 1
G 379 9235 1
G 380 9668 1
G 381 8006 267
G 382 1484 0
G 383 8138 0
G 384 1039 7
G 385 9022 1
G 386 7998 7
G 387 6 1
G 388 8690 0
G 389 6720 1
G 390 7530 1
G 391 7386 111
G 392 4 1
G 393 9731 1
G 394 1 1
G 395 9996 0
G 396 3 1
G 397 8863 1
G 398 8690 1
G 399 9029 0
G 400 5854 1
G 401 875 1
G 402 9997 1
G 403 5057 1
G 404 7498 163
G 405 9998 0
G 406 8006 1
G 407 10000 0
G 408 11 0
G 409 12 215
G 410 4037 1
G 411 8274 7
G 412 6726 319
G 413 1593 1
G 414 6 0
G 415 7 1
G 416 5 1
G 417 9999 1
G 418 9670 0
G 419 5266 527
G 420 7 0
G 421 605 0
G 422 7377 1
G 423 9999 1
G 424 6062 111
G 425 7046 0
G 426 9 0
G 427 9235 1
G 428 8595 1
G 429 9503 0
G 430 4365 163
G 431 6 0
G 432 5059 1
G 433 6725 1
G 434 9937 1
G 435 8 1
G 436 9999 1
G 437 1047 1
G 438 8864 1
G 439 9999 1
G 440 9733 1
G 441 10 1
G 442 771 267
G 443 3709 111
