Q 0 7 6
Q 1 8 5
Q 2 8 4
Q 3 1 3
Q 4 8 2
Q 5 3 5
Q 6 0 1
Q 7 13 0
Q 8 2 0
Q 9 0 2
Q 10 13 1
Q 11 4 0
Q 12 2 3
Q 13 8 6
Q 14 8 7
Q 15 9 4
Q 16 9 0
Q 17 4 4
Q 18 3 6
Q 19 1 6
Q 20 13 2
Q 21 4 2
Q 22 1 7
Q 23 3 7
Q 24 4 3
Q 25 4 5
Q 26 0 3
Q 27 9 1
Q 28 13 4
Q 29 0 4
Q 30 0 0
Q 31 9 7
Q 32 0 0
Q 33 4 6
Q 34 9 2
Q 35 13 6
Q 36 4 7
Q 37 13 7
Q 38 14 0
Q 39 9 3
Q 40 5 4
Q 41 5 0
Q 42 5 7
Q 43 14 1
Q 44 0 5
Q 45 9 5
Q 46 2 1
Q 47 10 0
Q 48 2 2
Q 49 10 2
Q 50 5 1
Q 51 14 2
Q 52 5 6
Q 53 2 5
Q 54 14 3
Q 55 3 2
Q 56 3 1
Q 57 14 4
Q 58 10 3
Q 59 14 5
Q 60 0 6
Q 61 1 0
Q 62 9 6
Q 63 10 4
Q 64 11 3
Q 65 10 5
Q 66 3 0
Q 67 2 6
Q 68 11 4
Q 69 5 5
Q 70 10 6
Q 71 5 2
Q 72 5 3
Q 73 10 1
Q 74 10 7
Q 75 11 5
Q 76 1 4
Q 77 11 2
Q 78 0 7
Q 79 6 2
Q 80 2 4
Q 81 2 7
Q 82 11 1
Q 83 12 2
Q 84 1 5
Q 85 6 3
Q 86 14 6
Q 87 1 1
Q 88 11 6
Q 89 6 1
Q 90 0 0
Q 91 4 1
Q 92 6 7
Q 93 11 7
Q 94 14 7
Q 95 11 0
Q 96 12 0
Q 97 15 0
Q 98 6 0
Q 99 12 3
Q 100 15 1
Q 101 12 5
Q 102 1 2
Q 103 12 4
Q 104 6 4
Q 105 13 3
Q 106 7 2
Q 107 6 5
Q 108 3 3
Q 109 12 1
Q 110 12 6
Q 111 6 6
Q 112 7 4
Q 113 7 0
Q 114 3 4
Q 115 7 7
Q 116 15 2
Q 117 15 3
Q 118 7 3
Q 119 7 1
Q 120 13 5
Q 121 8 3
Q 122 8 1
Q 123 8 0
Q 124 15 4
Q 125 15 5
Q 126 12 7
Q 127 7 5
G 0 3245 215
G 1 1 1
G 2 1 0
G 3 978 59
G 4 1 0
G 5 1 1
G 6 1 1
G 7 1 0
G 8 1 0
G 9 1 0
G 10 1 1
G 11 2864 371
G 12 3 0
G 13 4365 267
G 14 1 0
G 15 6931 215
G 16 1 1
G 17 1 0
G 18 167 163
G 19 1 0
G 20 226 319
G 21 546 371
G 22 1 59
G 23 1 1
G 24 4633 423
G 25 1 0
G 26 2 1
G 27 3 1
G 28 1 1
G 29 1 0
G 30 1 1
G 31 2 0
G 32 3 1
G 33 5 1
G 34 1 1
G 35 976 1
G 36 1255 475
G 37 4633 1
G 38 1 0
G 39 1 0
G 40 3461 1
G 41 1 1
G 42 8046 215
G 43 1 1
G 44 2 1
G 45 1 1
G 46 1 1
G 47 1 0
G 48 1038 1
G 49 2 1
G 50 1 1
G 51 4855 319
G 52 1 1
G 53 1 0
G 54 7153 319
G 55 5167 7
G 56 1671 59
G 57 1 1
G 58 7147 1
G 59 919 475
G 60 2 1
G 61 1 1
G 62 1254 215
G 63 61 163
G 64 1738 163
G 65 5 1
G 66 3463 371
G 67 1 1
G 68 1307 423
G 69 1 1
G 70 1 1
G 71 1 1
G 72 4361 1
G 73 3 1
G 74 6809 1
G 75 8262 0
G 76 3 0
G 77 61 0
G 78 1 0
G 79 1731 267
G 80 8263 1
G 81 8421 1
G 82 1 0
G 83 4 0
G 84 1 1
G 85 5201 0
G 86 225 1
G 87 3 1
G 88 1 1
G 89 5 1
G 90 7 0
G 91 8434 59
G 92 1 0
G 93 1 0
G 94 331 1
G 95 1 0
G 96 1 0
G 97 7473 1
G 98 6165 1
G 99 6289 111
G 100 1090 163
G 101 4372 267
G 102 6819 111
G 103 6167 111
G 104 1 1
G 105 1 1
G 106 1 0
G 107 1 0
G 108 2540 1
G 109 7 1
G 110 2 1
G 111 8 1
G 112 4111 1
G 113 1 1
G 114 2 1
G 115 3 1
G 116 3 0
G 117 1 0
G 118 1038 1
G 119 1731 1
G 120 9 1
G 121 5 0
G 122 6937 215
G 123 7475 0
G 124 3 1
G 125 1 1
G 126 333 1
G 127 1 1
G 128 6877 59
G 129 1 1
G 130 1999 0
G 131 1 1
G 132 3461 0
G 133 1731 0
G 134 1 1
G 135 1732 1
G 136 3 1
G 137 4 1
G 138 1 0
G 139 1 0
G 140 3 1
G 141 5175 1
G 142 61 1
G 143 1 1
G 144 1030 1
G 145 62 267
G 146 1999 7
G 147 2 1
G 148 5173 1
G 149 5175 7
G 150 1999 0
G 151 2484 59
G 152 2 0
G 153 3 1
G 154 1 1
G 155 5295 7
G 156 7778 267
G 157 5 0
G 158 1470 1
G 159 5311 215
G 160 5057 527
G 161 8046 0
G 162 8494 1
G 163 3348 111
G 164 1 1
G 165 1 0
G 166 6937 1
G 167 5585 579
G 168 3835 1
G 169 5527 1
G 170 1091 163
G 171 330 215
G 172 3 1
G 173 1 1
G 174 1 1
G 175 6 0
G 176 5177 1
G 177 1 1
G 178 10 0
G 179 1734 1
G 180 1992 7
G 181 4372 111
G 182 2 1
G 183 978 111
G 184 7536 59
G 185 1 0
G 186 5248 1
G 187 1472 1
G 188 2 1
G 189 1 1
G 190 3 1
G 191 5585 1
G 192 6755 59
G 193 3236 111
G 194 3462 1
G 195 4 1
G 196 3948 423
G 197 3 1
G 198 5527 319
G 199 3 1
G 200 1 1
G 201 1040 1
G 202 4 0
G 203 2000 215
G 204 54 7
G 205 1 1
G 206 2000 7
G 207 546 1
G 208 3 1
G 209 2542 1
G 210 6878 1
G 211 7 0
G 212 3245 1
G 213 10000 0
G 214 5 0
G 215 5532 1
G 216 330 0
G 217 332 0
G 218 8 1
G 219 2 1
G 220 8364 59
G 221 2760 0
G 222 1 1
G 223 3835 111
G 224 6166 59
G 225 6165 1
G 226 4 1
G 227 7 1
G 228 4 1
G 229 8264 0
G 230 3837 527
G 231 1731 0
G 232 1395 0
G 233 2 1
G 234 331 163
G 235 7762 1
G 236 5179 0
G 237 1 0
G 238 1254 1
G 239 918 59
G 240 1 1
G 241 7214 163
G 242 5250 1
G 243 1256 1
G 244 8046 1
G 245 3204 1
G 246 7764 1
G 247 2 1
G 248 6931 0
G 249 7766 1
G 250 5235 59
G 251 6817 59
G 252 1733 0
G 253 6228 527
G 254 5787 1
G 255 1258 1
G 256 3 0
G 257 8265 267
G 258 4640 0
G 259 1 1
G 260 1 1
G 261 5175 59
G 262 6226 0
G 263 1474 0
G 264 331 0
G 265 62 0
G 266 5847 319
G 267 6229 59
G 268 3460 319
G 269 3 1
G 270 4633 1
G 271 5529 0
G 272 8496 0
G 273 1 0
G 274 1042 1
G 275 6279 0
G 276 4363 1
G 277 8497 0
G 278 7760 7
G 279 6279 1
G 280 6167 1
G 281 4641 0
G 282 8533 111
G 283 4371 215
G 284 6167 0
G 285 4640 59
G 286 3 0
G 287 4365 1
G 288 8645 59
G 289 2216 1
G 290 227 1
G 291 7768 1
G 292 1044 1
G 293 7703 0
G 294 3947 1
G 295 4700 0
G 296 7544 111
G 297 3464 1
G 298 7378 215
G 299 1260 1
G 300 3 0
G 301 3 0
G 302 3780 0
G 303 7924 267
G 304 8705 0
G 305 6810 0
G 306 1 1
G 307 7768 1
G 308 166 163
G 309 3781 0
G 310 9499 1
G 311 4642 1
G 312 5235 0
G 313 6932 1
G 314 5 1
G 315 1040 1
G 316 3 1
G 317 3 0
G 318 4587 267
G 319 3 1
G 320 6281 7
G 321 6226 1
G 322 6 0
G 323 3 0
G 324 9999 1
G 325 6811 7
G 326 7656 267
G 327 3791 579
G 328 7704 1
G 329 8304 59
G 330 7476 59
G 331 1 1
G 332 495 1
G 333 7473 1
G 334 6756 1
G 335 2 1
G 336 4371 0
G 337 6939 1
G 338 8498 1
G 339 6167 0
G 340 6399 1
G 341 7706 1
G 342 5 1
G 343 6934 1
G 344 7924 371
G 345 3020 215
G 346 4701 0
G 347 5295 1
G 348 2 1
G 349 1 1
G 350 8364 267
G 351 9999 1
G 352 3237 7
G 353 2 1
G 354 7770 7
G 355 8705 527
G 356 4 1
G 357 6064 1
G 358 1 1
G 359 4 0
G 360 2544 319
G 361 7536 7
G 362 6289 0
G 363 4702 0
G 364 5 1
G 365 5530 1
G 366 495 0
G 367 9997 1
G 368 6013 215
G 369 7 0
G 370 6401 475
G 371 330 0
G 372 7768 1
G 373 4 1
G 374 4371 0
G 375 2008 475
G 376 8705 1
G 377 4 1
G 378 6877 1
G 379 8296 1
G 380 331 1
G 381 9233 267
G 382 1736 0
G 383 6877 0
G 384 5303 7
G 385 1734 1
G 386 8296 7
G 387 6 1
G 388 2864 0
G 389 8494 1
G 390 2484 1
G 391 9725 111
G 392 4 1
G 393 9997 1
G 394 1 1
G 395 4367 0
G 396 3 1
G 397 8632 1
G 398 2864 1
G 399 6228 0
G 400 5295 1
G 401 2218 1
G 402 4368 1
G 403 9233 1
G 404 9837 163
G 405 8706 0
G 406 8304 1
G 407 8707 0
G 408 2000 0
G 409 9509 215
G 410 7594 1
G 411 9501 7
G 412 8642 319
G 413 9999 1
G 414 6 0
G 415 7 1
G 416 5 1
G 417 8707 1
G 418 333 0
G 419 6227 527
G 420 7 0
G 421 4484 0
G 422 6168 1
G 423 6941 1
G 424 7924 111
G 425 8962 0
G 426 9 0
G 427 8296 1
G 428 8364 1
G 429 10000 0
G 430 7596 163
G 431 6 0
G 432 9235 1
G 433 5235 1
G 434 8645 1
G 435 8 1
G 436 4370 1
G 437 9999 1
G 438 3949 1
G 439 7544 1
G 440 9999 1
G 441 10 1
G 442 1731 267
G 443 6177 111
R 0 8 3
R 3 4 6
R 11 6 7
R 13 6 4
R 15 6 7
R 18 7 4
R 20 7 3
R 21 2 7
R 22 2 5
R 24 10 2
R 36 0 3
R 42 5 6
R 51 10 4
R 54 2 6
R 55 7 3
R 56 6 5
R 59 11 5
R 62 9 1
R 63 3 1
R 64 6 2
R 66 0 3
R 68 3 6
R 79 1 0
R 91 1 7
R 99 8 5
R 100 9 7
R 101 3 0
R 102 2 2
R 103 1 6
R 122 0 4
R 128 11 1
R 145 0 5
R 146 1 0
R 149 4 4
R 151 4 6
R 155 3 5
R 156 11 4
R 159 3 1
R 160 11 6
R 163 0 0
R 167 0 7
R 170 0 3
R 171 0 7
R 180 6 7
R 181 9 4
R 183 3 7
R 184 1 4
R 192 4 1
R 193 3 1
R 196 8 1
R 198 6 1
R 203 0 3
R 204 8 1
R 206 2 5
R 220 1 5
R 223 8 7
R 224 6 7
R 230 11 3
R 234 9 5
R 239 3 2
R 241 4 0
R 250 7 2
R 251 0 0
R 253 1 3
R 257 5 4
R 261 5 3
R 266 2 4
R 267 7 7
R 268 0 1
R 278 0 6
R 282 10 0
R 283 6 2
R 285 4 1
R 288 9 0
R 296 4 1
R 298 5 0
R 303 10 1
R 308 12 1
R 318 11 1
R 320 2 4
R 325 1 2
R 326 2 1
R 327 12 2
R 329 1 1
R 330 2 2
R 344 1 2
R 345 1 6
R 350 1 2
R 352 1 7
R 354 1 5
R 355 12 0
R 360 3 6
R 361 2 3
R 368 4 6
R 370 1 5
R 375 12 5
R 381 1 2
R 384 7 4
R 386 2 2
R 391 4 4
R 404 2 2
R 409 12 7
R 411 1 0
R 412 1 3
R 419 11 2
R 424 0 6
R 430 0 0
R 442 12 5
R 443 3 0
