Q 0 1 1
Q 1 0 4
Q 2 1 2
Q 3 0 7
Q 4 1 3
Q 5 0 3
Q 6 0 5
Q 7 1 0
Q 8 1 4
Q 9 1 5
Q 10 1 6
Q 11 0 1
Q 12 1 7
Q 13 0 0
Q 14 0 6
Q 15 0 2
G 0 1 1
G 1 1 1
G 2 1 0
G 3 9 7
G 4 1 1
G 5 1 1
G 6 3 1
G 7 116 59
G 8 2 1
G 9 1 7
G 10 45 7
G 11 3 0
G 12 252 7
G 13 336 7
G 14 35 1
G 15 17 1
G 16 176 1
G 17 4 1
G 18 19 7
G 19 53 1
G 20 1 0
G 21 260 7
G 22 1 1
G 23 55 0
G 24 276 59
G 25 27 7
G 26 1 1
G 27 4 0
G 28 268 7
G 29 268 1
G 30 3 1
G 31 344 1
G 32 176 7
G 33 276 1
G 34 35 1
G 35 3 1
G 36 5 1
G 37 37 7
G 38 184 59
G 39 184 0
G 40 6 0
G 41 45 1
G 42 270 0
G 43 178 1
G 44 244 7
G 45 56 59
R 3 0 0
R 7 0 2
R 9 0 2
R 10 1 3
R 12 0 5
R 13 1 4
R 18 0 2
R 21 0 5
R 24 0 4
R 25 0 2
R 28 0 7
R 32 1 0
R 37 0 1
R 38 0 2
R 44 1 2
R 45 1 3
