Q 0 1 1
Q 1 0 4
Q 2 1 2
Q 3 0 7
Q 4 1 3
Q 5 0 3
Q 6 0 5
Q 7 1 0
Q 8 1 4
Q 9 1 5
Q 10 1 6
Q 11 0 1
Q 12 1 7
Q 13 0 0
Q 14 0 6
Q 15 0 2
G 0 1 1
G 1 1 1
G 2 1 0
G 3 1 7
G 4 1 1
G 5 1 1
G 6 3 1
G 7 159 59
G 8 2 1
G 9 1 7
G 10 9 7
G 11 3 0
G 12 279 7
G 13 287 7
G 14 27 1
G 15 9 1
G 16 219 1
G 17 4 1
G 18 11 7
G 19 17 1
G 20 1 0
G 21 287 7
G 22 1 1
G 23 19 0
G 24 219 59
G 25 19 7
G 26 1 1
G 27 4 0
G 28 295 7
G 29 295 1
G 30 3 1
G 31 295 1
G 32 9 7
G 33 303 1
G 34 27 1
G 35 3 1
G 36 5 1
G 37 89 7
G 38 29 59
G 39 17 0
G 40 6 0
G 41 97 1
G 42 297 0
G 43 221 1
G 44 223 7
G 45 99 59
