Q 0 0 2
Q 1 13 7
Q 2 12 4
Q 3 9 5
Q 4 5 3
Q 5 0 11
Q 6 5 7
Q 7 0 3
Q 8 5 4
Q 9 0 4
Q 10 12 7
Q 11 2 7
Q 12 4 14
Q 13 0 0
Q 14 9 12
Q 15 11 6
Q 16 9 4
Q 17 9 10
Q 18 0 5
Q 19 1 11
Q 20 3 2
Q 21 10 5
Q 22 0 12
Q 23 13 3
Q 24 13 12
Q 25 5 5
Q 26 9 9
Q 27 14 7
Q 28 6 3
Q 29 4 15
Q 30 9 3
Q 31 1 3
Q 32 2 9
Q 33 1 1
Q 34 13 14
Q 35 0 6
Q 36 5 11
Q 37 5 12
Q 38 9 15
Q 39 6 8
Q 40 10 10
Q 41 6 6
Q 42 9 1
Q 43 6 5
Q 44 9 13
Q 45 10 4
Q 46 1 7
Q 47 2 5
Q 48 5 13
Q 49 6 10
Q 50 10 0
Q 51 0 13
Q 52 2 10
Q 53 9 14
Q 54 6 7
Q 55 10 12
Q 56 10 9
Q 57 6 9
Q 58 2 1
Q 59 11 8
Q 60 5 14
Q 61 5 15
Q 62 13 9
Q 63 6 11
Q 64 1 15
Q 65 2 8
Q 66 1 12
Q 67 6 0
Q 68 10 1
Q 69 10 11
Q 70 13 15
Q 71 11 0
Q 72 14 0
Q 73 1 0
Q 74 14 1
Q 75 2 6
Q 76 6 14
Q 77 3 4
Q 78 10 14
Q 79 6 4
Q 80 1 5
Q 81 6 12
Q 82 6 1
Q 83 0 14
Q 84 1 14
Q 85 6 2
Q 86 2 11
Q 87 1 13
Q 88 10 3
Q 89 11 9
Q 90 7 2
Q 91 10 13
Q 92 7 0
Q 93 11 5
Q 94 14 2
Q 95 7 4
Q 96 11 10
Q 97 3 1
Q 98 11 11
Q 99 12 9
Q 100 14 3
Q 101 12 10
Q 102 3 7
Q 103 7 1
Q 104 2 12
Q 105 14 4
Q 106 3 6
Q 107 14 10
Q 108 11 4
Q 109 14 11
Q 110 7 11
Q 111 7 8
Q 112 7 6
Q 113 14 12
Q 114 2 13
Q 115 2 14
Q 116 0 7
Q 117 14 6
Q 118 13 6
Q 119 3 0
Q 120 14 13
Q 121 3 5
Q 122 3 9
Q 123 11 13
Q 124 0 15
Q 125 11 12
Q 126 6 13
Q 127 13 8
Q 128 2 15
Q 129 3 8
Q 130 13 5
Q 131 7 10
Q 132 10 2
Q 133 1 6
Q 134 3 3
Q 135 6 15
Q 136 14 14
Q 137 7 13
Q 138 3 10
Q 139 4 2
Q 140 4 6
Q 141 11 3
Q 142 4 5
Q 143 14 15
Q 144 1 8
Q 145 7 7
Q 146 10 6
Q 147 7 9
Q 148 15 0
Q 149 4 1
Q 150 3 11
Q 151 7 3
Q 152 10 15
Q 153 11 7
Q 154 15 1
Q 155 11 1
Q 156 3 12
Q 157 4 3
Q 158 7 5
Q 159 4 0
Q 160 11 2
Q 161 8 0
Q 162 12 0
Q 163 15 2
Q 164 1 9
Q 165 12 12
Q 166 12 2
Q 167 15 3
Q 168 11 14
Q 169 8 5
Q 170 7 14
Q 171 7 15
Q 172 8 6
Q 173 14 8
Q 174 12 1
Q 175 7 12
Q 176 3 13
Q 177 12 11
Q 178 13 4
Q 179 8 9
Q 180 8 2
Q 181 8 7
Q 182 12 6
Q 183 13 10
Q 184 5 1
Q 185 8 12
Q 186 14 9
Q 187 13 0
Q 188 12 5
Q 189 8 15
Q 190 8 13
Q 191 3 14
Q 192 12 8
Q 193 4 4
Q 194 4 7
Q 195 9 7
Q 196 15 4
Q 197 15 8
Q 198 8 1
Q 199 12 13
Q 200 4 8
Q 201 5 0
Q 202 8 3
Q 203 1 10
Q 204 4 9
Q 205 8 4
Q 206 15 5
Q 207 0 0
Q 208 2 3
Q 209 10 7
Q 210 4 10
Q 211 11 15
Q 212 0 1
Q 213 8 8
Q 214 5 8
Q 215 8 10
Q 216 2 2
Q 217 9 6
Q 218 5 2
Q 219 8 11
Q 220 2 0
Q 221 12 3
Q 222 15 6
Q 223 5 6
Q 224 15 7
Q 225 14 5
Q 226 0 8
Q 227 9 2
Q 228 15 9
Q 229 13 11
Q 230 13 1
Q 231 15 10
Q 232 4 11
Q 233 15 11
Q 234 15 12
Q 235 12 15
Q 236 5 10
Q 237 4 12
Q 238 15 13
Q 239 0 9
Q 240 15 14
Q 241 10 8
Q 242 3 15
Q 243 2 4
Q 244 1 4
Q 245 8 14
Q 246 1 2
Q 247 0 10
Q 248 12 14
Q 249 4 13
Q 250 5 9
Q 251 9 11
Q 252 13 13
Q 253 9 8
Q 254 13 2
Q 255 9 0
G 0 1 7
G 1 1 0
G 2 1 1
G 3 8556 371
G 4 1 0
G 5 4028 163
G 6 1 0
G 7 1 1
G 8 1005 7
G 9 1 1
G 10 1 0
G 11 4356 267
G 12 1 1
G 13 1 0
G 14 2 1
G 15 2 1
G 16 9204 267
G 17 1 1
G 18 1 1
G 19 1 0
G 20 1 1
G 21 1 0
G 22 630 215
G 23 1 7
G 24 1 0
G 25 10569 0
G 26 1 0
G 27 2 1
G 28 2 1
G 29 1 1
G 30 1 1
G 31 1 1
G 32 1 1
G 33 1 0
G 34 1 1
G 35 1 1
G 36 1005 7
G 37 1 0
G 38 1 1
G 39 3177 59
G 40 1 0
G 41 1 0
G 42 17523 0
G 43 3237 423
G 44 1 1
G 45 1 1
G 46 1 0
G 47 3128 163
G 48 1 0
G 49 3549 163
G 50 9300 111
G 51 1 1
G 52 1 1
G 53 1 0
G 54 1 0
G 55 1 0
G 56 1 1
G 57 1 0
G 58 2 1
G 59 3549 423
G 60 6084 0
G 61 4991 0
G 62 1 1
G 63 1 1
G 64 1 1
G 65 5649 215
G 66 1 1
G 67 1 0
G 68 1 1
G 69 5642 1
G 70 1 0
G 71 1 1
G 72 1 0
G 73 1 1
G 74 3 1
G 75 9472 1
G 76 1 1
G 77 425 579
G 78 5582 1
G 79 1 111
G 80 1 1
G 81 3 0
G 82 1 1
G 83 1 0
G 84 1 0
G 85 1 0
G 86 1 0
G 87 1 1
G 88 5543 215
G 89 1 7
G 90 1 0
G 91 5759 0
G 92 1 1
G 93 1 1
G 94 1 1
G 95 1 1
G 96 1 423
G 97 3 1
G 98 1 1
G 99 1 0
G 100 6077 7
G 101 5549 527
G 102 1 1
G 103 3 1
G 104 1 1
G 105 2 1
G 106 846 7
G 107 1 0
G 108 1 1
G 109 2 1
G 110 1 1
G 111 1 1
G 112 6347 683
G 113 5 1
G 114 5264 371
G 115 2 1
G 116 3 1
G 117 2 0
G 118 1 1
G 119 1489 423
G 120 414 215
G 121 1 1
G 122 3973 0
G 123 1 1
G 124 1 0
G 125 3 111
G 126 1 1
G 127 854 1
G 128 1 0
G 129 1 1
G 130 1 1
G 131 3 1
G 132 5759 0
G 133 1 1
G 134 1 1
G 135 1 0
G 136 3612 319
G 137 1 0
G 138 8928 371
G 139 3 1
G 140 1 1
G 141 1 0
G 142 2335 1
G 143 1 0
G 144 1 0
G 145 1 1
G 146 1 1
G 147 3 1
G 148 1 0
G 149 1 1
G 150 9300 0
G 151 1913 1
G 152 2337 579
G 153 1 59
G 154 3 1
G 155 3 1
G 156 2 1
G 157 10085 1
G 158 1 1
G 159 1 1
G 160 4 1
G 161 4 1
G 162 113 1
G 163 1 1
G 164 1 0
G 165 1 1
G 166 1 7
G 167 2 1
G 168 1 1
G 169 1 1
G 170 1 7
G 171 2917 163
G 172 3713 1
G 173 1 1
G 174 3 1
G 175 2917 319
G 176 3 1
G 177 4 1
G 178 1 1
G 179 1 1
G 180 3 1
G 181 9412 1
G 182 5584 0
G 183 1 1
G 184 1 1
G 185 7716 839
G 186 3292 1
G 187 6496 735
G 188 3974 1
G 189 1 1
G 190 1 1
G 191 3 0
G 192 19995 0
G 193 3 1
G 194 11248 163
G 195 1 0
G 196 3 1
G 197 1 163
G 198 1 1
G 199 10087 0
G 200 2917 631
G 201 4821 7
G 202 9976 7
G 203 113 319
G 204 1 1
G 205 3 0
G 206 9474 0
G 207 8928 0
G 208 4992 1
G 209 14622 1
G 210 5113 267
G 211 5 0
G 212 5 0
G 213 4821 1
G 214 13514 1
G 215 7 0
G 216 4028 1
G 217 18909 111
G 218 8774 7
G 219 433 7
G 220 1 1
G 221 5 0
G 222 3 1
G 223 9802 1
G 224 7 1
G 225 9414 319
G 226 1 1
G 227 1 1
G 228 1 1
G 229 3 1
G 230 9301 1
G 231 11822 371
G 232 433 1
G 233 8929 0
G 234 4821 7
G 235 5636 1
G 236 16796 111
G 237 2493 423
G 238 4624 7
G 239 4632 0
G 240 2 1
G 241 3 1
G 242 1 1
G 243 7031 1
G 244 1 0
G 245 6077 7
G 246 1 1
G 247 115 1
G 248 1 1
G 249 3 7
G 250 2 1
G 251 1 0
G 252 1 1
G 253 12194 111
G 254 3549 0
G 255 1 0
G 256 2 0
G 257 6 1
G 258 1 0
G 259 1 1
G 260 13073 267
G 261 5967 111
G 262 3 1
G 263 1913 1
G 264 1 1
G 265 4 0
G 266 3 0
G 267 4033 787
G 268 3 1
G 269 1 1
G 270 3932 1
G 271 1915 0
G 272 4 1
G 273 9300 1
G 274 3 0
G 275 2 1
G 276 1 0
G 277 2917 0
G 278 1 0
G 279 9 0
G 280 13341 1
G 281 5 1
G 282 14624 59
G 283 7031 0
G 284 9740 59
G 285 9 1
G 286 2917 1
G 287 1 0
G 288 10 0
G 289 3 1
G 290 5 1
G 291 6085 7
G 292 105 319
G 293 1 1
G 294 6347 319
G 295 1 0
G 296 6079 1
G 297 9800 1
G 298 3 0
G 299 17522 1
G 300 2 0
G 301 1 1
G 302 10348 267
G 303 17524 111
G 304 4829 0
G 305 12572 215
G 306 9412 0
G 307 6667 1
G 308 9802 0
G 309 3 1
G 310 4821 1
G 311 8556 215
G 312 165 1
G 313 1913 423
G 314 9984 631
G 315 3 1
G 316 425 0
G 317 2 0
G 318 3 1
G 319 6085 7
G 320 10076 1
G 321 8772 1
G 322 8660 59
G 323 6 1
G 324 3715 1
G 325 1 1
G 326 1530 267
G 327 1 1
G 328 1 0
G 329 1 1
G 330 9 1
G 331 4845 267
G 332 53 371
G 333 9914 7
G 334 1013 7
G 335 3500 527
G 336 856 0
G 337 2917 1
G 338 1 0
G 339 167 1
G 340 13343 0
G 341 1 1
G 342 7708 319
G 343 3 0
G 344 53 371
G 345 3 1
G 346 5 0
G 347 3 1
G 348 1 1
G 349 1 1
G 350 735 267
G 351 9 0
G 352 9084 215
G 353 3 1
G 354 9 0
G 355 1 1
G 356 5 1
G 357 2 0
G 358 13401 0
G 359 857 631
G 360 9 1
G 361 6669 1
G 362 1539 1
G 363 4829 1
G 364 6667 1
G 365 18900 7
G 366 1 1
G 367 1798 1
G 368 5 1
G 369 7 1
G 370 3932 371
G 371 6085 59
G 372 4 1
G 373 12306 371
G 374 5 1
G 375 2 1
G 376 1 0
G 377 7232 1
G 378 5585 0
G 379 19996 1
G 380 6 1
G 381 169 0
G 382 11932 319
G 383 3713 0
G 384 2 1
G 385 10570 1
G 386 13344 111
G 387 17635 0
G 388 19996 0
G 389 18908 0
G 390 8772 1
G 391 6077 1
G 392 2 1
G 393 6079 267
G 394 4889 59
G 395 3 1
G 396 12467 0
G 397 8720 1
G 398 4304 319
G 399 10892 111
G 400 9413 1
G 401 1 0
G 402 3 0
G 403 1021 0
G 404 4 0
G 405 16908 1
G 406 4 1
G 407 3 1
G 408 19997 1
G 409 1 0
G 410 1 0
G 411 1 1
G 412 8774 0
G 413 9803 0
G 414 10 1
G 415 4 1
G 416 12194 1
G 417 6 1
G 418 7716 267
G 419 13402 1
G 420 19208 0
G 421 1522 7
G 422 1800 0
G 423 1489 1
G 424 3 0
G 425 1 0
G 426 1 0
G 427 17098 7
G 428 4192 267
G 429 3 1
G 430 433 423
G 431 4994 0
G 432 3 1
G 433 5760 1
G 434 16471 0
G 435 354 59
G 436 13456 59
G 437 19999 1
G 438 19136 215
G 439 19997 1
G 440 1 1
G 441 19999 1
G 442 4997 1
G 443 3 1
G 444 6148 1
G 445 11 0
G 446 8728 1
G 447 8978 1
G 448 19999 1
G 449 12850 1
G 450 15420 527
G 451 8777 1
G 452 10619 1
G 453 14684 215
G 454 19999 1
G 455 13520 1
G 456 15447 0
G 457 6289 7
G 458 3550 1
G 459 3 1
G 460 7 0
G 461 10022 215
G 462 3 1
G 463 19994 1
G 464 168 1
G 465 16473 1
G 466 15456 527
G 467 10078 1
G 468 1 1
G 469 2 1
G 470 19209 1
G 471 4624 0
G 472 3973 59
G 473 10 0
G 474 7033 1
G 475 4460 1
G 476 5753 1
G 477 2 1
G 478 16476 319
G 479 7984 1
G 480 1 1
G 481 6669 1
G 482 1541 371
G 483 3 0
G 484 4 1
G 485 5264 319
G 486 6081 1
G 487 7035 0
G 488 12 1
G 489 857 1
G 490 14 1
G 491 2 0
G 492 16803 0
G 493 19997 1
G 494 13834 1
G 495 5 1
G 496 14679 0
G 497 1514 1
G 498 5760 1
G 499 5 1
G 500 1913 1
G 501 441 0
G 502 17630 1
G 503 1 1
G 504 11 1
G 505 5969 319
G 506 1022 0
G 507 4823 1
G 508 4304 1
G 509 6093 59
G 510 4 1
G 511 4 1
G 512 4829 7
G 513 2337 0
G 514 4 1
G 515 6671 59
G 516 4823 1
G 517 6 1
G 518 2 1
G 519 11412 527
G 520 1 0
G 521 18476 423
G 522 17632 1
G 523 4624 371
G 524 19992 1
G 525 18900 1
G 526 4949 1
G 527 18416 59
G 528 5 0
G 529 8775 1
G 530 5755 1
G 531 4030 1
G 532 9983 0
G 533 8988 215
G 534 1003 1
G 535 3 1
G 536 1 1
G 537 3 1
G 538 1801 111
G 539 3294 1
G 540 9804 215
G 541 4 0
G 542 2919 1
G 543 5584 1
G 544 8782 59
G 545 4032 1
G 546 4 1
G 547 7 0
G 548 3 1
G 549 14680 0
G 550 3 0
G 551 9922 1
G 552 2 1
G 553 9924 59
G 554 13456 1
G 555 61 0
G 556 3661 163
G 557 6027 7
G 558 3 0
G 559 4829 59
G 560 3 1
G 561 4996 59
G 562 1 0
G 563 1915 1
G 564 6093 1
G 565 5 0
G 566 3 0
G 567 10080 7
G 568 113 1
G 569 14684 215
G 570 857 1
G 571 6145 1
G 572 4460 1
G 573 5381 267
G 574 13516 319
G 575 5757 1
G 576 4831 1
G 577 5163 1
G 578 4 1
G 579 3 0
G 580 12306 1
G 581 1 1
G 582 5 0
G 583 9475 1
G 584 3713 319
G 585 10616 371
G 586 2 1
G 587 6153 0
G 588 10020 59
G 589 5649 1
G 590 12196 1
G 591 16804 267
G 592 3 1
G 593 1 1
G 594 4306 1
G 595 4 0
G 596 4308 215
G 597 5 1
G 598 6 1
G 599 16472 1
G 600 8722 1
G 601 4889 1
G 602 6 1
G 603 5056 1
G 604 8 1
G 605 16 0
G 606 1023 1
G 607 17 1
G 608 8724 1
G 609 10020 1
G 610 7557 7
G 611 5 1
G 612 9297 0
G 613 6085 0
G 614 1522 7
G 615 4 1
G 616 1 1
G 617 10616 1
G 618 3 0
G 619 62 1
G 620 4 1
G 621 426 1
G 622 19992 0
G 623 6 1
G 624 4833 1
G 625 12678 1
G 626 19997 0
G 627 19996 1
G 628 17634 0
G 629 1005 423
G 630 6671 1
G 631 8556 423
G 632 19993 1
G 633 18908 7
G 634 5762 0
G 635 17106 0
G 636 5753 1
G 637 2 0
G 638 15419 0
G 639 16460 475
G 640 10616 371
G 641 5273 7
G 642 19208 1
G 643 7 0
G 644 10801 1
G 645 15446 1
G 646 3 0
G 647 5644 0
G 648 19998 0
G 649 14682 0
G 650 5755 1
G 651 5058 0
G 652 1913 0
G 653 3 1
G 654 859 1
G 655 13404 111
G 656 4995 0
G 657 4 1
G 658 165 0
G 659 16910 1
G 660 10088 527
G 661 17636 839
G 662 15948 527
G 663 5648 0
G 664 17634 1
G 665 12252 0
G 666 1 1
G 667 14096 1
G 668 1 1
G 669 4033 579
G 670 4837 7
G 671 8 0
G 672 5645 1
G 673 19465 527
G 674 19999 1
G 675 7 0
G 676 10988 1
G 677 2 0
G 678 3 0
G 679 17522 1
G 680 5757 1
G 681 16474 1
G 682 11 1
G 683 2338 0
G 684 19211 0
G 685 11 1
G 686 10988 423
G 687 861 1
G 688 14900 475
G 689 11404 7
G 690 6 0
G 691 5 0
G 692 5647 111
G 693 19668 319
G 694 1 1
G 695 14681 1
G 696 1 1
G 697 5759 319
G 698 15449 1
G 699 13 1
G 700 7986 1
G 701 6 0
G 702 1 1
G 703 19212 787
G 704 19134 1
G 705 15451 1
G 706 12468 319
G 707 14104 579
G 708 15984 475
G 709 15376 7
G 710 3296 1
G 711 64 0
G 712 12850 215
G 713 4524 1
G 714 3 1
G 715 10616 267
G 716 10884 0
G 717 1025 0
G 718 12678 7
G 719 19997 0
G 720 4996 267
G 721 4 0
G 722 9 0
G 723 3 0
G 724 15376 1
G 725 2 0
G 726 8 0
G 727 6 1
G 728 5759 1
G 729 4624 371
G 730 8930 0
G 731 18476 0
G 732 115 1
G 733 12680 1
G 734 19994 1
G 735 11412 0
G 736 19783 215
G 737 3 1
G 738 9984 267
G 739 5636 267
G 740 4526 1
G 741 16876 1
G 742 18477 163
G 743 19994 0
G 744 19210 1
G 745 10 1
G 746 12682 0
G 747 5 0
G 748 19995 1
G 749 8980 1
G 750 5324 1
G 751 6 0
G 752 5 1
G 753 6731 371
G 754 166 1
G 755 425 0
G 756 19996 1
G 757 17636 7
G 758 19995 1
G 759 12253 1
G 760 3717 1
G 761 5586 371
G 762 1 1
G 763 8363 0
G 764 3 1
G 765 1429 0
G 766 7 1
G 767 2 1
G 768 12400 475
G 769 10616 371
G 770 2921 0
G 771 19999 1
G 772 4951 267
G 773 9 1
G 774 17644 1
G 775 2918 1
G 776 19999 1
G 777 16476 0
G 778 5281 267
G 779 9302 1
G 780 19997 0
G 781 7 1
G 782 3 1
G 783 7 0
G 784 1430 1
G 785 4462 1
G 786 8720 267
G 787 1 1
G 788 19998 1
G 789 15453 1
G 790 16472 0
G 791 65 1
G 792 6 0
G 793 2 0
G 794 4252 371
G 795 10618 0
G 796 19997 1
G 797 5 0
G 798 5649 319
G 799 13 111
G 800 19998 1
G 801 19995 1
G 802 9298 1
G 803 7103 1
G 804 3 1
G 805 4996 0
G 806 6673 1
G 807 15446 1
G 808 8 1
G 809 16878 1
G 810 19988 0
G 811 19998 0
G 812 12198 0
G 813 3 0
G 814 14683 0
G 815 4 1
G 816 17636 319
G 817 14098 0
G 818 3976 1
G 819 5 0
G 820 13521 1
G 821 12199 0
G 822 10572 319
G 823 10079 0
G 824 19998 1
G 825 5281 1
G 826 19997 1
G 827 12255 1
G 828 5 0
G 829 19212 215
G 830 13523 0
G 831 4624 0
G 832 19997 1
G 833 8988 1
G 834 7105 579
G 835 1 1
G 836 19995 1
G 837 7 111
G 838 5757 1
G 839 3825 1
G 840 19999 1
G 841 15524 423
G 842 9 0
G 843 13836 1
G 844 4464 1
G 845 1026 0
G 846 15455 0
G 847 6147 0
G 848 9477 0
G 849 4 0
G 850 19998 1
G 851 1 1
G 852 12788 1
G 853 4 1
G 854 8726 1
G 855 15316 59
G 856 3827 0
G 857 1003 1
G 858 10088 0
G 859 11940 1
G 860 3 1
G 861 426 0
G 862 9300 683
G 863 15384 579
G 864 7031 7
G 865 18900 59
G 866 1798 0
G 867 16588 215
G 868 13402 1
G 869 1 1
G 870 16796 1
G 871 5 0
G 872 12252 215
G 873 6172 59
G 874 12683 1
G 875 5059 267
G 876 5 0
G 877 9472 267
G 878 17635 0
G 879 17108 267
G 880 19999 1
G 881 11942 1
G 882 1432 1
G 883 10252 0
G 884 4625 1
G 885 18474 1
G 886 17524 111
G 887 3081 1
G 888 14684 0
G 889 12872 1
G 890 19999 1
G 891 12686 163
G 892 15448 111
G 893 19997 1
G 894 8026 1
G 895 18473 0
G 896 13932 59
G 897 19988 0
G 898 19989 0
G 899 13404 111
G 900 5 1
G 901 5 0
G 902 12874 0
G 903 18474 1
G 904 4996 1
G 905 6297 1
G 906 16460 1
G 907 15448 7
G 908 6 0
G 909 8 1
G 910 19997 1
G 911 12876 0
G 912 2 0
G 913 19995 1
G 914 6086 0
G 915 10988 1
G 916 5165 215
G 917 8931 0
G 918 13836 267
G 919 19999 1
G 920 6 1
G 921 67 1
G 922 5958 0
G 923 12875 0
G 924 12876 0
G 925 16476 111
G 926 19997 0
G 927 10 1
G 928 10089 0
G 929 19999 1
G 930 14683 0
G 931 13522 1
G 932 11944 1
G 933 13516 7
G 934 15560 1
G 935 17800 423
G 936 16460 527
G 937 18476 423
G 938 10252 319
G 939 6079 1
G 940 19994 1
G 941 16880 215
G 942 19999 1
G 943 6299 1
G 944 4998 1
G 945 17096 1
G 946 5000 0
G 947 8026 1
G 948 4034 1
G 949 16988 59
G 950 5 0
G 951 19998 0
G 952 13836 1
G 953 19999 1
G 954 19997 1
G 955 10621 1
G 956 2 1
G 957 16050 1
G 958 14099 1
G 959 14900 1
G 960 6 1
G 961 10080 267
G 962 19997 1
G 963 19999 1
G 964 10623 7
G 965 3292 319
G 966 14900 0
G 967 8730 0
G 968 7448 267
G 969 7036 1
G 970 19997 1
G 971 12787 0
G 972 3 1
G 973 17636 7
G 974 14901 1
G 975 9984 1
G 976 11413 1
G 977 19999 1
G 978 14684 735
G 979 5326 0
G 980 10892 1
G 981 5 1
G 982 6087 0
G 983 19996 1
G 984 6 1
G 985 4466 1
G 986 3 1
G 987 8 0
G 988 19999 1
G 989 19998 1
G 990 17098 1
G 991 5381 1
G 992 9 1
G 993 5065 163
G 994 19985 0
G 995 17106 1
G 996 5219 1
G 997 14101 1
G 998 5327 319
G 999 2920 0
G 1000 5759 267
G 1001 13992 111
G 1002 6154 1
G 1003 3719 1
G 1004 19998 1
G 1005 17096 0
G 1006 20000 0
G 1007 18476 0
G 1008 17644 1
G 1009 13838 1
G 1010 5221 59
G 1011 4 0
G 1012 12850 1
G 1013 3 0
G 1014 3552 59
G 1015 19998 1
G 1016 19996 1
G 1017 427 0
G 1018 12 0
G 1019 9984 0
G 1020 19996 1
G 1021 10616 1
G 1022 3 0
G 1023 5904 111
G 1024 19999 1
G 1025 17107 1
G 1026 19999 1
G 1027 8 1
G 1028 12686 0
G 1029 19998 1
G 1030 16475 0
G 1031 19998 1
G 1032 17636 319
G 1033 10990 0
G 1034 19998 0
G 1035 13836 319
G 1036 5056 0
G 1037 10 0
G 1038 19999 1
G 1039 7685 1
G 1040 5229 319
G 1041 6156 0
G 1042 11448 319
G 1043 20000 0
G 1044 7232 475
G 1045 14902 7
G 1046 8 1
G 1047 17636 0
G 1048 16804 267
G 1049 12788 735
G 1050 19999 1
G 1051 19999 1
G 1052 7038 1
G 1053 6081 1
G 1054 7031 683
G 1055 15384 0
G 1056 8978 1
G 1057 18476 735
G 1058 19999 1
G 1059 20000 0
G 1060 19999 1
G 1061 18916 1
G 1062 11768 631
G 1063 19999 1
G 1064 14103 0
G 1065 19999 1
G 1066 13840 1
G 1067 12687 1
G 1068 3 1
G 1069 5 0
G 1070 69 1
G 1071 19998 0
G 1072 5636 0
G 1073 4468 1
G 1074 20000 0
G 1075 15940 111
G 1076 17108 527
G 1077 6088 1
G 1078 12689 1
G 1079 19020 267
G 1080 19999 1
G 1081 10894 1
G 1082 19999 1
G 1083 17956 59
G 1084 9 0
G 1085 16912 1
G 1086 6289 1
G 1087 5549 0
G 1088 7715 1
G 1089 18900 1
G 1090 15420 371
G 1091 19352 0
G 1092 4613 1
G 1093 15560 423
G 1094 7717 267
G 1095 19986 1
G 1096 4901 163
G 1097 19989 0
G 1098 20000 0
G 1099 19999 1
G 1100 11352 59
G 1101 19998 0
G 1102 20000 0
G 1103 6 1
G 1104 4627 0
G 1105 170 0
G 1106 20000 0
G 1107 125 0
G 1108 11940 527
G 1109 19288 59
G 1110 19995 1
G 1111 19997 1
G 1112 17108 319
G 1113 19999 1
G 1114 12876 527
G 1115 19999 1
G 1116 18960 59
G 1117 20000 0
G 1118 3721 215
G 1119 17100 7
G 1120 11040 371
G 1121 8028 527
G 1122 20000 0
G 1123 19999 1
G 1124 4 1
G 1125 19999 1
G 1126 19428 1
G 1127 16914 1
G 1128 171 1
G 1129 13524 0
G 1130 17636 1
G 1131 17072 163
G 1132 15992 59
G 1133 7687 0
G 1134 20000 0
G 1135 3978 1
G 1136 20000 0
G 1137 20000 0
G 1138 19999 0
G 1139 20000 0
G 1140 13524 579
G 1141 14910 1
G 1142 17097 0
G 1143 12468 1
G 1144 6232 1
G 1145 19999 1
G 1146 19999 1
G 1147 20000 0
G 1148 126 1
G 1149 20000 0
G 1150 4628 1
G 1151 12852 1
G 1152 16588 0
G 1153 11768 7
G 1154 10 0
G 1155 17636 163
G 1156 14104 475
G 1157 17108 527
G 1158 19999 1
G 1159 19999 1
G 1160 11415 1
G 1161 16462 0
G 1162 10896 1
G 1163 16260 215
G 1164 17108 1
G 1165 6234 0
G 1166 19999 1
G 1167 5001 1
G 1168 19348 319
G 1169 19999 1
G 1170 5 0
G 1171 17376 1
G 1172 17636 7
G 1173 19999 1
G 1174 19999 1
G 1175 6235 111
G 1176 18918 1
G 1177 19999 1
G 1178 6090 0
G 1179 19988 1
G 1180 8556 1
G 1181 13842 0
G 1182 16476 631
G 1183 17048 475
G 1184 19999 1
G 1185 2922 0
G 1186 17098 1
G 1187 19990 7
G 1188 8980 319
G 1189 19353 111
G 1190 19288 7
G 1191 19993 7
G 1192 16052 423
G 1193 8 1
G 1194 173 1
G 1195 19999 1
