7
Reading programs/Scale/256/BP_256_2560/BP_256_2560.in
Reading programs/Scale/256/BP_256_2560/BP_256_2560.rr
Reading programs/Scale/256/BP_256_2560/BP_256_2560.des
Reading programs/Scale/256/BP_256_2560/BP_256_2560.pg
Reading programs/Scale/256/BP_256_2560/BP_256_2560.gmap
Experiment configuration
-----
Program:programs/Scale/256/BP_256_2560/BP_256_2560
Machine:16,16
Data aware:0
Routing policy:1
SR T:20000
Global T:20000
-----
nrows: 16 nCols: 16
Creating SR instance...
Gate time lower bound:1196
Single qubit gate duration:918
Dependency:1219
CNOT duration (data unaware):278
Routing (rectangle reservation):37850
Created SR instance
Checking instance with T=20000
Dummy gate constraints:1197
SAT
Dummy gate time:20000
Total Solve Time:6785
Constraints:
Mapping:0
Dependency:1219
Routing:37850
Stats:
arith_conflicts 0
arith_add_rows 0
conflicts 0
decisions 0
mk_clause 0
added_eqs 0
binary_propagations 0
restarts 0
All done!
