Q 0 4 4
Q 1 2 1
Q 2 0 0
Q 3 5 1
Q 4 4 5
Q 5 4 6
Q 6 4 3
Q 7 7 4
Q 8 0 4
Q 9 2 2
Q 10 3 2
Q 11 4 7
Q 12 6 2
Q 13 4 2
Q 14 0 3
Q 15 6 0
Q 16 0 5
Q 17 7 2
Q 18 1 5
Q 19 1 7
Q 20 6 3
Q 21 5 0
Q 22 7 1
Q 23 5 3
Q 24 5 4
Q 25 5 5
Q 26 5 6
Q 27 0 1
Q 28 2 6
Q 29 5 2
Q 30 1 3
Q 31 1 1
Q 32 4 0
Q 33 6 4
Q 34 1 0
Q 35 3 0
Q 36 2 5
Q 37 2 3
Q 38 5 7
Q 39 2 7
Q 40 7 5
Q 41 0 6
Q 42 0 7
Q 43 6 5
Q 44 3 7
Q 45 1 2
Q 46 7 3
Q 47 4 1
Q 48 2 4
Q 49 3 6
Q 50 3 3
Q 51 6 6
Q 52 6 7
Q 53 0 2
Q 54 2 0
Q 55 3 4
Q 56 6 1
Q 57 7 0
Q 58 1 4
Q 59 3 1
Q 60 7 6
Q 61 1 6
Q 62 3 5
Q 63 7 7
G 0 3849 111
G 1 1031 7
G 2 1 1
G 3 537 1
G 4 1 1
G 5 1039 1
G 6 3961 59
G 7 1 1
G 8 1 0
G 9 1 1
G 10 539 267
G 11 1 1
G 12 1 0
G 13 1 1
G 14 807 7
G 15 2 1
G 16 1 1
G 17 1 0
G 18 3 0
G 19 1 1
G 20 1041 0
G 21 1 1
G 22 1 1
G 23 3 1
G 24 807 0
G 25 4021 1
G 26 211 111
G 27 13 7
G 28 1 1
G 29 1195 111
G 30 1 0
G 31 1 1
G 32 1 0
G 33 1 0
G 34 2 1
G 35 1 1
G 36 1 0
G 37 1 1
G 38 818 7
G 39 3 1
G 40 3 0
G 41 3 1
G 42 15 111
G 43 1 1
G 44 1 1
G 45 3 1
G 46 4 0
G 47 1 1
G 48 5 7
G 49 815 215
G 50 3 1
G 51 2796 7
G 52 3 7
G 53 1040 0
G 54 4023 1
G 55 4647 1
G 56 13 1
G 57 3313 163
G 58 2 1
G 59 21 1
G 60 1 0
G 61 1 1
G 62 1 0
G 63 1 0
G 64 1039 0
G 65 4 0
G 66 2 1
G 67 323 215
G 68 969 59
G 69 3253 59
G 70 1 0
G 71 4021 1
G 72 4137 7
G 73 2351 7
G 74 1 1
G 75 3313 1
G 76 3315 0
G 77 2359 0
G 78 1 1
G 79 2 0
G 80 3 1
G 81 3961 1
G 82 5 1
G 83 4 0
G 84 3 1
G 85 2 0
G 86 1 0
G 87 4 1
G 88 3 1
G 89 3 1
G 90 3841 7
G 91 3 319
G 92 3 1
G 93 6 1
G 94 4636 7
G 95 2 1
G 96 5 1
G 97 1029 1
G 98 4645 1
G 99 826 1
G 100 3461 215
G 101 2804 0
G 102 3 0
G 103 1307 1
G 104 3584 1
G 105 1029 1
G 106 2360 1
G 107 1031 7
G 108 4644 1
G 109 3677 1
G 110 1031 163
G 111 4 1
G 112 323 1
G 113 815 0
G 114 3679 7
G 115 5 1
G 116 1 1
G 117 2805 7
G 118 4473 163
G 119 1053 111
G 120 6 1
G 121 4637 1
G 122 5 0
G 123 127 1
G 124 3461 59
G 125 1 1
G 126 5 1
G 127 1195 111
G 128 828 1
G 129 4639 7
G 130 1 1
G 131 3521 59
G 132 1 1
G 133 1 0
G 134 6 0
G 135 4637 0
G 136 1031 1
G 137 3 1
G 138 2813 163
G 139 7 0
G 140 3 1
G 141 1 1
G 142 816 1
G 143 1 1
G 144 3687 1
G 145 4646 1
G 146 8 0
G 147 3 1
G 148 4638 1
G 149 1165 1
G 150 1307 1
G 151 3313 1
G 152 4145 163
G 153 5 1
G 154 1165 1
G 155 3315 1
G 156 7 1
G 157 3689 7
G 158 3581 1
G 159 3859 7
G 160 2 1
G 161 2359 7
G 162 4309 1
G 163 3677 111
G 164 2977 1
G 165 3 1
G 166 4309 163
G 167 1195 1
G 168 1 1
G 169 5 1
G 170 5 0
G 171 6 1
G 172 8 1
G 173 129 0
G 174 4 1
G 175 4025 111
G 176 2584 7
G 177 818 0
G 178 5 1
G 179 7 0
G 180 3521 0
G 181 2592 0
G 182 4648 0
G 183 2979 0
G 184 3697 1
G 185 3317 1
G 186 3583 0
G 187 5 1
G 188 2367 0
G 189 130 0
G 190 3245 7
G 191 7 1
G 192 4647 1
G 193 1307 1
G 194 1 1
G 195 3789 59
G 196 4473 1
G 197 2367 1
G 198 2584 7
G 199 2977 267
G 200 1 1
G 201 325 1
G 202 9 1
G 203 3 1
G 204 3699 1
G 205 3245 215
G 206 7 7
G 207 3 0
G 208 3245 1
G 209 2368 215
G 210 3 1
G 211 3 0
G 212 15 0
G 213 2805 7
G 214 4 1
G 215 4 1
G 216 6 1
G 217 4311 1
G 218 3849 1
G 219 3247 0
G 220 3701 1
