Q 0 4 4
Q 1 2 1
Q 2 0 0
Q 3 5 1
Q 4 4 5
Q 5 4 6
Q 6 4 3
Q 7 7 4
Q 8 0 4
Q 9 2 2
Q 10 3 2
Q 11 4 7
Q 12 6 2
Q 13 4 2
Q 14 0 3
Q 15 6 0
Q 16 0 5
Q 17 7 2
Q 18 1 5
Q 19 1 7
Q 20 6 3
Q 21 5 0
Q 22 7 1
Q 23 5 3
Q 24 5 4
Q 25 5 5
Q 26 5 6
Q 27 0 1
Q 28 2 6
Q 29 5 2
Q 30 1 3
Q 31 1 1
Q 32 4 0
Q 33 6 4
Q 34 1 0
Q 35 3 0
Q 36 2 5
Q 37 2 3
Q 38 5 7
Q 39 2 7
Q 40 7 5
Q 41 0 6
Q 42 0 7
Q 43 6 5
Q 44 3 7
Q 45 1 2
Q 46 7 3
Q 47 4 1
Q 48 2 4
Q 49 3 6
Q 50 3 3
Q 51 6 6
Q 52 6 7
Q 53 0 2
Q 54 2 0
Q 55 3 4
Q 56 6 1
Q 57 7 0
Q 58 1 4
Q 59 3 1
Q 60 7 6
Q 61 1 6
Q 62 3 5
Q 63 7 7
G 0 801 111
G 1 2327 7
G 2 1 1
G 3 1 1
G 4 1 1
G 5 2335 1
G 6 913 59
G 7 1 1
G 8 1 0
G 9 1 1
G 10 337 267
G 11 1 1
G 12 1 0
G 13 1 1
G 14 1491 7
G 15 2 1
G 16 1 1
G 17 1 0
G 18 3 0
G 19 1 1
G 20 2337 0
G 21 1 1
G 22 1 1
G 23 3 1
G 24 605 0
G 25 973 1
G 26 1 111
G 27 2335 7
G 28 1 1
G 29 673 111
G 30 1 0
G 31 1 1
G 32 1 0
G 33 1 0
G 34 2 1
G 35 1 1
G 36 1 0
G 37 1 1
G 38 3754 7
G 39 3 1
G 40 3 0
G 41 3 1
G 42 1147 111
G 43 1 1
G 44 1 1
G 45 3 1
G 46 4 0
G 47 1 1
G 48 329 7
G 49 1499 215
G 50 3 1
G 51 785 7
G 52 1423 7
G 53 2336 0
G 54 975 1
G 55 4318 1
G 56 337 1
G 57 1259 163
G 58 2 1
G 59 2343 1
G 60 1 0
G 61 1 1
G 62 1 0
G 63 1 0
G 64 2335 0
G 65 4 0
G 66 2 1
G 67 113 215
G 68 1431 59
G 69 4316 59
G 70 1 0
G 71 973 1
G 72 975 7
G 73 793 7
G 74 1 1
G 75 4376 1
G 76 4378 0
G 77 801 0
G 78 1 1
G 79 2 0
G 80 3 1
G 81 913 1
G 82 5 1
G 83 4 0
G 84 3 1
G 85 2 0
G 86 1 0
G 87 4 1
G 88 3 1
G 89 3 1
G 90 665 7
G 91 1991 319
G 92 3 1
G 93 6 1
G 94 4308 7
G 95 2 1
G 96 5 1
G 97 1491 1
G 98 4316 1
G 99 3762 1
G 100 2700 215
G 101 793 0
G 102 3 0
G 103 1991 1
G 104 4137 1
G 105 1491 1
G 106 802 1
G 107 2319 7
G 108 4316 1
G 109 2916 1
G 110 1715 163
G 111 4 1
G 112 113 1
G 113 1499 0
G 114 2918 7
G 115 5 1
G 116 1 1
G 117 2692 7
G 118 4134 163
G 119 2345 111
G 120 6 1
G 121 4298 1
G 122 5 0
G 123 1259 1
G 124 605 59
G 125 1 1
G 126 5 1
G 127 1879 111
G 128 3764 1
G 129 4300 7
G 130 1 1
G 131 4074 59
G 132 1 1
G 133 1 0
G 134 6 0
G 135 4298 0
G 136 1493 1
G 137 3 1
G 138 2926 163
G 139 7 0
G 140 3 1
G 141 1 1
G 142 1500 1
G 143 1 1
G 144 2926 1
G 145 4318 1
G 146 8 0
G 147 3 1
G 148 4299 1
G 149 2457 1
G 150 785 1
G 151 4376 1
G 152 983 163
G 153 5 1
G 154 2457 1
G 155 4378 1
G 156 7 1
G 157 4066 7
G 158 4134 1
G 159 4058 7
G 160 2 1
G 161 2459 7
G 162 1147 1
G 163 3582 111
G 164 3090 1
G 165 3 1
G 166 3894 163
G 167 1879 1
G 168 1 1
G 169 5 1
G 170 5 0
G 171 6 1
G 172 8 1
G 173 1261 0
G 174 4 1
G 175 3782 111
G 176 3774 7
G 177 1502 0
G 178 5 1
G 179 7 0
G 180 665 0
G 181 3782 0
G 182 4320 0
G 183 3092 0
G 184 4074 1
G 185 4380 1
G 186 4136 0
G 187 5 1
G 188 2467 0
G 189 1262 0
G 190 3766 7
G 191 7 1
G 192 4308 1
G 193 1991 1
G 194 1 1
G 195 3694 59
G 196 4058 1
G 197 2467 1
G 198 3574 7
G 199 3090 267
G 200 1 1
G 201 115 1
G 202 9 1
G 203 3 1
G 204 4076 1
G 205 3358 215
G 206 2684 7
G 207 3 0
G 208 3358 1
G 209 2468 215
G 210 3 1
G 211 3 0
G 212 2692 0
G 213 2311 7
G 214 4 1
G 215 4 1
G 216 6 1
G 217 1149 1
G 218 3754 1
G 219 3360 0
G 220 4078 1
R 0 3 0
R 1 4 3
R 6 0 0
R 10 0 3
R 14 6 3
R 26 3 0
R 27 7 1
R 29 2 2
R 38 0 6
R 42 0 7
R 48 6 1
R 49 6 3
R 51 1 2
R 52 7 2
R 57 3 7
R 67 0 4
R 68 2 0
R 69 2 6
R 72 1 1
R 73 5 2
R 90 2 1
R 91 7 4
R 94 1 1
R 100 7 3
R 107 5 3
R 110 1 0
R 114 7 3
R 117 0 2
R 118 5 1
R 119 4 2
R 124 0 4
R 127 0 3
R 129 5 3
R 131 0 5
R 138 3 2
R 152 4 1
R 157 7 5
R 159 6 3
R 161 7 2
R 163 2 0
R 166 3 1
R 175 2 0
R 176 6 1
R 190 1 6
R 195 4 0
R 198 5 1
R 199 0 5
R 205 0 4
R 206 1 7
R 209 3 2
R 213 0 3
