Q 0 0 2
Q 1 4 3
Q 2 2 7
Q 3 0 1
Q 4 6 6
Q 5 4 2
Q 6 1 2
Q 7 7 0
Q 8 7 2
Q 9 5 2
Q 10 0 4
Q 11 5 1
Q 12 4 1
Q 13 1 7
Q 14 2 1
Q 15 7 1
Q 16 3 2
Q 17 4 6
Q 18 4 4
Q 19 5 0
Q 20 0 5
Q 21 6 7
Q 22 7 4
Q 23 1 3
Q 24 6 3
Q 25 0 0
Q 26 0 3
Q 27 2 6
Q 28 1 4
Q 29 0 7
Q 30 4 0
Q 31 1 0
Q 32 1 5
Q 33 6 1
Q 34 3 1
Q 35 5 4
Q 36 0 6
Q 37 2 0
Q 38 5 7
Q 39 2 3
Q 40 3 7
Q 41 3 3
Q 42 3 4
Q 43 1 6
Q 44 2 4
G 0 1 7
G 1 1 1
G 2 1 7
G 3 1 1
G 4 1 1
G 5 3 1
G 6 1 7
G 7 1 1
G 8 1 1
G 9 3 7
G 10 9 7
G 11 1 1
G 12 1 0
G 13 1 1
G 14 9 7
G 15 1 0
G 16 1 7
G 17 1 1
G 18 1 0
G 19 15 1
G 20 15 1
G 21 1 1
G 22 1 7
G 23 15 1
G 24 1 1
G 25 1 0
G 26 1 1
G 27 9 7
G 28 8 1
