Q 0 0 6
Q 1 4 0
Q 2 2 2
Q 3 0 3
Q 4 4 6
Q 5 5 3
Q 6 4 7
Q 7 5 2
Q 8 2 0
Q 9 2 5
Q 10 7 4
Q 11 1 5
Q 12 0 5
Q 13 4 4
Q 14 3 4
Q 15 0 1
Q 16 6 3
Q 17 4 5
Q 18 5 4
Q 19 1 6
Q 20 5 5
Q 21 2 4
Q 22 4 3
Q 23 0 0
Q 24 6 4
Q 25 1 3
Q 26 7 6
Q 27 7 1
Q 28 6 6
Q 29 1 2
Q 30 0 4
Q 31 1 4
Q 32 5 7
Q 33 0 2
Q 34 7 0
Q 35 6 5
Q 36 5 6
Q 37 3 5
Q 38 0 7
Q 39 1 0
Q 40 2 3
Q 41 6 0
Q 42 5 0
Q 43 1 7
Q 44 1 1
G 0 7 7
G 1 1 1
G 2 9 7
G 3 1 1
G 4 1 1
G 5 3 1
G 6 1 7
G 7 1 1
G 8 1 1
G 9 7 7
G 10 9 7
G 11 1 1
G 12 1 0
G 13 1 1
G 14 9 7
G 15 1 0
G 16 1 7
G 17 1 1
G 18 1 0
G 19 15 1
G 20 15 1
G 21 1 1
G 22 9 7
G 23 15 1
G 24 1 1
G 25 1 0
G 26 1 1
G 27 9 7
G 28 1 1
R 0 6 3
R 2 1 6
R 6 1 3
R 9 0 1
R 10 1 3
R 14 3 4
R 16 2 3
R 22 0 4
R 27 0 0
