Q 0 1 0
Q 1 0 2
Q 2 1 1
Q 3 1 3
Q 4 0 5
Q 5 0 6
Q 6 0 3
Q 7 1 4
Q 8 1 5
Q 9 1 2
Q 10 0 1
Q 11 0 7
Q 12 1 6
Q 13 0 4
Q 14 1 7
Q 15 0 0
G 0 1 1
G 1 1 1
G 2 19 7
G 3 1 1
G 4 35 7
G 5 3 0
G 6 1 1
G 7 1 1
G 8 49 1
G 9 1 7
G 10 75 7
G 11 9 1
G 12 27 7
G 13 11 7
G 14 43 0
G 15 3 0
G 16 1 1
G 17 83 1
G 18 51 7
G 19 19 1
G 20 4 1
G 21 3 1
G 22 67 7
G 23 75 0
G 24 75 0
G 25 41 1
G 26 76 0
G 27 59 7
G 28 85 0
G 29 59 1
G 30 67 0
G 31 76 1
G 32 1 1
G 33 43 7
R 2 0 2
R 4 0 0
R 9 0 4
R 10 1 7
R 12 0 2
R 13 0 3
R 18 0 0
R 22 0 6
R 27 1 0
R 33 0 3
