Q 0 4 1
Q 1 3 6
Q 2 3 2
Q 3 0 1
Q 4 0 0
Q 5 6 4
Q 6 1 1
Q 7 0 7
Q 8 5 0
Q 9 6 3
Q 10 3 5
Q 11 6 5
Q 12 5 1
Q 13 0 2
Q 14 1 3
Q 15 5 6
Q 16 5 2
Q 17 2 5
Q 18 5 5
Q 19 4 4
Q 20 4 7
Q 21 1 4
Q 22 6 0
Q 23 7 3
Q 24 2 1
Q 25 4 3
Q 26 1 0
Q 27 5 3
Q 28 7 5
Q 29 2 2
Q 30 0 6
Q 31 6 6
Q 32 6 2
Q 33 2 0
Q 34 7 4
Q 35 6 1
Q 36 5 7
Q 37 1 7
Q 38 3 4
Q 39 2 6
Q 40 0 3
Q 41 4 6
Q 42 7 0
Q 43 3 7
Q 44 2 3
Q 45 1 5
Q 46 2 4
Q 47 4 2
Q 48 7 1
Q 49 4 0
Q 50 6 7
Q 51 7 2
Q 52 0 4
Q 53 4 5
Q 54 2 7
Q 55 7 7
Q 56 5 4
Q 57 3 0
Q 58 3 3
Q 59 1 2
Q 60 0 5
Q 61 3 1
Q 62 1 6
Q 63 7 6
G 0 1 1
G 1 1 1
G 2 80 7
G 3 1 1
G 4 763 7
G 5 1 0
G 6 1 1
G 7 1 1
G 8 899 59
G 9 73 1
G 10 703 59
G 11 11 59
G 12 2672 7
G 13 71 1
G 14 3 1
G 15 1 0
G 16 1 0
G 17 1 0
G 18 1 1
G 19 1 1
G 20 1753 111
G 21 763 1
G 22 1 1
G 23 3 0
G 24 1 1
G 25 1 1
G 26 2550 111
G 27 1 1
G 28 1865 1
G 29 475 7
G 30 1 1
G 31 3 7
G 32 3 1
G 33 1867 1
G 34 1 1
G 35 483 0
G 36 771 7
G 37 3 0
G 38 1 1
G 39 779 1
G 40 1 0
G 41 483 1
G 42 2662 0
G 43 2680 1
G 44 959 0
G 45 4026 59
G 46 779 7
G 47 1 1
G 48 3 0
G 49 787 111
G 50 3 1
G 51 1 1
G 52 5 0
G 53 5 0
G 54 4 1
G 55 1 1
G 56 1 1
G 57 1 0
G 58 1869 0
G 59 967 59
G 60 1633 59
G 61 4 1
G 62 1303 59
G 63 959 7
G 64 1693 1
G 65 1 0
G 66 3 0
G 67 3 0
G 68 226 7
G 69 1 1
G 70 88 1
G 71 1363 1
G 72 1295 7
G 73 1303 0
G 74 2 1
G 75 1365 267
G 76 234 1
G 77 3 0
G 78 485 1
G 79 487 215
G 80 4 1
G 81 3 1
G 82 1 0
G 83 11 1
G 84 3 1
G 85 1027 267
G 86 236 1
G 87 1633 1
G 88 352 7
G 89 6 1
G 90 3568 7
G 91 1870 7
G 92 360 1
G 93 1633 0
G 94 1878 59
G 95 3576 1
G 96 4268 7
G 97 1 1
G 98 3 0
G 99 1 1
G 100 1634 1
G 101 1027 0
G 102 1 0
G 103 787 1
G 104 82 1
G 105 2 1
G 106 2742 7
G 107 902 1
G 108 6 1
G 109 2664 7
G 110 5 1
G 111 2 0
G 112 484 1
G 113 1 1
G 114 2490 59
G 115 4096 59
G 116 3 0
G 117 1363 1
G 118 360 0
G 119 1636 0
G 120 361 1
G 121 3 1
G 122 88 1
G 123 4156 1
G 124 1295 0
G 125 899 0
G 126 2 1
G 127 2550 1
G 128 5 1
G 129 1296 1
G 130 5 1
G 131 1637 1
G 132 900 1
G 133 4156 111
G 134 13 0
G 135 148 7
G 136 1 0
G 137 1295 1
G 138 1938 0
G 139 1693 59
G 140 1753 1
G 141 1938 267
G 142 156 1
G 143 3 1
G 144 703 1
G 145 7 1
G 146 363 111
G 147 475 1
G 148 4 0
G 149 1298 1
G 150 1639 0
G 151 238 1
G 152 4086 1
G 153 4088 0
G 154 3 1
G 155 90 1
G 156 4268 0
G 157 4 1
G 158 2 0
G 159 71 0
G 160 3 0
G 161 2680 1
G 162 4086 1
G 163 1753 1
G 164 3576 1
G 165 11 1
G 166 4276 1
G 167 703 1
G 168 240 111
G 169 2 1
G 170 2552 0
G 171 4278 1
G 172 475 1
G 173 477 0
G 174 1297 1
G 175 166 59
G 176 13 1
G 177 705 1
G 178 226 1
G 179 9 0
G 180 72 7
G 181 1 1
G 182 1304 1
G 183 226 1
G 184 478 1
G 185 2274 215
G 186 80 1
G 187 1 1
G 188 352 1
G 189 2663 0
G 190 4 1
G 191 1 1
G 192 158 7
G 193 705 1
G 194 1755 1
G 195 4088 7
G 196 1365 1
G 197 4 0
G 198 352 1
G 199 3 0
G 200 2682 59
G 201 4 1
G 202 1 0
G 203 1306 1
G 204 3 1
G 205 4269 1
G 206 5 1
G 207 3 0
G 208 6 1
G 209 3966 59
G 210 166 1
G 211 3698 267
G 212 6 1
G 213 4026 1
G 214 5 1
G 215 1757 0
G 216 904 1
G 217 228 1
G 218 2550 0
G 219 477 1
G 220 3638 59
G 221 3578 1
G 222 92 0
G 223 2750 1
G 224 4276 1
G 225 3578 59
G 226 3638 1
G 227 4268 1
G 228 3492 7
G 229 3 0
G 230 2672 0
G 231 3560 7
G 232 5 1
G 233 1878 1
G 234 960 0
G 235 3500 59
G 236 3 0
G 237 4089 1
G 238 1299 0
G 239 6 0
G 240 3432 59
G 241 1758 1
G 242 8 1
G 243 2672 0
G 244 3640 0
G 245 354 1
G 246 4 1
G 247 1640 0
G 248 2673 1
G 249 1367 1
G 250 1 0
G 251 4278 1
G 252 707 1
G 253 3580 1
G 254 2750 1
G 255 3372 59
G 256 1865 0
G 257 2206 7
G 258 3304 59
G 259 3432 0
G 260 2214 0
G 261 4 1
G 262 2752 215
G 263 4091 1
G 264 2673 0
G 265 3364 7
G 266 230 1
G 267 2976 59
G 268 4 0
G 269 4 1
G 270 4158 1
G 271 7 0
G 272 4093 1
G 273 6 1
G 274 3560 0
G 275 7 0
G 276 3500 1
G 277 2968 0
G 278 3036 267
G 279 2969 1
G 280 2968 7
G 281 1760 0
G 282 3502 1
G 283 4 0
G 284 2214 59
G 285 88 59
R 2 4 7
R 4 4 6
R 8 3 6
R 10 3 6
R 11 2 2
R 12 7 5
R 20 4 5
R 26 1 3
R 29 0 0
R 31 1 2
R 36 6 5
R 45 3 3
R 46 5 6
R 49 5 3
R 59 2 1
R 60 3 1
R 62 3 6
R 63 4 6
R 68 3 5
R 72 5 6
R 75 0 6
R 79 1 0
R 85 4 1
R 88 0 4
R 90 6 7
R 91 4 5
R 94 4 5
R 96 7 4
R 106 5 6
R 109 1 1
R 114 0 4
R 115 3 0
R 133 4 0
R 135 5 5
R 139 0 1
R 141 0 5
R 146 0 3
R 168 5 5
R 175 1 2
R 180 1 2
R 185 0 0
R 192 4 4
R 195 3 4
R 200 7 5
R 209 0 0
R 211 0 7
R 220 3 4
R 225 7 7
R 228 0 7
R 231 5 4
R 235 0 7
R 240 4 5
R 255 0 4
R 257 6 5
R 258 2 6
R 262 1 6
R 265 2 6
R 267 6 5
R 278 1 5
R 280 1 5
R 284 6 4
R 285 1 2
