Q 0 0 0
Q 1 0 0
Q 2 62 6
Q 3 0 0
Q 4 0 0
Q 5 0 0
Q 6 0 0
Q 7 0 0
Q 8 0 0
Q 9 0 0
Q 10 0 0
Q 11 0 0
Q 12 0 0
Q 13 0 0
Q 14 0 0
Q 15 0 0
Q 16 0 0
Q 17 0 0
Q 18 0 0
Q 19 0 0
Q 20 0 0
Q 21 0 0
Q 22 0 0
Q 23 0 0
Q 24 0 0
Q 25 0 0
Q 26 0 0
Q 27 0 0
Q 28 0 0
Q 29 0 0
Q 30 0 0
Q 31 0 0
Q 32 0 0
Q 33 0 0
Q 34 0 0
Q 35 0 0
Q 36 0 0
Q 37 0 0
Q 38 0 0
Q 39 0 0
Q 40 0 0
Q 41 0 0
Q 42 0 0
Q 43 0 0
Q 44 0 0
Q 45 0 0
Q 46 0 0
Q 47 0 0
Q 48 0 0
Q 49 0 0
Q 50 0 0
Q 51 0 0
Q 52 0 0
Q 53 0 0
Q 54 0 0
Q 55 0 0
Q 56 0 0
Q 57 0 0
Q 58 0 0
Q 59 0 0
Q 60 0 0
Q 61 0 0
Q 62 0 0
Q 63 0 0
G 0 1 1
G 1 1 1
G 2 3498 -45
G 3 1 1
G 4 3498 -45
G 5 1 0
G 6 1 1
G 7 1 1
G 8 3498 -45
G 9 3 1
G 10 3498 -45
G 11 1 -45
G 12 3498 -45
G 13 1 1
G 14 3 1
G 15 1 0
G 16 1 0
G 17 1 0
G 18 1 1
G 19 1 1
G 20 3498 -45
G 21 3454 1
G 22 1 1
G 23 3 0
G 24 1 1
G 25 1 1
G 26 3498 -45
G 27 1 1
G 28 3454 1
G 29 3498 -45
G 30 1 1
G 31 3 -45
G 32 3 1
G 33 3456 1
G 34 1 1
G 35 3454 0
G 36 3498 -45
G 37 3 0
G 38 1 1
G 39 3454 1
G 40 1 0
G 41 3454 1
G 42 3454 0
G 43 3454 1
G 44 3454 0
G 45 3498 -45
G 46 3498 -45
G 47 1 1
G 48 3 0
G 49 3498 -45
G 50 3 1
G 51 1 1
G 52 5 0
G 53 5 0
G 54 4 1
G 55 1 1
G 56 1 1
G 57 1 0
G 58 3458 0
G 59 3498 -45
G 60 3498 -45
G 61 4 1
G 62 3498 -45
G 63 3498 -45
G 64 3454 1
G 65 1 0
G 66 3 0
G 67 3 0
G 68 3498 -45
G 69 1 1
G 70 3454 1
G 71 3454 1
G 72 3498 -45
G 73 3454 0
G 74 2 1
G 75 3498 -45
G 76 3454 1
G 77 3 0
G 78 3456 1
G 79 3498 -45
G 80 4 1
G 81 3 1
G 82 1 0
G 83 1 1
G 84 3 1
G 85 3498 -45
G 86 3456 1
G 87 3454 1
G 88 3498 -45
G 89 6 1
G 90 3498 -45
G 91 3498 -45
G 92 3454 1
G 93 3454 0
G 94 3498 -45
G 95 3454 1
G 96 3498 -45
G 97 1 1
G 98 3 0
G 99 1 1
G 100 3455 1
G 101 3454 0
G 102 1 0
G 103 3454 1
G 104 3 1
G 105 2 1
G 106 3498 -45
G 107 3457 1
G 108 6 1
G 109 3498 -45
G 110 5 1
G 111 2 0
G 112 3455 1
G 113 1 1
G 114 3498 -45
G 115 3498 -45
G 116 3 0
G 117 3454 1
G 118 3454 0
G 119 3457 0
G 120 3455 1
G 121 3 1
G 122 3454 1
G 123 3454 1
G 124 3454 0
G 125 3454 0
G 126 2 1
G 127 3454 1
G 128 5 1
G 129 3455 1
G 130 5 1
G 131 3458 1
G 132 3455 1
G 133 3498 -45
G 134 3 0
G 135 3498 -45
G 136 1 0
G 137 3454 1
G 138 3454 0
G 139 3498 -45
G 140 3454 1
G 141 3498 -45
G 142 3454 1
G 143 3 1
G 144 3454 1
G 145 7 1
G 146 3498 -45
G 147 3454 1
G 148 4 0
G 149 3457 1
G 150 3460 0
G 151 3458 1
G 152 3454 1
G 153 3456 0
G 154 3 1
G 155 3456 1
G 156 3454 0
G 157 4 1
G 158 2 0
G 159 1 0
G 160 3 0
G 161 3454 1
G 162 3454 1
G 163 3454 1
G 164 3454 1
G 165 1 1
G 166 3454 1
G 167 3454 1
G 168 3498 -45
G 169 2 1
G 170 3456 0
G 171 3456 1
G 172 3454 1
G 173 3456 0
G 174 3456 1
G 175 3498 -45
G 176 3 1
G 177 3456 1
G 178 3454 1
G 179 9 0
G 180 5 -45
G 181 1 1
G 182 3455 1
G 183 3454 1
G 184 3457 1
G 185 3498 -45
G 186 1 1
G 187 1 1
G 188 3454 1
G 189 3455 0
G 190 4 1
G 191 1 1
G 192 3498 -45
G 193 3456 1
G 194 3456 1
G 195 3498 -45
G 196 3456 1
G 197 4 0
G 198 3454 1
G 199 3 0
G 200 3498 -45
G 201 4 1
G 202 1 0
G 203 3457 1
G 204 3 1
G 205 3455 1
G 206 5 1
G 207 3 0
G 208 6 1
G 209 3498 -45
G 210 3454 1
G 211 3498 -45
G 212 6 1
G 213 3454 1
G 214 5 1
G 215 3458 0
G 216 3459 1
G 217 3456 1
G 218 3454 0
G 219 3456 1
G 220 3498 -45
G 221 3456 1
G 222 3458 0
G 223 3454 1
G 224 3454 1
G 225 3498 -45
G 226 3454 1
G 227 3454 1
G 228 3498 -45
G 229 3 0
G 230 3454 0
G 231 3498 -45
G 232 5 1
G 233 3454 1
G 234 3455 0
G 235 3498 -45
G 236 3 0
G 237 3457 1
G 238 3458 0
G 239 6 0
G 240 3498 -45
G 241 3459 1
G 242 8 1
G 243 3454 0
G 244 3456 0
G 245 3456 1
G 246 4 1
G 247 3461 0
G 248 3455 1
G 249 3458 1
G 250 1 0
G 251 3456 1
G 252 3458 1
G 253 3458 1
G 254 3454 1
G 255 3498 -45
G 256 3454 0
G 257 3498 -45
G 258 3498 -45
G 259 3454 0
G 260 3454 0
G 261 4 1
G 262 3498 -45
G 263 3459 1
G 264 3455 0
G 265 3498 -45
G 266 3458 1
G 267 3498 -45
G 268 4 0
G 269 4 1
G 270 3456 1
G 271 7 0
G 272 3461 1
G 273 6 1
G 274 3454 0
G 275 7 0
G 276 3454 1
G 277 3454 0
G 278 3498 -45
G 279 3455 1
G 280 3498 -45
G 281 3461 0
G 282 3456 1
G 283 4 0
G 284 3498 -45
G 285 6 3491
