Q 0 6 0
Q 1 2 4
Q 2 3 2
Q 3 5 2
Q 4 3 0
Q 5 0 0
Q 6 2 5
Q 7 0 0
Q 8 0 0
Q 9 0 0
Q 10 0 1
Q 11 5 0
Q 12 1 1
Q 13 2 6
Q 14 5 3
Q 15 5 4
Q 16 0 5
Q 17 2 7
Q 18 5 5
Q 19 0 6
Q 20 1 2
Q 21 3 5
Q 22 6 1
Q 23 1 0
Q 24 2 0
Q 25 3 3
Q 26 0 2
Q 27 0 7
Q 28 0 0
Q 29 3 6
Q 30 5 6
Q 31 3 4
Q 32 1 3
Q 33 6 2
Q 34 1 4
Q 35 1 5
Q 36 0 3
Q 37 6 3
Q 38 1 7
Q 39 3 7
Q 40 6 4
Q 41 4 0
Q 42 1 6
Q 43 4 1
Q 44 6 5
Q 45 4 2
Q 46 5 1
Q 47 0 0
Q 48 2 1
Q 49 6 6
Q 50 0 4
Q 51 4 7
Q 52 4 6
Q 53 0 0
Q 54 6 7
Q 55 0 0
Q 56 5 7
Q 57 4 4
Q 58 2 2
Q 59 2 3
Q 60 4 3
Q 61 4 5
Q 62 7 0
Q 63 3 1
G 0 1 1
G 1 117 59
G 2 177 1
G 3 1 1
G 4 1 1
G 5 1 1
G 6 74 111
G 7 1 1
G 8 225 111
G 9 3 1
G 10 72 163
G 11 393 7
G 12 1 0
G 13 5 1
G 14 1 7
G 15 1 59
G 16 3 1
G 17 1 1
G 18 300 7
G 19 1 1
G 20 61 7
G 21 1 0
G 22 1 1
G 23 1 0
G 24 649 59
G 25 581 1
G 26 1 0
G 27 1 0
G 28 1 0
G 29 2 0
G 30 186 1
G 31 229 163
G 32 3 1
G 33 186 1
G 34 308 0
G 35 461 111
G 36 2 1
G 37 1 0
G 38 1 1
G 39 1 1
G 40 236 59
G 41 1 0
G 42 573 7
G 43 1 0
G 44 393 7
G 45 9 1
G 46 69 1
G 47 248 7
G 48 61 163
G 49 1 59
G 50 537 111
G 51 3 59
G 52 3 0
G 53 317 163
G 54 248 0
G 55 711 0
G 56 188 111
G 57 3 0
G 58 4 1
G 59 63 1
G 60 1 1
G 61 1 0
G 62 1 0
G 63 65 1
G 64 581 1
G 65 2 1
G 66 61 1
G 67 4 7
G 68 256 0
G 69 1 7
G 70 393 0
G 71 2 1
G 72 1 0
G 73 314 1
G 74 709 1
G 75 2 1
G 76 71 1
G 77 73 0
G 78 1 1
G 79 12 59
G 80 5 111
G 81 401 59
G 82 583 0
G 83 309 7
G 84 256 1
G 85 4 1
G 86 12 0
G 87 74 1
G 88 316 0
G 89 225 7
G 90 401 1
G 91 6 1
G 92 76 111
G 93 236 0
G 94 1 1
G 95 6 0
G 96 461 59
G 97 257 1
G 98 225 1
G 99 4 0
G 100 3 0
G 101 583 1
G 102 317 1
G 103 2 1
G 104 63 1
G 105 649 1
G 106 4 0
G 107 188 59
G 108 9 7
G 109 9 1
G 110 2 1
G 111 117 1
G 112 709 0
G 113 337 1
G 114 72 1
G 115 521 7
G 116 117 111
G 117 481 1
G 118 529 7
G 119 229 0
