Q 0 6 0
Q 1 2 4
Q 2 3 2
Q 3 5 2
Q 4 3 0
Q 5 0 0
Q 6 2 5
Q 7 0 0
Q 8 0 0
Q 9 0 0
Q 10 0 1
Q 11 5 0
Q 12 1 1
Q 13 2 6
Q 14 5 3
Q 15 5 4
Q 16 0 5
Q 17 2 7
Q 18 5 5
Q 19 0 6
Q 20 1 2
Q 21 3 5
Q 22 6 1
Q 23 1 0
Q 24 2 0
Q 25 3 3
Q 26 0 2
Q 27 0 7
Q 28 0 0
Q 29 3 6
Q 30 5 6
Q 31 3 4
Q 32 1 3
Q 33 6 2
Q 34 1 4
Q 35 1 5
Q 36 0 3
Q 37 6 3
Q 38 1 7
Q 39 3 7
Q 40 6 4
Q 41 4 0
Q 42 1 6
Q 43 4 1
Q 44 6 5
Q 45 4 2
Q 46 5 1
Q 47 0 0
Q 48 2 1
Q 49 6 6
Q 50 0 4
Q 51 4 7
Q 52 4 6
Q 53 0 0
Q 54 6 7
Q 55 0 0
Q 56 5 7
Q 57 4 4
Q 58 2 2
Q 59 2 3
Q 60 4 3
Q 61 4 5
Q 62 7 0
Q 63 3 1
G 0 1 1
G 1 2225 59
G 2 2285 1
G 3 1 1
G 4 1 1
G 5 1 1
G 6 1646 111
G 7 1 1
G 8 479 111
G 9 3 1
G 10 315 163
G 11 307 7
G 12 1 0
G 13 5 1
G 14 843 7
G 15 1323 59
G 16 3 1
G 17 1 1
G 18 1872 7
G 19 1 1
G 20 1383 7
G 21 1 0
G 22 1 1
G 23 1 0
G 24 2165 59
G 25 307 1
G 26 1 0
G 27 1 0
G 28 1 0
G 29 2 0
G 30 1758 1
G 31 15 163
G 32 3 1
G 33 1758 1
G 34 1880 0
G 35 187 111
G 36 2 1
G 37 1 0
G 38 1 1
G 39 1 1
G 40 591 59
G 41 1 0
G 42 299 7
G 43 1 0
G 44 179 7
G 45 851 1
G 46 1391 1
G 47 7 7
G 48 1159 163
G 49 1099 59
G 50 2053 111
G 51 711 59
G 52 3 0
G 53 1889 163
G 54 1570 0
G 55 2227 0
G 56 1760 111
G 57 3 0
G 58 4 1
G 59 771 1
G 60 1 1
G 61 1 0
G 62 1 0
G 63 773 1
G 64 307 1
G 65 2 1
G 66 1159 1
G 67 1578 7
G 68 15 0
G 69 1083 7
G 70 179 0
G 71 2 1
G 72 1 0
G 73 1872 1
G 74 2225 1
G 75 2 1
G 76 1393 1
G 77 1395 0
G 78 1 1
G 79 1586 59
G 80 859 111
G 81 651 59
G 82 309 0
G 83 1881 7
G 84 15 1
G 85 4 1
G 86 1586 0
G 87 1396 1
G 88 1874 0
G 89 1570 7
G 90 315 1
G 91 6 1
G 92 1398 111
G 93 479 0
G 94 1 1
G 95 6 0
G 96 775 59
G 97 16 1
G 98 1323 1
G 99 4 0
G 100 3 0
G 101 309 1
G 102 1889 1
G 103 2 1
G 104 1161 1
G 105 2165 1
G 106 4 0
G 107 1510 59
G 108 1091 7
G 109 1091 1
G 110 2 1
G 111 971 1
G 112 2225 0
G 113 591 1
G 114 1646 1
G 115 835 7
G 116 971 111
G 117 2053 1
G 118 851 7
G 119 1083 0
R 1 4 5
R 6 3 0
R 8 2 7
R 10 4 6
R 11 4 3
R 14 3 2
R 15 1 1
R 18 1 0
R 20 1 1
R 24 2 3
R 31 0 4
R 35 4 4
R 40 1 6
R 42 2 4
R 44 0 4
R 47 4 2
R 48 0 7
R 49 3 7
R 50 1 3
R 51 0 3
R 53 0 0
R 56 0 1
R 67 2 6
R 69 5 0
R 79 3 6
R 80 0 5
R 81 1 4
R 83 2 1
R 89 1 7
R 92 3 1
R 96 0 4
R 107 5 1
R 108 6 1
R 115 1 2
R 116 1 5
R 118 1 2
