7
Reading programs/Scale/32/BP_32_128/BP_32_128.in
Reading programs/Scale/32/BP_32_128/BP_32_128.rr
Reading programs/Scale/32/BP_32_128/BP_32_128.des
Reading programs/Scale/32/BP_32_128/BP_32_128.pg
Reading programs/Scale/32/BP_32_128/BP_32_128.gmap
Experiment configuration
-----
Program:programs/Scale/32/BP_32_128/BP_32_128
Machine:8,4
Data aware:0
Routing policy:2
SR T:2500
Global T:2500
-----
nrows: 8 nCols: 4
Creating SR instance...
Gate time lower bound:55
Single qubit gate duration:42
Dependency:38
CNOT duration (data unaware):13
Routing (one bend):128
Created SR instance
Checking instance with T=2500
Dummy gate constraints:56
SAT
Dummy gate time:263
Total Solve Time:0
Constraints:
Mapping:0
Dependency:38
Routing:128
Stats:
arith_conflicts 0
arith_add_rows 0
conflicts 0
decisions 0
mk_clause 0
added_eqs 0
binary_propagations 0
restarts 0
All done!
