Q 0 2 3
Q 1 1 1
Q 2 0 2
Q 3 4 0
Q 4 2 0
Q 5 0 3
Q 6 0 0
Q 7 3 2
Q 8 0 0
Q 9 1 3
Q 10 3 3
Q 11 1 2
Q 12 5 1
Q 13 2 1
Q 14 4 2
Q 15 4 3
Q 16 5 0
Q 17 3 0
Q 18 5 2
Q 19 5 3
Q 20 6 0
Q 21 0 1
Q 22 6 1
Q 23 6 2
Q 24 6 3
Q 25 2 2
Q 26 7 0
Q 27 4 1
Q 28 1 0
Q 29 3 1
Q 30 7 1
G 0 1 1
G 1 1 1
G 2 1 7
G 3 1 1
G 4 1 0
G 5 1 1
G 6 3 1
G 7 3 0
G 8 3 0
G 9 1 0
G 10 1 1
G 11 1 1
G 12 1 1
G 13 1 1
G 14 1 1
G 15 3 1
G 16 25 7
G 17 185 59
G 18 9 7
G 19 3 0
G 20 1 1
G 21 17 7
G 22 4 0
G 23 253 7
G 24 185 0
G 25 3 1
G 26 261 0
G 27 1 1
G 28 5 1
G 29 1 1
G 30 1 1
G 31 1 1
G 32 1 1
G 33 3 1
G 34 7 1
G 35 3 0
G 36 262 1
G 37 117 7
G 38 4 1
G 39 245 7
G 40 2 1
G 41 3 1
G 42 2 1
G 43 125 59
G 44 49 59
G 45 1 0
G 46 109 7
G 47 1 1
G 48 125 1
G 49 41 7
G 50 33 1
G 51 1 1
G 52 33 7
G 53 127 1
G 54 5 0
R 2 5 1
R 16 1 1
R 17 0 1
R 18 5 0
R 21 4 0
R 23 1 2
R 37 1 0
R 39 0 2
R 43 2 0
R 44 3 1
R 46 3 0
R 49 1 3
R 52 4 0
