Reading programs/TinySeq/BS_8_512/BS_8_512.in
Reading programs/TinySeq/BS_8_512/BS_8_512.rr
Reading programs/TinySeq/BS_8_512/BS_8_512.des
Experiment configuration
-----
Program:programs/TinySeq/BS_8_512/BS_8_512
Machine:2,4
Data aware:0
Routing policy:1
MS T:5000
SR T:20000
Global T:20000
-----
nrows: 2 nCols: 4
Solving upper bound
Creating optimization instance...
Qubit unique mapping:44
Gate time lower bound:225
Single qubit gate duration:163
Dependency:275
CNOT duration (data unaware):62
Routing (rectangle reservation):145
Created instance
Checking 20000
Checking instance with T=20000
Dummy gate constraints:226
