Q 0 1 1
Q 1 0 1
Q 2 0 3
Q 3 1 3
Q 4 1 0
Q 5 0 0
Q 6 0 2
Q 7 1 2
G 0 1 1
G 1 1 1
G 2 1 7
G 3 9 0
G 4 1 1
G 5 1558 0
G 6 1559 1
G 7 10 7
G 8 18 1
G 9 20 0
G 10 21 1
G 11 3 1
G 12 23 7
G 13 18 1
G 14 31 0
G 15 32 1
G 16 20 1
G 17 31 1
G 18 33 1
G 19 3 1
G 20 5 0
G 21 6 1
G 22 35 0
G 23 34 0
G 24 35 59
G 25 95 1
G 26 331 1
G 27 36 0
G 28 97 1
G 29 99 7
G 30 107 7
G 31 115 7
G 32 123 0
G 33 123 0
G 34 115 0
G 35 1 1
G 36 124 1
G 37 126 0
G 38 116 1
G 39 95 1
G 40 118 1
G 41 127 1
G 42 129 1
G 43 124 59
G 44 97 1
G 45 184 1
G 46 186 59
G 47 246 7
G 48 254 0
G 49 254 1
G 50 255 7
G 51 263 59
G 52 323 7
G 53 692 1
G 54 680 7
G 55 688 7
G 56 694 1
G 57 331 1
G 58 99 0
G 59 333 1
G 60 100 1
G 61 3 1
G 62 335 7
G 63 343 7
G 64 351 0
G 65 351 0
G 66 352 1
G 67 352 1
G 68 343 1
G 69 354 7
G 70 362 59
G 71 422 1
G 72 422 7
G 73 639 1
G 74 424 1
G 75 426 1
G 76 641 1
G 77 430 1
G 78 428 0
G 79 429 1
G 80 432 0
G 81 433 7
G 82 362 0
G 83 441 1
G 84 441 1
G 85 441 1
G 86 5 0
G 87 443 0
G 88 443 59
G 89 509 1
G 90 503 7
G 91 511 7
G 92 519 1
G 93 519 1
G 94 643 7
G 95 521 1
G 96 651 1
G 97 653 1
G 98 655 7
G 99 523 59
G 100 583 59
G 101 521 1
G 102 663 7
G 103 671 0
G 104 663 0
G 105 523 1
G 106 672 7
G 107 1529 1
G 108 1396 1
G 109 1396 1
G 110 1398 0
G 111 1397 1
G 112 1399 7
G 113 696 1
G 114 756 59
G 115 696 59
G 116 816 1
G 117 816 7
G 118 818 0
G 119 819 0
G 120 828 1
G 121 830 7
G 122 756 0
G 123 824 0
G 124 838 7
G 125 846 7
G 126 851 1
G 127 853 0
G 128 854 7
G 129 757 1
G 130 862 0
G 131 863 1
G 132 865 1
G 133 867 0
G 134 759 0
G 135 868 0
G 136 760 1
G 137 825 1
G 138 827 1
G 139 762 1
G 140 862 1
G 141 869 7
G 142 9 1
G 143 877 0
G 144 942 111
G 145 1054 7
G 146 878 1
G 147 1130 1
G 148 1132 1
G 149 880 1
G 150 882 59
G 151 1209 0
G 152 1065 0
G 153 1066 1
G 154 1062 0
G 155 1063 7
G 156 1068 1
G 157 1071 1
G 158 1070 1
G 159 1561 1
G 160 1073 0
G 161 1072 1
G 162 1134 59
G 163 1074 59
G 164 1192 1
G 165 1204 1
G 166 1194 0
G 167 1194 0
G 168 1270 0
G 169 1195 7
G 170 1203 7
G 171 1268 1
G 172 1275 1
G 173 1277 1
G 174 1270 0
G 175 1271 7
G 176 1279 7
G 177 1287 7
G 178 1295 0
G 179 1296 7
G 180 1304 0
G 181 1206 0
G 182 1364 1
G 183 1305 1
G 184 1207 1
G 185 1210 0
G 186 1562 0
G 187 1366 1
G 188 1307 1
G 189 1368 1
G 190 1209 1
G 191 1309 59
G 192 1211 59
G 193 1369 0
G 194 1370 7
G 195 1376 1
G 196 1378 1
G 197 1378 1
G 198 1378 1
G 199 1380 7
G 200 1520 1
G 201 1522 1
G 202 1524 1
G 203 1393 1
G 204 1387 0
G 205 1388 7
G 206 1526 0
G 207 1395 1
G 208 1527 1
G 209 1407 59
G 210 1531 1
G 211 1467 7
G 212 1475 59
G 213 1533 1
G 214 1535 7
G 215 1558 1
G 216 1560 0
G 217 1543 7
G 218 1551 1
G 219 1553 7
G 220 1561 0
G 221 1561 1
G 222 1561 1
G 223 1561 1
G 224 1562 0
