Reading programs/TinySeq/BS_64_512/BS_64_512.in
Reading programs/TinySeq/BS_64_512/BS_64_512.rr
Reading programs/TinySeq/BS_64_512/BS_64_512.des
Experiment configuration
-----
Program:programs/TinySeq/BS_64_512/BS_64_512
Machine:8,8
Data aware:0
Routing policy:1
MS T:5000
SR T:20000
Global T:20000
-----
nrows: 8 nCols: 8
Solving upper bound
Creating optimization instance...
Qubit unique mapping:1539
Gate time lower bound:223
Single qubit gate duration:167
Dependency:228
CNOT duration (data unaware):56
Routing (rectangle reservation):1236
Created instance
Checking 20000
Checking instance with T=20000
Dummy gate constraints:224
