Q 0 4 3
Q 1 1 2
Q 2 0 0
Q 3 7 0
Q 4 2 3
Q 5 6 1
Q 6 3 3
Q 7 0 1
Q 8 4 2
Q 9 3 0
Q 10 0 0
Q 11 0 2
Q 12 4 0
Q 13 0 3
Q 14 1 3
Q 15 3 2
Q 16 1 1
Q 17 1 0
Q 18 7 1
Q 19 6 3
Q 20 5 1
Q 21 5 0
Q 22 7 2
Q 23 6 2
Q 24 5 3
Q 25 2 0
Q 26 2 1
Q 27 6 0
Q 28 5 2
Q 29 4 1
Q 30 2 2
Q 31 3 1
G 0 113 0
G 1 1 111
G 2 1 1
G 3 174 0
G 4 1 7
G 5 1 1
G 6 1 1
G 7 1 0
G 8 1 1
G 9 1 1
G 10 114 1
G 11 1 1
G 12 1 1
G 13 1767 7
G 14 1 1
G 15 1 1
G 16 1319 59
G 17 1 1
G 18 1 163
G 19 175 163
G 20 921 163
G 21 165 1
G 22 837 7
G 23 3 1
G 24 9 1
G 25 339 111
G 26 451 1
G 27 845 1
G 28 1775 0
G 29 1085 1
G 30 847 1
G 31 1 1
G 32 1 1
G 33 1 1
G 34 167 7
G 35 116 0
G 36 849 7
G 37 5 0
G 38 3 0
G 39 9 1
G 40 1 0
G 41 1 0
G 42 339 1
G 43 165 1
G 44 3 1
G 45 1 1
G 46 1 1
G 47 117 0
G 48 1776 1
G 49 3 1
G 50 621 215
G 51 453 1
G 52 861 59
G 53 1087 7
G 54 1778 0
G 55 1603 163
G 56 118 1
G 57 6 1
G 58 3 1
G 59 857 1
G 60 1779 7
G 61 5 1
G 62 859 1
G 63 8 0
G 64 11 0
G 65 455 1
G 66 3 0
G 67 861 59
G 68 1431 59
G 69 451 1
G 70 1787 7
G 71 1315 1
G 72 1317 1
G 73 1379 7
G 74 5 0
G 75 1319 111
G 76 845 0
G 77 1095 7
G 78 1775 1
G 79 3 0
G 80 1103 215
G 81 1319 1
G 82 457 163
G 83 4 0
G 84 1103 0
G 85 1387 7
G 86 1431 7
G 87 1491 111
G 88 1431 1
G 89 1395 7
G 90 1439 1
G 91 1104 7
