Q 0 4 3
Q 1 1 2
Q 2 0 0
Q 3 7 0
Q 4 2 3
Q 5 6 1
Q 6 3 3
Q 7 0 1
Q 8 4 2
Q 9 3 0
Q 10 0 0
Q 11 0 2
Q 12 4 0
Q 13 0 3
Q 14 1 3
Q 15 3 2
Q 16 1 1
Q 17 1 0
Q 18 7 1
Q 19 6 3
Q 20 5 1
Q 21 5 0
Q 22 7 2
Q 23 6 2
Q 24 5 3
Q 25 2 0
Q 26 2 1
Q 27 6 0
Q 28 5 2
Q 29 4 1
Q 30 2 2
Q 31 3 1
G 0 1057 0
G 1 945 111
G 2 1 1
G 3 1 0
G 4 1117 7
G 5 1 1
G 6 1 1
G 7 1 0
G 8 1 1
G 9 1 1
G 10 1058 1
G 11 1 1
G 12 1 1
G 13 641 7
G 14 1 1
G 15 1 1
G 16 1057 59
G 17 1 1
G 18 303 163
G 19 669 163
G 20 477 163
G 21 467 1
G 22 3 7
G 23 3 1
G 24 1125 1
G 25 833 111
G 26 945 1
G 27 11 1
G 28 649 0
G 29 641 1
G 30 13 1
G 31 1 1
G 32 1 1
G 33 1 1
G 34 469 7
G 35 1060 0
G 36 15 7
G 37 5 0
G 38 3 0
G 39 1125 1
G 40 1 0
G 41 1 0
G 42 833 1
G 43 467 1
G 44 3 1
G 45 1 1
G 46 1 1
G 47 1061 0
G 48 650 1
G 49 3 1
G 50 87 215
G 51 947 1
G 52 1625 59
G 53 661 7
G 54 652 0
G 55 1901 163
G 56 1062 1
G 57 6 1
G 58 3 1
G 59 23 1
G 60 653 7
G 61 5 1
G 62 25 1
G 63 8 0
G 64 1127 0
G 65 949 1
G 66 3 0
G 67 27 59
G 68 1169 59
G 69 945 1
G 70 2065 7
G 71 87 1
G 72 89 1
G 73 1145 7
G 74 5 0
G 75 1341 111
G 76 11 0
G 77 1128 7
G 78 649 1
G 79 3 0
G 80 1685 215
G 81 1901 1
G 82 1461 163
G 83 4 0
G 84 1136 0
G 85 1153 7
G 86 1453 7
G 87 1229 111
G 88 1453 1
G 89 1161 7
G 90 1461 1
G 91 1137 7
R 1 0 3
R 4 6 3
R 13 2 0
R 16 1 3
R 18 0 2
R 19 0 2
R 20 5 1
R 22 5 0
R 25 3 0
R 34 0 1
R 36 6 1
R 50 6 0
R 52 0 2
R 53 5 2
R 55 5 1
R 60 2 0
R 67 4 1
R 68 3 2
R 70 1 1
R 73 1 3
R 75 5 1
R 77 5 2
R 80 0 2
R 82 4 0
R 85 1 3
R 86 5 3
R 87 0 1
R 89 0 3
R 91 6 1
