Q 0 0 1
Q 1 0 2
Q 2 1 1
Q 3 0 0
Q 4 0 3
Q 5 1 2
Q 6 1 0
Q 7 1 3
G 0 17 59
G 1 1 1
G 2 1 1
G 3 19 59
G 4 1 0
G 5 303 59
G 6 1 7
G 7 3 1
G 8 9 1
G 9 11 7
G 10 191 111
G 11 77 0
G 12 79 111
G 13 191 1
G 14 363 0
G 15 382 59
G 16 364 7
G 17 372 7
G 18 442 0
G 19 191 0
G 20 380 59
G 21 303 0
G 22 440 1
G 23 2 1
G 24 193 0
G 25 385 1
G 26 304 1
G 27 194 1
G 28 196 0
G 29 443 1
G 30 380 1
G 31 442 111
G 32 554 1
G 33 322 59
G 34 442 0
G 35 382 1
G 36 382 1
G 37 554 7
G 38 562 0
G 39 556 0
G 40 587 1
G 41 563 7
G 42 382 1
G 43 571 7
G 44 384 0
G 45 579 1
G 46 579 7
G 47 729 1
G 48 445 1
G 49 854 1
G 50 855 1
G 51 856 0
G 52 387 1
G 53 579 0
G 54 731 0
G 55 581 7
G 56 647 1
G 57 589 59
G 58 689 0
G 59 389 0
G 60 649 59
G 61 709 7
G 62 686 1
G 63 688 1
G 64 731 0
G 65 390 1
G 66 717 1
G 67 392 0
G 68 715 1
G 69 690 0
G 70 717 7
G 71 447 1
G 72 740 1
G 73 449 1
G 74 732 1
G 75 691 0
G 76 719 1
G 77 451 0
G 78 732 1
G 79 690 1
G 80 734 1
G 81 734 0
G 82 735 0
G 83 692 7
G 84 452 1
G 85 705 1
G 86 454 0
G 87 726 7
G 88 736 59
G 89 796 1
G 90 721 0
G 91 707 1
G 92 849 1
G 93 851 1
G 94 798 0
G 95 709 7
G 96 742 111
G 97 799 1
G 98 734 7
G 99 847 1
G 100 849 0
G 101 722 1
G 102 853 1
G 103 796 59
G 104 854 1
G 105 850 1
G 106 856 1
G 107 852 1
G 108 856 1
G 109 854 0
G 110 858 1
G 111 857 0
G 112 857 1
G 113 858 1
G 114 858 1
G 115 859 0
G 116 801 1
R 0 1 0
R 3 0 3
R 5 1 3
R 6 1 2
R 9 1 3
R 10 0 3
R 12 0 0
R 15 0 1
R 16 1 2
R 17 1 3
R 20 1 3
R 31 0 2
R 33 0 0
R 37 1 0
R 41 1 0
R 43 0 0
R 46 0 1
R 55 1 0
R 57 1 0
R 60 0 2
R 61 0 1
R 70 1 3
R 83 1 1
R 87 1 2
R 88 0 1
R 95 1 0
R 96 1 0
R 98 1 1
R 103 0 0
