Q 0 0 1
Q 1 0 2
Q 2 1 1
Q 3 0 0
Q 4 0 3
Q 5 1 2
Q 6 1 0
Q 7 1 3
G 0 193 59
G 1 1 1
G 2 1 1
G 3 19 59
G 4 1 0
G 5 254 59
G 6 1 7
G 7 3 1
G 8 9 1
G 9 11 7
G 10 79 111
G 11 253 0
G 12 253 111
G 13 365 1
G 14 364 0
G 15 441 59
G 16 365 7
G 17 373 7
G 18 785 0
G 19 380 0
G 20 381 59
G 21 378 0
G 22 441 1
G 23 2 1
G 24 367 0
G 25 754 1
G 26 379 1
G 27 368 1
G 28 370 0
G 29 786 1
G 30 749 1
G 31 510 111
G 32 635 1
G 33 381 59
G 34 501 0
G 35 500 1
G 36 628 1
G 37 502 7
G 38 621 0
G 39 637 0
G 40 654 1
G 41 622 7
G 42 751 1
G 43 638 7
G 44 753 0
G 45 646 1
G 46 630 7
G 47 807 1
G 48 788 1
G 49 932 1
G 50 933 1
G 51 934 0
G 52 756 1
G 53 646 0
G 54 809 0
G 55 648 7
G 56 725 1
G 57 656 59
G 58 716 0
G 59 758 0
G 60 727 59
G 61 787 7
G 62 713 1
G 63 715 1
G 64 809 0
G 65 759 1
G 66 867 1
G 67 761 0
G 68 788 1
G 69 717 0
G 70 790 7
G 71 790 1
G 72 818 1
G 73 792 1
G 74 810 1
G 75 718 0
G 76 869 1
G 77 794 0
G 78 810 1
G 79 717 1
G 80 812 1
G 81 812 0
G 82 813 0
G 83 719 7
G 84 795 1
G 85 786 1
G 86 797 0
G 87 798 7
G 88 814 59
G 89 874 1
G 90 871 0
G 91 788 1
G 92 927 1
G 93 929 1
G 94 876 0
G 95 790 7
G 96 820 111
G 97 877 1
G 98 806 7
G 99 925 1
G 100 927 0
G 101 872 1
G 102 931 1
G 103 874 59
G 104 932 1
G 105 928 1
G 106 934 1
G 107 930 1
G 108 934 1
G 109 937 0
G 110 936 1
G 111 935 0
G 112 935 1
G 113 936 1
G 114 936 1
G 115 937 0
G 116 879 1
