Q 0 0 0
Q 1 2 2
Q 2 0 0
Q 3 1 0
Q 4 0 2
Q 5 0 0
Q 6 0 3
Q 7 1 2
Q 8 0 0
Q 9 0 0
Q 10 1 3
Q 11 2 3
Q 12 3 0
Q 13 2 1
Q 14 0 0
Q 15 3 1
Q 16 3 2
Q 17 0 0
Q 18 0 0
Q 19 3 3
Q 20 0 1
Q 21 2 0
Q 22 1 1
Q 23 4 0
Q 24 4 1
Q 25 0 0
Q 26 0 0
G 0 1 1
G 1 51 7
G 2 59 1
G 3 1 1
G 4 35 7
G 5 43 7
G 6 1 0
G 7 11 7
G 8 1 1
G 9 1 1
G 10 1 0
G 11 51 1
G 12 53 0
G 13 19 7
G 14 27 7
G 15 1 1
G 16 3 7
G 17 51 1
G 18 2 1
G 19 4 1
G 20 11 0
G 21 1 1
G 22 1 0
G 23 1 1
R 1 0 0
R 4 0 0
R 5 0 1
R 7 1 1
R 13 2 1
R 14 2 0
R 16 1 3
