7
Reading programs/Scale/32/BP_32_64/BP_32_64.in
Reading programs/Scale/32/BP_32_64/BP_32_64.rr
Reading programs/Scale/32/BP_32_64/BP_32_64.des
Reading programs/Scale/32/BP_32_64/BP_32_64.pg
Reading programs/Scale/32/BP_32_64/BP_32_64.gmap
Experiment configuration
-----
Program:programs/Scale/32/BP_32_64/BP_32_64
Machine:8,4
Data aware:0
Routing policy:1
SR T:2500
Global T:2500
-----
nrows: 8 nCols: 4
Creating SR instance...
Gate time lower bound:24
Single qubit gate duration:17
Dependency:13
CNOT duration (data unaware):7
Routing (rectangle reservation):30
Created SR instance
Checking instance with T=2500
Dummy gate constraints:25
SAT
Dummy gate time:24
Total Solve Time:0
Constraints:
Mapping:0
Dependency:13
Routing:30
Stats:
arith_conflicts 0
arith_add_rows 0
conflicts 0
decisions 0
mk_clause 0
added_eqs 0
binary_propagations 0
restarts 0
All done!
