Q 0 0 0
Q 1 5 1
Q 2 0 1
Q 3 1 3
Q 4 0 3
Q 5 0 2
Q 6 4 3
Q 7 2 1
Q 8 5 0
Q 9 1 0
Q 10 1 1
Q 11 1 2
Q 12 3 2
Q 13 6 0
Q 14 6 3
Q 15 2 0
Q 16 7 0
Q 17 7 1
Q 18 7 2
Q 19 2 2
Q 20 4 1
Q 21 3 1
Q 22 5 3
Q 23 3 0
Q 24 5 2
Q 25 6 1
Q 26 4 2
Q 27 2 3
Q 28 7 3
Q 29 6 2
Q 30 3 3
Q 31 4 0
G 0 1 1
G 1 1 7
G 2 27 215
G 3 1 1
G 4 1 1
G 5 1 1
G 6 303 215
G 7 3 1
G 8 1 1
G 9 1 0
G 10 1 1
G 11 519 1
G 12 3 0
G 13 1 1
G 14 2 0
G 15 3 1
G 16 9 0
G 17 3 1
G 18 1 1
G 19 1 1
G 20 1 0
G 21 647 0
G 22 1 1
G 23 4 1
G 24 3 0
G 25 19 1
G 26 21 1
G 27 2 1
G 28 1 1
G 29 243 59
G 30 521 7
G 31 1 1
G 32 1 1
G 33 639 7
G 34 1 1
G 35 519 1
G 36 10 7
G 37 1 1
G 38 3 0
G 39 521 0
G 40 1 1
G 41 1 1
G 42 3 1
G 43 3 0
G 44 529 1
G 45 1 0
G 46 5 1
G 47 1 1
G 48 7 59
G 49 759 163
G 50 640 1
G 51 3 1
G 52 3 0
G 53 243 59
G 54 18 0
G 55 3 0
G 56 6 111
G 57 3 1
G 58 4 1
G 59 522 7
G 60 3 1
G 61 639 7
G 62 4 1
G 63 5 1
G 64 519 7
G 65 18 0
G 66 647 7
G 67 67 1
G 68 4 1
G 69 647 111
G 70 5 0
G 71 527 111
G 72 7 1
G 73 639 0
G 74 655 0
G 75 3 1
G 76 6 7
G 77 759 1
G 78 303 0
G 79 14 1
G 80 6 1
G 81 304 1
G 82 9 1
G 83 303 1
G 84 531 1
G 85 655 0
G 86 69 111
G 87 1 1
G 88 16 0
G 89 656 0
G 90 6 1
G 91 8 1
G 92 11 1
G 93 656 1
G 94 759 0
G 95 648 1
G 96 305 0
G 97 19 7
G 98 19 7
G 99 2 1
G 100 13 1
G 101 303 1
G 102 533 0
G 103 650 0
G 104 10 7
G 105 27 7
G 106 1 0
