Q 0 4 2
Q 1 2 0
Q 2 3 2
Q 3 7 0
Q 4 5 2
Q 5 6 0
Q 6 0 1
Q 7 6 1
Q 8 5 1
Q 9 4 1
Q 10 1 3
Q 11 5 0
Q 12 3 0
Q 13 6 3
Q 14 7 1
Q 15 0 3
Q 16 7 2
Q 17 0 2
Q 18 0 0
Q 19 4 0
Q 20 1 0
Q 21 3 3
Q 22 1 1
Q 23 4 3
Q 24 2 1
Q 25 1 2
Q 26 3 1
Q 27 6 2
Q 28 7 3
Q 29 2 2
Q 30 5 3
Q 31 2 3
G 0 1 1
G 1 1 7
G 2 9 7
G 3 1 1
G 4 1 1
G 5 1 1
G 6 17 7
G 7 3 1
G 8 1 1
G 9 1 0
G 10 1 1
G 11 25 1
G 12 3 0
G 13 40 1
G 14 2 0
G 15 3 1
G 16 9 0
G 17 3 1
G 18 1 1
G 19 1 1
G 20 1 0
G 21 50 0
G 22 1 1
G 23 4 1
G 24 3 0
G 25 1 1
G 26 3 1
G 27 2 1
G 28 1 1
G 29 14 7
G 30 27 7
G 31 1 1
G 32 1 1
G 33 35 7
G 34 1 1
G 35 25 1
G 36 10 7
G 37 1 1
G 38 3 0
G 39 27 0
G 40 1 1
G 41 1 1
G 42 42 1
G 43 3 0
G 44 49 1
G 45 1 0
G 46 5 1
G 47 1 1
G 48 34 7
G 49 37 7
G 50 52 1
G 51 3 1
G 52 3 0
G 53 14 7
G 54 37 0
G 55 3 0
G 56 18 7
G 57 3 1
G 58 4 1
G 59 28 7
G 60 3 1
G 61 36 7
G 62 4 1
G 63 44 1
G 64 22 7
G 65 18 0
G 66 43 7
G 67 42 1
G 68 4 1
G 69 44 7
G 70 5 0
G 71 30 7
G 72 46 1
G 73 51 0
G 74 51 0
G 75 3 1
G 76 6 7
G 77 52 1
G 78 22 0
G 79 51 1
G 80 6 1
G 81 23 1
G 82 48 1
G 83 51 1
G 84 51 1
G 85 52 0
G 86 44 7
G 87 1 1
G 88 53 0
G 89 53 0
G 90 6 1
G 91 8 1
G 92 50 1
G 93 52 1
G 94 52 0
G 95 51 1
G 96 53 0
G 97 38 7
G 98 19 7
G 99 2 1
G 100 52 1
G 101 52 1
G 102 53 0
G 103 53 0
G 104 10 7
G 105 46 7
G 106 1 0
R 1 3 1
R 2 3 1
R 6 4 1
R 29 1 3
R 30 3 1
R 33 3 0
R 36 2 0
R 48 6 2
R 49 1 3
R 53 6 0
R 56 4 2
R 59 4 2
R 61 3 2
R 64 6 0
R 66 4 0
R 69 3 3
R 71 6 1
R 76 2 2
R 86 5 3
R 97 2 2
R 98 1 0
R 104 0 1
R 105 1 1
