Q 0 3 3
Q 1 5 1
Q 2 4 3
Q 3 7 2
Q 4 1 2
Q 5 7 1
Q 6 2 1
Q 7 7 0
Q 8 6 0
Q 9 3 2
Q 10 0 0
Q 11 6 1
Q 12 5 2
Q 13 2 2
Q 14 2 0
Q 15 1 0
Q 16 6 3
Q 17 0 3
Q 18 7 3
Q 19 6 2
Q 20 5 0
Q 21 5 3
Q 22 3 1
Q 23 2 3
Q 24 4 1
Q 25 3 0
Q 26 4 2
Q 27 1 3
Q 28 0 2
Q 29 4 0
Q 30 1 1
Q 31 0 1
G 0 1 1
G 1 1 7
G 2 9 7
G 3 1 1
G 4 1 1
G 5 1 1
G 6 17 7
G 7 3 1
G 8 1 1
G 9 1 0
G 10 1 1
G 11 25 1
G 12 3 0
G 13 1 1
G 14 2 0
G 15 3 1
G 16 9 0
G 17 3 1
G 18 1 1
G 19 1 1
G 20 1 0
G 21 50 0
G 22 1 1
G 23 4 1
G 24 3 0
G 25 1 1
G 26 3 1
G 27 2 1
G 28 1 1
G 29 5 7
G 30 27 7
G 31 1 1
G 32 1 1
G 33 35 7
G 34 1 1
G 35 25 1
G 36 19 7
G 37 1 1
G 38 3 0
G 39 27 0
G 40 1 1
G 41 1 1
G 42 3 1
G 43 3 0
G 44 49 1
G 45 1 0
G 46 5 1
G 47 1 1
G 48 24 7
G 49 27 7
G 50 52 1
G 51 3 1
G 52 3 0
G 53 3 7
G 54 27 0
G 55 3 0
G 56 9 7
G 57 3 1
G 58 4 1
G 59 28 7
G 60 3 1
G 61 36 7
G 62 4 1
G 63 5 1
G 64 11 7
G 65 27 0
G 66 43 7
G 67 32 1
G 68 4 1
G 69 44 7
G 70 5 0
G 71 26 7
G 72 7 1
G 73 51 0
G 74 51 0
G 75 3 1
G 76 16 7
G 77 52 1
G 78 24 0
G 79 51 1
G 80 6 1
G 81 25 1
G 82 9 1
G 83 51 1
G 84 51 1
G 85 52 0
G 86 34 7
G 87 1 1
G 88 53 0
G 89 53 0
G 90 6 1
G 91 8 1
G 92 11 1
G 93 52 1
G 94 52 0
G 95 51 1
G 96 53 0
G 97 28 7
G 98 35 7
G 99 2 1
G 100 13 1
G 101 52 1
G 102 53 0
G 103 53 0
G 104 25 7
G 105 36 7
G 106 1 0
