Q 0 5 3
Q 1 2 3
Q 2 1 1
Q 3 1 0
Q 4 4 2
Q 5 4 1
Q 6 4 3
Q 7 5 2
Q 8 5 1
Q 9 0 0
Q 10 6 0
Q 11 3 3
Q 12 2 1
Q 13 2 0
Q 14 6 1
Q 15 0 3
Q 16 0 1
Q 17 1 3
Q 18 6 2
Q 19 3 2
Q 20 0 2
Q 21 5 0
Q 22 6 3
Q 23 1 2
Q 24 2 2
Q 25 7 0
Q 26 3 0
Q 27 4 0
Q 28 7 1
Q 29 7 2
Q 30 7 3
Q 31 3 1
G 0 1 0
G 1 9 7
G 2 2 7
G 3 1 7
G 4 1 1
G 5 1 1
G 6 10 1
G 7 12 0
G 8 1 0
G 9 1 7
G 10 3 1
G 11 9 1
G 12 2 1
G 13 1 1
G 14 15 7
G 15 1 1
G 16 1 1
G 17 9 1
G 18 1 1
G 19 1 1
G 20 17 0
G 21 1 1
G 22 23 59
G 23 1 0
G 24 17 7
G 25 83 1
G 26 5 0
G 27 23 1
G 28 1 0
G 29 18 0
G 30 85 7
G 31 11 1
G 32 6 1
G 33 3 1
G 34 1 1
G 35 4 7
G 36 1 1
G 37 1 7
G 38 12 1
G 39 1 1
G 40 93 7
G 41 3 1
G 42 83 1
G 43 101 7
G 44 9 7
G 45 5 1
G 46 11 0
G 47 27 0
G 48 25 0
G 49 12 1
G 50 17 7
G 51 7 0
G 52 10 1
G 53 17 1
G 54 3 0
G 55 1 1
G 56 9 1
G 57 1 1
G 58 3 7
G 59 109 1
G 60 12 1
G 61 3 7
G 62 14 1
G 63 25 1
G 64 93 7
G 65 8 1
G 66 5 1
G 67 14 0
G 68 13 1
G 69 15 7
G 70 109 1
G 71 23 1
G 72 26 7
G 73 3 1
G 74 111 0
G 75 4 1
G 76 3 1
G 77 85 1
G 78 19 0
G 79 3 1
G 80 1 0
G 81 5 1
G 82 87 1
G 83 20 1
G 84 3 1
G 85 27 0
G 86 11 1
G 87 25 1
G 88 25 0
G 89 34 0
G 90 13 1
G 91 2 0
G 92 89 1
G 93 5 1
G 94 15 1
G 95 25 1
G 96 23 7
G 97 19 0
G 98 27 1
G 99 101 7
G 100 109 1
G 101 7 0
G 102 7 1
G 103 20 1
G 104 112 7
G 105 14 0
