Q 0 5 3
Q 1 2 3
Q 2 1 1
Q 3 1 0
Q 4 4 2
Q 5 4 1
Q 6 4 3
Q 7 5 2
Q 8 5 1
Q 9 0 0
Q 10 6 0
Q 11 3 3
Q 12 2 1
Q 13 2 0
Q 14 6 1
Q 15 0 3
Q 16 0 1
Q 17 1 3
Q 18 6 2
Q 19 3 2
Q 20 0 2
Q 21 5 0
Q 22 6 3
Q 23 1 2
Q 24 2 2
Q 25 7 0
Q 26 3 0
Q 27 4 0
Q 28 7 1
Q 29 7 2
Q 30 7 3
Q 31 3 1
G 0 1 0
G 1 168 7
G 2 103 7
G 3 160 7
G 4 1 1
G 5 1 1
G 6 111 1
G 7 113 0
G 8 1 0
G 9 127 7
G 10 3 1
G 11 135 1
G 12 2 1
G 13 1 1
G 14 17 7
G 15 1 1
G 16 1 1
G 17 168 1
G 18 1 1
G 19 1 1
G 20 176 0
G 21 1 1
G 22 25 59
G 23 1 0
G 24 95 7
G 25 85 1
G 26 5 0
G 27 25 1
G 28 1 0
G 29 177 0
G 30 87 7
G 31 170 1
G 32 6 1
G 33 3 1
G 34 1 1
G 35 192 7
G 36 1 1
G 37 1 7
G 38 200 1
G 39 1 1
G 40 111 7
G 41 3 1
G 42 85 1
G 43 119 7
G 44 9 7
G 45 5 1
G 46 227 0
G 47 215 0
G 48 103 0
G 49 200 1
G 50 227 7
G 51 7 0
G 52 111 1
G 53 176 1
G 54 3 0
G 55 1 1
G 56 135 1
G 57 1 1
G 58 152 7
G 59 127 1
G 60 113 1
G 61 219 7
G 62 115 1
G 63 235 1
G 64 176 7
G 65 8 1
G 66 5 1
G 67 202 0
G 68 172 1
G 69 203 7
G 70 127 1
G 71 211 1
G 72 135 7
G 73 3 1
G 74 129 0
G 75 4 1
G 76 3 1
G 77 87 1
G 78 178 0
G 79 3 1
G 80 1 0
G 81 5 1
G 82 89 1
G 83 179 1
G 84 3 1
G 85 237 0
G 86 227 1
G 87 213 1
G 88 235 0
G 89 143 0
G 90 229 1
G 91 2 0
G 92 91 1
G 93 5 1
G 94 174 1
G 95 27 1
G 96 211 7
G 97 178 0
G 98 29 1
G 99 184 7
G 100 192 1
G 101 7 0
G 102 7 1
G 103 179 1
G 104 144 7
G 105 202 0
R 1 4 3
R 2 0 3
R 3 4 3
R 9 1 0
R 14 3 0
R 22 4 1
R 24 0 2
R 30 3 2
R 35 4 0
R 37 0 0
R 40 3 2
R 43 2 2
R 44 0 1
R 50 0 0
R 58 5 2
R 61 2 1
R 64 4 2
R 69 4 1
R 72 0 3
R 96 5 1
R 99 5 2
R 104 0 2
