Q 0 10 7
Q 1 2 7
Q 2 7 0
Q 3 11 0
Q 4 12 0
Q 5 1 3
Q 6 3 0
Q 7 7 1
Q 8 13 5
Q 9 10 6
Q 10 3 5
Q 11 13 6
Q 12 13 7
Q 13 0 1
Q 14 14 4
Q 15 5 6
Q 16 11 3
Q 17 3 1
Q 18 2 3
Q 19 0 6
Q 20 12 1
Q 21 10 3
Q 22 0 0
Q 23 3 2
Q 24 11 7
Q 25 6 3
Q 26 4 1
Q 27 3 3
Q 28 14 5
Q 29 5 7
Q 30 6 4
Q 31 11 5
Q 32 0 7
Q 33 10 2
Q 34 1 5
Q 35 11 6
Q 36 4 0
Q 37 3 4
Q 38 11 4
Q 39 2 2
Q 40 9 1
Q 41 0 4
Q 42 3 6
Q 43 12 2
Q 44 13 1
Q 45 6 7
Q 46 6 5
Q 47 12 6
Q 48 12 3
Q 49 6 6
Q 50 10 0
Q 51 7 2
Q 52 14 6
Q 53 3 7
Q 54 7 3
Q 55 1 6
Q 56 0 5
Q 57 4 2
Q 58 13 0
Q 59 0 2
Q 60 7 5
Q 61 7 4
Q 62 0 0
Q 63 8 0
Q 64 8 4
Q 65 12 4
Q 66 12 5
Q 67 8 1
Q 68 4 3
Q 69 0 3
Q 70 7 6
Q 71 13 4
Q 72 1 1
Q 73 12 7
Q 74 8 3
Q 75 13 3
Q 76 7 7
Q 77 14 7
Q 78 2 1
Q 79 5 1
Q 80 5 0
Q 81 5 2
Q 82 9 0
Q 83 15 3
Q 84 8 5
Q 85 15 4
Q 86 4 4
Q 87 1 4
Q 88 13 2
Q 89 11 2
Q 90 15 5
Q 91 14 0
Q 92 5 3
Q 93 4 5
Q 94 8 6
Q 95 9 3
Q 96 1 7
Q 97 8 7
Q 98 2 0
Q 99 14 2
Q 100 9 4
Q 101 8 2
Q 102 2 4
Q 103 4 7
Q 104 9 5
Q 105 5 4
Q 106 6 1
Q 107 14 1
Q 108 9 2
Q 109 4 6
Q 110 6 2
Q 111 15 6
Q 112 9 6
Q 113 14 3
Q 114 15 1
Q 115 6 0
Q 116 1 2
Q 117 5 5
Q 118 2 6
Q 119 10 4
Q 120 11 1
Q 121 9 7
Q 122 15 0
Q 123 1 0
Q 124 10 1
Q 125 2 5
Q 126 15 2
Q 127 10 5
G 0 1 1
G 1 1 0
G 2 1 1
G 3 3 0
G 4 1 1
G 5 1 1
G 6 1 1
G 7 1 1
G 8 643 59
G 9 1 0
G 10 1 0
G 11 1 1
G 12 323 267
G 13 3 1
G 14 1 1
G 15 1 1
G 16 1 0
G 17 4015 267
G 18 1 0
G 19 3 1
G 20 1 7
G 21 1 1
G 22 1015 371
G 23 1 1
G 24 1707 59
G 25 1 1
G 26 2 59
G 27 3 0
G 28 1 1
G 29 5 0
G 30 1 1
G 31 3 1
G 32 2943 7
G 33 1 1
G 34 1 0
G 35 2951 1
G 36 1 1
G 37 1 0
G 38 1 0
G 39 1 1
G 40 6439 267
G 41 2 1
G 42 3 1
G 43 1 1
G 44 1 1
G 45 1 0
G 46 543 59
G 47 703 267
G 48 643 59
G 49 1074 111
G 50 1 0
G 51 1 1
G 52 1404 59
G 53 1 0
G 54 1 1
G 55 1 7
G 56 1 0
G 57 1 0
G 58 1 1
G 59 4283 0
G 60 1 0
G 61 1 0
G 62 1015 267
G 63 6707 1
G 64 1 0
G 65 1 0
G 66 1 0
G 67 1 1
G 68 1 1
G 69 3643 267
G 70 3911 1
G 71 2503 215
G 72 539 111
G 73 1186 1
G 74 1413 319
G 75 971 1
G 76 4284 1
G 77 2 0
G 78 651 1
G 79 1 1
G 80 1 1
G 81 1 0
G 82 971 371
G 83 2719 1
G 84 1 1
G 85 8244 475
G 86 3 319
G 87 8720 0
G 88 3911 1
G 89 3 1
G 90 1 1
G 91 1 1
G 92 3913 0
G 93 1387 371
G 94 1 0
G 95 1343 0
G 96 1 0
G 97 5 7
G 98 2399 59
G 99 1464 7
G 100 1733 0
G 101 1343 0
G 102 2511 215
G 103 603 1
G 104 2727 1
G 105 6327 59
G 106 1 0
G 107 1 1
G 108 2 0
G 109 3271 0
G 110 2955 1
G 111 2 1
G 112 979 1
G 113 971 7
G 114 2 1
G 115 2 1
G 116 1 0
G 117 1759 1
G 118 3913 0
G 119 1 1
G 120 1 1
G 121 8720 1
G 122 3 1
G 123 9 1
G 124 1 1
G 125 4 0
G 126 2 0
G 127 3914 1
G 128 1761 1
G 129 1759 0
G 130 3 0
G 131 1 0
G 132 2 0
G 133 1 1
G 134 4187 111
G 135 3 1
G 136 2727 1
G 137 3 163
G 138 1188 215
G 139 1 1
G 140 2 1
G 141 3 1
G 142 3 0
G 143 3099 59
G 144 3 0
G 145 8721 1
G 146 8736 7
G 147 1 1
G 148 1767 735
G 149 3 0
G 150 11 1
G 151 9 1
G 152 1353 59
G 153 1186 1
G 154 8723 0
G 155 3 1
G 156 603 319
G 157 323 215
G 158 1 1
G 159 4286 0
G 160 2 0
G 161 2 1
G 162 1 1
G 163 3 0
G 164 2721 59
G 165 323 319
G 166 1 1
G 167 3914 1
G 168 5 1
G 169 1015 7
G 170 1283 0
G 171 2781 7
G 172 3323 111
G 173 8028 215
G 174 3 1
G 175 591 1
G 176 539 1
G 177 3 1
G 178 5 0
G 179 5 0
G 180 979 0
G 181 1 1
G 182 2503 7
G 183 6 1
G 184 980 1
G 185 2459 1
G 186 1 0
G 187 1 1
G 188 4 1
G 189 4 0
G 190 2781 1
G 191 1284 1
G 192 2 1
G 193 8722 1
G 194 5914 527
G 195 1387 319
G 196 1734 1
G 197 643 0
G 198 8724 319
G 199 3159 111
G 200 9578 59
G 201 6034 7
G 202 5 1
G 203 591 423
G 204 6439 579
G 205 1 0
G 206 2831 59
G 207 3055 215
G 208 3643 371
G 209 6442 1
G 210 3 0
G 211 2503 1
G 212 644 1
G 213 2953 1
G 214 3 0
G 215 1 0
G 216 1 0
G 217 1 0
G 218 2503 7
G 219 1 1
G 220 4299 0
G 221 9044 0
G 222 2 0
G 223 2511 1
G 224 1707 0
G 225 2 0
G 226 4 1
G 227 2 1
G 228 1707 1
G 229 4283 0
G 230 8469 1
G 231 11 1
G 232 6918 1
G 233 8296 59
G 234 1760 0
G 235 5449 1
G 236 4301 1
G 237 5480 1
G 238 13 1
G 239 8356 631
G 240 4687 423
G 241 923 0
G 242 1 1
G 243 3643 423
G 244 2511 319
G 245 13 1
G 246 4519 111
G 247 2729 1
G 248 4 0
G 249 1 1
G 250 6387 1
G 251 3 1
G 252 1733 0
G 253 4 1
G 254 7 1
G 255 1767 631
G 256 3 1
G 257 4284 1
G 258 2 1
G 259 2831 267
G 260 7 1
G 261 4 0
G 262 653 1
G 263 8744 1
G 264 1 1
G 265 1707 59
G 266 2511 0
G 267 1413 1
G 268 3 1
G 269 323 1
G 270 3 0
G 271 3 0
G 272 15 527
G 273 8028 111
G 274 4631 527
G 275 2731 0
G 276 1767 1
G 277 4287 1
G 278 9638 0
G 279 3916 0
G 280 4286 0
G 281 2891 163
G 282 4631 1
G 283 4631 0
G 284 2891 0
G 285 1404 1
G 286 3435 59
G 287 4289 1
G 288 4627 59
G 289 5 1
G 290 7019 1
G 291 8354 111
G 292 1404 1
G 293 5159 7
G 294 3917 0
G 295 3495 1
G 296 4633 1
G 297 2503 215
G 298 3911 163
G 299 7290 163
G 300 1709 0
G 301 1708 0
G 302 4075 215
G 303 7019 0
G 304 62 1
G 305 4291 1
G 306 4299 1
G 307 2719 1
G 308 4687 1
G 309 5167 0
G 310 8028 267
G 311 1464 1
G 312 5438 7
G 313 543 0
G 314 4631 163
G 315 3918 1
G 316 4687 1
G 317 8296 59
G 318 3323 319
G 319 8724 0
G 320 8296 1
G 321 5159 0
G 322 8140 0
G 323 544 0
G 324 2729 1
G 325 6 0
G 326 8466 0
G 327 11 1
G 328 973 1
G 329 4795 0
G 330 7454 0
G 331 2 0
G 332 3099 163
G 333 9044 1
G 334 9638 1
G 335 9640 0
G 336 9 1
G 337 7021 0
G 338 4293 0
G 339 1466 1
G 340 2783 1
G 341 2459 267
G 342 2831 1
G 343 4075 111
G 344 5 1
G 345 3 1
G 346 4187 1
G 347 5168 1
G 348 9805 111
G 349 4 0
G 350 2512 1
G 351 545 1
G 352 2731 1
G 353 4689 1
G 354 6 0
G 355 7 1
G 356 3099 0
G 357 5170 267
G 358 3 0
G 359 3 1
G 360 1 0
G 361 8988 163
G 362 4515 111
G 363 4795 1
G 364 3271 371
G 365 3 1
G 366 6442 1
G 367 5583 319
G 368 9917 1
G 369 5438 1
G 370 3 1
G 371 4291 7
G 372 4299 1
G 373 9152 1
G 374 5 1
G 375 6444 475
G 376 4294 1
G 377 9046 1
G 378 1709 1
G 379 9048 1
G 380 4 0
G 381 8140 7
G 382 5 0
G 383 4015 1
G 384 543 0
G 385 6042 7
G 386 8298 1
G 387 2514 1
G 388 5 1
G 389 4187 1
G 390 5167 1
G 391 544 1
G 392 2719 215
G 393 546 527
G 394 5169 0
G 395 2785 1
G 396 5446 0
G 397 6 1
G 398 3271 1
G 399 4189 1
G 400 2 1
G 401 1767 1
G 402 3 1
G 403 2 1
G 404 1472 0
G 405 2399 1
G 406 3271 371
G 407 3 0
G 408 981 371
G 409 8988 319
G 410 9 0
G 411 7 1
G 412 9 1
G 413 5447 1
G 414 4301 1
G 415 8 1
G 416 1 1
G 417 7 111
G 418 9154 0
G 419 7 1
G 420 7022 267
G 421 3 1
G 422 3643 1
G 423 4075 59
G 424 4287 0
G 425 2727 215
G 426 4 1
G 427 6444 1
G 428 4796 683
G 429 5 1
G 430 5 1
G 431 1074 1
G 432 1 1
G 433 6442 475
G 434 119 1
G 435 9672 319
G 436 6 1
G 437 4 0
G 438 4017 0
G 439 4189 0
G 440 7290 59
G 441 8467 1
G 442 3495 1
G 443 4015 1
G 444 4299 215
G 445 7454 1
G 446 1 1
G 447 8244 1
G 448 4299 0
G 449 6 1
G 450 4135 163
G 451 4519 111
G 452 2833 0
G 453 5482 0
G 454 8246 0
G 455 1468 1
G 456 9641 163
G 457 8148 1
G 458 9917 1
G 459 4515 0
G 460 5446 0
G 461 7350 59
G 462 4515 0
G 463 8988 1
G 464 9836 163
G 465 9805 1
G 466 5903 423
G 467 6920 0
G 468 9639 0
G 469 5480 1
G 470 2834 1
G 471 9152 1
G 472 4299 1
G 473 121 0
G 474 6042 1
G 475 4296 1
G 476 3107 215
G 477 2943 1
G 478 9048 7
G 479 4135 0
G 480 2789 59
G 481 10 1
G 482 2943 0
G 483 9155 1
G 484 6920 1
G 485 1353 0
G 486 7456 1
G 487 9056 0
G 488 122 0
G 489 2944 1
G 490 3323 1
G 491 9 1
G 492 8988 59
G 493 9672 267
G 494 1415 1
G 495 4067 0
G 496 9620 215
G 497 119 1
G 498 2943 163
G 499 6044 1
G 500 8148 1
G 501 3643 1
G 502 7446 371
G 503 9165 267
G 504 2945 1
G 505 1076 1
G 506 6050 0
G 507 9157 7
G 508 924 1
G 509 1 1
G 510 6918 1
G 511 4303 215
G 512 9045 0
G 513 5482 59
G 514 8466 1
G 515 9433 371
G 516 5160 1
G 517 7 1
G 518 5483 0
G 519 5162 1
G 520 4519 1
G 521 3643 0
G 522 9919 1
G 523 8468 267
G 524 9921 1
G 525 8988 631
G 526 3 0
G 527 9308 1
G 528 8 1
G 529 9050 527
G 530 5159 423
G 531 4 1
G 532 15 1
G 533 5542 371
G 534 4298 0
G 535 4516 1
G 536 1417 0
G 537 5111 1
G 538 7818 423
G 539 7446 371
G 540 9308 163
G 541 7818 1
G 542 7818 215
G 543 7818 1
G 544 4299 1
G 545 3497 1
G 546 6 0
G 547 10 0
G 548 8 1
G 549 8034 1
G 550 121 1
G 551 9640 0
G 552 1418 1
G 553 5914 7
G 554 9433 475
G 555 1470 1
G 556 6051 1
G 557 7022 423
G 558 3499 1
G 559 5903 1
G 560 8356 0
G 561 7022 111
G 562 7410 1
G 563 8034 1
G 564 8736 7
G 565 2733 0
G 566 123 1
G 567 1078 0
G 568 7134 1
G 569 8242 111
G 570 4 1
G 571 2849 1
G 572 1473 1
G 573 9805 0
G 574 4301 0
G 575 7446 1
G 576 9057 0
G 577 6442 579
G 578 6921 1
G 579 1079 0
G 580 926 1
G 581 8736 1
G 582 4627 1
G 583 1761 0
G 584 3643 163
G 585 9807 1
G 586 9620 215
G 587 8354 1
G 588 7448 579
G 589 8150 1
G 590 8036 1
G 591 9806 1
G 592 2734 0
G 593 3501 1
G 594 9472 7
G 595 9836 0
G 596 9805 1
G 597 9310 1
G 598 4068 0
G 599 8988 683
G 600 5922 111
G 601 7290 59
G 602 6327 111
