Q 0 10 7
Q 1 2 7
Q 2 7 0
Q 3 11 0
Q 4 12 0
Q 5 1 3
Q 6 3 0
Q 7 7 1
Q 8 13 5
Q 9 10 6
Q 10 3 5
Q 11 13 6
Q 12 13 7
Q 13 0 1
Q 14 14 4
Q 15 5 6
Q 16 11 3
Q 17 3 1
Q 18 2 3
Q 19 0 6
Q 20 12 1
Q 21 10 3
Q 22 0 0
Q 23 3 2
Q 24 11 7
Q 25 6 3
Q 26 4 1
Q 27 3 3
Q 28 14 5
Q 29 5 7
Q 30 6 4
Q 31 11 5
Q 32 0 7
Q 33 10 2
Q 34 1 5
Q 35 11 6
Q 36 4 0
Q 37 3 4
Q 38 11 4
Q 39 2 2
Q 40 9 1
Q 41 0 4
Q 42 3 6
Q 43 12 2
Q 44 13 1
Q 45 6 7
Q 46 6 5
Q 47 12 6
Q 48 12 3
Q 49 6 6
Q 50 10 0
Q 51 7 2
Q 52 14 6
Q 53 3 7
Q 54 7 3
Q 55 1 6
Q 56 0 5
Q 57 4 2
Q 58 13 0
Q 59 0 2
Q 60 7 5
Q 61 7 4
Q 62 0 0
Q 63 8 0
Q 64 8 4
Q 65 12 4
Q 66 12 5
Q 67 8 1
Q 68 4 3
Q 69 0 3
Q 70 7 6
Q 71 13 4
Q 72 1 1
Q 73 12 7
Q 74 8 3
Q 75 13 3
Q 76 7 7
Q 77 14 7
Q 78 2 1
Q 79 5 1
Q 80 5 0
Q 81 5 2
Q 82 9 0
Q 83 15 3
Q 84 8 5
Q 85 15 4
Q 86 4 4
Q 87 1 4
Q 88 13 2
Q 89 11 2
Q 90 15 5
Q 91 14 0
Q 92 5 3
Q 93 4 5
Q 94 8 6
Q 95 9 3
Q 96 1 7
Q 97 8 7
Q 98 2 0
Q 99 14 2
Q 100 9 4
Q 101 8 2
Q 102 2 4
Q 103 4 7
Q 104 9 5
Q 105 5 4
Q 106 6 1
Q 107 14 1
Q 108 9 2
Q 109 4 6
Q 110 6 2
Q 111 15 6
Q 112 9 6
Q 113 14 3
Q 114 15 1
Q 115 6 0
Q 116 1 2
Q 117 5 5
Q 118 2 6
Q 119 10 4
Q 120 11 1
Q 121 9 7
Q 122 15 0
Q 123 1 0
Q 124 10 1
Q 125 2 5
Q 126 15 2
Q 127 10 5
G 0 1 1
G 1 1 0
G 2 1 1
G 3 3 0
G 4 1 1
G 5 1 1
G 6 1 1
G 7 1 1
G 8 39 59
G 9 1 0
G 10 1 0
G 11 1 1
G 12 1927 267
G 13 3 1
G 14 1 1
G 15 1 1
G 16 1 0
G 17 2365 267
G 18 1 0
G 19 3 1
G 20 470 7
G 21 1 1
G 22 393 371
G 23 1 1
G 24 929 59
G 25 1 1
G 26 869 59
G 27 3 0
G 28 1 1
G 29 5 0
G 30 1 1
G 31 3 1
G 32 3064 7
G 33 1 1
G 34 1 0
G 35 3072 1
G 36 1 1
G 37 1 0
G 38 1 0
G 39 1 1
G 40 3341 267
G 41 2 1
G 42 3 1
G 43 1 1
G 44 1 1
G 45 1 0
G 46 2633 59
G 47 125 267
G 48 765 59
G 49 478 111
G 50 1 0
G 51 1 1
G 52 591 59
G 53 1 0
G 54 1 1
G 55 13 7
G 56 1 0
G 57 1 0
G 58 1 1
G 59 2633 0
G 60 1 0
G 61 1 0
G 62 1622 267
G 63 5047 1
G 64 1 0
G 65 1 0
G 66 1 0
G 67 1 1
G 68 1 1
G 69 3611 267
G 70 3879 1
G 71 7296 215
G 72 13 111
G 73 599 1
G 74 1405 319
G 75 393 1
G 76 2634 1
G 77 2 0
G 78 4083 1
G 79 1 1
G 80 1 1
G 81 1 0
G 82 1249 371
G 83 7512 1
G 84 1 1
G 85 5049 475
G 86 3075 319
G 87 5525 0
G 88 3879 1
G 89 3 1
G 90 1 1
G 91 1 1
G 92 3881 0
G 93 21 371
G 94 1 0
G 95 2252 0
G 96 1 0
G 97 5 7
G 98 2194 59
G 99 2695 7
G 100 1725 0
G 101 1724 0
G 102 5324 215
G 103 7805 1
G 104 5540 1
G 105 4623 59
G 106 1 0
G 107 1 1
G 108 2 0
G 109 4950 0
G 110 3076 1
G 111 2 1
G 112 1405 1
G 113 1397 7
G 114 2 1
G 115 2 1
G 116 1 0
G 117 393 1
G 118 3881 0
G 119 1 1
G 120 1 1
G 121 5525 1
G 122 3 1
G 123 1719 1
G 124 1 1
G 125 4 0
G 126 2 0
G 127 3882 1
G 128 395 1
G 129 393 0
G 130 3 0
G 131 1 0
G 132 2 0
G 133 1 1
G 134 3939 111
G 135 3 1
G 136 5861 1
G 137 229 163
G 138 651 215
G 139 1 1
G 140 2 1
G 141 3 1
G 142 3 0
G 143 3879 59
G 144 3 0
G 145 5526 1
G 146 8187 7
G 147 1 1
G 148 989 735
G 149 3 0
G 150 1721 1
G 151 21 1
G 152 4891 59
G 153 590 1
G 154 5528 0
G 155 3 1
G 156 5972 319
G 157 765 215
G 158 1 1
G 159 2636 0
G 160 2 0
G 161 2 1
G 162 1 1
G 163 3 0
G 164 7514 59
G 165 3879 319
G 166 1 1
G 167 3882 1
G 168 5 1
G 169 13 7
G 170 1890 0
G 171 7807 7
G 172 2253 111
G 173 4735 215
G 174 3 1
G 175 2195 1
G 176 1733 1
G 177 3 1
G 178 5 0
G 179 5 0
G 180 2534 0
G 181 1 1
G 182 981 7
G 183 6 1
G 184 2535 1
G 185 2267 1
G 186 1 0
G 187 1 1
G 188 4 1
G 189 4 0
G 190 7574 1
G 191 1891 1
G 192 2 1
G 193 5527 1
G 194 2537 527
G 195 3075 319
G 196 1726 1
G 197 4199 0
G 198 5539 319
G 199 4779 111
G 200 9390 59
G 201 3333 7
G 202 5 1
G 203 3455 423
G 204 6344 579
G 205 1 0
G 206 419 59
G 207 988 215
G 208 7815 371
G 209 3065 1
G 210 3 0
G 211 9451 1
G 212 4200 1
G 213 3074 1
G 214 3 0
G 215 1 0
G 216 1 0
G 217 1 0
G 218 1735 7
G 219 1 1
G 220 4051 0
G 221 5859 0
G 222 2 0
G 223 2043 1
G 224 3395 0
G 225 2 0
G 226 4 1
G 227 2 1
G 228 3491 1
G 229 2633 0
G 230 2808 1
G 231 11 1
G 232 9924 1
G 233 7686 59
G 234 394 0
G 235 5105 1
G 236 7756 1
G 237 5047 1
G 238 13 1
G 239 6924 631
G 240 7772 423
G 241 6292 0
G 242 1 1
G 243 5124 423
G 244 1941 319
G 245 1723 1
G 246 479 111
G 247 5863 1
G 248 4 0
G 249 1 1
G 250 8798 1
G 251 3 1
G 252 3396 0
G 253 4 1
G 254 7 1
G 255 990 631
G 256 3 1
G 257 2634 1
G 258 2 1
G 259 2269 267
G 260 7 1
G 261 4 0
G 262 4085 1
G 263 9999 1
G 264 1 1
G 265 237 59
G 266 989 0
G 267 4951 1
G 268 3 1
G 269 3395 1
G 270 3 0
G 271 3 0
G 272 1725 527
G 273 479 111
G 274 1725 527
G 275 5865 0
G 276 297 1
G 277 2637 1
G 278 9450 0
G 279 3884 0
G 280 2636 0
G 281 765 163
G 282 591 1
G 283 1206 0
G 284 801 0
G 285 9603 1
G 286 3076 59
G 287 2639 1
G 288 4250 59
G 289 5 1
G 290 6924 1
G 291 2693 111
G 292 9615 1
G 293 2261 7
G 294 3885 0
G 295 3136 1
G 296 593 1
G 297 1725 215
G 298 3397 163
G 299 8195 163
G 300 3493 0
G 301 3396 0
G 302 4951 215
G 303 8799 0
G 304 929 1
G 305 5167 1
G 306 4051 1
G 307 7512 1
G 308 4627 1
G 309 2269 0
G 310 3611 267
G 311 2245 1
G 312 1207 7
G 313 3744 0
G 314 4087 163
G 315 3886 1
G 316 7400 1
G 317 8800 59
G 318 5972 319
G 319 5529 0
G 320 6920 1
G 321 2253 0
G 322 591 0
G 323 3745 0
G 324 5542 1
G 325 6 0
G 326 2805 0
G 327 23 1
G 328 395 1
G 329 4362 0
G 330 9991 0
G 331 2 0
G 332 5047 163
G 333 5859 1
G 334 9450 1
G 335 9452 0
G 336 9 1
G 337 6926 0
G 338 5169 0
G 339 2247 1
G 340 7576 1
G 341 1896 267
G 342 2261 1
G 343 5212 111
G 344 5 1
G 345 3 1
G 346 5324 1
G 347 2270 1
G 348 7402 111
G 349 4 0
G 350 990 1
G 351 3746 1
G 352 5544 1
G 353 4629 1
G 354 6 0
G 355 7 1
G 356 2537 0
G 357 3065 267
G 358 3 0
G 359 3 1
G 360 1 0
G 361 9605 163
G 362 5859 111
G 363 5813 1
G 364 2703 371
G 365 3 1
G 366 3065 1
G 367 4631 319
G 368 7514 1
G 369 3333 1
G 370 3 1
G 371 7746 7
G 372 7754 1
G 373 9769 1
G 374 5 1
G 375 3748 475
G 376 5170 1
G 377 5861 1
G 378 3397 1
G 379 5863 1
G 380 4 0
G 381 9989 7
G 382 5 0
G 383 8356 1
G 384 2253 0
G 385 5540 7
G 386 6922 1
G 387 992 1
G 388 5 1
G 389 5324 1
G 390 2269 1
G 391 2254 1
G 392 4310 215
G 393 7686 527
G 394 2271 0
G 395 7578 1
G 396 5102 0
G 397 6 1
G 398 1204 1
G 399 5326 1
G 400 2 1
G 401 7745 1
G 402 3 1
G 403 2 1
G 404 2752 0
G 405 1622 1
G 406 9617 371
G 407 3 0
G 408 6924 371
G 409 5652 319
G 410 9 0
G 411 7 1
G 412 9 1
G 413 5103 1
G 414 4053 1
G 415 8 1
G 416 1 1
G 417 2424 111
G 418 9771 0
G 419 7 1
G 420 5328 267
G 421 3 1
G 422 8573 1
G 423 7747 59
G 424 2637 0
G 425 9449 215
G 426 4 1
G 427 3067 1
G 428 4363 683
G 429 5 1
G 430 5 1
G 431 8214 1
G 432 1 1
G 433 5815 475
G 434 5535 1
G 435 9129 319
G 436 6 1
G 437 4 0
G 438 8358 0
G 439 5326 0
G 440 8575 59
G 441 2806 1
G 442 3136 1
G 443 8373 1
G 444 3395 215
G 445 9997 1
G 446 1 1
G 447 4951 1
G 448 7754 0
G 449 6 1
G 450 7963 163
G 451 4251 111
G 452 2263 0
G 453 5049 0
G 454 4953 0
G 455 2249 1
G 456 9453 163
G 457 9999 1
G 458 7514 1
G 459 5547 0
G 460 1215 0
G 461 5047 59
G 462 3611 0
G 463 7556 1
G 464 8635 163
G 465 9617 1
G 466 8375 423
G 467 9926 0
G 468 9451 0
G 469 5047 1
G 470 2264 1
G 471 9769 1
G 472 9998 1
G 473 5537 0
G 474 3341 1
G 475 5172 1
G 476 7747 215
G 477 9997 1
G 478 8359 7
G 479 7807 0
G 480 8218 59
G 481 10 1
G 482 9998 0
G 483 9772 1
G 484 4224 1
G 485 7296 0
G 486 9999 1
G 487 9999 0
G 488 5538 0
G 489 9999 1
G 490 9999 1
G 491 9 1
G 492 8799 59
G 493 9605 267
G 494 4953 1
G 495 9999 0
G 496 7531 215
G 497 2536 1
G 498 4199 163
G 499 3343 1
G 500 9997 1
G 501 7838 1
G 502 6622 371
G 503 8860 267
G 504 9999 1
G 505 8216 1
G 506 5548 0
G 507 9993 7
G 508 6293 1
G 509 1 1
G 510 6291 1
G 511 7840 215
G 512 5860 0
G 513 5107 59
G 514 2805 1
G 515 9128 371
G 516 2254 1
G 517 7 1
G 518 5050 0
G 519 2256 1
G 520 9999 1
G 521 10000 0
G 522 7516 1
G 523 2807 267
G 524 7518 1
G 525 6292 631
G 526 3 0
G 527 5972 1
G 528 8 1
G 529 6987 527
G 530 4199 423
G 531 4 1
G 532 15 1
G 533 5167 371
G 534 5174 0
G 535 3612 1
G 536 4955 0
G 537 9999 1
G 538 9129 423
G 539 9553 371
G 540 8056 163
G 541 6994 1
G 542 9553 215
G 543 9999 1
G 544 8127 1
G 545 3138 1
G 546 6 0
G 547 10 0
G 548 8 1
G 549 9769 1
G 550 2538 1
G 551 9452 0
G 552 4956 1
G 553 5539 7
G 554 9129 475
G 555 2251 1
G 556 5549 1
G 557 5548 423
G 558 3140 1
G 559 7572 1
G 560 8798 0
G 561 5704 111
G 562 5107 1
G 563 9769 1
G 564 3136 7
G 565 5546 0
G 566 2540 1
G 567 8218 0
G 568 9999 1
G 569 9881 111
G 570 4 1
G 571 8284 1
G 572 2753 1
G 573 9998 0
G 574 10000 0
G 575 6138 1
G 576 10000 0
G 577 6994 579
G 578 9927 1
G 579 8219 0
G 580 6295 1
G 581 3075 1
G 582 5971 1
G 583 395 0
G 584 2253 163
G 585 9619 1
G 586 8799 215
G 587 9999 1
G 588 8220 579
G 589 9999 1
G 590 9771 1
G 591 9999 1
G 592 5547 0
G 593 3142 1
G 594 9992 7
G 595 10000 0
G 596 9500 1
G 597 5974 1
G 598 10000 0
G 599 8445 683
G 600 9769 111
G 601 9925 59
G 602 7574 111
R 8 5 2
R 12 6 1
R 17 6 6
R 20 0 7
R 22 8 1
R 24 0 0
R 26 7 2
R 32 9 0
R 40 1 7
R 46 2 5
R 47 4 4
R 48 6 3
R 49 2 6
R 52 4 7
R 55 2 4
R 62 12 0
R 69 2 3
R 71 3 4
R 72 0 1
R 74 4 6
R 82 0 2
R 85 1 7
R 86 6 0
R 93 13 1
R 97 10 3
R 98 6 0
R 99 4 7
R 102 10 0
R 105 2 7
R 113 0 4
R 134 5 0
R 137 2 0
R 138 6 7
R 143 4 1
R 146 13 2
R 148 9 1
R 152 6 4
R 156 4 5
R 157 5 1
R 164 1 5
R 165 9 4
R 169 10 1
R 171 2 5
R 172 10 2
R 173 8 7
R 182 10 2
R 194 8 4
R 195 0 2
R 198 8 7
R 199 6 1
R 200 7 7
R 201 11 2
R 203 12 0
R 204 0 6
R 206 2 3
R 207 3 2
R 208 1 6
R 218 0 1
R 233 5 6
R 239 0 6
R 240 12 5
R 243 12 4
R 244 1 3
R 246 1 5
R 255 14 0
R 259 6 1
R 265 5 1
R 272 0 5
R 273 8 4
R 274 0 4
R 281 3 3
R 286 10 2
R 288 7 5
R 291 12 1
R 293 0 2
R 297 4 6
R 298 3 3
R 299 0 1
R 302 6 3
R 310 7 6
R 312 1 3
R 314 5 1
R 317 2 6
R 318 10 4
R 332 0 0
R 341 7 0
R 343 0 0
R 348 7 5
R 357 3 3
R 361 6 6
R 362 5 6
R 364 1 2
R 367 0 5
R 371 3 3
R 375 0 5
R 381 10 4
R 385 11 2
R 392 3 4
R 393 10 7
R 406 9 7
R 408 8 4
R 409 7 3
R 417 11 1
R 420 0 4
R 423 1 1
R 425 9 0
R 428 2 0
R 433 14 0
R 435 13 1
R 440 4 4
R 444 6 1
R 450 3 1
R 451 2 2
R 456 9 7
R 461 1 2
R 464 5 4
R 466 0 6
R 476 8 0
R 478 1 6
R 480 1 5
R 492 2 5
R 493 4 0
R 496 7 4
R 498 5 2
R 502 10 2
R 503 5 5
R 507 2 6
R 511 1 3
R 513 1 1
R 515 0 5
R 523 10 2
R 525 13 4
R 529 1 7
R 530 4 3
R 533 1 2
R 538 2 4
R 539 2 4
R 540 0 3
R 542 14 2
R 553 9 2
R 554 1 6
R 557 10 1
R 561 3 0
R 564 10 1
R 569 7 2
R 577 12 2
R 584 6 7
R 586 1 4
R 588 10 7
R 594 0 2
R 599 1 1
R 600 11 2
R 601 1 4
R 602 5 7
