Q 0 3 0
Q 1 3 2
Q 2 3 3
Q 3 6 1
Q 4 0 0
Q 5 2 0
Q 6 7 1
Q 7 0 1
Q 8 1 1
Q 9 1 3
Q 10 4 2
Q 11 5 1
Q 12 2 3
Q 13 4 0
Q 14 1 2
Q 15 2 2
Q 16 1 0
Q 17 6 0
Q 18 0 3
Q 19 7 0
Q 20 5 2
Q 21 4 1
Q 22 0 2
Q 23 7 2
Q 24 6 2
Q 25 5 3
Q 26 4 3
G 0 2 1
G 1 1 1
G 2 1 1
G 3 1 1
G 4 1 0
G 5 1 0
G 6 1 1
G 7 3 7
G 8 11 7
G 9 1 1
G 10 2 7
G 11 1 0
G 12 1 1
G 13 1 1
G 14 12 7
G 15 3 1
G 16 3 7
G 17 1 1
G 18 19 0
G 19 1 1
G 20 2 7
G 21 1 1
G 22 18 1
G 23 1 0
G 24 10 1
G 25 4 0
G 26 3 0
G 27 12 7
G 28 10 7
G 29 18 1
G 30 1 1
