Q 0 6 2
Q 1 5 2
Q 2 0 1
Q 3 7 2
Q 4 4 1
Q 5 3 3
Q 6 3 0
Q 7 4 2
Q 8 2 2
Q 9 2 0
Q 10 7 1
Q 11 1 2
Q 12 0 2
Q 13 4 3
Q 14 6 1
Q 15 7 0
Q 16 2 3
Q 17 1 0
Q 18 3 2
Q 19 2 1
Q 20 0 3
Q 21 5 3
Q 22 6 0
Q 23 5 0
Q 24 1 3
Q 25 4 0
Q 26 0 0
G 0 2 1
G 1 1 1
G 2 1 1
G 3 1 1
G 4 1 0
G 5 1 0
G 6 1 1
G 7 3 7
G 8 1 7
G 9 1 1
G 10 4 7
G 11 1 0
G 12 1 1
G 13 1 1
G 14 12 7
G 15 3 1
G 16 3 7
G 17 1 1
G 18 19 0
G 19 1 1
G 20 2 7
G 21 1 1
G 22 18 1
G 23 1 0
G 24 18 1
G 25 4 0
G 26 3 0
G 27 11 7
G 28 10 7
G 29 18 1
G 30 1 1
R 7 2 2
R 8 4 1
R 10 5 3
R 14 0 0
R 16 0 1
R 20 6 0
R 27 2 3
R 28 1 3
