Q 0 5 4
Q 1 1 4
Q 2 1 0
Q 3 5 5
Q 4 5 6
Q 5 5 7
Q 6 0 0
Q 7 1 1
Q 8 6 1
Q 9 0 0
Q 10 6 2
Q 11 6 3
Q 12 4 5
Q 13 6 4
Q 14 0 0
Q 15 2 0
Q 16 6 5
Q 17 0 0
Q 18 1 2
Q 19 0 0
Q 20 3 5
Q 21 6 6
Q 22 1 3
Q 23 6 7
Q 24 0 0
Q 25 0 0
Q 26 1 5
Q 27 1 6
Q 28 0 0
Q 29 1 7
Q 30 0 0
Q 31 0 0
Q 32 7 0
Q 33 7 1
Q 34 7 2
Q 35 2 6
Q 36 0 0
Q 37 0 0
Q 38 0 0
Q 39 7 3
Q 40 0 0
Q 41 2 1
Q 42 7 4
Q 43 2 5
Q 44 2 3
Q 45 7 5
Q 46 7 6
Q 47 7 7
Q 48 8 0
Q 49 0 1
Q 50 2 7
Q 51 8 1
Q 52 2 2
Q 53 0 0
Q 54 2 4
Q 55 8 2
Q 56 8 3
Q 57 3 0
Q 58 0 2
Q 59 3 1
Q 60 0 3
Q 61 0 0
Q 62 3 2
Q 63 8 4
Q 64 8 5
Q 65 4 0
Q 66 3 4
Q 67 0 0
Q 68 3 3
Q 69 0 4
Q 70 4 1
Q 71 8 6
Q 72 3 7
Q 73 8 7
Q 74 0 0
Q 75 9 0
Q 76 0 0
Q 77 9 1
Q 78 9 2
Q 79 0 0
Q 80 0 0
Q 81 0 0
Q 82 9 3
Q 83 9 4
Q 84 0 0
Q 85 0 5
Q 86 9 5
Q 87 4 2
Q 88 4 3
Q 89 4 4
Q 90 5 1
Q 91 5 0
Q 92 0 0
Q 93 4 6
Q 94 9 6
Q 95 0 0
Q 96 9 7
Q 97 5 2
Q 98 0 0
Q 99 0 0
Q 100 5 3
Q 101 0 6
Q 102 10 0
Q 103 0 0
Q 104 0 0
Q 105 10 1
Q 106 10 2
Q 107 6 0
Q 108 3 6
Q 109 10 3
Q 110 0 7
Q 111 10 4
Q 112 10 5
Q 113 10 6
Q 114 0 0
Q 115 10 7
Q 116 0 0
Q 117 4 7
G 0 1 1
G 1 1 1
G 2 1 0
G 3 1362 59
G 4 1 1
G 5 1 0
G 6 1 0
G 7 1 0
G 8 1 1
G 9 1 0
G 10 1 1
G 11 1 1
G 12 1 0
G 13 1114 59
G 14 1 1
G 15 2222 59
G 16 1 1
G 17 1 1
G 18 1 1
G 19 354 215
G 20 1 0
G 21 1 0
G 22 1 0
G 23 1002 111
G 24 1346 7
G 25 1 1
G 26 1175 1
G 27 1 0
G 28 2214 7
G 29 1 1
G 30 3 1
G 31 570 267
G 32 2050 163
G 33 70 215
G 34 1 1
G 35 1 0
G 36 346 7
G 37 1174 59
G 38 1 0
G 39 1 1
G 40 1 1
G 41 2282 1
G 42 286 59
G 43 1 0
G 44 1 0
G 45 1 1
G 46 1 0
G 47 1878 59
G 48 1 0
G 49 3 1
G 50 1938 111
G 51 1 0
G 52 1 1
G 53 2214 0
G 54 838 111
G 55 1 0
G 56 1354 0
G 57 1870 1
G 58 1 1
G 59 2 1
G 60 1174 0
G 61 1 0
G 62 3 0
G 63 2050 1
G 64 1 0
G 65 1 1
G 66 62 7
G 67 1 1
G 68 1 0
G 69 3 0
G 70 1 1
G 71 2 1
G 72 1177 1
G 73 1870 7
G 74 1 1
G 75 1 1
G 76 1 0
G 77 2 1
G 78 570 1
G 79 1 1
G 80 2 1
G 81 1 1
G 82 2222 0
G 83 2 1
G 84 838 163
G 85 2 59
G 86 1 1
G 87 2 1
G 88 62 1
G 89 2 0
G 90 1 0
G 91 1 0
G 92 1862 7
G 93 1 1
G 94 1878 1
G 95 1234 111
G 96 1698 163
G 97 5 1
G 98 1534 163
G 99 346 0
G 100 3 1
G 101 1 1
G 102 1 1
G 103 1870 0
G 104 1422 111
G 105 1 1
G 106 1422 1
G 107 950 1
G 108 1243 111
G 109 1354 7
G 110 3 1
G 111 3 0
R 3 2 2
R 13 0 0
R 15 3 3
R 19 4 2
R 23 3 0
R 24 3 4
R 28 1 1
R 31 0 3
R 32 3 1
R 33 4 3
R 36 4 5
R 37 0 7
R 42 0 3
R 47 0 6
R 50 0 6
R 54 1 7
R 66 1 4
R 73 1 6
R 84 1 1
R 85 0 5
R 92 3 5
R 95 3 7
R 96 4 0
R 98 1 2
R 104 2 1
R 108 3 0
R 109 0 5
