7
Reading programs/Scale/128/BP_128_256/BP_128_256.in
Reading programs/Scale/128/BP_128_256/BP_128_256.rr
Reading programs/Scale/128/BP_128_256/BP_128_256.des
Reading programs/Scale/128/BP_128_256/BP_128_256.pg
Reading programs/Scale/128/BP_128_256/BP_128_256.gmap
Experiment configuration
-----
Program:programs/Scale/128/BP_128_256/BP_128_256
Machine:16,8
Data aware:0
Routing policy:1
SR T:10000
Global T:10000
-----
nrows: 16 nCols: 8
Creating SR instance...
Gate time lower bound:112
Single qubit gate duration:85
Dependency:51
CNOT duration (data unaware):27
Routing (rectangle reservation):396
Created SR instance
Checking instance with T=10000
Dummy gate constraints:113
SAT
Dummy gate time:1150
Total Solve Time:0
Constraints:
Mapping:0
Dependency:51
Routing:396
Stats:
arith_conflicts 0
arith_add_rows 0
conflicts 0
decisions 0
mk_clause 0
added_eqs 0
binary_propagations 0
restarts 0
All done!
