Q 0 0 0
Q 1 0 1
Q 2 1 1
Q 3 1 0
Q 4 0 3
Q 5 1 3
Q 6 0 2
Q 7 1 2
G 0 1 0
G 1 1 0
G 2 1 1
G 3 1 1
G 4 3 1
G 5 5 1
G 6 1 1
G 7 1 59
G 8 2 1
G 9 61 7
G 10 5 1
G 11 69 7
G 12 3 0
G 13 3 1
G 14 77 7
G 15 77 0
G 16 85 1
G 17 87 1
G 18 129 111
G 19 464 0
G 20 241 0
G 21 262 59
G 22 69 59
G 23 242 7
G 24 78 1
G 25 250 1
G 26 252 1
G 27 322 1
G 28 80 1
G 29 183 1
G 30 254 7
G 31 324 0
G 32 82 0
G 33 394 1
G 34 77 0
G 35 284 1
G 36 336 59
G 37 262 1
G 38 396 7
G 39 404 59
G 40 322 1
G 41 696 1
G 42 694 0
G 43 324 0
G 44 533 1
G 45 465 1
G 46 185 0
G 47 325 0
G 48 186 0
G 49 326 1
G 50 325 1
G 51 328 7
G 52 467 59
G 53 527 0
G 54 327 0
G 55 336 59
G 56 524 1
G 57 396 1
G 58 526 0
G 59 684 1
G 60 396 0
G 61 527 7
G 62 535 7
G 63 686 1
G 64 688 1
G 65 543 1
G 66 528 1
G 67 545 7
G 68 398 1
G 69 560 1
G 70 530 1
G 71 553 1
G 72 555 0
G 73 400 1
G 74 562 0
G 75 556 1
G 76 690 1
G 77 558 7
G 78 563 1
G 79 565 0
G 80 692 1
G 81 553 1
G 82 555 1
G 83 566 1
G 84 694 1
G 85 566 1
G 86 568 1
G 87 568 1
G 88 566 7
G 89 634 59
G 90 397 0
G 91 574 59
G 92 634 0
G 93 1480 1
G 94 1598 0
G 95 1715 1
G 96 1711 1
G 97 1713 1
G 98 1240 1
G 99 1599 1
G 100 1482 59
G 101 1471 1
G 102 1473 0
G 103 328 1
G 104 634 1
G 105 330 1
G 106 636 1
G 107 402 1
G 108 695 0
G 109 404 1
G 110 398 1
G 111 696 1
G 112 566 7
G 113 638 1
G 114 892 1
G 115 694 1
G 116 894 1
G 117 400 1
G 118 758 7
G 119 635 1
G 120 698 59
G 121 766 59
G 122 758 1
G 123 1126 1
G 124 760 0
G 125 1128 1
G 126 826 1
G 127 761 1
G 128 828 0
G 129 637 1
G 130 1130 1
G 131 639 1
G 132 1132 1
G 133 1134 1
G 134 756 1
G 135 758 7
G 136 1141 1
G 137 766 59
G 138 826 7
G 139 834 59
G 140 894 7
G 141 902 1
G 142 894 1
G 143 834 1
G 144 896 7
G 145 1090 1
G 146 904 59
G 147 964 59
G 148 1136 1
G 149 1097 1
G 150 1024 7
G 151 1095 1
G 152 1092 1
G 153 1138 0
G 154 1139 1
G 155 1089 0
G 156 1141 1
G 157 1032 1
G 158 1090 1
G 159 1097 1
G 160 1092 1
G 161 1143 7
G 162 1168 1
G 163 1099 1
G 164 1094 7
G 165 1151 1
G 166 1032 1
G 167 1034 59
G 168 1099 1
G 169 1099 1
G 170 1101 1
G 171 1103 1
G 172 1343 1
G 173 1101 0
G 174 1105 0
G 175 1106 1
G 176 1345 0
G 177 1108 1
G 178 1101 0
G 179 1110 59
G 180 1346 0
G 181 1170 7
G 182 1535 1
G 183 1178 59
G 184 1237 0
G 185 1238 111
G 186 1347 0
G 187 1537 1
G 188 1539 1
G 189 1102 7
G 190 1168 1
G 191 1170 7
G 192 1348 1
G 193 1238 1
G 194 1541 1
G 195 1539 1
G 196 1708 0
G 197 1348 1
G 198 1459 0
G 199 1350 111
G 200 1460 1
G 201 1462 7
G 202 1709 1
G 203 1594 1
G 204 1470 0
G 205 1470 7
G 206 1596 1
G 207 1541 1
G 208 1543 59
G 209 1478 1
G 210 1601 1
G 211 1603 111
G 212 1717 1
G 213 1715 0
G 214 1478 1
G 215 1715 1
G 216 1716 1
G 217 1718 0
G 218 1542 0
G 219 1715 1
G 220 1717 1
G 221 1543 59
