Q 0 1 0
Q 1 0 5
Q 2 1 3
Q 3 0 6
Q 4 0 2
Q 5 0 4
Q 6 1 5
Q 7 1 6
Q 8 1 1
Q 9 0 1
Q 10 1 7
Q 11 0 7
Q 12 0 0
Q 13 1 2
Q 14 0 3
Q 15 1 4
G 0 1 0
G 1 1 1
G 2 3 0
G 3 4 1
G 4 3 7
G 5 1 1
G 6 12 7
G 7 1 1
G 8 1 1
G 9 6 0
G 10 11 7
G 11 24 1
G 12 1 0
G 13 30 1
G 14 2 0
G 15 3 1
G 16 26 1
G 17 5 7
G 18 20 1
G 19 22 1
G 20 1 1
G 21 1 0
G 22 1 1
G 23 28 1
G 24 3 7
G 25 24 7
G 26 1 0
G 27 28 1
G 28 30 1
G 29 1 0
G 30 13 7
G 31 30 1
G 32 19 1
G 33 30 1
G 34 11 1
G 35 21 0
R 4 0 4
R 6 1 4
R 10 0 6
R 17 1 1
R 24 0 2
R 25 1 5
R 30 0 0
